
  End time: 17:28.32 (22-02-2024)

  Calculation time:     1 min 24 s
1                    E. C. I. S. CODE FOR COUPLED CHANNELS CALCULATIONS ( 2006 ) WORKING FIELD LENGTH =  35000000

                        TO OBTAIN THE INPUT DESCRIPTION, PUNCH 'DESCRIPTION ' IN COLUMNS 1-12 OF THE FIRST CARD.


  1 F - ROTATIONAL MODEL-(.F.: VIBRATIONAL MODEL).         | 54 F - OUTPUT OF THE LENGTH USED IN THE WORKING FIELD.
  2 F - SECOND ORDER VIBRATIONAL MODEL-(.F.: FIRST ORDER)  | 55 F - OUTPUT OF C-MATRIX ELEMENTS AND COMPOUND NUCLEUS
        OR CONSTRAINED ASYMMETRIC ROTATIONAL MODEL.        |        INTERMEDIATE RESULTS.
  3 F - ANHARMONIC VIBRATIONAL MODEL-(.F.: HARMONIC) OR    | 56 T - OUTPUT OF S-MATRIX ELEMENTS.
        ASYMMETRIC ROTATIONAL MODEL-(.F.: SYMMETRIC).      | 57 F - OUTPUT OF PHASE-SHIFTS AT EACH E.C.I.S. ITERATION.
  4 F - PARAMETRISED SPIN-ORBIT DEFORMATION-(.F.:STANDARD) | 58 F - OUTPUT OF THE COEFFICIENTS OF EACH FORM FACTOR
  5 F - DIFFERENT DEFORMATION FOR EACH POTENTIAL(.F.: SAME)|        FOR ALL SETS OF EQUATIONS.
  6 F - USE OF DEFORMATION LENGTHS.                        | 59 T - TOTAL ELASTIC REACTION CROSS-SECTIONS WRITTEN ON
  7 F - NUCLEAR MATRIX ELEMENTS AND FORM FACTORS ON CARDS. |        FILE 58 AND TOTAL INELASTIC REACTION
  8 F - RELATIVISTIC KINEMATICS.                           |        CROSS-SECTIONS ON FILE 59.
  9 F - SYMMETRISED WOODS-SAXON FORM FOR NEGATIVE RADII.   | 60 T - S-MATRIX ELEMENTS WRITTEN ON FILE 60.
 10 F - DISPERSION RELATIONS FOR POTENTIALS.               |
                                                           | 61 F - REDUCED NUCLEAR MATRIX ELEMENTS WRITTEN ON FILE 61.
 11 T - DEFORMED COULOMB POTENTIAL.                        | 62 F - POTENTIALS WRITTEN ON FILE 62.
 12 T - DEFORMED IMAGINARY POTENTIAL.                      | 63 T - PENETRABILITIES WRITTEN ON FILE 63.
 13 F - DEFORMED REAL SPIN-ORBIT/TENSOR POTENTIAL.         | 64 T - RESULTS FOR EXPERIMENTAL DATA ON FILE 64
 14 F - DEFORMED IMAGINARY SPIN-ORBIT/TENSOR POTENTIAL.    |        AND AT EQUIDISTANT ANGLES WRITTEN ON FILE 66.
 15 F - REDUCED NUCLEAR MATRIX ELEMENTS READ FROM CARDS.   | 65 T - LEGENDRE EXPANSION FOR CROSS-SECTIONS WRITTEN ON
 16 F - HEAVY-ION DEFINITION OF RADII AND DEFORMATIONS.    |        FILE 65.
 17 F - FOLDING MODEL.                                     | 66 F - NO CALCULATION AT EQUIDISTANT ANGLES.
 18 F - PROJECTILE-TARGET ANTISYMMETRISATION.              | 67 T - NO PLOT OF EXPERIMENTAL DATA.
 19 F - DEFORMED COULOMB SPIN-ORBIT POTENTIAL.             | 68 T - NO PLOT OF CROSS-SECTIONS AT EQUIDISTANT ANGLES.
 20 F - DISPERSION RELATIONS FOR TRANSITION FORM-FACTORS.  | 69 T - NO PLOT OF POLARISATIONS AT EQUIDISTANT ANGLES.
                                                           |
 21 F - USUAL COUPLED EQUATIONS-(.F.: ITERATIONS).         | 71 F - NO DETAILED OUTPUT OF LOGICAL CONTROLS.
 22 F - NO USE OF PADE FOR CONVERGENCE OF THE ITERATIONS.  | 72 T - NO OUTPUT OF EXPERIMENTAL DATA AS THEY ARE READ.
 23 T - NO USE OF PADE WITHOUT CONVERGENCE.                | 73 T - NO OUTPUT OF EXTERNAL POTENTIALS AS THEY ARE READ.
 24 F - COUPLING POTENTIALS COMPUTED AT EACH ITERATION.    | 74 F - OUTPUT OF VARIATIONS IN STORAGE.
 25 F - COMPLETE CALCULATION UP TO THE END-(.F.: ONE ITE-  | 75 T - NO COMPLETE OUTPUT AT THE FIRST RUN OF A SEARCH.
        RATION ONLY AS SOON AS TWO ITERATIONS ARE ENOUGH). | 76 F - LO(51) TO LO(65) ARE ALWAYS USED-(.F.: ONLY FOR
 26 F - INTEGRATION STABILISED FOR LONG RANGE POTENTIAL.   |        COMPLETE OUTPUT)
 27 F - NUMEROV'S METHOD FOR SINGLE EQUATIONS-(.F.: MODI-  | 77 F - OUTPUT OF TIME DIFFERENCES DURING THE SEARCH.
        FIED NUMEROV'S METHOD).                            | 78 F - OUTPUT OF DIFFERENCES BETWEEN EXPERIMENTAL
 28 T - COMPUTATION UP TO J-CONVERGENCE-(.F.: STOP WHEN    |        AND CALCULATED VALUES.
        ALL THE INHOMOGENEOUS TERMS ARE NEGLIGIBLE).       |
 29 F - NO DIAGONAL TERM IN SECOND MEMBERS.                | 81 F - HAUSER-FESHBACH CORRECTIONS TO CROSS-SECTIONS.
 30 T - PURE DWBA CALCULATION.                             | 82 F - SIMPLEST COMPOUND NUCLEUS FORMALISM.
                                                           | 83 T - NO ENGELBRETCH-WEIDENMULLER TRANSFORMATION IN
 31 F - INPUT OF EXPERIMENTAL DATA AND CHI2 CALCULATION.   |        IN COMPOUND NUCLEUS.
 32 F - AUTOMATIC SEARCH ON SOME PARAMETERS.               | 84 F - UNCOUPLED LEVELS FOR COMPOUND NUCLEUS.
 33 F - SYMMETRISED CHI2 FOR CROSS-SECTIONS.               | 85 F - FISSION DATA IN COMPOUND NUCLEUS.
 34 F - NEXT CALCULATION CHANGING ENERGY AND/OR SOME       | 86 F - GAMMA EMISSION DATA IN COMPOUND NUCLEUS.
        PARAMETERS.                                        | 87 F - NO WIDTH FLUCTUATIONS.
 35 F - SEARCH SAVED ON TAPE 8 IF ENDED OR LACK OF TIME.   |
 36 F - RESTART A SEARCH FROM TAPE 8.                      | 91 F - EQUIDISTANT ANGLES IN THE LABORATORY SYSTEM.
                                                           | 92 F - NON STANDARD OBSERVABLES AT EQUIDISTANT ANGLES.
 41 F - FACTORISATION OF 1/(1-COS(THETA)) IN AMPLITUDES.   | 93 F - NO RECOIL CORRECTION FOR REACTIONS.
 42 F - SCHMIDT'S ORTHOGONAL. IN USUAL COUPLED EQUATIONS.  | 94 F - NON RELATIVISTIC "REDUCED MASS" FOR DIRAC EQUATION.
 43 F - INTERPOLATION ON TOTAL SPIN.                       | 95 F - "REDUCED ENERGY" FOR NON COULOMB INTERACTION IN
 44 F - COULOMB CORRECTIONS.                               |        RELATIVISTIC SCHROEDINGER EQUATION OR USE OF REST
 45 F - ANGULAR MOMENTUM LIMIT FOR COULOMB CORRECTIONS.    |        MASS IN DIRAC EQUATION.
 46 F - RESTRICTED COULOMB CORRECTIONS.                    | 96 F - "REDUCED MASS" FOR COULOMB INTERACTION IN
 47 F - NO RECOIL CORRECTION FOR BOUND STATES.             |        RELATIVISTIC SCHROEDINGER EQUATION.
                                                           | 97 F - SAME REDUCED MASS FOR ALL THE STATES.
 51 F - OUTPUT OF POTENTIALS.                              | 98 F - Q ADDED TO THE MASS OF RESIDUAL NUCLEUS.
 52 F - OUTPUT OF REDUCED NUCLEAR MATRIX ELEMENTS.         | 99 F - SCHROEDINGER EQUIVALENT TO DIRAC EQUATION.
 53 F - OUTPUT OF THE NUMBER OF ITERATIONS.                |100 F - COMPLETE DIRAC EQUATION.
1
          **********************************************************************************
          *                                                                                *
          *      56.00000 MeV deuteron on  58FE: SPHERICAL OMP                             *
          *                                                                                *
          **********************************************************************************

 MAXIMUM NUMBER OF J    54  (MIN  0) STOP WHEN MAXIMUM S-MATRIX ELEMENT IS LESS THAN        0.1000D-04

 PLOT CONDITIONS FOR CROSS-SECTIONS    2    2     FOR POLARISATIONS    1    1

          ITERATION METHOD:  MAXIMUM NUMBER OF ITERATIONS         1
          CONVERGENCE CRITERION:     1.0000D-05 FOR S-MATRIX     1.0000D-05 FOR POTENTIALS AND FUNCTIONS.


 INDICATIONS FOR EXPANSION OF CROSS-SECTIONS IN LEGENDRE POLYNOMIALS:    2    0    0

 FIRST ORDER VIBRATIONAL MODEL.


 TARGET              MASS =  57.93328           PRODUCT OF CHARGES =   26.           AT**1/3 =   3.869392D+00
 INCIDENT PARTICLE   MASS =   2.01410      SPIN = 1.0   AP**1/3 =   1.262875D+00
          ENERGY(LAB) =   5.600000D+01 MEV          ENERGY(C. M.) =   5.411852D+01 MEV.

 N =  1 -   SPIN = 0.0+ EXCITATION ENERGY =  0.0000 MEV          POTENTIAL    1


 OPTICAL POTENTIALS  **  1 **     REDUCED RADIUS MULTIPLIED BY     3.869392D+00

      DEFORMED  VOLUME/SCALAR REAL POTENTIAL
 DEPTH   82.581980 MEV   RADIUS  4.449801 FERMI (REDUCED VALUE 1.150000)   DIFFUSENESS 0.767770 FERMI AT THE POWER (1+ 0.000000)

      DEFORMED  VOLUME/SCALAR IMAGINARY POTENTIAL
 DEPTH    4.587200 MEV   RADIUS  5.149232 FERMI (REDUCED VALUE 1.330760)   DIFFUSENESS 0.467910 FERMI AT THE POWER (1+ 0.000000)

      DEFORMED  SURFACE/VECTOR REAL POTENTIAL
 DEPTH    0.000000 MEV   RADIUS  0.000000 FERMI (REDUCED VALUE 0.000000)   DIFFUSENESS 0.000000 FERMI AT THE POWER (1+ 0.000000)

      DEFORMED  SURFACE/VECTOR IMAGINARY POTENTIAL
 DEPTH    9.116400 MEV   RADIUS  5.313720 FERMI (REDUCED VALUE 1.373270)   DIFFUSENESS 0.770990 FERMI AT THE POWER (1+ 0.000000)

  NOT DEFORMED  REAL SPIN-ORBIT/TENSOR POTENTIAL
 DEPTH    3.557000 MEV   RADIUS  3.761049 FERMI (REDUCED VALUE 0.972000)   DIFFUSENESS 1.011000 FERMI AT THE POWER (1+ 0.000000)

  NOT DEFORMED  IMAGINARY SPIN-ORBIT/TENSOR POTENTIAL
 DEPTH    0.000000 MEV   RADIUS  0.000000 FERMI (REDUCED VALUE 0.000000)   DIFFUSENESS 0.000000 FERMI AT THE POWER (1+ 0.000000)

      DEFORMED  COULOMB POTENTIAL
  CHARGE PRODUCT    26.  RADIUS  5.041818 FERMI (REDUCED VALUE 1.303000)   DIFFUSENESS 0.000000 FERMI AT THE POWER (1+ 0.000000)

  NOT DEFORMED  SPIN-ORBIT COULOMB POTENTIAL
 DEPTH    0.000000 MEV   RADIUS  0.000000 FERMI (REDUCED VALUE 0.000000)   DIFFUSENESS 0.000000 FERMI AT THE POWER (1+ 0.000000)
              THIRD CHARGE PARAMETER26.000000

 INTEGRATION STEP SIZE = 0.11696          MATCHING RADIUS =  40.000 FERMI

 SCATTERING ANGLES FROM  0.000 IN STEPS OF  2.000 UP TO 180.000 DEGREES   AVERAGED WITH +/-   0.000 DEGREES.


       2 SOLUTIONS         2 COUPLED EQUATIONS         5 INDEPENDENT AMPLITUDES.


 LEVEL       WAVE NUMBER  COULOMB PARAMETER   REDUCED MASS       REDUCED ENERGY     STEP SIZE
     1      2.2449725265      0.7765335536   1813.0886128249   1813.0886128249      0.1169590643
 MAXIMUM J-VALUE =  53.0                MAXIMUM SCATTERING COEFFICIENT AT THE END   0.324D-04
 MAXIMUM J-VALUE =  53.0                MAXIMUM SCATTERING COEFFICIENT AT THE END   0.299D-04
1 COEFFICIENTS OF LEGENDRE POLYNOMIALS DESCRIBING THE CROSS-SECTIONS.

 DIRECT INTERACTION FOR LEVEL 1 MULTIPLIED BY (1-COS(THETA))**( 2 ) 160 COEFFICIENTS
    L        C(L)              C(L+1)             C(L+2)             C(L+3)             C(L+4)
    0  -8.2729238253D-01   1.4339759613D-01  -2.2502751712D-02  -4.2369419668D-02  -4.1850827889D-03
    5   2.0161576890D-02   2.1463600344D-02   1.1742456064D-02   2.6114740878D-03  -2.7280247593D-03
   10  -4.2881278749D-03  -3.9695610240D-03  -2.6151092268D-03  -1.0561512361D-03   5.3771541237D-04
   15   2.1802897142D-03   3.9033617145D-03   5.2607501178D-03   5.2688295526D-03   3.0938750060D-03
   20  -9.9775567349D-04  -3.7211088638D-03  -1.7056456454D-03   2.2869727249D-03   3.9053566384D-03
   25   9.4712147536D-04  -3.9668599358D-03  -7.3637909097D-03  -7.7146709327D-03  -5.6681113446D-03
   30  -2.7380964039D-03  -1.5450233742D-04   1.5435402087D-03   2.3484992478D-03   2.5040421371D-03
   35   2.2903866329D-03   1.9230059572D-03   1.5333012910D-03   1.1830323673D-03   8.9729452654D-04
   40   6.8122860995D-04   5.1910468940D-04   3.9870846055D-04   3.1149195193D-04   2.4802412185D-04
   45   2.0218644250D-04   1.6502372261D-04   1.3757913389D-04   1.1525575481D-04   9.8326074187D-05
   50   8.5491357415D-05   7.4727123751D-05   6.6641942795D-05   5.1498180636D-05   4.4330830930D-05
   55   3.7641684994D-05   3.7070818795D-05   2.9706009426D-05   2.4130170074D-05   1.9880301277D-05
   60   1.5959424154D-05   1.2739657018D-05   8.4253582064D-06   6.0990258156D-06   4.7365798230D-06
   65   4.9568286500D-06   2.5423746430D-06   1.6714847243D-06   3.0406730135D-06   1.1736981717D-06
   70  -6.0798469562D-07  -1.6758499174D-06  -2.4119936286D-06  -2.9985546634D-06  -3.4886460240D-06
   75  -3.9021606396D-06  -4.2515374381D-06  -4.5407119085D-06  -4.7825785780D-06  -4.9797776202D-06
   80  -5.1382395750D-06  -5.2641726614D-06  -5.3605688611D-06  -5.4298884133D-06  -5.4782392191D-06
   85  -5.5054843520D-06  -5.5153527650D-06  -5.5102371608D-06  -5.4919726842D-06  -5.4609947655D-06
   90  -5.4211648131D-06  -5.3720683410D-06  -5.3150059174D-06  -5.2522069376D-06  -5.1837357690D-06
   95  -5.1101945454D-06  -5.0331819283D-06  -4.9532438616D-06  -4.8697567775D-06  -4.7853658517D-06
  100  -4.6983282851D-06  -4.6111809689D-06  -4.5218152350D-06  -4.4339449908D-06  -4.3431799682D-06
  105  -4.2560367311D-06  -4.1639654787D-06  -4.0801213948D-06  -3.9899796390D-06  -3.9030365512D-06
  110  -3.8170125175D-06  -3.7320167012D-06  -3.6481423765D-06  -3.5654686237D-06  -3.4840618509D-06
  115  -3.4039771613D-06  -3.3252595801D-06  -3.2479451575D-06  -3.1720619592D-06  -3.0976309570D-06
  120  -3.0246668287D-06  -2.9531786770D-06  -2.8831706755D-06  -2.8146426495D-06  -2.7475905972D-06
  125  -2.6820071584D-06  -2.6178820353D-06  -2.5552023705D-06  -2.4939530855D-06  -2.4341171853D-06
  130  -2.3756760310D-06  -2.3186095844D-06  -2.2628966267D-06  -2.2085149543D-06  -2.1554415542D-06
  135  -2.1036527601D-06  -2.0531243921D-06  -2.0038318811D-06  -1.9557503793D-06  -1.9088548582D-06
  140  -1.8631201964D-06  -1.8185212558D-06  -1.7750329501D-06  -1.7326303046D-06  -1.6912885085D-06
  145  -1.6509829609D-06  -1.6116893108D-06  -1.5733834913D-06  -1.5360417500D-06  -1.4996406737D-06
  150  -1.4641572104D-06  -1.4295686875D-06  -1.3958528260D-06  -1.3629877536D-06  -1.3309520138D-06
  155  -1.2997245731D-06  -1.2692848272D-06  -1.2396126039D-06  -1.2106881656D-06  -1.1824922099D-06
1       56.00000 MeV deuteron on  58FE: SPHERICAL OMP                         


 TOTAL REACTION CROSS SECTION =   1687.876876 MILLIBARNS.

 ELASTIC SCATTERING ON THE TARGET STATE OF SPIN =  0.0+

      ANGLE    CROSS-SECTION     C. S./RUTHER.     ASYM. OR IT11               T20               T21               T22  
      0.000     0.19706D+05        1970.5531174         0.0000000         0.0039786         0.0000000         0.0000000
      2.000     0.28343D+07           0.8790914        -0.0015495        -0.0001364         0.0000023        -0.0000069
      4.000     0.12246D+06           0.6073231         0.0102756        -0.0018416         0.0000645         0.0000866
      6.000     0.29334D+05           0.7357437         0.0454372        -0.0012397         0.0000253         0.0004821
      8.000     0.12748D+05           1.0091378         0.0516898         0.0015201        -0.0002308         0.0007452
     10.000     0.48856D+04           0.9424589         0.0333863         0.0050601        -0.0007148         0.0008477
     12.000     0.12293D+04           0.4906328        -0.0232274         0.0110972        -0.0018309        -0.0005604
     14.000     0.13017D+03           0.0959970        -0.1594248         0.0048643        -0.0036437        -0.0342240
     16.000     0.13219D+03           0.1657957         0.3417622        -0.0584850         0.0073034        -0.0453334
     18.000     0.30559D+03           0.6118223         0.2660208        -0.0321693         0.0054955        -0.0159370
     20.000     0.31753D+03           0.9652342         0.2233142        -0.0234792         0.0053240        -0.0068842
     22.000     0.19973D+03           0.8851368         0.1924437        -0.0183341         0.0062897         0.0011943
     24.000     0.76383D+02           0.4771693         0.1430475        -0.0101783         0.0089061         0.0157820
     26.000     0.14800D+02           0.1266975        -0.0805700         0.0291306         0.0127106         0.0495555
     28.000     0.75283D+01           0.0862104        -0.2931287         0.0495811        -0.0152933        -0.0511218
     30.000     0.17853D+02           0.2678257        -0.0145636        -0.0102256        -0.0127607        -0.0752353
     32.000     0.20750D+02           0.4004282         0.0133473        -0.0322132        -0.0100748        -0.0842257
     34.000     0.13384D+02           0.3269527        -0.0377792        -0.0632824        -0.0101297        -0.1198266
     36.000     0.45959D+01           0.1401079        -0.2234816        -0.1527027        -0.0153821        -0.2396116
     38.000     0.15362D+01           0.0577004        -0.4471574        -0.2123667        -0.0312164        -0.2957275
     40.000     0.44031D+01           0.2014304        -0.0301072         0.0306734        -0.0155918         0.0351824
     42.000     0.89859D+01           0.4954981        -0.0213945         0.0577590        -0.0123737         0.0644464
     44.000     0.11346D+02           0.7469829        -0.0864841         0.0610945        -0.0129285         0.0639176
     46.000     0.10438D+02           0.8133959        -0.1816434         0.0599708        -0.0147571         0.0580959
     48.000     0.76983D+01           0.7043886        -0.2905834         0.0514061        -0.0166884         0.0437184
     50.000     0.51507D+01           0.5493163        -0.3405848         0.0264432        -0.0156558         0.0131967
     52.000     0.39329D+01           0.4855595        -0.1902321        -0.0075810        -0.0073050        -0.0191659
     54.000     0.39508D+01           0.5610892         0.0569070        -0.0137912         0.0027851        -0.0151232
     56.000     0.44220D+01           0.7181459         0.1706420         0.0057554         0.0069828         0.0132310
     58.000     0.46178D+01           0.8528629         0.1662022         0.0285856         0.0071152         0.0403321
     60.000     0.42636D+01           0.8908761         0.1095635         0.0448563         0.0058590         0.0569966
     62.000     0.35173D+01           0.8274127         0.0417492         0.0494999         0.0045963         0.0581480
     64.000     0.27106D+01           0.7145988         0.0009339         0.0376189         0.0044541         0.0384205
     66.000     0.20977D+01           0.6170670         0.0309966         0.0076484         0.0065445        -0.0028287
     68.000     0.17490D+01           0.5717260         0.1388532        -0.0259442         0.0107051        -0.0461248
     70.000     0.15870D+01           0.5742374         0.2576653        -0.0404826         0.0148079        -0.0638765
     72.000     0.14868D+01           0.5933352         0.3236271        -0.0327408         0.0171070        -0.0541205
     74.000     0.13588D+01           0.5958782         0.3305965        -0.0136070         0.0175418        -0.0316147
     76.000     0.11790D+01           0.5662852         0.3001168         0.0050054         0.0166981        -0.0115617
     78.000     0.97366D+00           0.5105732         0.2583819         0.0130604         0.0151433        -0.0062959
     80.000     0.78229D+00           0.4464744         0.2321621         0.0054503         0.0134985        -0.0215604
     82.000     0.63234D+00           0.3916395         0.2440124        -0.0178202         0.0124887        -0.0562287
     84.000     0.52910D+00           0.3546055         0.2973710        -0.0478255         0.0126426        -0.0977514
     86.000     0.45989D+00           0.3326214         0.3678312        -0.0683912         0.0138044        -0.1257051
     88.000     0.40756D+00           0.3172763         0.4237135        -0.0718707         0.0151586        -0.1316118
     90.000     0.35891D+00           0.2999737         0.4486668        -0.0607307         0.0158762        -0.1195619
     92.000     0.30888D+00           0.2764931         0.4442017        -0.0423753         0.0154798        -0.0994391
     94.000     0.25961D+00           0.2483110         0.4217509        -0.0278339         0.0137866        -0.0850288
     96.000     0.21489D+00           0.2191119         0.3967915        -0.0242215         0.0110073        -0.0846502
     98.000     0.17783D+00           0.1928765         0.3859089        -0.0341567         0.0078089        -0.1009479
    100.000     0.14944D+00           0.1720516         0.3984942        -0.0564014         0.0050988        -0.1316813
    102.000     0.12817D+00           0.1562997         0.4317479        -0.0809549         0.0035810        -0.1644080
    104.000     0.11182D+00           0.1441441         0.4744674        -0.0978217         0.0032646        -0.1876485
    106.000     0.98099D-01           0.1334202         0.5096220        -0.1021387         0.0033764        -0.1957868
    108.000     0.85491D-01           0.1224368         0.5269163        -0.0934178         0.0030301        -0.1880480
    110.000     0.73753D-01           0.1110189         0.5264286        -0.0786967         0.0016943        -0.1728126
    112.000     0.62890D-01           0.0993203         0.5118640        -0.0652445        -0.0008234        -0.1583510
    114.000     0.53225D-01           0.0880318         0.4952079        -0.0579737        -0.0041273        -0.1505792
    116.000     0.45031D-01           0.0778676         0.4875660        -0.0615830        -0.0075629        -0.1558888
    118.000     0.38208D-01           0.0689573         0.4904822        -0.0744978        -0.0109742        -0.1728382
    120.000     0.32843D-01           0.0617627         0.5084221        -0.0930992        -0.0142641        -0.1980002
    122.000     0.28740D-01           0.0562254         0.5350020        -0.1106467        -0.0174307        -0.2230654
    124.000     0.25501D-01           0.0518155         0.5541161        -0.1183964        -0.0206004        -0.2348835
    126.000     0.22885D-01           0.0482211         0.5637080        -0.1188651        -0.0230200        -0.2354196
    128.000     0.20479D-01           0.0446799         0.5644084        -0.1148328        -0.0239803        -0.2289912
    130.000     0.18046D-01           0.0407044         0.5611615        -0.1044481        -0.0237171        -0.2154789
    132.000     0.15579D-01           0.0362754         0.5638887        -0.0934142        -0.0236092        -0.2052021
    134.000     0.13154D-01           0.0315737         0.5704284        -0.0852477        -0.0263329        -0.2026855
    136.000     0.11090D-01           0.0274001         0.5794886        -0.0815538        -0.0345081        -0.2068241
    138.000     0.95915D-02           0.0243589         0.5836747        -0.0902555        -0.0485739        -0.2203693
    140.000     0.87385D-02           0.0227795         0.5670496        -0.1116396        -0.0627547        -0.2337770
    142.000     0.84302D-02           0.0225258         0.5426870        -0.1363200        -0.0672608        -0.2416040
    144.000     0.81873D-02           0.0223939         0.5259902        -0.1532045        -0.0606283        -0.2477238
    146.000     0.76963D-02           0.0215193         0.5273319        -0.1521421        -0.0480451        -0.2509638
    148.000     0.68707D-02           0.0196124         0.5612967        -0.1329530        -0.0382353        -0.2587363
    150.000     0.57350D-02           0.0166905         0.6172151        -0.1047826        -0.0439064        -0.2753509
    152.000     0.46444D-02           0.0137628         0.6731364        -0.0832701        -0.0769385        -0.2906479
    154.000     0.39219D-02           0.0118182         0.6889127        -0.0966762        -0.1337329        -0.2910988
    156.000     0.37552D-02           0.0114926         0.6120255        -0.1506248        -0.1723564        -0.2558575
    158.000     0.41832D-02           0.0129855         0.4961474        -0.1866807        -0.1496398        -0.1990308
    160.000     0.47947D-02           0.0150776         0.4195946        -0.1633014        -0.0941045        -0.1637268
    162.000     0.51707D-02           0.0164509         0.3934985        -0.0804062        -0.0458728        -0.1554067
    164.000     0.51553D-02           0.0165741         0.4139283         0.0566273        -0.0354006        -0.1680563
    166.000     0.47124D-02           0.0152900         0.4488768         0.2129329        -0.1008112        -0.1964289
    168.000     0.41471D-02           0.0135631         0.4581769         0.2755781        -0.2800130        -0.2246330
    170.000     0.39217D-02           0.0129126         0.3828525         0.0691464        -0.5302549        -0.2183730
    172.000     0.43229D-02           0.0143120         0.2168439        -0.4083502        -0.6708533        -0.1591481
    174.000     0.54167D-02           0.0180101         0.0873786        -0.8789165        -0.5972669        -0.0856092
    176.000     0.68462D-02           0.0228325         0.0291051        -1.1615011        -0.4112832        -0.0353714
    178.000     0.79868D-02           0.0266852         0.0028091        -1.2918620        -0.2055439        -0.0086278
    180.000     0.84109D-02           0.0281194         0.0000000        -1.3287915         0.0000000         0.0000000


 *** WORKSPACE USED IN THIS COMPUTATION     14045  ***            34985955 MEMORIES NOT USED.

  End time: 17:28.32 (22-02-2024)

  Calculation time:     1 min 24 s
