
  End time: 17:41.25 (22-02-2024)

  Calculation time:     1 min  8 s
1                    E. C. I. S. CODE FOR COUPLED CHANNELS CALCULATIONS ( 2006 ) WORKING FIELD LENGTH =  35000000

                        TO OBTAIN THE INPUT DESCRIPTION, PUNCH 'DESCRIPTION ' IN COLUMNS 1-12 OF THE FIRST CARD.


  1 F - ROTATIONAL MODEL-(.F.: VIBRATIONAL MODEL).         | 54 F - OUTPUT OF THE LENGTH USED IN THE WORKING FIELD.
  2 F - SECOND ORDER VIBRATIONAL MODEL-(.F.: FIRST ORDER)  | 55 F - OUTPUT OF C-MATRIX ELEMENTS AND COMPOUND NUCLEUS
        OR CONSTRAINED ASYMMETRIC ROTATIONAL MODEL.        |        INTERMEDIATE RESULTS.
  3 F - ANHARMONIC VIBRATIONAL MODEL-(.F.: HARMONIC) OR    | 56 T - OUTPUT OF S-MATRIX ELEMENTS.
        ASYMMETRIC ROTATIONAL MODEL-(.F.: SYMMETRIC).      | 57 F - OUTPUT OF PHASE-SHIFTS AT EACH E.C.I.S. ITERATION.
  4 F - PARAMETRISED SPIN-ORBIT DEFORMATION-(.F.:STANDARD) | 58 F - OUTPUT OF THE COEFFICIENTS OF EACH FORM FACTOR
  5 F - DIFFERENT DEFORMATION FOR EACH POTENTIAL(.F.: SAME)|        FOR ALL SETS OF EQUATIONS.
  6 F - USE OF DEFORMATION LENGTHS.                        | 59 T - TOTAL ELASTIC REACTION CROSS-SECTIONS WRITTEN ON
  7 F - NUCLEAR MATRIX ELEMENTS AND FORM FACTORS ON CARDS. |        FILE 58 AND TOTAL INELASTIC REACTION
  8 F - RELATIVISTIC KINEMATICS.                           |        CROSS-SECTIONS ON FILE 59.
  9 F - SYMMETRISED WOODS-SAXON FORM FOR NEGATIVE RADII.   | 60 T - S-MATRIX ELEMENTS WRITTEN ON FILE 60.
 10 F - DISPERSION RELATIONS FOR POTENTIALS.               |
                                                           | 61 F - REDUCED NUCLEAR MATRIX ELEMENTS WRITTEN ON FILE 61.
 11 T - DEFORMED COULOMB POTENTIAL.                        | 62 F - POTENTIALS WRITTEN ON FILE 62.
 12 T - DEFORMED IMAGINARY POTENTIAL.                      | 63 T - PENETRABILITIES WRITTEN ON FILE 63.
 13 F - DEFORMED REAL SPIN-ORBIT/TENSOR POTENTIAL.         | 64 T - RESULTS FOR EXPERIMENTAL DATA ON FILE 64
 14 F - DEFORMED IMAGINARY SPIN-ORBIT/TENSOR POTENTIAL.    |        AND AT EQUIDISTANT ANGLES WRITTEN ON FILE 66.
 15 F - REDUCED NUCLEAR MATRIX ELEMENTS READ FROM CARDS.   | 65 T - LEGENDRE EXPANSION FOR CROSS-SECTIONS WRITTEN ON
 16 F - HEAVY-ION DEFINITION OF RADII AND DEFORMATIONS.    |        FILE 65.
 17 F - FOLDING MODEL.                                     | 66 F - NO CALCULATION AT EQUIDISTANT ANGLES.
 18 F - PROJECTILE-TARGET ANTISYMMETRISATION.              | 67 T - NO PLOT OF EXPERIMENTAL DATA.
 19 F - DEFORMED COULOMB SPIN-ORBIT POTENTIAL.             | 68 T - NO PLOT OF CROSS-SECTIONS AT EQUIDISTANT ANGLES.
 20 F - DISPERSION RELATIONS FOR TRANSITION FORM-FACTORS.  | 69 T - NO PLOT OF POLARISATIONS AT EQUIDISTANT ANGLES.
                                                           |
 21 F - USUAL COUPLED EQUATIONS-(.F.: ITERATIONS).         | 71 F - NO DETAILED OUTPUT OF LOGICAL CONTROLS.
 22 F - NO USE OF PADE FOR CONVERGENCE OF THE ITERATIONS.  | 72 T - NO OUTPUT OF EXPERIMENTAL DATA AS THEY ARE READ.
 23 T - NO USE OF PADE WITHOUT CONVERGENCE.                | 73 T - NO OUTPUT OF EXTERNAL POTENTIALS AS THEY ARE READ.
 24 F - COUPLING POTENTIALS COMPUTED AT EACH ITERATION.    | 74 F - OUTPUT OF VARIATIONS IN STORAGE.
 25 F - COMPLETE CALCULATION UP TO THE END-(.F.: ONE ITE-  | 75 T - NO COMPLETE OUTPUT AT THE FIRST RUN OF A SEARCH.
        RATION ONLY AS SOON AS TWO ITERATIONS ARE ENOUGH). | 76 F - LO(51) TO LO(65) ARE ALWAYS USED-(.F.: ONLY FOR
 26 F - INTEGRATION STABILISED FOR LONG RANGE POTENTIAL.   |        COMPLETE OUTPUT)
 27 F - NUMEROV'S METHOD FOR SINGLE EQUATIONS-(.F.: MODI-  | 77 F - OUTPUT OF TIME DIFFERENCES DURING THE SEARCH.
        FIED NUMEROV'S METHOD).                            | 78 F - OUTPUT OF DIFFERENCES BETWEEN EXPERIMENTAL
 28 T - COMPUTATION UP TO J-CONVERGENCE-(.F.: STOP WHEN    |        AND CALCULATED VALUES.
        ALL THE INHOMOGENEOUS TERMS ARE NEGLIGIBLE).       |
 29 F - NO DIAGONAL TERM IN SECOND MEMBERS.                | 81 F - HAUSER-FESHBACH CORRECTIONS TO CROSS-SECTIONS.
 30 T - PURE DWBA CALCULATION.                             | 82 F - SIMPLEST COMPOUND NUCLEUS FORMALISM.
                                                           | 83 T - NO ENGELBRETCH-WEIDENMULLER TRANSFORMATION IN
 31 F - INPUT OF EXPERIMENTAL DATA AND CHI2 CALCULATION.   |        IN COMPOUND NUCLEUS.
 32 F - AUTOMATIC SEARCH ON SOME PARAMETERS.               | 84 F - UNCOUPLED LEVELS FOR COMPOUND NUCLEUS.
 33 F - SYMMETRISED CHI2 FOR CROSS-SECTIONS.               | 85 F - FISSION DATA IN COMPOUND NUCLEUS.
 34 F - NEXT CALCULATION CHANGING ENERGY AND/OR SOME       | 86 F - GAMMA EMISSION DATA IN COMPOUND NUCLEUS.
        PARAMETERS.                                        | 87 F - NO WIDTH FLUCTUATIONS.
 35 F - SEARCH SAVED ON TAPE 8 IF ENDED OR LACK OF TIME.   |
 36 F - RESTART A SEARCH FROM TAPE 8.                      | 91 F - EQUIDISTANT ANGLES IN THE LABORATORY SYSTEM.
                                                           | 92 F - NON STANDARD OBSERVABLES AT EQUIDISTANT ANGLES.
 41 F - FACTORISATION OF 1/(1-COS(THETA)) IN AMPLITUDES.   | 93 F - NO RECOIL CORRECTION FOR REACTIONS.
 42 F - SCHMIDT'S ORTHOGONAL. IN USUAL COUPLED EQUATIONS.  | 94 F - NON RELATIVISTIC "REDUCED MASS" FOR DIRAC EQUATION.
 43 F - INTERPOLATION ON TOTAL SPIN.                       | 95 F - "REDUCED ENERGY" FOR NON COULOMB INTERACTION IN
 44 F - COULOMB CORRECTIONS.                               |        RELATIVISTIC SCHROEDINGER EQUATION OR USE OF REST
 45 F - ANGULAR MOMENTUM LIMIT FOR COULOMB CORRECTIONS.    |        MASS IN DIRAC EQUATION.
 46 F - RESTRICTED COULOMB CORRECTIONS.                    | 96 F - "REDUCED MASS" FOR COULOMB INTERACTION IN
 47 F - NO RECOIL CORRECTION FOR BOUND STATES.             |        RELATIVISTIC SCHROEDINGER EQUATION.
                                                           | 97 F - SAME REDUCED MASS FOR ALL THE STATES.
 51 F - OUTPUT OF POTENTIALS.                              | 98 F - Q ADDED TO THE MASS OF RESIDUAL NUCLEUS.
 52 F - OUTPUT OF REDUCED NUCLEAR MATRIX ELEMENTS.         | 99 F - SCHROEDINGER EQUIVALENT TO DIRAC EQUATION.
 53 F - OUTPUT OF THE NUMBER OF ITERATIONS.                |100 F - COMPLETE DIRAC EQUATION.
1
          **********************************************************************************
          *                                                                                *
          *      56.00000 MeV deuteron on  48TI: SPHERICAL OMP                             *
          *                                                                                *
          **********************************************************************************

 MAXIMUM NUMBER OF J    50  (MIN  0) STOP WHEN MAXIMUM S-MATRIX ELEMENT IS LESS THAN        0.1000D-04

 PLOT CONDITIONS FOR CROSS-SECTIONS    2    2     FOR POLARISATIONS    1    1

          ITERATION METHOD:  MAXIMUM NUMBER OF ITERATIONS         1
          CONVERGENCE CRITERION:     1.0000D-05 FOR S-MATRIX     1.0000D-05 FOR POTENTIALS AND FUNCTIONS.


 INDICATIONS FOR EXPANSION OF CROSS-SECTIONS IN LEGENDRE POLYNOMIALS:    2    0    0

 FIRST ORDER VIBRATIONAL MODEL.


 TARGET              MASS =  47.94795           PRODUCT OF CHARGES =   22.           AT**1/3 =   3.632927D+00
 INCIDENT PARTICLE   MASS =   2.01410      SPIN = 1.0   AP**1/3 =   1.262875D+00
          ENERGY(LAB) =   5.600000D+01 MEV          ENERGY(C. M.) =   5.374249D+01 MEV.

 N =  1 -   SPIN = 0.0+ EXCITATION ENERGY =  0.0000 MEV          POTENTIAL    1


 OPTICAL POTENTIALS  **  1 **     REDUCED RADIUS MULTIPLIED BY     3.632927D+00

      DEFORMED  VOLUME/SCALAR REAL POTENTIAL
 DEPTH   82.156140 MEV   RADIUS  4.177358 FERMI (REDUCED VALUE 1.149860)   DIFFUSENESS 0.764790 FERMI AT THE POWER (1+ 0.000000)

      DEFORMED  VOLUME/SCALAR IMAGINARY POTENTIAL
 DEPTH    4.587200 MEV   RADIUS  4.840621 FERMI (REDUCED VALUE 1.332430)   DIFFUSENESS 0.491580 FERMI AT THE POWER (1+ 0.000000)

      DEFORMED  SURFACE/VECTOR REAL POTENTIAL
 DEPTH    0.000000 MEV   RADIUS  0.000000 FERMI (REDUCED VALUE 0.000000)   DIFFUSENESS 0.000000 FERMI AT THE POWER (1+ 0.000000)

      DEFORMED  SURFACE/VECTOR IMAGINARY POTENTIAL
 DEPTH    9.116400 MEV   RADIUS  4.998254 FERMI (REDUCED VALUE 1.375820)   DIFFUSENESS 0.756320 FERMI AT THE POWER (1+ 0.000000)

  NOT DEFORMED  REAL SPIN-ORBIT/TENSOR POTENTIAL
 DEPTH    3.557000 MEV   RADIUS  3.531205 FERMI (REDUCED VALUE 0.972000)   DIFFUSENESS 1.011000 FERMI AT THE POWER (1+ 0.000000)

  NOT DEFORMED  IMAGINARY SPIN-ORBIT/TENSOR POTENTIAL
 DEPTH    0.000000 MEV   RADIUS  0.000000 FERMI (REDUCED VALUE 0.000000)   DIFFUSENESS 0.000000 FERMI AT THE POWER (1+ 0.000000)

      DEFORMED  COULOMB POTENTIAL
  CHARGE PRODUCT    22.  RADIUS  4.733704 FERMI (REDUCED VALUE 1.303000)   DIFFUSENESS 0.000000 FERMI AT THE POWER (1+ 0.000000)

  NOT DEFORMED  SPIN-ORBIT COULOMB POTENTIAL
 DEPTH    0.000000 MEV   RADIUS  0.000000 FERMI (REDUCED VALUE 0.000000)   DIFFUSENESS 0.000000 FERMI AT THE POWER (1+ 0.000000)
              THIRD CHARGE PARAMETER22.000000

 INTEGRATION STEP SIZE = 0.12308          MATCHING RADIUS =  40.000 FERMI

 SCATTERING ANGLES FROM  0.000 IN STEPS OF  2.000 UP TO 180.000 DEGREES   AVERAGED WITH +/-   0.000 DEGREES.


       2 SOLUTIONS         2 COUPLED EQUATIONS         5 INDEPENDENT AMPLITUDES.


 LEVEL       WAVE NUMBER  COULOMB PARAMETER   REDUCED MASS       REDUCED ENERGY     STEP SIZE
     1      2.2293739088      0.6570668530   1800.4908300717   1800.4908300717      0.1230769231
 MAXIMUM J-VALUE =  49.0                MAXIMUM SCATTERING COEFFICIENT AT THE END   0.545D-04
 MAXIMUM J-VALUE =  49.0                MAXIMUM SCATTERING COEFFICIENT AT THE END   0.491D-04
1 COEFFICIENTS OF LEGENDRE POLYNOMIALS DESCRIBING THE CROSS-SECTIONS.

 DIRECT INTERACTION FOR LEVEL 1 MULTIPLIED BY (1-COS(THETA))**( 2 ) 148 COEFFICIENTS
    L        C(L)              C(L+1)             C(L+2)             C(L+3)             C(L+4)
    0  -4.7019032477D-01   1.6409245594D-01  -2.3730351940D-02  -5.8436525398D-02  -1.9715660862D-02
    5   1.2878327418D-02   2.0992244679D-02   1.4421173137D-02   5.4730385520D-03  -7.3934447739D-04
   10  -3.3963188565D-03  -3.5321155229D-03  -2.1046591023D-03  -4.2460709095D-05   2.0273547688D-03
   15   3.7337554919D-03   4.1692789267D-03   2.7620859003D-03  -7.1998850477D-04  -4.2676060954D-03
   20  -3.6701086670D-03   1.0428624063D-03   5.2972783247D-03   4.3393589251D-03  -8.1331553813D-04
   25  -6.0669021067D-03  -8.3280097329D-03  -7.2909573585D-03  -4.4389635128D-03  -1.4158847403D-03
   30   8.2299091900D-04   2.0513699800D-03   2.4584603084D-03   2.3594208633D-03   2.0183733479D-03
   35   1.6085607106D-03   1.2303587941D-03   9.2524080544D-04   6.8443513310D-04   5.0737189252D-04
   40   3.7919064557D-04   2.9099080238D-04   2.2615076667D-04   1.7876804770D-04   1.4376935945D-04
   45   1.1826219048D-04   1.0055064921D-04   8.6824008625D-05   7.9813689012D-05   6.6355261709D-05
   50   6.0627794861D-05   5.0112786546D-05   4.6886425574D-05   3.6586298713D-05   3.1517934306D-05
   55   2.7732682946D-05   2.3688342854D-05   1.8794900890D-05   1.4860659433D-05   1.3534745810D-05
   60   1.3635755045D-05   1.3285196654D-05   9.6084832904D-06   1.2616422409D-05   1.1604279107D-05
   65   8.5132624209D-06   6.4241965395D-06   5.1329925802D-06   4.1920226232D-06   3.4138097816D-06
   70   2.7424497530D-06   2.1576768457D-06   1.6382611309D-06   1.1840439716D-06   7.7999644789D-07
   75   4.2360069762D-07   1.0782639365D-07  -1.6942452335D-07  -4.1700672284D-07  -6.3219335292D-07
   80  -8.2278328980D-07  -9.9033703620D-07  -1.1356709002D-06  -1.2623155365D-06  -1.3738912390D-06
   85  -1.4674702930D-06  -1.5493978991D-06  -1.6194307582D-06  -1.6764840666D-06  -1.7260366158D-06
   90  -1.7654218055D-06  -1.7977957418D-06  -1.8216355567D-06  -1.8422440663D-06  -1.8526937332D-06
   95  -1.8637636822D-06  -1.8634529265D-06  -1.8680593676D-06  -1.8557220615D-06  -1.8608764411D-06
  100  -1.8445821722D-06  -1.8323350991D-06  -1.8179402097D-06  -1.8016624207D-06  -1.7837407524D-06
  105  -1.7643908277D-06  -1.7438071188D-06  -1.7221649697D-06  -1.6996224196D-06  -1.6763218467D-06
  110  -1.6523914512D-06  -1.6279465947D-06  -1.6030910090D-06  -1.5779178901D-06  -1.5525108859D-06
  115  -1.5269449912D-06  -1.5012873568D-06  -1.4755980226D-06  -1.4499305826D-06  -1.4243327856D-06
  120  -1.3988470824D-06  -1.3735111204D-06  -1.3483581929D-06  -1.3234176476D-06  -1.2987152563D-06
  125  -1.2742735523D-06  -1.2501121351D-06  -1.2262479494D-06  -1.2026955369D-06  -1.1794672662D-06
  130  -1.1565735419D-06  -1.1340229943D-06  -1.1118226526D-06  -1.0899781019D-06  -1.0684936263D-06
  135  -1.0473723393D-06  -1.0266163022D-06  -1.0062266317D-06  -9.8620359847D-07  -9.6654671615D-07
  140  -9.4725482263D-07  -9.2832615387D-07  -9.0975841130D-07  -8.9154882272D-07  -8.7369419809D-07
  145  -8.5619097977D-07  -8.3903528868D-07  -8.2222296566D-07
1       56.00000 MeV deuteron on  48TI: SPHERICAL OMP                         


 TOTAL REACTION CROSS SECTION =   1541.970953 MILLIBARNS.

 ELASTIC SCATTERING ON THE TARGET STATE OF SPIN =  0.0+

      ANGLE    CROSS-SECTION     C. S./RUTHER.     ASYM. OR IT11               T20               T21               T22  
      0.000     0.19023D+05        1902.2543912         0.0000000         0.0030231         0.0000000         0.0000000
      2.000     0.19697D+07           0.8414326        -0.0014251        -0.0001315         0.0000021        -0.0000070
      4.000     0.85894D+05           0.5867438         0.0147926        -0.0026668         0.0000924         0.0000614
      6.000     0.22532D+05           0.7783913         0.0559925        -0.0032431         0.0001239         0.0003540
      8.000     0.10865D+05           1.1846519         0.0645790        -0.0009908        -0.0000589         0.0006073
     10.000     0.47450D+04           1.2607501         0.0510899         0.0019671        -0.0004057         0.0010322
     12.000     0.14886D+04           0.8183470         0.0087310         0.0071950        -0.0011405         0.0016159
     14.000     0.23351D+03           0.2371857        -0.1377918         0.0193450        -0.0031071        -0.0048359
     16.000     0.32013D+02           0.0553030         0.2240203        -0.0799775         0.0108252        -0.1359163
     18.000     0.14646D+03           0.4038957         0.3349860        -0.0465167         0.0075770        -0.0388993
     20.000     0.21318D+03           0.8925444         0.2783532        -0.0348369         0.0066239        -0.0228841
     22.000     0.16917D+03           1.0326018         0.2571091        -0.0330134         0.0076812        -0.0170118
     24.000     0.82488D+02           0.7097649         0.2558110        -0.0367144         0.0111847        -0.0119812
     26.000     0.20909D+02           0.2465477         0.2773194        -0.0456272         0.0216253         0.0034214
     28.000     0.34980D+01           0.0551726        -0.0502374         0.0753644         0.0072425         0.0924649
     30.000     0.12311D+02           0.2543778        -0.1005061         0.0613669        -0.0223872         0.0112554
     32.000     0.22937D+02           0.6096685        -0.0779835         0.0341327        -0.0184631        -0.0065783
     34.000     0.23539D+02           0.7920162        -0.1324538         0.0236094        -0.0185055        -0.0164791
     36.000     0.16019D+02           0.6726107        -0.2622989         0.0143553        -0.0222857        -0.0329231
     38.000     0.79108D+01           0.4092545        -0.4940099        -0.0054913        -0.0305857        -0.0673457
     40.000     0.44873D+01           0.2827450        -0.5114089        -0.0322362        -0.0305645        -0.0830477
     42.000     0.60019D+01           0.4558415        -0.0643571        -0.0067524        -0.0115812        -0.0110229
     44.000     0.95113D+01           0.8624778         0.0799049         0.0212655        -0.0045269         0.0315031
     46.000     0.11914D+02           1.2787158         0.0643466         0.0372918        -0.0037351         0.0491584
     48.000     0.11850D+02           1.4933504         0.0023659         0.0469634        -0.0045236         0.0573893
     50.000     0.98383D+01           1.4451742        -0.0750383         0.0507629        -0.0054669         0.0581735
     52.000     0.72536D+01           1.2334733        -0.1385835         0.0439867        -0.0052994         0.0464646
     54.000     0.52436D+01           1.0257118        -0.1270365         0.0202388        -0.0020873         0.0162714
     56.000     0.42289D+01           0.9459529         0.0044695        -0.0113696         0.0046173        -0.0194984
     58.000     0.39762D+01           1.0114808         0.1674438        -0.0256424         0.0109415        -0.0324891
     60.000     0.39865D+01           1.1473121         0.2547748        -0.0178833         0.0139356        -0.0206232
     62.000     0.38617D+01           1.2512618         0.2641031        -0.0002160         0.0143977         0.0006710
     64.000     0.34621D+01           1.2571291         0.2293050         0.0167307         0.0137409         0.0189108
     66.000     0.28691D+01           1.1624923         0.1798949         0.0255961         0.0128475         0.0254696
     68.000     0.22527D+01           1.0142879         0.1426204         0.0215649         0.0123601         0.0147717
     70.000     0.17506D+01           0.8724823         0.1455047         0.0017591         0.0128769        -0.0159413
     72.000     0.14138D+01           0.7771083         0.2042033        -0.0291006         0.0146557        -0.0591290
     74.000     0.12141D+01           0.7333448         0.2950247        -0.0544908         0.0171263        -0.0931193
     76.000     0.10880D+01           0.7197748         0.3713808        -0.0624486         0.0192354        -0.1039151
     78.000     0.97887D+00           0.7069987         0.4084242        -0.0547395         0.0203460        -0.0952427
     80.000     0.85680D+00           0.6735316         0.4080966        -0.0380667         0.0203901        -0.0764776
     82.000     0.72146D+00           0.6154437         0.3836510        -0.0215113         0.0194633        -0.0594634
     84.000     0.58826D+00           0.5430270         0.3522170        -0.0140542         0.0177053        -0.0552751
     86.000     0.47227D+00           0.4704699         0.3316634        -0.0193781         0.0154564        -0.0679226
     88.000     0.38225D+00           0.4098586         0.3371169        -0.0378397         0.0132834        -0.0968628
     90.000     0.31810D+00           0.3661958         0.3723007        -0.0643782         0.0118431        -0.1343670
     92.000     0.27267D+00           0.3361831         0.4240357        -0.0864130         0.0114918        -0.1643190
     94.000     0.23795D+00           0.3134771         0.4727301        -0.0962523         0.0119367        -0.1781403
     96.000     0.20761D+00           0.2915682         0.5037188        -0.0934972         0.0124763        -0.1763564
     98.000     0.17810D+00           0.2660647         0.5123179        -0.0796689         0.0124589        -0.1615489
    100.000     0.14978D+00           0.2375108         0.5024598        -0.0622808         0.0113602        -0.1433922
    102.000     0.12421D+00           0.2086311         0.4814602        -0.0506345         0.0088520        -0.1329798
    104.000     0.10247D+00           0.1819464         0.4601148        -0.0482396         0.0050798        -0.1339819
    106.000     0.85304D-01           0.1597972         0.4506463        -0.0579763         0.0007289        -0.1493406
    108.000     0.72228D-01           0.1424757         0.4570005        -0.0786936        -0.0032218        -0.1767528
    110.000     0.62137D-01           0.1288288         0.4782470        -0.1013431        -0.0058597        -0.2052683
    112.000     0.54148D-01           0.1177845         0.5112208        -0.1194856        -0.0068938        -0.2286525
    114.000     0.47251D-01           0.1076426         0.5434384        -0.1285969        -0.0071010        -0.2421900
    116.000     0.40895D-01           0.0974005         0.5657382        -0.1245068        -0.0074867        -0.2405616
    118.000     0.35105D-01           0.0872650         0.5755436        -0.1109969        -0.0087901        -0.2281802
    120.000     0.29843D-01           0.0772996         0.5676188        -0.0943799        -0.0117676        -0.2112677
    122.000     0.25315D-01           0.0682135         0.5480284        -0.0790908        -0.0162050        -0.1935691
    124.000     0.21659D-01           0.0606155         0.5316328        -0.0717546        -0.0207552        -0.1836913
    126.000     0.18566D-01           0.0538830         0.5181644        -0.0737077        -0.0248401        -0.1836099
    128.000     0.15945D-01           0.0479145         0.5127331        -0.0840487        -0.0283093        -0.1933212
    130.000     0.13790D-01           0.0428417         0.5289124        -0.1036964        -0.0312675        -0.2183273
    132.000     0.11933D-01           0.0382704         0.5552058        -0.1232649        -0.0355137        -0.2473177
    134.000     0.10454D-01           0.0345612         0.5773773        -0.1342210        -0.0420049        -0.2650224
    136.000     0.93687D-02           0.0318823         0.5914678        -0.1417217        -0.0492926        -0.2748119
    138.000     0.84933D-02           0.0297092         0.5860383        -0.1459725        -0.0550757        -0.2744360
    140.000     0.78011D-02           0.0280094         0.5694771        -0.1405351        -0.0560275        -0.2587811
    142.000     0.71485D-02           0.0263088         0.5619370        -0.1285681        -0.0519515        -0.2414369
    144.000     0.63597D-02           0.0239590         0.5586649        -0.1123832        -0.0466365        -0.2281317
    146.000     0.54967D-02           0.0211687         0.5658612        -0.0913400        -0.0446589        -0.2202070
    148.000     0.45640D-02           0.0179440         0.5980865        -0.0730138        -0.0547806        -0.2287934
    150.000     0.36964D-02           0.0148170         0.6290367        -0.0705227        -0.0867881        -0.2466318
    152.000     0.32239D-02           0.0131586         0.6215692        -0.0994951        -0.1314417        -0.2528908
    154.000     0.31474D-02           0.0130632         0.5709164        -0.1588536        -0.1588777        -0.2485469
    156.000     0.33334D-02           0.0140513         0.4884353        -0.2141045        -0.1490795        -0.2360788
    158.000     0.36969D-02           0.0158063         0.4322386        -0.2158082        -0.1072744        -0.2212470
    160.000     0.39269D-02           0.0170084         0.4294814        -0.1569241        -0.0632422        -0.2180075
    162.000     0.38749D-02           0.0169805         0.4455410        -0.0511585        -0.0391556        -0.2242708
    164.000     0.36063D-02           0.0159691         0.4692564         0.0896909        -0.0574644        -0.2373309
    166.000     0.30720D-02           0.0137286         0.4958909         0.2315695        -0.1562475        -0.2613687
    168.000     0.25340D-02           0.0114151         0.4623631         0.2457937        -0.3734780        -0.2775620
    170.000     0.24256D-02           0.0110003         0.3277796        -0.0393614        -0.6085767        -0.2383310
    172.000     0.27479D-02           0.0125307         0.1620278        -0.5170525        -0.6873192        -0.1549465
    174.000     0.34109D-02           0.0156204         0.0255952        -0.9657138        -0.5850595        -0.0790623
    176.000     0.42604D-02           0.0195702        -0.0255865        -1.2193831        -0.3907433        -0.0344934
    178.000     0.48088D-02           0.0221299        -0.0168545        -1.3206794        -0.1946972        -0.0098868
    180.000     0.49418D-02           0.0227557         0.0000000        -1.3495208         0.0000000         0.0000000


 *** WORKSPACE USED IN THIS COMPUTATION     13331  ***            34986669 MEMORIES NOT USED.

  End time: 17:41.25 (22-02-2024)

  Calculation time:     1 min  8 s
