
                      Start time: 15:18.02 (21-02-2024)

                         __________________________
                        |                          |
                        |    E M P I R E  - 3.2.3  |
                        |                          |
                        |        Malta             |
                        |                          |
                        | SVN empire    rev. 5094  |
                        |                          |
                        |__________________________|

  TITLE: Deuterons on 90Zr
  
 Following options/parameters have been used
 -------------------------------------------
  
 Main calculations output control set to  3
 Number of energy steps in the integration set to   80
 ENDF formatting disabled
 EMPIRE-specific level densities (J>>K aprox.) selected 
 Recoils are not calculated
 RIPL empirical fission barriers used for all nuclei
 Collective levels up to   3.0 MeV used in DWBA
 Maximum spin of retrieved DWBA collective levels J < 5
 CN decay and Direct cross sections added incoherently
 CN angular distribution assumed isotropic
 Traditional Hauser-Feschbach Tlj_{CC}(E)=Tlj_{GS}(E-Egs)
  
 Using RIPL split files
====== GDR options =====
 E1 strength function set to RIPL MLO1
 GDR parameters from RIPL/Exp.data+Plujko systematics
 Gamma-transition multipolarity set to    2
  
=============================================================
 Reaction p +  90Zr at incident energy  1.000D+00 MeV (LAB)
=============================================================

  RIPL GDR parameters used
  -----------------------------------------
  TARGET GDR DATA:
  -----------------------------------------
  GDR parameters from RIPL database
  -----------------------------------------
  Gamma transitions parameters of  40-Zr- 90

 Multip->  E1            E2            M1 
  Er1     16.74        14.06         9.15
  Wr1      4.16         5.03         4.00
  Sr1    211.00         2.10         1.00

  TE       1.00         1.00         1.00
  CE      0.010        0.100        0.100

  (1-TE)*Weiss. + TE*GiR (i=D,Q,M) D=E1; Q=E2; M=M1
  TE - mixing coeff. of s.p. Weisskopf & GiR, TE=1 pure resonance
  CE - s.p. Weisskopf scaling coefficient (default: 0.01,0.1,0.1)

  -----------------------------------------
  -----------------------------------------


  
  WARNING!!!! HRTW has been turned off 
  WARNING!!!! (It is not allowed for charged
  WARNING!!!! particle induced reactions)
  
 Primary gammas not stored: ENDF formatting is turned off
 Recoils are not calculated as ENDF formatting is turned off
  
            Use of direct and preequilibrium models 
            --------------------------------------- 
   Note: PCROSS includes break-up and transfer reactions
  
 Exit channel    ECIS    MSD    MSC    HMS   PCROSS
  
 neut. disc.       0      0      0      0      1
 neut. cont.       0      0      0      0      1
 prot. disc.       0      0      0      0      1
 prot. cont.       0      0      0      0      1
 gammas            0      0      0      0      1
 alpha cont.       0      0      0      0      1
 deut. cont.       0      0      0      0      1
 trit. cont.       0      0      0      0      1
 He-3  cont.       0      0      0      0      1
 LI    cont.       0      0      0      0      0
 alpha disc.       0      0      0      0      1
 deut. disc.       0      0      0      0      1
 trit. disc.       0      0      0      0      1
 He-3  disc.       0      0      0      0      1
  
 Static deformation of the target nucleus set to    0.0350 (RIPL default = FRDM)
 Nobre param. (PRC76(2007)024605) dyn. deform. is   0.1384


    L e v e l  d e n s i t y  p a r a m e t e r s  f i t
    ------------------------------------------------------
  
  
   Nucleus    a_exp     a_sys.   int. nor.  ext. nor. a_final
 22-Ti- 48   4.32830   4.27959   1.01138   1.00000   4.32830
  SHC=   1.60399997      U=   9.58671761    
  DELTA=   0.00000000      Dobs=   1.75000000    

 ========================
  
  
   Nucleus    a_exp     a_sys.   int. nor.  ext. nor. a_final
 22-Ti- 49   4.23430   4.25442   0.99527   1.00000   4.23430
  SHC=   1.12199998      U=   7.90798759    
  DELTA=   1.71428573      Dobs=   20.7999992    

 ========================
  
  
   Nucleus    a_exp     a_sys.   int. nor.  ext. nor. a_final
 22-Ti- 50   3.89910   4.06396   0.95943   1.00000   3.89910
  SHC=  0.358000010      U=   9.13953781    
  DELTA=   0.00000000      Dobs=   4.00000000    

 ========================
  
  
   Nucleus    a_exp     a_sys.   int. nor.  ext. nor. a_final
 22-Ti- 51   4.72450   4.20498   1.12355   1.00000   4.72450
  SHC=  0.451999992      U=   6.23477459    
  DELTA=   1.68033612      Dobs=   24.8999996    

 ========================
  
  
   Nucleus    a_exp     a_sys.   int. nor.  ext. nor. a_final
 23-V - 51   3.95230   3.93298   1.00491   1.00000   3.95230
  SHC=  0.211999997      U=   11.0284281    
  DELTA=   1.68033612      Dobs=   2.00000000    

 ========================
  
  
   Nucleus    a_exp     a_sys.   int. nor.  ext. nor. a_final
 23-V - 52   3.98810   4.00824   0.99497   1.00000   3.98810
  SHC=  0.182999998      U=   8.94205666    
  DELTA=   3.32820129      Dobs=   4.00000000    

 ========================
  
  
   Nucleus    a_exp     a_sys.   int. nor.  ext. nor. a_final
 24-Cr- 51   4.16500   3.86644   1.07722   1.00000   4.16500
  SHC= -0.118000001      U=   9.28931332    
  DELTA=   1.68033612      Dobs=   12.5000000    

 ========================
  
  
   Nucleus    a_exp     a_sys.   int. nor.  ext. nor. a_final
 24-Cr- 53   3.97740   3.95106   1.00667   1.00000   3.97740
  SHC= -0.298999995      U=   7.97065783    
  DELTA=   1.64832675      Dobs=   32.0000000    

 ========================
  
  
   Nucleus    a_exp     a_sys.   int. nor.  ext. nor. a_final
 24-Cr- 54   4.21660   4.30129   0.98031   1.00000   4.21660
  SHC=  0.465999991      U=   7.95478725    
  DELTA=   0.00000000      Dobs=   6.69999981    

 ========================
  
  
   Nucleus    a_exp     a_sys.   int. nor.  ext. nor. a_final
 24-Cr- 55   4.37820   4.68097   0.93532   1.00000   4.37820
  SHC=   1.14100003      U=   5.97577763    
  DELTA=   1.61807966      Dobs=   50.0000000    

 ========================
  
  
   Nucleus    a_exp     a_sys.   int. nor.  ext. nor. a_final
 25-Mn- 56   4.50280   4.50327   0.99990   1.00000   4.50280
  SHC=  0.108999997      U=   8.71148682    
  DELTA=   3.20713496      Dobs=   2.29999995    

 ========================
  
  
   Nucleus    a_exp     a_sys.   int. nor.  ext. nor. a_final
 26-Fe- 55   3.76750   3.61608   1.04187   1.00000   3.76750
  SHC=  -2.03999996      U=   9.62642574    
  DELTA=   1.61807966      Dobs=   20.5000000    

 ========================
  
  
   Nucleus    a_exp     a_sys.   int. nor.  ext. nor. a_final
 26-Fe- 57   4.30030   4.26310   1.00873   1.00000   4.30030
  SHC= -0.513999999      U=   7.62225914    
  DELTA=   1.58943880      Dobs=   25.3999996    

 ========================
  
  
   Nucleus    a_exp     a_sys.   int. nor.  ext. nor. a_final
 26-Fe- 58   4.49940   4.62081   0.97372   1.00000   4.49940
  SHC=  0.202000007      U=   8.29079437    
  DELTA=   0.00000000      Dobs=   7.05000019    

 ========================
  
  
   Nucleus    a_exp     a_sys.   int. nor.  ext. nor. a_final
 26-Fe- 59   4.91900   5.03878   0.97623   1.00000   4.91900
  SHC=  0.949999988      U=   6.25052786    
  DELTA=   1.56226695      Dobs=   21.6000004    

 ========================
  
  
   Nucleus    a_exp     a_sys.   int. nor.  ext. nor. a_final
 27-Co- 60   4.72510   4.72526   0.99997   1.00000   4.72510
  SHC=  0.104000002      U=   8.86142063    
  DELTA=   3.09838676      Dobs=   1.45000005    

 ========================
  
  
   Nucleus    a_exp     a_sys.   int. nor.  ext. nor. a_final
 28-Ni- 59   4.17330   3.78145   1.10362   1.00000   4.17330
  SHC=  -2.17199993      U=   9.30736542    
  DELTA=   1.56226695      Dobs=   13.3999996    

 ========================
  
  
   Nucleus    a_exp     a_sys.   int. nor.  ext. nor. a_final
 28-Ni- 60   4.36600   4.14594   1.05308   1.00000   4.36600
  SHC=  -1.41199994      U=   9.97206306    
  DELTA=   0.00000000      Dobs=   2.00000000    

 ========================
  
  
   Nucleus    a_exp     a_sys.   int. nor.  ext. nor. a_final
 28-Ni- 61   4.67780   4.52322   1.03417   1.00000   4.67780
  SHC= -0.492000014      U=   7.75597334    
  DELTA=   1.53644252      Dobs=   13.8000002    

 ========================
  
  
   Nucleus    a_exp     a_sys.   int. nor.  ext. nor. a_final
 28-Ni- 62   4.69120   4.77172   0.98313   1.00000   4.69120
  SHC=  -7.59999976E-02  U=   8.91560745    
  DELTA=   0.00000000      Dobs=   2.09999990    

 ========================
  
  
   Nucleus    a_exp     a_sys.   int. nor.  ext. nor. a_final
 28-Ni- 63   5.02220   5.23090   0.96010   1.00000   5.02220
  SHC=  0.782999992      U=   6.51110649    
  DELTA=   1.51185787      Dobs=   16.0000000    

 ========================
  
  
   Nucleus    a_exp     a_sys.   int. nor.  ext. nor. a_final
 28-Ni- 65   5.09470   5.88032   0.86640   1.00000   5.09470
  SHC=   1.73599994      U=   5.58185816    
  DELTA=   1.48841679      Dobs=   23.6000004    

 ========================
  
  
   Nucleus    a_exp     a_sys.   int. nor.  ext. nor. a_final
 29-Cu- 64   5.41960   5.10013   1.06264   1.00000   5.41960
  SHC=  0.414999992      U=   9.15081501    
  DELTA=   3.00000000      Dobs=  0.699999988    

 ========================
  
  
   Nucleus    a_exp     a_sys.   int. nor.  ext. nor. a_final
 29-Cu- 66   5.35300   5.71326   0.93694   1.00000   5.35300
  SHC=   1.46000004      U=   8.07194519    
  DELTA=   2.95419574      Dobs=   1.29999995    

 ========================
  
  
   Nucleus    a_exp     a_sys.   int. nor.  ext. nor. a_final
 30-Zn- 65   6.07120   5.39702   1.12492   1.00000   6.07120
  SHC=   1.26900005      U=   7.60583305    
  DELTA=   1.48841679      Dobs=   2.29999995    

 ========================
  
  
   Nucleus    a_exp     a_sys.   int. nor.  ext. nor. a_final
 30-Zn- 67   6.05710   6.13096   0.98795   1.00000   6.05710
  SHC=   2.43400002      U=   6.46541548    
  DELTA=   1.46603334      Dobs=   4.61999989    

 ========================
  
  
   Nucleus    a_exp     a_sys.   int. nor.  ext. nor. a_final
 30-Zn- 68   6.07960   6.13369   0.99118   1.00000   6.07960
  SHC=   2.47700000      U=   8.13988495    
  DELTA=   0.00000000      Dobs=  0.370000005    

 ========================
  
  
   Nucleus    a_exp     a_sys.   int. nor.  ext. nor. a_final
 30-Zn- 69   6.31410   6.68206   0.94493   1.00000   6.31410
  SHC=   3.10400009      U=   5.77078867    
  DELTA=   1.44463027      Dobs=   5.55999994    

 ========================
  
  
   Nucleus    a_exp     a_sys.   int. nor.  ext. nor. a_final
 30-Zn- 71   6.85580   7.20739   0.95122   1.00000   6.85580
  SHC=   3.62299991      U=   5.02580881    
  DELTA=   1.42413795      Dobs=   6.51999998    

 ========================
  
  
   Nucleus    a_exp     a_sys.   int. nor.  ext. nor. a_final
 31-Ga- 70   6.29110   6.18921   1.01646   1.00000   6.29110
  SHC=   2.83999991      U=   8.48783207    
  DELTA=   2.86854863      Dobs=  0.316000015    

 ========================
  
  
   Nucleus    a_exp     a_sys.   int. nor.  ext. nor. a_final
 31-Ga- 72   6.77570   6.87452   0.98563   1.00000   6.77570
  SHC=   3.78900003      U=   7.17490387    
  DELTA=   2.82842708      Dobs=  0.379999995    

 ========================
  
  
   Nucleus    a_exp     a_sys.   int. nor.  ext. nor. a_final
 32-Ge- 71   7.25570   7.08437   1.02418   1.00000   7.25570
  SHC=   3.77500010      U=   6.59308767    
  DELTA=   1.42413795      Dobs=   1.16999996    

 ========================
  
  
   Nucleus    a_exp     a_sys.   int. nor.  ext. nor. a_final
 32-Ge- 73   7.61640   7.55737   1.00781   1.00000   7.61640
  SHC=   4.18499994      U=   5.88206577    
  DELTA=   1.40449381      Dobs=   1.50000000    

 ========================
  
  
   Nucleus    a_exp     a_sys.   int. nor.  ext. nor. a_final
 32-Ge- 74   7.51610   7.14046   1.05261   1.00000   7.51610
  SHC=   3.57999992      U=   7.98386526    
  DELTA=   0.00000000      Dobs=   6.19999990E-02

 ========================
  
  
   Nucleus    a_exp     a_sys.   int. nor.  ext. nor. a_final
 32-Ge- 75   7.14760   7.52372   0.95001   1.00000   7.14760
  SHC=   3.69600010      U=   5.66281796    
  DELTA=   1.38564062      Dobs=   3.00000000    

 ========================
  
  
   Nucleus    a_exp     a_sys.   int. nor.  ext. nor. a_final
 32-Ge- 77   7.01840   7.26541   0.96600   1.00000   7.01840
  SHC=   2.80599999      U=   5.35013866    
  DELTA=   1.36752689      Dobs=   4.50000000    

 ========================
  
  
   Nucleus    a_exp     a_sys.   int. nor.  ext. nor. a_final
 33-As- 76   7.63280   7.63399   0.99984   1.00000   7.63280
  SHC=   4.04300022      U=   7.78286314    
  DELTA=   2.75298882      Dobs=   9.00000036E-02

 ========================
  
  
   Nucleus    a_exp     a_sys.   int. nor.  ext. nor. a_final
 34-Se- 75   8.10550   7.75464   1.04525   1.00000   8.10550
  SHC=   4.23600006      U=   7.07217979    
  DELTA=   1.38564062      Dobs=  0.340000004    

 ========================
  
  
   Nucleus    a_exp     a_sys.   int. nor.  ext. nor. a_final
 34-Se- 77   7.95950   7.97968   0.99747   1.00000   7.95950
  SHC=   4.15000010      U=   6.46169996    
  DELTA=   1.36752689      Dobs=  0.649999976    

 ========================
  
  
   Nucleus    a_exp     a_sys.   int. nor.  ext. nor. a_final
 34-Se- 78   7.71430   7.56729   1.01943   1.00000   7.71430
  SHC=   3.50799990      U=   8.27117538    
  DELTA=   0.00000000      Dobs=  0.119999997    

 ========================
  
  
   Nucleus    a_exp     a_sys.   int. nor.  ext. nor. a_final
 34-Se- 79   7.51630   7.87552   0.95439   1.00000   7.51630
  SHC=   3.50799990      U=   6.08790922    
  DELTA=   1.35010552      Dobs=   1.50000000    

 ========================
  
  
   Nucleus    a_exp     a_sys.   int. nor.  ext. nor. a_final
 34-Se- 81   7.08060   7.32238   0.96698   1.00000   7.08060
  SHC=   2.15100002      U=   6.02154827    
  DELTA=   1.33333337      Dobs=   2.40000010    

 ========================
  
  
   Nucleus    a_exp     a_sys.   int. nor.  ext. nor. a_final
 34-Se- 83   6.88580   6.78589   1.01472   1.00000   6.88580
  SHC=  0.853999972      U=   5.33368635    
  DELTA=   1.31717110      Dobs=   5.00000000    

 ========================
  
  
   Nucleus    a_exp     a_sys.   int. nor.  ext. nor. a_final
 35-Br- 80   7.95340   7.92029   1.00418   1.00000   7.95340
  SHC=   3.69300008      U=   8.30236435    
  DELTA=   2.68328166      Dobs=   4.69999984E-02

 ========================
  
  
   Nucleus    a_exp     a_sys.   int. nor.  ext. nor. a_final
 35-Br- 82   7.37650   7.41379   0.99497   1.00000   7.37650
  SHC=   2.27900004      U=   8.19153404    
  DELTA=   2.65035653      Dobs=  0.100000001    

 ========================
  
  
   Nucleus    a_exp     a_sys.   int. nor.  ext. nor. a_final
 36-Kr- 79   8.18000   7.46013   1.09650   1.00000   8.18000
  SHC=   4.06199980      U=   7.52222729    
  DELTA=   1.35010552      Dobs=  0.250000000    

 ========================
  
  
   Nucleus    a_exp     a_sys.   int. nor.  ext. nor. a_final
 36-Kr- 81   8.51150   7.48778   1.13672   1.00000   8.51150
  SHC=   3.65700006      U=   7.10518408    
  DELTA=   1.33333337      Dobs=  0.280000001    

 ========================
  
  
   Nucleus    a_exp     a_sys.   int. nor.  ext. nor. a_final
 36-Kr- 84   6.21810   6.56746   0.94681   1.00000   6.21810
  SHC=   1.39999998      U=   8.75621414    
  DELTA=   0.00000000      Dobs=  0.200000003    

 ========================
  
  
   Nucleus    a_exp     a_sys.   int. nor.  ext. nor. a_final
 36-Kr- 85   6.19250   6.42439   0.96390   1.00000   6.19250
  SHC=  0.828999996      U=   6.74658203    
  DELTA=   1.30158269      Dobs=   4.00000000    

 ========================
  
  
   Nucleus    a_exp     a_sys.   int. nor.  ext. nor. a_final
 36-Kr- 87   5.23130   6.08000   0.86041   1.00000   5.23130
  SHC= -0.105999999      U=   5.27396488    
  DELTA=   1.28653502      Dobs=   29.0000000    

 ========================
  
  
   Nucleus    a_exp     a_sys.   int. nor.  ext. nor. a_final
 37-Rb- 86   6.13070   5.96900   1.02709   1.00000   6.13070
  SHC=  0.160999998      U=   9.71143723    
  DELTA=   2.58798647      Dobs=  0.172000006    

 ========================
  
  
   Nucleus    a_exp     a_sys.   int. nor.  ext. nor. a_final
 37-Rb- 88   5.68260   5.84076   0.97292   1.00000   5.68260
  SHC= -0.391999990      U=   7.20068693    
  DELTA=   2.55840850      Dobs=   1.63000000    

 ========================
  
  
   Nucleus    a_exp     a_sys.   int. nor.  ext. nor. a_final
 38-Sr- 85   7.72120   6.87574   1.12296   1.00000   7.72120
  SHC=   2.20300007      U=   7.99298763    
  DELTA=   1.30158269      Dobs=  0.319999993    

 ========================
  
  
   Nucleus    a_exp     a_sys.   int. nor.  ext. nor. a_final
 38-Sr- 87   5.94230   6.06911   0.97911   1.00000   5.94230
  SHC=  0.181999996      U=   8.17697525    
  DELTA=   1.28653502      Dobs=   2.59999990    

 ========================
  
  
   Nucleus    a_exp     a_sys.   int. nor.  ext. nor. a_final
 38-Sr- 88   5.52430   5.45305   1.01307   1.00000   5.52430
  SHC=  -1.36899996      U=   9.82690907    
  DELTA=   0.00000000      Dobs=  0.289999992    

 ========================
  
  
   Nucleus    a_exp     a_sys.   int. nor.  ext. nor. a_final
 38-Sr- 89   5.00560   5.65553   0.88508   1.00000   5.00560
  SHC= -0.874000013      U=   6.26447630    
  DELTA=   1.27199745      Dobs=   23.7000008    

 ========================
  
  
   Nucleus    a_exp     a_sys.   int. nor.  ext. nor. a_final
 39-Y - 90   5.25190   5.25712   0.99901   1.00000   5.25190
  SHC=  -1.16299999      U=   8.15486431    
  DELTA=   2.52982211      Dobs=   3.70000005    

 ========================
  
  
   Nucleus    a_exp     a_sys.   int. nor.  ext. nor. a_final
 40-Zr- 91   5.72950   5.42355   1.05641   1.00000   5.72950
  SHC=  -1.04600000      U=   7.18384409    
  DELTA=   1.25794184      Dobs=   6.00000000    

 ========================

   Nucleus                   final  norm.

 41-Nb- 92                       0.95770
 41-Nb- 91                       0.95770
 41-Nb- 90                       0.95770
 41-Nb- 89                       0.95770
 41-Nb- 88                       0.95770
 41-Nb- 87                       0.95770
 41-Nb- 86                       0.95770
 41-Nb- 85                       0.95770
 41-Nb- 84                       0.95770
 40-Zr- 91                       1.05641
 40-Zr- 90                       0.87170
 40-Zr- 89                       0.87170
 40-Zr- 88                       0.87170
 40-Zr- 87                       0.87170
 40-Zr- 86                       0.87170
 40-Zr- 85                       0.87170
 40-Zr- 84                       0.87170
 40-Zr- 83                       0.87170
 39-Y - 90                       0.99901
 39-Y - 89                       0.85910
 39-Y - 88                       0.85910
 39-Y - 87                       0.85910
 39-Y - 86                       0.85910
 39-Y - 85                       0.85910
 39-Y - 84                       0.85910
 39-Y - 83                       0.85910
 39-Y - 82                       0.85910
 38-Sr- 89                       0.88508
 38-Sr- 88                       1.01307
 38-Sr- 87                       0.97911
 38-Sr- 86                       0.91920
 38-Sr- 85                       1.12296
 38-Sr- 84                       0.91920
 38-Sr- 83                       0.91920
 38-Sr- 82                       0.91920
 38-Sr- 81                       0.91920
 37-Rb- 88                       0.97292
 37-Rb- 87                       0.91690
 37-Rb- 86                       1.02709
 37-Rb- 85                       0.91690
 37-Rb- 84                       0.91690
 37-Rb- 83                       0.91690
 37-Rb- 82                       0.91690
 37-Rb- 81                       0.91690
 37-Rb- 80                       0.91690
 39-Y - 81                       0.85910
 39-Y - 80                       0.85910
 38-Sr- 80                       0.91920
 38-Sr- 79                       0.91920
 37-Rb- 79                       0.91690
 37-Rb- 78                       0.91690
 36-Kr- 85                       0.96390
 36-Kr- 84                       0.94681
 36-Kr- 83                       0.94330
 36-Kr- 82                       0.94330
 36-Kr- 81                       1.13672
 36-Kr- 80                       0.94330
 36-Kr- 79                       1.09650
 36-Kr- 78                       0.94330
 36-Kr- 77                       0.94330
 35-Br- 84                       1.02270
 35-Br- 83                       1.02270
 35-Br- 82                       0.99497
 35-Br- 81                       1.02270
 35-Br- 80                       1.00418
 35-Br- 79                       1.02270
 35-Br- 78                       1.02270
 35-Br- 77                       1.02270
 35-Br- 76                       1.02270
 37-Rb- 77                       0.91690
 37-Rb- 76                       0.91690
 36-Kr- 76                       0.94330
 36-Kr- 75                       0.94330
 35-Br- 75                       1.02270
 35-Br- 74                       1.02270
 34-Se- 81                       0.96698
 34-Se- 80                       1.01230
 34-Se- 79                       0.95439
 34-Se- 78                       1.01943
 34-Se- 77                       0.99747
 34-Se- 76                       1.01230
 34-Se- 75                       1.04525
 34-Se- 74                       1.01230
 34-Se- 73                       1.01230
 33-As- 80                       1.00630
 33-As- 79                       1.00630
 33-As- 78                       1.00630
 33-As- 77                       1.00630
 33-As- 76                       0.99984
 33-As- 75                       1.00630
 33-As- 74                       1.00630
 33-As- 73                       1.00630
 33-As- 72                       1.00630
 35-Br- 73                       1.02270
 35-Br- 72                       1.02270
 34-Se- 72                       1.01230
 34-Se- 71                       1.01230
 33-As- 71                       1.00630
 33-As- 70                       1.00630
 32-Ge- 77                       0.96600
 32-Ge- 76                       0.99660
 32-Ge- 75                       0.95001
 32-Ge- 74                       1.05261
 32-Ge- 73                       1.00781
 32-Ge- 72                       0.99660
 32-Ge- 71                       1.02418
 32-Ge- 70                       0.99660
 32-Ge- 69                       0.99660
 31-Ga- 76                       0.96140
 31-Ga- 75                       0.96140
 31-Ga- 74                       0.96140
 31-Ga- 73                       0.96140
 31-Ga- 72                       0.98563
 31-Ga- 71                       0.96140
 31-Ga- 70                       1.01646
 31-Ga- 69                       0.96140
 31-Ga- 68                       0.96140
 40-Zr- 82                       0.87170
 36-Kr- 86                       0.94330
 38-Sr- 78                       0.91920
 34-Se- 82                       1.01230
 36-Kr- 74                       0.94330
 32-Ge- 78                       0.99660
 34-Se- 70                       1.01230
 33-As- 69                       1.00630
 32-Ge- 68                       0.99660
 31-Ga- 67                       0.96140
 30-Zn- 74                       1.00060
 30-Zn- 73                       1.00060
 30-Zn- 72                       1.00060
 30-Zn- 71                       0.95122
 30-Zn- 70                       1.00060
 30-Zn- 69                       0.94493
 30-Zn- 68                       0.99118
 30-Zn- 67                       0.98795
 30-Zn- 66                       1.00060
 33-As- 68                       1.00630
 32-Ge- 67                       0.99660
 31-Ga- 66                       0.96140
 30-Zn- 65                       1.12492
 29-Cu- 72                       1.03130
 29-Cu- 71                       1.03130
 29-Cu- 70                       1.03130
 29-Cu- 69                       1.03130
 29-Cu- 68                       1.03130
 29-Cu- 67                       1.03130
 29-Cu- 66                       0.93694
 29-Cu- 65                       1.03130
 29-Cu- 64                       1.06264
 32-Ge- 66                       0.99660
 31-Ga- 65                       0.96140
 30-Zn- 64                       1.00060
 29-Cu- 63                       1.03130
 28-Ni- 70                       1.03500
 28-Ni- 69                       1.03500
 28-Ni- 68                       1.03500
 28-Ni- 67                       1.03500
 28-Ni- 66                       1.03500
 28-Ni- 65                       0.86640
 28-Ni- 64                       1.03500
 28-Ni- 63                       0.96010
 28-Ni- 62                       0.98313
 40-Zr- 81                       0.87170
 38-Sr- 77                       0.91920
 36-Kr- 73                       0.94330
 34-Se- 69                       1.01230
 39-Y - 79                       0.85910
 37-Rb- 75                       0.91690
 35-Br- 71                       1.02270
 33-As- 67                       1.00630
 32-Ge- 65                       0.99660
 31-Ga- 64                       0.96140
 30-Zn- 63                       1.00060
 29-Cu- 62                       1.03130
 28-Ni- 61                       1.03417
 31-Ga- 63                       0.96140
 30-Zn- 62                       1.00060
 29-Cu- 61                       1.03130
 28-Ni- 60                       1.05308
 27-Co- 67                       1.04380
 27-Co- 66                       1.04380
 27-Co- 65                       1.04380
 27-Co- 64                       1.04380
 27-Co- 63                       1.04380
 27-Co- 62                       1.04380
 27-Co- 61                       1.04380
 27-Co- 60                       0.99997
 27-Co- 59                       1.04380
 39-Y - 78                       0.85910
 37-Rb- 74                       0.91690
 35-Br- 70                       1.02270
 33-As- 66                       1.00630
 38-Sr- 76                       0.91920
 36-Kr- 72                       0.94330
 34-Se- 68                       1.01230
 32-Ge- 64                       0.99660
 31-Ga- 62                       0.96140
 30-Zn- 61                       1.00060
 29-Cu- 60                       1.03130
 28-Ni- 59                       1.10362
 27-Co- 58                       1.04380
 30-Zn- 60                       1.00060
 29-Cu- 59                       1.03130
 28-Ni- 58                       1.03500
 27-Co- 57                       1.04380
 26-Fe- 64                       1.04700
 26-Fe- 63                       1.04700
 26-Fe- 62                       1.04700
 26-Fe- 61                       1.04700
 26-Fe- 60                       1.04700
 26-Fe- 59                       0.97623
 26-Fe- 58                       0.97372
 26-Fe- 57                       1.00873
 26-Fe- 56                       1.04700
 35-Br- 85                       1.02270
 33-As- 81                       1.00630
 31-Ga- 77                       0.96140
 29-Cu- 73                       1.03130
 34-Se- 83                       1.01472
 32-Ge- 79                       0.99660
 30-Zn- 75                       1.00060
 28-Ni- 71                       1.03500
 27-Co- 69                       1.04380
 27-Co- 68                       1.04380
 26-Fe- 67                       1.04700
 26-Fe- 66                       1.04700
 26-Fe- 65                       1.04700
 25-Mn- 64                       1.06520
 25-Mn- 63                       1.06520
 25-Mn- 62                       1.06520
 25-Mn- 61                       1.06520
 25-Mn- 60                       1.06520
 25-Mn- 59                       1.06520
 25-Mn- 58                       1.06520
 25-Mn- 57                       1.06520
 25-Mn- 56                       0.99990
 25-Mn- 55                       1.06520
 28-Ni- 57                       1.03500
 27-Co- 56                       1.04380
 26-Fe- 55                       1.04187
 25-Mn- 54                       1.06520
 24-Cr- 61                       1.02310
 24-Cr- 60                       1.02310
 24-Cr- 59                       1.02310
 24-Cr- 58                       1.02310
 24-Cr- 57                       1.02310
 24-Cr- 56                       1.02310
 24-Cr- 55                       0.93532
 24-Cr- 54                       0.98031
 24-Cr- 53                       1.00667
 33-As- 82                       1.00630
 31-Ga- 78                       0.96140
 29-Cu- 74                       1.03130
 27-Co- 70                       1.04380
 32-Ge- 80                       0.99660
 30-Zn- 76                       1.00060
 28-Ni- 72                       1.03500
 26-Fe- 68                       1.04700
 25-Mn- 66                       1.06520
 25-Mn- 65                       1.06520
 24-Cr- 64                       1.02310
 24-Cr- 63                       1.02310
 24-Cr- 62                       1.02310
 23-V - 61                       1.01490
 23-V - 60                       1.01490
 23-V - 59                       1.01490
 23-V - 58                       1.01490
 23-V - 57                       1.01490
 23-V - 56                       1.01490
 23-V - 55                       1.01490
 23-V - 54                       1.01490
 23-V - 53                       1.01490
 23-V - 52                       0.99497
 26-Fe- 54                       1.04700
 25-Mn- 53                       1.06520
 24-Cr- 52                       1.02310
 23-V - 51                       1.00491
 22-Ti- 58                       1.05530
 22-Ti- 57                       1.05530
 22-Ti- 56                       1.05530
 22-Ti- 55                       1.05530
 22-Ti- 54                       1.05530
 22-Ti- 53                       1.05530
 22-Ti- 52                       1.05530
 22-Ti- 51                       1.12355
 22-Ti- 50                       0.95943
 41-Nb- 83                       0.95770
 36-Kr- 87                       0.86041
 40-Zr- 80                       0.87170
 39-Y - 77                       0.85910
 38-Sr- 75                       0.91920
 37-Rb- 73                       0.91690
 36-Kr- 71                       0.94330
 35-Br- 69                       1.02270
 34-Se- 67                       1.01230
 33-As- 65                       1.00630
 32-Ge- 63                       0.99660
 31-Ga- 61                       0.96140
 29-Cu- 58                       1.03130
 30-Zn- 59                       1.00060
 28-Ni- 56                       1.03500
 29-Cu- 57                       1.03130
 27-Co- 55                       1.04380
 34-Se- 84                       1.01230
 26-Fe- 53                       1.04700
 27-Co- 54                       1.04380
 25-Mn- 52                       1.06520
 24-Cr- 51                       1.07722
 23-V - 50                       1.01490
 22-Ti- 49                       0.99527
 32-Ge- 81                       0.99660
 31-Ga- 79                       0.96140
 30-Zn- 77                       1.00060
 29-Cu- 75                       1.03130
 28-Ni- 73                       1.03500
 27-Co- 71                       1.04380
 26-Fe- 69                       1.04700
 25-Mn- 67                       1.06520
 24-Cr- 65                       1.02310
 23-V - 62                       1.01490
 23-V - 63                       1.01490
 22-Ti- 60                       1.05530
 22-Ti- 61                       1.05530
 22-Ti- 59                       1.05530
 21-Sc- 57                       1.05680
 21-Sc- 58                       1.05680
 21-Sc- 56                       1.05680
 21-Sc- 55                       1.05680
 21-Sc- 54                       1.05680
 21-Sc- 53                       1.05680
 21-Sc- 52                       1.05680
 21-Sc- 51                       1.05680
 21-Sc- 50                       1.05680
 21-Sc- 49                       1.05680
 21-Sc- 48                       1.05680
 24-Cr- 50                       1.02310
 25-Mn- 51                       1.06520
 23-V - 49                       1.01490
 22-Ti- 48                       1.01138
 21-Sc- 47                       1.05680
 20-Ca- 54                       1.05930
 20-Ca- 55                       1.05930
 20-Ca- 53                       1.05930
 20-Ca- 52                       1.05930
 20-Ca- 51                       1.05930
 20-Ca- 50                       1.05930
 20-Ca- 49                       1.05930
 20-Ca- 48                       1.05930
 20-Ca- 47                       1.05930
 20-Ca- 46                       1.05930

  *****************************************************
  *  Table of Reaction Q-values (Mass inc - Mass out) *
  *     for the first emitted particle from the CN    *
  *                                                   *
  *                    Q(at.mass)  Q(nucl.mass)       *
  *                      [MeV]        [MeV]           *
  *                   --------------------------      *
  *          neutron :   2.9339       2.9344          *
  *          proton  :   4.9698       4.9698          *
  *          alpha   :   6.2405       6.2399          *
  *          deuteron:   0.0000       0.0000          *
  *          triton  :  -5.7131      -5.7131          *
  *          He-3    :  -2.8609      -2.8615          *
  *                                                   *
  *****************************************************

  
 -----------------
 Reaction d +  90Zr
 Projectile energy    20.000 MeV (LAB)
 Compound nucleus energy    30.379 MeV
 Projectile separation energy  10.817 MeV
 Number of requested energy points =  80   NDEX = 101
  WARNING: NDEX in dimension.h is  101  recommended value is  160
 Energy step in calculations  384.5 keV
  
  Fitting l.d. to discrete levels
          40  levels at    1.8320000000000001       MeV

 *****   A=          92  Z=          41  Bn=   7.88243008      LDshif=   0.00000000    
Ucrt =   4.2956     Ecrt=  2.7247     Econd =   1.3789     DEL =   2.5022    
It #   1    -0.93129     Final shift = -0.93129    


 *****   A=          92  Z=          41  Bn=   7.88243008      LDshif=   0.00000000    
Ucrt =   4.2956     Ecrt=  2.8330     Econd =   1.3789     DEL =   2.5022    
It #   2    -0.10827     Final shift =  -1.0396    


 *****   A=          92  Z=          41  Bn=   7.88243008      LDshif=   0.00000000    
Ucrt =   4.2956     Ecrt=  2.8376     Econd =   1.3789     DEL =   2.5022    
It #   3    -0.46265E-02 Final shift =  -1.0442    

  WARNING:
  WARNING: Element = 88Nb  Z= 41
  WARNING: excited state No.   3 has neither parity nor spin 
  WARNING: assuming spin and parity  0.0  1
  WARNING:
  WARNING: Element = 88Nb  Z= 41
  WARNING: excited state No.   4 has neither parity nor spin 
  WARNING: assuming spin and parity  0.0  1
  WARNING:
  WARNING: Element = 86Nb  Z= 41
  WARNING: excited state No.   3 has neither parity nor spin 
  WARNING: assuming spin and parity  0.0  1
  WARNING:
  WARNING: Element = 84Zr  Z= 40
  WARNING: excited state No.   8 has neither parity nor spin 
  WARNING: assuming spin and parity  0.0  1
  WARNING:
  WARNING: Element = 82Zr  Z= 40
  WARNING: excited state No.   4 has neither parity nor spin 
  WARNING: assuming spin and parity  0.0  1
  WARNING:
  WARNING: Element = 82Zr  Z= 40
  WARNING: excited state No.   7 has neither parity nor spin 
  WARNING: assuming spin and parity  0.0  1
  WARNING:
  WARNING: Element = 78Sr  Z= 38
  WARNING: excited state No.   4 has neither parity nor spin 
  WARNING: assuming spin and parity  0.0  1
  WARNING:
  WARNING: Element = 78Sr  Z= 38
  WARNING: excited state No.   6 has neither parity nor spin 
  WARNING: assuming spin and parity  0.0  1
  WARNING:
  WARNING: Element = 78Sr  Z= 38
  WARNING: excited state No.   7 has neither parity nor spin 
  WARNING: assuming spin and parity  0.0  1
  WARNING:
  WARNING: Element = 80As  Z= 33
  WARNING: excited state No.   2 has neither parity nor spin 
  WARNING: assuming spin and parity  0.0  1
  WARNING:
  WARNING: Element = 80As  Z= 33
  WARNING: excited state No.   6 has neither parity nor spin 
  WARNING: assuming spin and parity  0.0  1
  WARNING:
  WARNING: Element = 80As  Z= 33
  WARNING: excited state No.   7 has neither parity nor spin 
  WARNING: assuming spin and parity  0.0  1
  WARNING:
  WARNING: Element = 80As  Z= 33
  WARNING: excited state No.   8 has neither parity nor spin 
  WARNING: assuming spin and parity  0.0  1
  WARNING:
  WARNING: Element = 80As  Z= 33
  WARNING: excited state No.  10 has neither parity nor spin 
  WARNING: assuming spin and parity  0.0  1
  WARNING:
  WARNING: Element = 80As  Z= 33
  WARNING: excited state No.  11 has neither parity nor spin 
  WARNING: assuming spin and parity  0.0  1
  WARNING:
  WARNING: Element = 80As  Z= 33
  WARNING: excited state No.  13 has neither parity nor spin 
  WARNING: assuming spin and parity  0.0  1
  WARNING:
  WARNING: Element = 80As  Z= 33
  WARNING: excited state No.  14 has neither parity nor spin 
  WARNING: assuming spin and parity  0.0  1
  WARNING:
  WARNING: Element = 74Kr  Z= 36
  WARNING: excited state No.   5 has neither parity nor spin 
  WARNING: assuming spin and parity  0.0  1
  WARNING:
  WARNING: Element = 71Se  Z= 34
  WARNING: excited state No.   3 has neither parity nor spin 
  WARNING: assuming spin and parity  0.5  1
  WARNING:
  WARNING: Element = 71Se  Z= 34
  WARNING: excited state No.   6 has neither parity nor spin 
  WARNING: assuming spin and parity  0.5  1
  WARNING:
  WARNING: Element = 71Se  Z= 34
  WARNING: excited state No.   7 has neither parity nor spin 
  WARNING: assuming spin and parity  0.5  1
  WARNING:
  WARNING: Element = 71Se  Z= 34
  WARNING: excited state No.   8 has neither parity nor spin 
  WARNING: assuming spin and parity  0.5  1
  WARNING:
  WARNING: Element = 76Ga  Z= 31
  WARNING: excited state No.   2 has neither parity nor spin 
  WARNING: assuming spin and parity  0.0  1
  WARNING:
  WARNING: Element = 69Se  Z= 34
  WARNING: excited state No.   3 has neither parity nor spin 
  WARNING: assuming spin and parity  0.5  1
  WARNING:
  WARNING: Element = 69Se  Z= 34
  WARNING: excited state No.   5 has neither parity nor spin 
  WARNING: assuming spin and parity  0.5  1
  WARNING:
  WARNING: Element = 69Se  Z= 34
  WARNING: excited state No.   6 has neither parity nor spin 
  WARNING: assuming spin and parity  0.5  1
  WARNING:
  WARNING: Element = 69Se  Z= 34
  WARNING: excited state No.   7 has neither parity nor spin 
  WARNING: assuming spin and parity  0.5  1
  WARNING:
  WARNING: Element = 69Se  Z= 34
  WARNING: excited state No.   8 has neither parity nor spin 
  WARNING: assuming spin and parity  0.5  1
  WARNING:
  WARNING: Element = 74Zn  Z= 30
  WARNING: excited state No.   3 has neither parity nor spin 
  WARNING: assuming spin and parity  0.0  1
  WARNING:
  WARNING: Element = 74Zn  Z= 30
  WARNING: excited state No.   5 has neither parity nor spin 
  WARNING: assuming spin and parity  0.0  1
  WARNING:
  WARNING: Element = 74Zn  Z= 30
  WARNING: excited state No.   6 has neither parity nor spin 
  WARNING: assuming spin and parity  0.0  1
  WARNING:
  WARNING: Element = 74Zn  Z= 30
  WARNING: excited state No.   7 has neither parity nor spin 
  WARNING: assuming spin and parity  0.0  1
  WARNING:
  WARNING: Element = 74Zn  Z= 30
  WARNING: excited state No.   8 has neither parity nor spin 
  WARNING: assuming spin and parity  0.0  1
  WARNING:
  WARNING: Element = 72Zn  Z= 30
  WARNING: excited state No.   5 has neither parity nor spin 
  WARNING: assuming spin and parity  0.0  1
  WARNING:
  WARNING: Element = 72Zn  Z= 30
  WARNING: excited state No.   7 has neither parity nor spin 
  WARNING: assuming spin and parity  0.0  1
  WARNING:
  WARNING: Element = 72Zn  Z= 30
  WARNING: excited state No.   8 has neither parity nor spin 
  WARNING: assuming spin and parity  0.0  1
  WARNING:
  WARNING: Element = 72Zn  Z= 30
  WARNING: excited state No.   9 has neither parity nor spin 
  WARNING: assuming spin and parity  0.0  1
  WARNING:
  WARNING: Element = 75Zn  Z= 30
  WARNING: excited state No.   3 has neither parity nor spin 
  WARNING: assuming spin and parity  0.5  1
  WARNING:
  WARNING: Element = 75Zn  Z= 30
  WARNING: excited state No.   4 has neither parity nor spin 
  WARNING: assuming spin and parity  0.5  1
  WARNING:
  WARNING: Element = 75Zn  Z= 30
  WARNING: excited state No.   5 has neither parity nor spin 
  WARNING: assuming spin and parity  0.5  1
  WARNING:
  WARNING: Element = 75Zn  Z= 30
  WARNING: excited state No.   6 has neither parity nor spin 
  WARNING: assuming spin and parity  0.5  1
  WARNING:
  WARNING: Element = 75Zn  Z= 30
  WARNING: excited state No.   8 has neither parity nor spin 
  WARNING: assuming spin and parity  0.5  1
  WARNING:
  WARNING: Element = 68Cu  Z= 29
  WARNING: excited state No.   6 has neither parity nor spin 
  WARNING: assuming spin and parity  0.0  1
  WARNING:
  WARNING: Element = 68Cu  Z= 29
  WARNING: excited state No.   8 has neither parity nor spin 
  WARNING: assuming spin and parity  0.0  1
  WARNING:
  WARNING: Element = 66Ge  Z= 32
  WARNING: excited state No.   9 has neither parity nor spin 
  WARNING: assuming spin and parity  0.0  1
  WARNING:
  WARNING: Element = 68Ni  Z= 28
  WARNING: excited state No.   7 has neither parity nor spin 
  WARNING: assuming spin and parity  0.0  1
  WARNING:
  WARNING: Element = 65Ge  Z= 32
  WARNING: excited state No.   6 has neither parity nor spin 
  WARNING: assuming spin and parity  0.5  1
  WARNING:
  WARNING: Element = 64Co  Z= 27
  WARNING: excited state No.   2 has neither parity nor spin 
  WARNING: assuming spin and parity  0.0  1
  WARNING:
  WARNING: Element = 64Co  Z= 27
  WARNING: excited state No.   3 has neither parity nor spin 
  WARNING: assuming spin and parity  0.0  1
  WARNING:
  WARNING: Element = 64Co  Z= 27
  WARNING: excited state No.   4 has neither parity nor spin 
  WARNING: assuming spin and parity  0.0  1
  WARNING:
  WARNING: Element = 64Co  Z= 27
  WARNING: excited state No.   9 has neither parity nor spin 
  WARNING: assuming spin and parity  0.0  1
  WARNING:
  WARNING: Element = 64Co  Z= 27
  WARNING: excited state No.  11 has neither parity nor spin 
  WARNING: assuming spin and parity  0.0  1
  WARNING:
  WARNING: Element = 64Co  Z= 27
  WARNING: excited state No.  12 has neither parity nor spin 
  WARNING: assuming spin and parity  0.0  1
  WARNING:
  WARNING: Element = 64Co  Z= 27
  WARNING: excited state No.  13 has neither parity nor spin 
  WARNING: assuming spin and parity  0.0  1
  WARNING:
  WARNING: Element = 64Co  Z= 27
  WARNING: excited state No.  14 has neither parity nor spin 
  WARNING: assuming spin and parity  0.0  1
  WARNING:
  WARNING: Element = 68Se  Z= 34
  WARNING: excited state No.   6 has neither parity nor spin 
  WARNING: assuming spin and parity  0.0  1
  WARNING:
  WARNING: Element = 56Ni  Z= 28
  WARNING: excited state No.   5 has neither parity nor spin 
  WARNING: assuming spin and parity  0.0  1
  WARNING:
  WARNING: Element = 57Cr  Z= 24
  WARNING: excited state No.   7 has neither parity nor spin 
  WARNING: assuming spin and parity  0.5  1
  WARNING:
  WARNING: Element = 80Ge  Z= 32
  WARNING: excited state No.   5 has neither parity nor spin 
  WARNING: assuming spin and parity  0.0  1
  WARNING:
  WARNING: Element = 80Ge  Z= 32
  WARNING: excited state No.   6 has neither parity nor spin 
  WARNING: assuming spin and parity  0.0  1
  WARNING:
  WARNING: Element = 80Ge  Z= 32
  WARNING: excited state No.   7 has neither parity nor spin 
  WARNING: assuming spin and parity  0.0  1
  WARNING:
  WARNING: Element = 80Ge  Z= 32
  WARNING: excited state No.   9 has neither parity nor spin 
  WARNING: assuming spin and parity  0.0  1
  WARNING:
  WARNING: Element = 54V   Z= 23
  WARNING: excited state No.   3 has neither parity nor spin 
  WARNING: assuming spin and parity  0.0  1
  WARNING:
  WARNING: Element = 54V   Z= 23
  WARNING: excited state No.   5 has neither parity nor spin 
  WARNING: assuming spin and parity  0.0  1
  WARNING:
  WARNING: Element = 54V   Z= 23
  WARNING: excited state No.   6 has neither parity nor spin 
  WARNING: assuming spin and parity  0.0  1
  WARNING:
  WARNING: Element = 54V   Z= 23
  WARNING: excited state No.   7 has neither parity nor spin 
  WARNING: assuming spin and parity  0.0  1
  WARNING:
  WARNING: Element = 54V   Z= 23
  WARNING: excited state No.   8 has neither parity nor spin 
  WARNING: assuming spin and parity  0.0  1
  WARNING:
  WARNING: Element = 54V   Z= 23
  WARNING: excited state No.   9 has neither parity nor spin 
  WARNING: assuming spin and parity  0.0  1
  WARNING:
  WARNING: Element = 54V   Z= 23
  WARNING: excited state No.  10 has neither parity nor spin 
  WARNING: assuming spin and parity  0.0  1
  WARNING:
  WARNING: Element = 54V   Z= 23
  WARNING: excited state No.  11 has neither parity nor spin 
  WARNING: assuming spin and parity  0.0  1
  WARNING:
  WARNING: Element = 54V   Z= 23
  WARNING: excited state No.  12 has neither parity nor spin 
  WARNING: assuming spin and parity  0.0  1
  WARNING:
  WARNING: Element = 54V   Z= 23
  WARNING: excited state No.  14 has neither parity nor spin 
  WARNING: assuming spin and parity  0.0  1
  WARNING:
  WARNING: Element = 54V   Z= 23
  WARNING: excited state No.  15 has neither parity nor spin 
  WARNING: assuming spin and parity  0.0  1
  WARNING:
  WARNING: Element = 54V   Z= 23
  WARNING: excited state No.  16 has neither parity nor spin 
  WARNING: assuming spin and parity  0.0  1
  WARNING:
  WARNING: Element = 50Sc  Z= 21
  WARNING: excited state No.   2 has neither parity nor spin 
  WARNING: assuming spin and parity  0.0  1
  WARNING:
  WARNING: Element = 50Sc  Z= 21
  WARNING: excited state No.   6 has neither parity nor spin 
  WARNING: assuming spin and parity  0.0  1
  
  Fitting l.d. to discrete levels
          29  levels at    2.6602500000000000       MeV

 *****   A=          91  Z=          41  Bn=   12.0524302      LDshif=   0.00000000    
Ucrt =   4.0513     Ecrt=  3.5968     Econd =   1.3005     DEL =   1.2579    
It #   1    -0.80344     Final shift = -0.80344    


 *****   A=          91  Z=          41  Bn=   12.0524302      LDshif=   0.00000000    
Ucrt =   4.0513     Ecrt=  3.6103     Econd =   1.3005     DEL =   1.2579    
It #   2    -0.13505E-01 Final shift = -0.81694    


 *****   A=          91  Z=          41  Bn=   12.0524302      LDshif=   0.00000000    
Ucrt =   4.0513     Ecrt=  3.6104     Econd =   1.3005     DEL =   1.2579    
It #   3    -0.10361E-03 Final shift = -0.81705    

  
  Fitting l.d. to discrete levels
          39  levels at    1.8802099999999999       MeV

 *****   A=          90  Z=          41  Bn=   10.1504297      LDshif=   0.00000000    
Ucrt =   4.5865     Ecrt=  3.0316     Econd =   1.4723     DEL =   2.5298    
It #   1    -0.97494     Final shift = -0.97494    


 *****   A=          90  Z=          41  Bn=   10.1504297      LDshif=   0.00000000    
Ucrt =   4.5865     Ecrt=  3.1417     Econd =   1.4723     DEL =   2.5298    
It #   2    -0.11001     Final shift =  -1.0850    


 *****   A=          90  Z=          41  Bn=   10.1504297      LDshif=   0.00000000    
Ucrt =   4.5865     Ecrt=  3.1459     Econd =   1.4723     DEL =   2.5298    
It #   3    -0.42829E-02 Final shift =  -1.0892    

  
  Fitting l.d. to discrete levels
          40  levels at    3.1469000000000000       MeV

 *****   A=          91  Z=          40  Bn=   7.19442987      LDshif=   0.00000000    
Ucrt =   4.1814     Ecrt=  4.0205     Econd =   1.3422     DEL =   1.2579    
It #   1     -1.0971     Final shift =  -1.0971    


 *****   A=          91  Z=          40  Bn=   7.19442987      LDshif=   0.00000000    
Ucrt =   4.1814     Ecrt=  4.0312     Econd =   1.3422     DEL =   1.2579    
It #   2    -0.10653E-01 Final shift =  -1.1077    


 *****   A=          91  Z=          40  Bn=   7.19442987      LDshif=   0.00000000    
Ucrt =   4.1814     Ecrt=  4.0313     Econd =   1.3422     DEL =   1.2579    
It #   3    -0.12216E-03 Final shift =  -1.1078    

  
  Fitting l.d. to discrete levels
          40  levels at    4.8280000000000003       MeV

 *****   A=          90  Z=          40  Bn=   11.9704304      LDshif=   0.00000000    
Ucrt =   3.6330     Ecrt=  5.1751     Econd =   1.1662     DEL =   0.0000    
It #   1     -1.5420     Final shift =  -1.5420    


 *****   A=          90  Z=          40  Bn=   11.9704304      LDshif=   0.00000000    
Ucrt =   3.6330     Ecrt=  5.1756     Econd =   1.1662     DEL =   0.0000    
It #   2    -0.53680E-03 Final shift =  -1.5426    

  
  Fitting l.d. to discrete levels
          40  levels at    2.8896000000000002       MeV

 *****   A=          89  Z=          40  Bn=   9.31643009      LDshif=   0.00000000    
Ucrt =   4.3237     Ecrt=  3.8583     Econd =   1.3879     DEL =   1.2720    
It #   1    -0.80661     Final shift = -0.80661    


 *****   A=          89  Z=          40  Bn=   9.31643009      LDshif=   0.00000000    
Ucrt =   4.3237     Ecrt=  3.8678     Econd =   1.3879     DEL =   1.2720    
It #   2    -0.94690E-02 Final shift = -0.81608    

  
  Fitting l.d. to discrete levels
          30  levels at    3.6377600000000001       MeV

 *****   A=          88  Z=          40  Bn=   12.3474302      LDshif=   0.00000000    
Ucrt =   4.6630     Ecrt=  5.1080     Econd =   1.4968     DEL =   0.0000    
It #   1    -0.44504     Final shift = -0.44504    


 *****   A=          88  Z=          40  Bn=   12.3474302      LDshif=   0.00000000    
Ucrt =   4.6630     Ecrt=  5.1081     Econd =   1.4968     DEL =   0.0000    
It #   2    -0.80561E-04 Final shift = -0.44512    

  
  Fitting l.d. to discrete levels
          40  levels at    2.6781000000000001       MeV

 *****   A=          90  Z=          39  Bn=   6.85742998      LDshif=   0.00000000    
Ucrt =   3.8340     Ecrt=  3.0738     Econd =   1.2307     DEL =   2.5298    
It #   1     -1.7696     Final shift =  -1.7696    


 *****   A=          90  Z=          39  Bn=   6.85742998      LDshif=   0.00000000    
Ucrt =   3.8340     Ecrt=  3.2084     Econd =   1.2307     DEL =   2.5298    
It #   2    -0.13457     Final shift =  -1.9042    


 *****   A=          90  Z=          39  Bn=   6.85742998      LDshif=   0.00000000    
Ucrt =   3.8340     Ecrt=  3.2097     Econd =   1.2307     DEL =   2.5298    
It #   3    -0.12984E-02 Final shift =  -1.9055    

  
  Fitting l.d. to discrete levels
          39  levels at    4.0599999999999996       MeV

 *****   A=          89  Z=          39  Bn=   11.4764299      LDshif=   0.00000000    
Ucrt =   3.5918     Ecrt=  4.3443     Econd =   1.1529     DEL =   1.2720    
It #   1     -2.0245     Final shift =  -2.0245    


 *****   A=          89  Z=          39  Bn=   11.4764299      LDshif=   0.00000000    
Ucrt =   3.5918     Ecrt=  4.3575     Econd =   1.1529     DEL =   1.2720    
It #   2    -0.13198E-01 Final shift =  -2.0377    


 *****   A=          89  Z=          39  Bn=   11.4764299      LDshif=   0.00000000    
Ucrt =   3.5918     Ecrt=  4.3579     Econd =   1.1529     DEL =   1.2720    
It #   3    -0.38489E-03 Final shift =  -2.0381    

  
  Fitting l.d. to discrete levels
          35  levels at    1.9710000000000001       MeV

 *****   A=          88  Z=          39  Bn=   9.35142994      LDshif=   0.00000000    
Ucrt =   4.2689     Ecrt=  2.8134     Econd =   1.3703     DEL =   2.5584    
It #   1     -1.1028     Final shift =  -1.1028    


 *****   A=          88  Z=          39  Bn=   9.35142994      LDshif=   0.00000000    
Ucrt =   4.2689     Ecrt=  2.9430     Econd =   1.3703     DEL =   2.5584    
It #   2    -0.12961     Final shift =  -1.2324    


 *****   A=          88  Z=          39  Bn=   9.35142994      LDshif=   0.00000000    
Ucrt =   4.2689     Ecrt=  2.9476     Econd =   1.3703     DEL =   2.5584    
It #   3    -0.46057E-02 Final shift =  -1.2371    

  
  Fitting l.d. to discrete levels
          40  levels at    2.2021500000000001       MeV

 *****   A=          87  Z=          39  Bn=   11.8064299      LDshif=   0.00000000    
Ucrt =   4.8457     Ecrt=  3.6413     Econd =   1.5554     DEL =   1.2865    
It #   1    -0.82220E-01 Final shift = -0.82220E-01


 *****   A=          87  Z=          39  Bn=   11.8064299      LDshif=   0.00000000    
Ucrt =   4.8457     Ecrt=  3.6430     Econd =   1.5554     DEL =   1.2865    
It #   2    -0.16725E-02 Final shift = -0.83893E-01

  
  Fitting l.d. to discrete levels
          25  levels at    1.4550000000000001       MeV

 *****   A=          86  Z=          39  Bn=   9.50543022      LDshif=   0.00000000    
Ucrt =   5.2753     Ecrt=  3.4154     Econd =   1.6934     DEL =   2.5880    
It #   1    -0.72801     Final shift = -0.72801    


 *****   A=          86  Z=          39  Bn=   9.50543022      LDshif=   0.00000000    
Ucrt =   5.2753     Ecrt=  3.5485     Econd =   1.6934     DEL =   2.5880    
It #   2    -0.13311     Final shift = -0.86112    


 *****   A=          86  Z=          39  Bn=   9.50543022      LDshif=   0.00000000    
Ucrt =   5.2753     Ecrt=  3.5600     Econd =   1.6934     DEL =   2.5880    
It #   3    -0.11526E-01 Final shift = -0.87265    


 *****   A=          86  Z=          39  Bn=   9.50543022      LDshif=   0.00000000    
Ucrt =   5.2753     Ecrt=  3.5609     Econd =   1.6934     DEL =   2.5880    
It #   4    -0.87811E-03 Final shift = -0.87352    

  
  Fitting l.d. to discrete levels
          40  levels at    3.7450000000000001       MeV

 *****   A=          89  Z=          38  Bn=   6.35842991      LDshif=   0.00000000    
Ucrt =   3.7602     Ecrt=  4.1698     Econd =   1.2070     DEL =   1.2720    
It #   1     -1.6816     Final shift =  -1.6816    


 *****   A=          89  Z=          38  Bn=   6.35842991      LDshif=   0.00000000    
Ucrt =   3.7602     Ecrt=  4.1824     Econd =   1.2070     DEL =   1.2720    
It #   2    -0.12593E-01 Final shift =  -1.6942    


 *****   A=          89  Z=          38  Bn=   6.35842991      LDshif=   0.00000000    
Ucrt =   3.7602     Ecrt=  4.1827     Econd =   1.2070     DEL =   1.2720    
It #   3    -0.31895E-03 Final shift =  -1.6945    

  
  Fitting l.d. to discrete levels
          40  levels at    4.8013000000000003       MeV

 *****   A=          88  Z=          38  Bn=   11.1134300      LDshif=   0.00000000    
Ucrt =   4.0573     Ecrt=  5.5068     Econd =   1.3024     DEL =   0.0000    
It #   1     -1.4495     Final shift =  -1.4495    


 *****   A=          88  Z=          38  Bn=   11.1134300      LDshif=   0.00000000    
Ucrt =   4.0573     Ecrt=  5.5074     Econd =   1.3024     DEL =   0.0000    
It #   2    -0.56989E-03 Final shift =  -1.4501    

  
  Fitting l.d. to discrete levels
          40  levels at    2.9800000000000000       MeV

 *****   A=          87  Z=          38  Bn=   8.42743015      LDshif=   0.00000000    
Ucrt =   4.6780     Ecrt=  4.2524     Econd =   1.5016     DEL =   1.2865    
It #   1    -0.86094     Final shift = -0.86094    


 *****   A=          87  Z=          38  Bn=   8.42743015      LDshif=   0.00000000    
Ucrt =   4.6780     Ecrt=  4.2615     Econd =   1.5016     DEL =   1.2865    
It #   2    -0.90985E-02 Final shift = -0.87003    

  
  Fitting l.d. to discrete levels
          37  levels at    3.8310599999999999       MeV

 *****   A=          86  Z=          38  Bn=   11.4904299      LDshif=   0.00000000    
Ucrt =   5.1876     Ecrt=  5.6523     Econd =   1.6652     DEL =   0.0000    
It #   1    -0.46475     Final shift = -0.46475    


 *****   A=          86  Z=          38  Bn=   11.4904299      LDshif=   0.00000000    
Ucrt =   5.1876     Ecrt=  5.6524     Econd =   1.6652     DEL =   0.0000    
It #   2    -0.99001E-04 Final shift = -0.46484    

  
  Fitting l.d. to discrete levels
          40  levels at    2.1236999999999999       MeV

 *****   A=          85  Z=          38  Bn=   8.53042984      LDshif=   0.00000000    
Ucrt =   6.4014     Ecrt=  5.0895     Econd =   2.0548     DEL =   1.3016    
It #   1     0.10309E-01 Final shift =  0.10309E-01


 *****   A=          85  Z=          38  Bn=   8.53042984      LDshif=   0.00000000    
Ucrt =   6.4014     Ecrt=  5.0893     Econd =   2.0548     DEL =   1.3016    
It #   2     0.20137E-03 Final shift =  0.10510E-01

  
  Fitting l.d. to discrete levels
          36  levels at    2.0249000000000001       MeV

 *****   A=          86  Z=          37  Bn=   8.65042973      LDshif=   0.00000000    
Ucrt =   4.8841     Ecrt=  3.4206     Econd =   1.5678     DEL =   2.5880    
It #   1     -1.1245     Final shift =  -1.1245    


 *****   A=          86  Z=          37  Bn=   8.65042973      LDshif=   0.00000000    
Ucrt =   4.8841     Ecrt=  3.5416     Econd =   1.5678     DEL =   2.5880    
It #   2    -0.12099     Final shift =  -1.2455    


 *****   A=          86  Z=          37  Bn=   8.65042973      LDshif=   0.00000000    
Ucrt =   4.8841     Ecrt=  3.5454     Econd =   1.5678     DEL =   2.5880    
It #   3    -0.38009E-02 Final shift =  -1.2493    

  
  Fitting l.d. to discrete levels
          33  levels at    2.0876000000000001       MeV

 *****   A=          85  Z=          37  Bn=   10.4894304      LDshif=   0.00000000    
Ucrt =   5.5044     Ecrt=  4.2523     Econd =   1.7669     DEL =   1.3016    
It #   1    -0.49500E-01 Final shift = -0.49500E-01


 *****   A=          85  Z=          37  Bn=   10.4894304      LDshif=   0.00000000    
Ucrt =   5.5044     Ecrt=  4.2535     Econd =   1.7669     DEL =   1.3016    
It #   2    -0.11425E-02 Final shift = -0.50643E-01

  
  Fitting l.d. to discrete levels
          27  levels at    1.2180000000000000       MeV

 *****   A=          84  Z=          37  Bn=   8.74843025      LDshif=   0.00000000    
Ucrt =   5.8083     Ecrt=  3.6351     Econd =   1.8644     DEL =   2.6186    
It #   1    -0.44539     Final shift = -0.44539    


 *****   A=          84  Z=          37  Bn=   8.74843025      LDshif=   0.00000000    
Ucrt =   5.8083     Ecrt=  3.7244     Econd =   1.8644     DEL =   2.6186    
It #   2    -0.89370E-01 Final shift = -0.53476    


 *****   A=          84  Z=          37  Bn=   8.74843025      LDshif=   0.00000000    
Ucrt =   5.8083     Ecrt=  3.7361     Econd =   1.8644     DEL =   2.6186    
It #   3    -0.11688E-01 Final shift = -0.54645    


 *****   A=          84  Z=          37  Bn=   8.74843025      LDshif=   0.00000000    
Ucrt =   5.8083     Ecrt=  3.7376     Econd =   1.8644     DEL =   2.6186    
It #   4    -0.14300E-02 Final shift = -0.54788    

  
  Fitting l.d. to discrete levels
          40  levels at    2.0201300000000000       MeV

 *****   A=          83  Z=          37  Bn=   10.9554300      LDshif=   0.00000000    
Ucrt =   6.2377     Ecrt=  4.7650     Econd =   2.0023     DEL =   1.3172    
It #   1     0.15548     Final shift =  0.15548    


 *****   A=          83  Z=          37  Bn=   10.9554300      LDshif=   0.00000000    
Ucrt =   6.2377     Ecrt=  4.7616     Econd =   2.0023     DEL =   1.3172    
It #   2     0.33624E-02 Final shift =  0.15884    

  
  Fitting l.d. to discrete levels
          33  levels at    2.6366999999999998       MeV

 *****   A=          85  Z=          36  Bn=   7.12142992      LDshif=   0.00000000    
Ucrt =   5.0357     Ecrt=  4.3312     Econd =   1.6164     DEL =   1.3016    
It #   1    -0.59703     Final shift = -0.59703    


 *****   A=          85  Z=          36  Bn=   7.12142992      LDshif=   0.00000000    
Ucrt =   5.0357     Ecrt=  4.3400     Econd =   1.6164     DEL =   1.3016    
It #   2    -0.88261E-02 Final shift = -0.60585    

  
  Fitting l.d. to discrete levels
          38  levels at    3.8788000000000000       MeV

 *****   A=          84  Z=          36  Bn=   10.5204296      LDshif=   0.00000000    
Ucrt =   5.2129     Ecrt=  5.6594     Econd =   1.6733     DEL =   0.0000    
It #   1    -0.44650     Final shift = -0.44650    


 *****   A=          84  Z=          36  Bn=   10.5204296      LDshif=   0.00000000    
Ucrt =   5.2129     Ecrt=  5.6594     Econd =   1.6733     DEL =   0.0000    
It #   2    -0.31888E-04 Final shift = -0.44653    

  
  Fitting l.d. to discrete levels
          17  levels at    1.2779000000000000       MeV

 *****   A=          83  Z=          36  Bn=   7.46442986      LDshif=   0.00000000    
Ucrt =   6.0634     Ecrt=  4.3336     Econd =   1.9463     DEL =   1.3172    
It #   1     0.41258     Final shift =  0.41258    


 *****   A=          83  Z=          36  Bn=   7.46442986      LDshif=   0.00000000    
Ucrt =   6.0634     Ecrt=  4.3069     Econd =   1.9463     DEL =   1.3172    
It #   2     0.26738E-01 Final shift =  0.43932    


 *****   A=          83  Z=          36  Bn=   7.46442986      LDshif=   0.00000000    
Ucrt =   6.0634     Ecrt=  4.3044     Econd =   1.9463     DEL =   1.3172    
It #   3     0.24699E-02 Final shift =  0.44179    

  
  Fitting l.d. to discrete levels
          29  levels at    3.1869200000000002       MeV

 *****   A=          82  Z=          36  Bn=   10.9664297      LDshif=   0.00000000    
Ucrt =   6.1521     Ecrt=  6.0266     Econd =   1.9748     DEL =   0.0000    
It #   1     0.12547     Final shift =  0.12547    


 *****   A=          82  Z=          36  Bn=   10.9664297      LDshif=   0.00000000    
Ucrt =   6.1521     Ecrt=  6.0264     Econd =   1.9748     DEL =   0.0000    
It #   2     0.21701E-03 Final shift =  0.12569    

  
  Fitting l.d. to discrete levels
          39  levels at    1.7447699999999999       MeV

 *****   A=          81  Z=          36  Bn=   7.87242985      LDshif=   0.00000000    
Ucrt =   7.3768     Ecrt=  5.6177     Econd =   2.3679     DEL =   1.3333    
It #   1     0.42580     Final shift =  0.42580    


 *****   A=          81  Z=          36  Bn=   7.87242985      LDshif=   0.00000000    
Ucrt =   7.3768     Ecrt=  5.6063     Econd =   2.3679     DEL =   1.3333    
It #   2     0.11409E-01 Final shift =  0.43721    


 *****   A=          81  Z=          36  Bn=   7.87242985      LDshif=   0.00000000    
Ucrt =   7.3768     Ecrt=  5.6058     Econd =   2.3679     DEL =   1.3333    
It #   3     0.45953E-03 Final shift =  0.43767    

  
  Fitting l.d. to discrete levels
          40  levels at    1.2435900000000000       MeV

 *****   A=          82  Z=          35  Bn=   7.59343004      LDshif=   0.00000000    
Ucrt =   6.3614     Ecrt=  3.9822     Econd =   2.0420     DEL =   2.6504    
It #   1    -0.27118     Final shift = -0.27118    


 *****   A=          82  Z=          35  Bn=   7.59343004      LDshif=   0.00000000    
Ucrt =   6.3614     Ecrt=  4.0254     Econd =   2.0420     DEL =   2.6504    
It #   2    -0.43238E-01 Final shift = -0.31442    


 *****   A=          82  Z=          35  Bn=   7.59343004      LDshif=   0.00000000    
Ucrt =   6.3614     Ecrt=  4.0308     Econd =   2.0420     DEL =   2.6504    
It #   3    -0.53642E-02 Final shift = -0.31979    

  
  Fitting l.d. to discrete levels
          40  levels at    1.6812000000000000       MeV

 *****   A=          81  Z=          35  Bn=   10.1564302      LDshif=   0.00000000    
Ucrt =   6.8034     Ecrt=  4.9454     Econd =   2.1838     DEL =   1.3333    
It #   1     0.52466     Final shift =  0.52466    


 *****   A=          81  Z=          35  Bn=   10.1564302      LDshif=   0.00000000    
Ucrt =   6.8034     Ecrt=  4.9295     Econd =   2.1838     DEL =   1.3333    
It #   2     0.15900E-01 Final shift =  0.54056    


 *****   A=          81  Z=          35  Bn=   10.1564302      LDshif=   0.00000000    
Ucrt =   6.8034     Ecrt=  4.9287     Econd =   2.1838     DEL =   1.3333    
It #   3     0.72592E-03 Final shift =  0.54129    

  
  Fitting l.d. to discrete levels
          40  levels at   0.73115200000000002       MeV

 *****   A=          80  Z=          35  Bn=   7.89242983      LDshif=   0.00000000    
Ucrt =   7.1084     Ecrt=  4.1876     Econd =   2.2818     DEL =   2.6833    
It #   1     0.23753     Final shift =  0.23753    


 *****   A=          80  Z=          35  Bn=   7.89242983      LDshif=   0.00000000    
Ucrt =   7.1084     Ecrt=  4.1333     Econd =   2.2818     DEL =   2.6833    
It #   2     0.54322E-01 Final shift =  0.29185    


 *****   A=          80  Z=          35  Bn=   7.89242983      LDshif=   0.00000000    
Ucrt =   7.1084     Ecrt=  4.1183     Econd =   2.2818     DEL =   2.6833    
It #   3     0.14979E-01 Final shift =  0.30683    


 *****   A=          80  Z=          35  Bn=   7.89242983      LDshif=   0.00000000    
Ucrt =   7.1084     Ecrt=  4.1140     Econd =   2.2818     DEL =   2.6833    
It #   4     0.43028E-02 Final shift =  0.31113    

  
  Fitting l.d. to discrete levels
          40  levels at    1.5127999999999999       MeV

 *****   A=          79  Z=          35  Bn=   10.6874304      LDshif=   0.00000000    
Ucrt =   7.2606     Ecrt=  5.1939     Econd =   2.3306     DEL =   1.3501    
It #   1     0.71657     Final shift =  0.71657    


 *****   A=          79  Z=          35  Bn=   10.6874304      LDshif=   0.00000000    
Ucrt =   7.2606     Ecrt=  5.1679     Econd =   2.3306     DEL =   1.3501    
It #   2     0.25952E-01 Final shift =  0.74252    


 *****   A=          79  Z=          35  Bn=   10.6874304      LDshif=   0.00000000    
Ucrt =   7.2606     Ecrt=  5.1663     Econd =   2.3306     DEL =   1.3501    
It #   3     0.16596E-02 Final shift =  0.74418    

  
  Fitting l.d. to discrete levels
          40  levels at    1.5264000000000000       MeV

 *****   A=          79  Z=          34  Bn=   6.96243000      LDshif=   0.00000000    
Ucrt =   6.6361     Ecrt=  4.5592     Econd =   2.1302     DEL =   1.3501    
It #   1     0.72682     Final shift =  0.72682    


 *****   A=          79  Z=          34  Bn=   6.96243000      LDshif=   0.00000000    
Ucrt =   6.6361     Ecrt=  4.5317     Econd =   2.1302     DEL =   1.3501    
It #   2     0.27439E-01 Final shift =  0.75425    


 *****   A=          79  Z=          34  Bn=   6.96243000      LDshif=   0.00000000    
Ucrt =   6.6361     Ecrt=  4.5299     Econd =   2.1302     DEL =   1.3501    
It #   3     0.18298E-02 Final shift =  0.75608    

  
  Fitting l.d. to discrete levels
          40  levels at    3.0886999999999998       MeV

 *****   A=          78  Z=          34  Bn=   10.4984303      LDshif=   0.00000000    
Ucrt =   7.0630     Ecrt=  6.5483     Econd =   2.2672     DEL =   0.0000    
It #   1     0.51461     Final shift =  0.51461    


 *****   A=          78  Z=          34  Bn=   10.4984303      LDshif=   0.00000000    
Ucrt =   7.0630     Ecrt=  6.5475     Econd =   2.2672     DEL =   0.0000    
It #   2     0.83924E-03 Final shift =  0.51545    

  
  Fitting l.d. to discrete levels
          40  levels at   0.64012199999999997       MeV

 *****   A=          76  Z=          33  Bn=   7.32943010      LDshif=   0.00000000    
Ucrt =   7.1583     Ecrt=  4.0887     Econd =   2.2978     DEL =   2.7530    
It #   1     0.31669     Final shift =  0.31669    


 *****   A=          76  Z=          33  Bn=   7.32943010      LDshif=   0.00000000    
Ucrt =   7.1583     Ecrt=  4.0073     Econd =   2.2978     DEL =   2.7530    
It #   2     0.81355E-01 Final shift =  0.39804    


 *****   A=          76  Z=          33  Bn=   7.32943010      LDshif=   0.00000000    
Ucrt =   7.1583     Ecrt=  3.9811     Econd =   2.2978     DEL =   2.7530    
It #   3     0.26207E-01 Final shift =  0.42425    


 *****   A=          76  Z=          33  Bn=   7.32943010      LDshif=   0.00000000    
Ucrt =   7.1583     Ecrt=  3.9720     Econd =   2.2978     DEL =   2.7530    
It #   4     0.91349E-02 Final shift =  0.43339    

  
  
 Total number of nuclei considered :         350

