
  End time: 16:03.26 (21-02-2024)

  Calculation time:     1 min 46 s
1                    E. C. I. S. CODE FOR COUPLED CHANNELS CALCULATIONS ( 2006 ) WORKING FIELD LENGTH =  35000000

                        TO OBTAIN THE INPUT DESCRIPTION, PUNCH 'DESCRIPTION ' IN COLUMNS 1-12 OF THE FIRST CARD.


  1 F - ROTATIONAL MODEL-(.F.: VIBRATIONAL MODEL).         | 54 F - OUTPUT OF THE LENGTH USED IN THE WORKING FIELD.
  2 F - SECOND ORDER VIBRATIONAL MODEL-(.F.: FIRST ORDER)  | 55 F - OUTPUT OF C-MATRIX ELEMENTS AND COMPOUND NUCLEUS
        OR CONSTRAINED ASYMMETRIC ROTATIONAL MODEL.        |        INTERMEDIATE RESULTS.
  3 F - ANHARMONIC VIBRATIONAL MODEL-(.F.: HARMONIC) OR    | 56 T - OUTPUT OF S-MATRIX ELEMENTS.
        ASYMMETRIC ROTATIONAL MODEL-(.F.: SYMMETRIC).      | 57 F - OUTPUT OF PHASE-SHIFTS AT EACH E.C.I.S. ITERATION.
  4 F - PARAMETRISED SPIN-ORBIT DEFORMATION-(.F.:STANDARD) | 58 F - OUTPUT OF THE COEFFICIENTS OF EACH FORM FACTOR
  5 F - DIFFERENT DEFORMATION FOR EACH POTENTIAL(.F.: SAME)|        FOR ALL SETS OF EQUATIONS.
  6 F - USE OF DEFORMATION LENGTHS.                        | 59 T - TOTAL ELASTIC REACTION CROSS-SECTIONS WRITTEN ON
  7 F - NUCLEAR MATRIX ELEMENTS AND FORM FACTORS ON CARDS. |        FILE 58 AND TOTAL INELASTIC REACTION
  8 F - RELATIVISTIC KINEMATICS.                           |        CROSS-SECTIONS ON FILE 59.
  9 F - SYMMETRISED WOODS-SAXON FORM FOR NEGATIVE RADII.   | 60 T - S-MATRIX ELEMENTS WRITTEN ON FILE 60.
 10 F - DISPERSION RELATIONS FOR POTENTIALS.               |
                                                           | 61 F - REDUCED NUCLEAR MATRIX ELEMENTS WRITTEN ON FILE 61.
 11 T - DEFORMED COULOMB POTENTIAL.                        | 62 F - POTENTIALS WRITTEN ON FILE 62.
 12 T - DEFORMED IMAGINARY POTENTIAL.                      | 63 T - PENETRABILITIES WRITTEN ON FILE 63.
 13 F - DEFORMED REAL SPIN-ORBIT/TENSOR POTENTIAL.         | 64 T - RESULTS FOR EXPERIMENTAL DATA ON FILE 64
 14 F - DEFORMED IMAGINARY SPIN-ORBIT/TENSOR POTENTIAL.    |        AND AT EQUIDISTANT ANGLES WRITTEN ON FILE 66.
 15 F - REDUCED NUCLEAR MATRIX ELEMENTS READ FROM CARDS.   | 65 T - LEGENDRE EXPANSION FOR CROSS-SECTIONS WRITTEN ON
 16 F - HEAVY-ION DEFINITION OF RADII AND DEFORMATIONS.    |        FILE 65.
 17 F - FOLDING MODEL.                                     | 66 F - NO CALCULATION AT EQUIDISTANT ANGLES.
 18 F - PROJECTILE-TARGET ANTISYMMETRISATION.              | 67 T - NO PLOT OF EXPERIMENTAL DATA.
 19 F - DEFORMED COULOMB SPIN-ORBIT POTENTIAL.             | 68 T - NO PLOT OF CROSS-SECTIONS AT EQUIDISTANT ANGLES.
 20 F - DISPERSION RELATIONS FOR TRANSITION FORM-FACTORS.  | 69 T - NO PLOT OF POLARISATIONS AT EQUIDISTANT ANGLES.
                                                           |
 21 F - USUAL COUPLED EQUATIONS-(.F.: ITERATIONS).         | 71 F - NO DETAILED OUTPUT OF LOGICAL CONTROLS.
 22 F - NO USE OF PADE FOR CONVERGENCE OF THE ITERATIONS.  | 72 T - NO OUTPUT OF EXPERIMENTAL DATA AS THEY ARE READ.
 23 T - NO USE OF PADE WITHOUT CONVERGENCE.                | 73 T - NO OUTPUT OF EXTERNAL POTENTIALS AS THEY ARE READ.
 24 F - COUPLING POTENTIALS COMPUTED AT EACH ITERATION.    | 74 F - OUTPUT OF VARIATIONS IN STORAGE.
 25 F - COMPLETE CALCULATION UP TO THE END-(.F.: ONE ITE-  | 75 T - NO COMPLETE OUTPUT AT THE FIRST RUN OF A SEARCH.
        RATION ONLY AS SOON AS TWO ITERATIONS ARE ENOUGH). | 76 F - LO(51) TO LO(65) ARE ALWAYS USED-(.F.: ONLY FOR
 26 F - INTEGRATION STABILISED FOR LONG RANGE POTENTIAL.   |        COMPLETE OUTPUT)
 27 F - NUMEROV'S METHOD FOR SINGLE EQUATIONS-(.F.: MODI-  | 77 F - OUTPUT OF TIME DIFFERENCES DURING THE SEARCH.
        FIED NUMEROV'S METHOD).                            | 78 F - OUTPUT OF DIFFERENCES BETWEEN EXPERIMENTAL
 28 T - COMPUTATION UP TO J-CONVERGENCE-(.F.: STOP WHEN    |        AND CALCULATED VALUES.
        ALL THE INHOMOGENEOUS TERMS ARE NEGLIGIBLE).       |
 29 F - NO DIAGONAL TERM IN SECOND MEMBERS.                | 81 F - HAUSER-FESHBACH CORRECTIONS TO CROSS-SECTIONS.
 30 T - PURE DWBA CALCULATION.                             | 82 F - SIMPLEST COMPOUND NUCLEUS FORMALISM.
                                                           | 83 T - NO ENGELBRETCH-WEIDENMULLER TRANSFORMATION IN
 31 F - INPUT OF EXPERIMENTAL DATA AND CHI2 CALCULATION.   |        IN COMPOUND NUCLEUS.
 32 F - AUTOMATIC SEARCH ON SOME PARAMETERS.               | 84 F - UNCOUPLED LEVELS FOR COMPOUND NUCLEUS.
 33 F - SYMMETRISED CHI2 FOR CROSS-SECTIONS.               | 85 F - FISSION DATA IN COMPOUND NUCLEUS.
 34 F - NEXT CALCULATION CHANGING ENERGY AND/OR SOME       | 86 F - GAMMA EMISSION DATA IN COMPOUND NUCLEUS.
        PARAMETERS.                                        | 87 F - NO WIDTH FLUCTUATIONS.
 35 F - SEARCH SAVED ON TAPE 8 IF ENDED OR LACK OF TIME.   |
 36 F - RESTART A SEARCH FROM TAPE 8.                      | 91 F - EQUIDISTANT ANGLES IN THE LABORATORY SYSTEM.
                                                           | 92 F - NON STANDARD OBSERVABLES AT EQUIDISTANT ANGLES.
 41 F - FACTORISATION OF 1/(1-COS(THETA)) IN AMPLITUDES.   | 93 F - NO RECOIL CORRECTION FOR REACTIONS.
 42 F - SCHMIDT'S ORTHOGONAL. IN USUAL COUPLED EQUATIONS.  | 94 F - NON RELATIVISTIC "REDUCED MASS" FOR DIRAC EQUATION.
 43 F - INTERPOLATION ON TOTAL SPIN.                       | 95 F - "REDUCED ENERGY" FOR NON COULOMB INTERACTION IN
 44 F - COULOMB CORRECTIONS.                               |        RELATIVISTIC SCHROEDINGER EQUATION OR USE OF REST
 45 F - ANGULAR MOMENTUM LIMIT FOR COULOMB CORRECTIONS.    |        MASS IN DIRAC EQUATION.
 46 F - RESTRICTED COULOMB CORRECTIONS.                    | 96 F - "REDUCED MASS" FOR COULOMB INTERACTION IN
 47 F - NO RECOIL CORRECTION FOR BOUND STATES.             |        RELATIVISTIC SCHROEDINGER EQUATION.
                                                           | 97 F - SAME REDUCED MASS FOR ALL THE STATES.
 51 F - OUTPUT OF POTENTIALS.                              | 98 F - Q ADDED TO THE MASS OF RESIDUAL NUCLEUS.
 52 F - OUTPUT OF REDUCED NUCLEAR MATRIX ELEMENTS.         | 99 F - SCHROEDINGER EQUIVALENT TO DIRAC EQUATION.
 53 F - OUTPUT OF THE NUMBER OF ITERATIONS.                |100 F - COMPLETE DIRAC EQUATION.
1
          **********************************************************************************
          *                                                                                *
          *      56.00000 MeV deuteron on  90ZR: SPHERICAL OMP                             *
          *                                                                                *
          **********************************************************************************

 MAXIMUM NUMBER OF J    62  (MIN  0) STOP WHEN MAXIMUM S-MATRIX ELEMENT IS LESS THAN        0.1000D-04

 PLOT CONDITIONS FOR CROSS-SECTIONS    2    2     FOR POLARISATIONS    1    1

          ITERATION METHOD:  MAXIMUM NUMBER OF ITERATIONS         1
          CONVERGENCE CRITERION:     1.0000D-05 FOR S-MATRIX     1.0000D-05 FOR POTENTIALS AND FUNCTIONS.


 INDICATIONS FOR EXPANSION OF CROSS-SECTIONS IN LEGENDRE POLYNOMIALS:    2    0    0

 FIRST ORDER VIBRATIONAL MODEL.


 TARGET              MASS =  89.90470           PRODUCT OF CHARGES =   40.           AT**1/3 =   4.479822D+00
 INCIDENT PARTICLE   MASS =   2.01410      SPIN = 1.0   AP**1/3 =   1.262875D+00
          ENERGY(LAB) =   5.600000D+01 MEV          ENERGY(C. M.) =   5.477294D+01 MEV.

 N =  1 -   SPIN = 0.0+ EXCITATION ENERGY =  0.0000 MEV          POTENTIAL    1


 OPTICAL POTENTIALS  **  1 **     REDUCED RADIUS MULTIPLIED BY     4.479822D+00

      DEFORMED  VOLUME/SCALAR REAL POTENTIAL
 DEPTH   84.000120 MEV   RADIUS  5.153005 FERMI (REDUCED VALUE 1.150270)   DIFFUSENESS 0.775470 FERMI AT THE POWER (1+ 0.000000)

      DEFORMED  VOLUME/SCALAR IMAGINARY POTENTIAL
 DEPTH    4.587200 MEV   RADIUS  5.945844 FERMI (REDUCED VALUE 1.327250)   DIFFUSENESS 0.406860 FERMI AT THE POWER (1+ 0.000000)

      DEFORMED  SURFACE/VECTOR REAL POTENTIAL
 DEPTH    0.000000 MEV   RADIUS  0.000000 FERMI (REDUCED VALUE 0.000000)   DIFFUSENESS 0.000000 FERMI AT THE POWER (1+ 0.000000)

      DEFORMED  SURFACE/VECTOR IMAGINARY POTENTIAL
 DEPTH    9.116400 MEV   RADIUS  6.128039 FERMI (REDUCED VALUE 1.367920)   DIFFUSENESS 0.808850 FERMI AT THE POWER (1+ 0.000000)

  NOT DEFORMED  REAL SPIN-ORBIT/TENSOR POTENTIAL
 DEPTH    3.557000 MEV   RADIUS  4.354387 FERMI (REDUCED VALUE 0.972000)   DIFFUSENESS 1.011000 FERMI AT THE POWER (1+ 0.000000)

  NOT DEFORMED  IMAGINARY SPIN-ORBIT/TENSOR POTENTIAL
 DEPTH    0.000000 MEV   RADIUS  0.000000 FERMI (REDUCED VALUE 0.000000)   DIFFUSENESS 0.000000 FERMI AT THE POWER (1+ 0.000000)

      DEFORMED  COULOMB POTENTIAL
  CHARGE PRODUCT    40.  RADIUS  5.837209 FERMI (REDUCED VALUE 1.303000)   DIFFUSENESS 0.000000 FERMI AT THE POWER (1+ 0.000000)

  NOT DEFORMED  SPIN-ORBIT COULOMB POTENTIAL
 DEPTH    0.000000 MEV   RADIUS  0.000000 FERMI (REDUCED VALUE 0.000000)   DIFFUSENESS 0.000000 FERMI AT THE POWER (1+ 0.000000)
              THIRD CHARGE PARAMETER40.000000

 INTEGRATION STEP SIZE = 0.10178          MATCHING RADIUS =  40.000 FERMI

 SCATTERING ANGLES FROM  0.000 IN STEPS OF  2.000 UP TO 180.000 DEGREES   AVERAGED WITH +/-   0.000 DEGREES.


       2 SOLUTIONS         2 COUPLED EQUATIONS         5 INDEPENDENT AMPLITUDES.


 LEVEL       WAVE NUMBER  COULOMB PARAMETER   REDUCED MASS       REDUCED ENERGY     STEP SIZE
     1      2.2721195064      1.1946670055   1835.0131039447   1835.0131039447      0.1017811705
 MAXIMUM J-VALUE =  60.0                MAXIMUM SCATTERING COEFFICIENT AT THE END   0.866D-05
 MAXIMUM J-VALUE =  61.0                MAXIMUM SCATTERING COEFFICIENT AT THE END   0.810D-05
1 COEFFICIENTS OF LEGENDRE POLYNOMIALS DESCRIBING THE CROSS-SECTIONS.

 DIRECT INTERACTION FOR LEVEL 1 MULTIPLIED BY (1-COS(THETA))**( 2 ) 184 COEFFICIENTS
    L        C(L)              C(L+1)             C(L+2)             C(L+3)             C(L+4)
    0  -2.4658093769D+00   1.1880058524D-01   1.2214640797D-02   1.0516526580D-02   3.0717828683D-02
    5   3.0532428027D-02   1.9078041888D-02   6.9748763111D-03   1.0334200161D-03  -8.1353108357D-04
   10   2.2703642375D-04   1.4044581324D-03   2.4360713769D-03   2.6557443688D-03   2.4350627175D-03
   15   1.7399921542D-03   8.7301942573D-04   1.8287270909D-04  -6.0979265853D-05   7.2653756543D-04
   20   2.6224110244D-03   5.1396913829D-03   6.7433142936D-03   5.8163428907D-03   2.6492893067D-03
   25   9.9612961446D-05   5.9637478825D-04   1.2243465233D-03   3.4011682459D-04  -2.8135131527D-03
   30  -6.0022249734D-03  -7.3213969613D-03  -6.3775030112D-03  -4.0143310903D-03  -1.3719566898D-03
   35   7.5652492672D-04   2.0803899369D-03   2.6641332748D-03   2.7235595345D-03   2.4852752835D-03
   40   2.1194570142D-03   1.7342744336D-03   1.3839827545D-03   1.0888417648D-03   8.5038584477D-04
   45   6.6241253702D-04   5.1862660657D-04   4.0321784275D-04   3.1271861955D-04   2.4259765867D-04
   50   1.8659745084D-04   1.3975638754D-04   1.0192236907D-04   7.0094340252D-05   4.4626946444D-05
   55   2.3175528249D-05   5.2054838127D-06  -9.7971260549D-06  -2.2152015126D-05  -3.3153904525D-05
   60  -4.1955857154D-05  -4.8869054669D-05  -5.2209879843D-05  -5.8774450935D-05  -6.2023792659D-05
   65  -6.4229035544D-05  -6.5330392162D-05  -6.6399662055D-05  -6.7009813651D-05  -6.7551456927D-05
   70  -6.7371200660D-05  -6.7130448911D-05  -6.5410773085D-05  -6.4820245046D-05  -6.4457893446D-05
   75  -6.3396672629D-05  -6.0510044114D-05  -5.9450408680D-05  -5.8326093062D-05  -5.6612615884D-05
   80  -5.4873175516D-05  -5.3172418147D-05  -5.1488072850D-05  -4.9809707301D-05  -4.8138920809D-05
   85  -4.6481067768D-05  -4.4842840348D-05  -4.3229858429D-05  -4.1646838044D-05  -4.0097480200D-05
   90  -3.8583623339D-05  -3.7108738739D-05  -3.5672737818D-05  -3.4277618668D-05  -3.2923651652D-05
   95  -3.1611339272D-05  -3.0340326194D-05  -2.9111113896D-05  -2.7922819916D-05  -2.6775323717D-05
  100  -2.5667510881D-05  -2.4599634201D-05  -2.3569684860D-05  -2.2577665665D-05  -2.1622412592D-05
  105  -2.0703040132D-05  -1.9818003246D-05  -1.8967458133D-05  -1.8149195759D-05  -1.7362895594D-05
  110  -1.6607203921D-05  -1.5881630330D-05  -1.5184203667D-05  -1.4515059633D-05  -1.3872313651D-05
  115  -1.3255728586D-05  -1.2663540214D-05  -1.2095935045D-05  -1.1550778095D-05  -1.1028452694D-05
  120  -1.0526755560D-05  -1.0046671483D-05  -9.5851220188D-06  -9.1434695321D-06  -8.7197131652D-06
  125  -8.3135557977D-06  -7.9242448154D-06  -7.5511121690D-06  -7.1935135413D-06  -6.8508278691D-06
  130  -6.5224568246D-06  -6.2078242627D-06  -5.9063756453D-06  -5.6175774453D-06  -5.3409165392D-06
  135  -5.0758995915D-06  -4.8220524361D-06  -4.5789194573D-06  -4.3460629739D-06  -4.1230626297D-06
  140  -3.9095147910D-06  -3.7050319543D-06  -3.5092421648D-06  -3.3217884470D-06  -3.1423282494D-06
  145  -2.9705329016D-06  -2.8060870878D-06  -2.6486883330D-06  -2.4980465068D-06  -2.3538833404D-06
  150  -2.2159319606D-06  -2.0839364376D-06  -1.9576513497D-06  -1.8368413613D-06  -1.7212808178D-06
  155  -1.6107533532D-06  -1.5050515133D-06  -1.4039763921D-06  -1.3073372825D-06  -1.2149513401D-06
  160  -1.1266432597D-06  -1.0422449649D-06  -9.6159530933D-07  -8.8453979004D-07  -8.1093027238D-07
  165  -7.4062472563D-07  -6.7348696975D-07  -6.0938643185D-07  -5.4819791305D-07  -4.8980136473D-07
  170  -4.3408167409D-07  -3.8092845838D-07  -3.3023586784D-07  -2.8190239679D-07  -2.3583070242D-07
  175  -1.9192743155D-07  -1.5010305410D-07  -1.1027170419D-07  -7.2351027190D-08  -3.6262033860D-08
  180  -1.9289601751D-09   3.0720866602D-08   6.1757156501D-08   9.1246779814D-08
1       56.00000 MeV deuteron on  90ZR: SPHERICAL OMP                         


 TOTAL REACTION CROSS SECTION =   2070.917791 MILLIBARNS.

 ELASTIC SCATTERING ON THE TARGET STATE OF SPIN =  0.0+

      ANGLE    CROSS-SECTION     C. S./RUTHER.     ASYM. OR IT11               T20               T21               T22  
      0.000     0.18004D+05        1800.4372566         0.0000000         0.0007760         0.0000000         0.0000000
      2.000     0.75356D+07           1.0115079        -0.0013177        -0.0000355         0.0000006        -0.0000059
      4.000     0.33626D+06           0.7217477         0.0000314        -0.0000981         0.0000048         0.0000379
      6.000     0.62290D+05           0.6761605         0.0237220         0.0008265        -0.0000391         0.0003080
      8.000     0.21042D+05           0.7208593         0.0326767         0.0016056        -0.0001204         0.0002237
     10.000     0.62829D+04           0.5245312         0.0211263         0.0006960        -0.0001401        -0.0009690
     12.000     0.13918D+04           0.2404117         0.0171919        -0.0080207         0.0004675        -0.0057287
     14.000     0.67464D+03           0.2153182         0.1236162        -0.0175489         0.0017484        -0.0056919
     16.000     0.85760D+03           0.4655160         0.1257417        -0.0054503         0.0008921         0.0021059
     18.000     0.75657D+03           0.6555544         0.0843605         0.0033262         0.0000039         0.0068408
     20.000     0.40650D+03           0.5347727         0.0163740         0.0125851        -0.0012327         0.0114068
     22.000     0.11815D+03           0.2265961        -0.1453661         0.0257335        -0.0041388         0.0108727
     24.000     0.15097D+02           0.0408177        -0.4361665        -0.0534435        -0.0060245        -0.1471940
     26.000     0.28392D+02           0.1051893         0.4655260        -0.1198732         0.0131657        -0.1319525
     28.000     0.54017D+02           0.2677067         0.4106830        -0.0664812         0.0118218        -0.0551844
     30.000     0.49261D+02           0.3198264         0.3618575        -0.0428565         0.0125673        -0.0226761
     32.000     0.26852D+02           0.2242644         0.3071475        -0.0153385         0.0148300         0.0145236
     34.000     0.98131D+01           0.1037470         0.0941079         0.0517804         0.0130868         0.0827729
     36.000     0.50924D+01           0.0671862        -0.4053187         0.0972102        -0.0130062         0.0616708
     38.000     0.62079D+01           0.1009111        -0.3595967        -0.0052860        -0.0223164        -0.0783873
     40.000     0.61215D+01           0.1211974        -0.2404321        -0.0887848        -0.0184589        -0.1669150
     42.000     0.36895D+01           0.0880472        -0.1807205        -0.1930165        -0.0133573        -0.2841744
     44.000     0.14950D+01           0.0425951        -0.0384080        -0.3394890        -0.0012263        -0.4377702
     46.000     0.13867D+01           0.0467653         0.1340373        -0.0781841         0.0034340        -0.0798129
     48.000     0.27814D+01           0.1101388        -0.0247504         0.0883649        -0.0078645         0.1094917
     50.000     0.39609D+01           0.1828170        -0.1714712         0.0996956        -0.0142290         0.1116038
     52.000     0.39211D+01           0.2095091        -0.3145570         0.0825485        -0.0191241         0.0828629
     54.000     0.29478D+01           0.1811829        -0.4599476         0.0465832        -0.0233038         0.0333295
     56.000     0.19411D+01           0.1364287        -0.5088385        -0.0119028        -0.0228625        -0.0376744
     58.000     0.15091D+01           0.1206239        -0.2637955        -0.0473797        -0.0111848        -0.0680018
     60.000     0.16274D+01           0.1471681         0.0355921        -0.0075853         0.0008105        -0.0066005
     62.000     0.18923D+01           0.1926571         0.1018172         0.0454723         0.0032806         0.0604051
     64.000     0.19513D+01           0.2226378         0.0332751         0.0763355         0.0009733         0.0950916
     66.000     0.17293D+01           0.2201583        -0.0724642         0.0828203        -0.0023995         0.0984056
     68.000     0.13734D+01           0.1942986        -0.1514196         0.0622169        -0.0046089         0.0683877
     70.000     0.10690D+01           0.1674001        -0.1301876         0.0179929        -0.0031840         0.0108403
     72.000     0.90127D+00           0.1556541         0.0125160        -0.0207737         0.0024872        -0.0371690
     74.000     0.84158D+00           0.1597266         0.1673003        -0.0225161         0.0084939        -0.0380992
     76.000     0.81099D+00           0.1685828         0.2328799         0.0050814         0.0112501        -0.0038676
     78.000     0.75111D+00           0.1704580         0.2129336         0.0361515         0.0107870         0.0327398
     80.000     0.65278D+00           0.1612372         0.1534685         0.0527942         0.0085112         0.0499977
     82.000     0.54078D+00           0.1449519         0.1036214         0.0453345         0.0059837         0.0366016
     84.000     0.44489D+00           0.1290405         0.1066757         0.0144099         0.0048373        -0.0057516
     86.000     0.37797D+00           0.1183095         0.1745251        -0.0220060         0.0060647        -0.0539559
     88.000     0.33512D+00           0.1129047         0.2674829        -0.0404452         0.0088451        -0.0790024
     90.000     0.30343D+00           0.1097572         0.3320401        -0.0330210         0.0112160        -0.0718035
     92.000     0.27208D+00           0.1054035         0.3470191        -0.0105470         0.0118143        -0.0463992
     94.000     0.23773D+00           0.0984048         0.3236009         0.0103638         0.0104073        -0.0232738
     96.000     0.20260D+00           0.0894029         0.2893850         0.0167267         0.0077088        -0.0180807
     98.000     0.17110D+00           0.0803171         0.2738138         0.0028743         0.0049539        -0.0376619
    100.000     0.14588D+00           0.0726833         0.2946872        -0.0246945         0.0034045        -0.0742084
    102.000     0.12686D+00           0.0669516         0.3455931        -0.0505736         0.0034408        -0.1093374
    104.000     0.11243D+00           0.0627253         0.3986900        -0.0611776         0.0041860        -0.1261727
    106.000     0.10035D+00           0.0590639         0.4305994        -0.0540783         0.0044673        -0.1209599
    108.000     0.89033D-01           0.0551834         0.4342294        -0.0371835         0.0036243        -0.1024819
    110.000     0.77663D-01           0.0505943         0.4195312        -0.0222576         0.0018316        -0.0849037
    112.000     0.66572D-01           0.0455006         0.4054325        -0.0181436        -0.0003304        -0.0803015
    114.000     0.56667D-01           0.0405623         0.4049816        -0.0268978        -0.0026590        -0.0927944
    116.000     0.48720D-01           0.0364598         0.4244105        -0.0460197        -0.0052916        -0.1202634
    118.000     0.43045D-01           0.0336214         0.4528443        -0.0660445        -0.0082562        -0.1493984
    120.000     0.39055D-01           0.0317858         0.4731849        -0.0782375        -0.0109109        -0.1663542
    122.000     0.35794D-01           0.0303048         0.4827329        -0.0806389        -0.0119842        -0.1681916
    124.000     0.32236D-01           0.0283475         0.4871371        -0.0737384        -0.0110535        -0.1581756
    126.000     0.27997D-01           0.0255306         0.4962399        -0.0623359        -0.0096232        -0.1464408
    128.000     0.23644D-01           0.0223250         0.5116865        -0.0515711        -0.0108286        -0.1410089
    130.000     0.20076D-01           0.0195982         0.5250522        -0.0481477        -0.0176394        -0.1461055
    132.000     0.17884D-01           0.0180223         0.5198346        -0.0577051        -0.0286078        -0.1588923
    134.000     0.16873D-01           0.0175278         0.4945468        -0.0781056        -0.0361416        -0.1722336
    136.000     0.16248D-01           0.0173735         0.4765833        -0.0978630        -0.0344669        -0.1831598
    138.000     0.15101D-01           0.0165979         0.4858067        -0.1046103        -0.0261106        -0.1906089
    140.000     0.13116D-01           0.0147965         0.5296832        -0.0978747        -0.0193231        -0.2009855
    142.000     0.10813D-01           0.0125038         0.5943937        -0.0824452        -0.0251164        -0.2139553
    144.000     0.91092D-02           0.0107828         0.6315100        -0.0731002        -0.0494004        -0.2186930
    146.000     0.85825D-02           0.0103855         0.5893416        -0.0834641        -0.0747433        -0.2021027
    148.000     0.89563D-02           0.0110643         0.4981086        -0.1003005        -0.0744963        -0.1727653
    150.000     0.93430D-02           0.0117676         0.4401465        -0.1021970        -0.0516186        -0.1576645
    152.000     0.88773D-02           0.0113848         0.4488772        -0.0790019        -0.0276493        -0.1656154
    154.000     0.74323D-02           0.0096928         0.5295630        -0.0434032        -0.0275324        -0.2059105
    156.000     0.57352D-02           0.0075961         0.6605896        -0.0355018        -0.0828911        -0.2765617
    158.000     0.48856D-02           0.0065634         0.7103922        -0.1265679        -0.1827294        -0.3210028
    160.000     0.55411D-02           0.0075410         0.5656322        -0.2491507        -0.1989668        -0.2730654
    162.000     0.73179D-02           0.0100762         0.4015672        -0.2446817        -0.1179909        -0.1987477
    164.000     0.90811D-02           0.0126351         0.3263587        -0.1275279        -0.0369192        -0.1652200
    166.000     0.96840D-02           0.0135983         0.3170559         0.0651062        -0.0098046        -0.1679044
    168.000     0.89645D-02           0.0126885         0.3354724         0.2845803        -0.0870984        -0.1995357
    170.000     0.78549D-02           0.0111930         0.3293774         0.3620990        -0.3277783        -0.2427924
    172.000     0.77241D-02           0.0110672         0.2332286         0.0021250        -0.6323000        -0.2252351
    174.000     0.94508D-02           0.0135993         0.0964301        -0.6464902        -0.6892187        -0.1376303
    176.000     0.12533D-01           0.0180897         0.0188971        -1.1009750        -0.5041269        -0.0578615
    178.000     0.15615D-01           0.0225792        -0.0023093        -1.3034252        -0.2505962        -0.0130521
    180.000     0.16977D-01           0.0245631         0.0000000        -1.3549035         0.0000000         0.0000000


 *** WORKSPACE USED IN THIS COMPUTATION     16051  ***            34983949 MEMORIES NOT USED.

  End time: 16:03.26 (21-02-2024)

  Calculation time:     1 min 46 s
