
  End time: 16:00.24 (21-02-2024)

  Calculation time:     2 min  3 s
1                    E. C. I. S. CODE FOR COUPLED CHANNELS CALCULATIONS ( 2006 ) WORKING FIELD LENGTH =  35000000

                        TO OBTAIN THE INPUT DESCRIPTION, PUNCH 'DESCRIPTION ' IN COLUMNS 1-12 OF THE FIRST CARD.


  1 F - ROTATIONAL MODEL-(.F.: VIBRATIONAL MODEL).         | 54 F - OUTPUT OF THE LENGTH USED IN THE WORKING FIELD.
  2 F - SECOND ORDER VIBRATIONAL MODEL-(.F.: FIRST ORDER)  | 55 F - OUTPUT OF C-MATRIX ELEMENTS AND COMPOUND NUCLEUS
        OR CONSTRAINED ASYMMETRIC ROTATIONAL MODEL.        |        INTERMEDIATE RESULTS.
  3 F - ANHARMONIC VIBRATIONAL MODEL-(.F.: HARMONIC) OR    | 56 T - OUTPUT OF S-MATRIX ELEMENTS.
        ASYMMETRIC ROTATIONAL MODEL-(.F.: SYMMETRIC).      | 57 F - OUTPUT OF PHASE-SHIFTS AT EACH E.C.I.S. ITERATION.
  4 F - PARAMETRISED SPIN-ORBIT DEFORMATION-(.F.:STANDARD) | 58 F - OUTPUT OF THE COEFFICIENTS OF EACH FORM FACTOR
  5 F - DIFFERENT DEFORMATION FOR EACH POTENTIAL(.F.: SAME)|        FOR ALL SETS OF EQUATIONS.
  6 F - USE OF DEFORMATION LENGTHS.                        | 59 T - TOTAL ELASTIC REACTION CROSS-SECTIONS WRITTEN ON
  7 F - NUCLEAR MATRIX ELEMENTS AND FORM FACTORS ON CARDS. |        FILE 58 AND TOTAL INELASTIC REACTION
  8 F - RELATIVISTIC KINEMATICS.                           |        CROSS-SECTIONS ON FILE 59.
  9 F - SYMMETRISED WOODS-SAXON FORM FOR NEGATIVE RADII.   | 60 T - S-MATRIX ELEMENTS WRITTEN ON FILE 60.
 10 F - DISPERSION RELATIONS FOR POTENTIALS.               |
                                                           | 61 F - REDUCED NUCLEAR MATRIX ELEMENTS WRITTEN ON FILE 61.
 11 T - DEFORMED COULOMB POTENTIAL.                        | 62 F - POTENTIALS WRITTEN ON FILE 62.
 12 T - DEFORMED IMAGINARY POTENTIAL.                      | 63 T - PENETRABILITIES WRITTEN ON FILE 63.
 13 F - DEFORMED REAL SPIN-ORBIT/TENSOR POTENTIAL.         | 64 T - RESULTS FOR EXPERIMENTAL DATA ON FILE 64
 14 F - DEFORMED IMAGINARY SPIN-ORBIT/TENSOR POTENTIAL.    |        AND AT EQUIDISTANT ANGLES WRITTEN ON FILE 66.
 15 F - REDUCED NUCLEAR MATRIX ELEMENTS READ FROM CARDS.   | 65 T - LEGENDRE EXPANSION FOR CROSS-SECTIONS WRITTEN ON
 16 F - HEAVY-ION DEFINITION OF RADII AND DEFORMATIONS.    |        FILE 65.
 17 F - FOLDING MODEL.                                     | 66 F - NO CALCULATION AT EQUIDISTANT ANGLES.
 18 F - PROJECTILE-TARGET ANTISYMMETRISATION.              | 67 T - NO PLOT OF EXPERIMENTAL DATA.
 19 F - DEFORMED COULOMB SPIN-ORBIT POTENTIAL.             | 68 T - NO PLOT OF CROSS-SECTIONS AT EQUIDISTANT ANGLES.
 20 F - DISPERSION RELATIONS FOR TRANSITION FORM-FACTORS.  | 69 T - NO PLOT OF POLARISATIONS AT EQUIDISTANT ANGLES.
                                                           |
 21 F - USUAL COUPLED EQUATIONS-(.F.: ITERATIONS).         | 71 F - NO DETAILED OUTPUT OF LOGICAL CONTROLS.
 22 F - NO USE OF PADE FOR CONVERGENCE OF THE ITERATIONS.  | 72 T - NO OUTPUT OF EXPERIMENTAL DATA AS THEY ARE READ.
 23 T - NO USE OF PADE WITHOUT CONVERGENCE.                | 73 T - NO OUTPUT OF EXTERNAL POTENTIALS AS THEY ARE READ.
 24 F - COUPLING POTENTIALS COMPUTED AT EACH ITERATION.    | 74 F - OUTPUT OF VARIATIONS IN STORAGE.
 25 F - COMPLETE CALCULATION UP TO THE END-(.F.: ONE ITE-  | 75 T - NO COMPLETE OUTPUT AT THE FIRST RUN OF A SEARCH.
        RATION ONLY AS SOON AS TWO ITERATIONS ARE ENOUGH). | 76 F - LO(51) TO LO(65) ARE ALWAYS USED-(.F.: ONLY FOR
 26 F - INTEGRATION STABILISED FOR LONG RANGE POTENTIAL.   |        COMPLETE OUTPUT)
 27 F - NUMEROV'S METHOD FOR SINGLE EQUATIONS-(.F.: MODI-  | 77 F - OUTPUT OF TIME DIFFERENCES DURING THE SEARCH.
        FIED NUMEROV'S METHOD).                            | 78 F - OUTPUT OF DIFFERENCES BETWEEN EXPERIMENTAL
 28 T - COMPUTATION UP TO J-CONVERGENCE-(.F.: STOP WHEN    |        AND CALCULATED VALUES.
        ALL THE INHOMOGENEOUS TERMS ARE NEGLIGIBLE).       |
 29 F - NO DIAGONAL TERM IN SECOND MEMBERS.                | 81 F - HAUSER-FESHBACH CORRECTIONS TO CROSS-SECTIONS.
 30 T - PURE DWBA CALCULATION.                             | 82 F - SIMPLEST COMPOUND NUCLEUS FORMALISM.
                                                           | 83 T - NO ENGELBRETCH-WEIDENMULLER TRANSFORMATION IN
 31 F - INPUT OF EXPERIMENTAL DATA AND CHI2 CALCULATION.   |        IN COMPOUND NUCLEUS.
 32 F - AUTOMATIC SEARCH ON SOME PARAMETERS.               | 84 F - UNCOUPLED LEVELS FOR COMPOUND NUCLEUS.
 33 F - SYMMETRISED CHI2 FOR CROSS-SECTIONS.               | 85 F - FISSION DATA IN COMPOUND NUCLEUS.
 34 F - NEXT CALCULATION CHANGING ENERGY AND/OR SOME       | 86 F - GAMMA EMISSION DATA IN COMPOUND NUCLEUS.
        PARAMETERS.                                        | 87 F - NO WIDTH FLUCTUATIONS.
 35 F - SEARCH SAVED ON TAPE 8 IF ENDED OR LACK OF TIME.   |
 36 F - RESTART A SEARCH FROM TAPE 8.                      | 91 F - EQUIDISTANT ANGLES IN THE LABORATORY SYSTEM.
                                                           | 92 F - NON STANDARD OBSERVABLES AT EQUIDISTANT ANGLES.
 41 F - FACTORISATION OF 1/(1-COS(THETA)) IN AMPLITUDES.   | 93 F - NO RECOIL CORRECTION FOR REACTIONS.
 42 F - SCHMIDT'S ORTHOGONAL. IN USUAL COUPLED EQUATIONS.  | 94 F - NON RELATIVISTIC "REDUCED MASS" FOR DIRAC EQUATION.
 43 F - INTERPOLATION ON TOTAL SPIN.                       | 95 F - "REDUCED ENERGY" FOR NON COULOMB INTERACTION IN
 44 F - COULOMB CORRECTIONS.                               |        RELATIVISTIC SCHROEDINGER EQUATION OR USE OF REST
 45 F - ANGULAR MOMENTUM LIMIT FOR COULOMB CORRECTIONS.    |        MASS IN DIRAC EQUATION.
 46 F - RESTRICTED COULOMB CORRECTIONS.                    | 96 F - "REDUCED MASS" FOR COULOMB INTERACTION IN
 47 F - NO RECOIL CORRECTION FOR BOUND STATES.             |        RELATIVISTIC SCHROEDINGER EQUATION.
                                                           | 97 F - SAME REDUCED MASS FOR ALL THE STATES.
 51 F - OUTPUT OF POTENTIALS.                              | 98 F - Q ADDED TO THE MASS OF RESIDUAL NUCLEUS.
 52 F - OUTPUT OF REDUCED NUCLEAR MATRIX ELEMENTS.         | 99 F - SCHROEDINGER EQUIVALENT TO DIRAC EQUATION.
 53 F - OUTPUT OF THE NUMBER OF ITERATIONS.                |100 F - COMPLETE DIRAC EQUATION.
1
          **********************************************************************************
          *                                                                                *
          *      56.00000 MeV deuteron on  92ZR: SPHERICAL OMP                             *
          *                                                                                *
          **********************************************************************************

 MAXIMUM NUMBER OF J    62  (MIN  0) STOP WHEN MAXIMUM S-MATRIX ELEMENT IS LESS THAN        0.1000D-04

 PLOT CONDITIONS FOR CROSS-SECTIONS    2    2     FOR POLARISATIONS    1    1

          ITERATION METHOD:  MAXIMUM NUMBER OF ITERATIONS         1
          CONVERGENCE CRITERION:     1.0000D-05 FOR S-MATRIX     1.0000D-05 FOR POTENTIALS AND FUNCTIONS.


 INDICATIONS FOR EXPANSION OF CROSS-SECTIONS IN LEGENDRE POLYNOMIALS:    2    0    0

 FIRST ORDER VIBRATIONAL MODEL.


 TARGET              MASS =  91.90504           PRODUCT OF CHARGES =   40.           AT**1/3 =   4.512804D+00
 INCIDENT PARTICLE   MASS =   2.01410      SPIN = 1.0   AP**1/3 =   1.262875D+00
          ENERGY(LAB) =   5.600000D+01 MEV          ENERGY(C. M.) =   5.479908D+01 MEV.

 N =  1 -   SPIN = 0.0+ EXCITATION ENERGY =  0.0000 MEV          POTENTIAL    1


 OPTICAL POTENTIALS  **  1 **     REDUCED RADIUS MULTIPLIED BY     4.512804D+00

      DEFORMED  VOLUME/SCALAR REAL POTENTIAL
 DEPTH   83.958290 MEV   RADIUS  5.190988 FERMI (REDUCED VALUE 1.150280)   DIFFUSENESS 0.775880 FERMI AT THE POWER (1+ 0.000000)

      DEFORMED  VOLUME/SCALAR IMAGINARY POTENTIAL
 DEPTH    4.587200 MEV   RADIUS  5.988897 FERMI (REDUCED VALUE 1.327090)   DIFFUSENESS 0.403560 FERMI AT THE POWER (1+ 0.000000)

      DEFORMED  SURFACE/VECTOR REAL POTENTIAL
 DEPTH    0.000000 MEV   RADIUS  0.000000 FERMI (REDUCED VALUE 0.000000)   DIFFUSENESS 0.000000 FERMI AT THE POWER (1+ 0.000000)

      DEFORMED  SURFACE/VECTOR IMAGINARY POTENTIAL
 DEPTH    9.116400 MEV   RADIUS  6.172026 FERMI (REDUCED VALUE 1.367670)   DIFFUSENESS 0.810890 FERMI AT THE POWER (1+ 0.000000)

  NOT DEFORMED  REAL SPIN-ORBIT/TENSOR POTENTIAL
 DEPTH    3.557000 MEV   RADIUS  4.386445 FERMI (REDUCED VALUE 0.972000)   DIFFUSENESS 1.011000 FERMI AT THE POWER (1+ 0.000000)

  NOT DEFORMED  IMAGINARY SPIN-ORBIT/TENSOR POTENTIAL
 DEPTH    0.000000 MEV   RADIUS  0.000000 FERMI (REDUCED VALUE 0.000000)   DIFFUSENESS 0.000000 FERMI AT THE POWER (1+ 0.000000)

      DEFORMED  COULOMB POTENTIAL
  CHARGE PRODUCT    40.  RADIUS  5.880183 FERMI (REDUCED VALUE 1.303000)   DIFFUSENESS 0.000000 FERMI AT THE POWER (1+ 0.000000)

  NOT DEFORMED  SPIN-ORBIT COULOMB POTENTIAL
 DEPTH    0.000000 MEV   RADIUS  0.000000 FERMI (REDUCED VALUE 0.000000)   DIFFUSENESS 0.000000 FERMI AT THE POWER (1+ 0.000000)
              THIRD CHARGE PARAMETER40.000000

 INTEGRATION STEP SIZE = 0.10101          MATCHING RADIUS =  40.000 FERMI

 SCATTERING ANGLES FROM  0.000 IN STEPS OF  2.000 UP TO 180.000 DEGREES   AVERAGED WITH +/-   0.000 DEGREES.


       2 SOLUTIONS         2 COUPLED EQUATIONS         5 INDEPENDENT AMPLITUDES.


 LEVEL       WAVE NUMBER  COULOMB PARAMETER   REDUCED MASS       REDUCED ENERGY     STEP SIZE
     1      2.2732036318      1.1946670055   1835.8886671762   1835.8886671762      0.1010101010
 MAXIMUM J-VALUE =  60.0                MAXIMUM SCATTERING COEFFICIENT AT THE END   0.846D-05
 MAXIMUM J-VALUE =  61.0                MAXIMUM SCATTERING COEFFICIENT AT THE END   0.787D-05
1 COEFFICIENTS OF LEGENDRE POLYNOMIALS DESCRIBING THE CROSS-SECTIONS.

 DIRECT INTERACTION FOR LEVEL 1 MULTIPLIED BY (1-COS(THETA))**( 2 ) 184 COEFFICIENTS
    L        C(L)              C(L+1)             C(L+2)             C(L+3)             C(L+4)
    0  -2.4665934654D+00   1.1742857886D-01   1.2884582433D-02   1.1572526728D-02   3.1099897859D-02
    5   3.0225852150D-02   1.8542013163D-02   6.5334399295D-03   8.1232529983D-04  -8.4603862791D-04
   10   3.2721517587D-04   1.5581397761D-03   2.6222805722D-03   2.8286015344D-03   2.6097751825D-03
   15   1.8836275212D-03   9.7615106827D-04   1.5556220597D-04  -2.8286282696D-04   1.9187485105D-04
   20   1.8224591424D-03   4.3511087362D-03   6.3992066749D-03   6.3048682259D-03   3.6019032517D-03
   25   7.0792441397D-04   5.5990113575D-04   1.1259848533D-03   7.5827984139D-04  -2.0646932450D-03
   30  -5.3908333931D-03  -7.1845870123D-03  -6.7097623464D-03  -4.5936829356D-03  -1.9594100059D-03
   35   3.0672737189D-04   1.8095697050D-03   2.5482904873D-03   2.7137135748D-03   2.5344875761D-03
   40   2.1933585206D-03   1.8117367262D-03   1.4546702645D-03   1.1485177905D-03   8.9886734707D-04
   45   7.0159267360D-04   5.4940165814D-04   4.2773426378D-04   3.3272763069D-04   2.5916252370D-04
   50   2.0037127747D-04   1.5123349084D-04   1.1181894334D-04   7.8814370367D-05   5.2125624222D-05
   55   2.9837991257D-05   1.1068649477D-05  -4.7091079873D-06  -1.7608538602D-05  -2.9125860492D-05
   60  -3.8463376712D-05  -4.5727551890D-05  -4.9531156529D-05  -5.6417757680D-05  -5.9928264262D-05
   65  -6.2421240644D-05  -6.3856089902D-05  -6.5092248379D-05  -6.5873716366D-05  -6.6595800231D-05
   70  -6.6581870581D-05  -6.6535757718D-05  -6.5015693466D-05  -6.4324365551D-05  -6.4027198944D-05
   75  -6.3250235244D-05  -6.0524237174D-05  -5.9280688423D-05  -5.8305766083D-05  -5.6674049877D-05
   80  -5.4979758366D-05  -5.3316650406D-05  -5.1666480389D-05  -5.0018733063D-05  -4.8374839468D-05
   85  -4.6740273105D-05  -4.5121960643D-05  -4.3525817204D-05  -4.1956855981D-05  -4.0419135937D-05
   90  -3.8914690053D-05  -3.7447211832D-05  -3.6016935632D-05  -3.4625911829D-05  -3.3274661910D-05
   95  -3.1963841938D-05  -3.0693221212D-05  -2.9463404310D-05  -2.8273676327D-05  -2.7123990355D-05
  100  -2.6013316708D-05  -2.4941988964D-05  -2.3908137907D-05  -2.2911734001D-05  -2.1951735462D-05
  105  -2.1027323770D-05  -2.0136973305D-05  -1.9280856926D-05  -1.8456894450D-05  -1.7664719281D-05
  110  -1.6903034392D-05  -1.6171382654D-05  -1.5467843182D-05  -1.4792507508D-05  -1.4143580360D-05
  115  -1.3520801278D-05  -1.2922450406D-05  -1.2348682089D-05  -1.1797441432D-05  -1.1269051010D-05
  120  -1.0761385843D-05  -1.0275354478D-05  -9.8079969586D-06  -9.3605716589D-06  -8.9311517697D-06
  125  -8.5194201524D-06  -8.1246315702D-06  -7.7461209377D-06  -7.3832463132D-06  -7.0353884811D-06
  130  -6.7019504894D-06  -6.3823571467D-06  -6.0760544924D-06  -5.7825092416D-06  -5.5012082156D-06
  135  -5.2316577597D-06  -4.9733831554D-06  -4.7259280291D-06  -4.4888537618D-06  -4.2617389016D-06
  140  -4.0441785823D-06  -3.8357839491D-06  -3.6361815945D-06  -3.4450130036D-06  -3.2619340123D-06
  145  -3.0866142771D-06  -2.9187367591D-06  -2.7579972208D-06  -2.6041037381D-06  -2.4567762257D-06
  150  -2.3157459780D-06  -2.1807552235D-06  -2.0515566950D-06  -1.9279132130D-06  -1.8095972847D-06
  155  -1.6963907154D-06  -1.5880842358D-06  -1.4844771411D-06  -1.3853769448D-06  -1.2905990439D-06
  160  -1.1999663985D-06  -1.1133092225D-06  -1.0304646865D-06  -9.5127663253D-07  -8.7559529993D-07
  165  -8.0327706170D-07  -7.3418417204D-07  -6.6818452343D-07  -6.0515141377D-07  -5.4496332288D-07
  170  -4.8750369838D-07  -4.3266074965D-07  -3.8032725130D-07  -3.3040035357D-07  -2.8278140140D-07
  175  -2.3737576060D-07  -1.9409265139D-07  -1.5284498882D-07  -1.1354922980D-07  -7.6125226487D-08
  180  -4.0496086011D-08  -6.5880357509D-09   2.5669705454D-08   5.6345050990D-08
1       56.00000 MeV deuteron on  92ZR: SPHERICAL OMP                         


 TOTAL REACTION CROSS SECTION =   2097.510029 MILLIBARNS.

 ELASTIC SCATTERING ON THE TARGET STATE OF SPIN =  0.0+

      ANGLE    CROSS-SECTION     C. S./RUTHER.     ASYM. OR IT11               T20               T21               T22  
      0.000     0.18471D+05        1847.0796023         0.0000000         0.0004924         0.0000000         0.0000000
      2.000     0.75196D+07           1.0103250        -0.0013242        -0.0000355         0.0000006        -0.0000057
      4.000     0.33451D+06           0.7186610         0.0001181        -0.0000311         0.0000023         0.0000382
      6.000     0.62263D+05           0.6765070         0.0237807         0.0008456        -0.0000392         0.0002887
      8.000     0.20929D+05           0.7176863         0.0326344         0.0014091        -0.0001023         0.0001708
     10.000     0.61591D+04           0.5146909         0.0216850         0.0001446        -0.0000796        -0.0010515
     12.000     0.13660D+04           0.2361716         0.0212772        -0.0090362         0.0006154        -0.0055610
     14.000     0.71371D+03           0.2280027         0.1206380        -0.0156729         0.0015988        -0.0042996
     16.000     0.89215D+03           0.4847310         0.1172144        -0.0037072         0.0006539         0.0027756
     18.000     0.75781D+03           0.6572518         0.0753018         0.0047338        -0.0002610         0.0071022
     20.000     0.38823D+03           0.5112204         0.0036525         0.0139661        -0.0016105         0.0111684
     22.000     0.10349D+03           0.1986650        -0.1748957         0.0262393        -0.0048988         0.0072606
     24.000     0.13067D+02           0.0353607        -0.3211153        -0.0994075        -0.0026178        -0.1990965
     26.000     0.33928D+02           0.1258222         0.4741177        -0.1076785         0.0131711        -0.1102737
     28.000     0.59235D+02           0.2938498         0.3971798        -0.0587519         0.0114980        -0.0445880
     30.000     0.51010D+02           0.3315010         0.3426720        -0.0351372         0.0120874        -0.0134652
     32.000     0.26417D+02           0.2208446         0.2717183        -0.0048652         0.0138619         0.0251244
     34.000     0.92326D+01           0.0977029         0.0084132         0.0649366         0.0102573         0.0895056
     36.000     0.49935D+01           0.0659449        -0.4632147         0.0783443        -0.0160685         0.0260746
     38.000     0.61607D+01           0.1002395        -0.3224360        -0.0366268        -0.0207213        -0.1168431
     40.000     0.57955D+01           0.1148520        -0.1723163        -0.1208633        -0.0149698        -0.2021152
     42.000     0.32819D+01           0.0783937        -0.0636736        -0.2324424        -0.0070278        -0.3236117
     44.000     0.13535D+01           0.0386004         0.1635495        -0.3389998         0.0093900        -0.4179759
     46.000     0.15658D+01           0.0528567         0.1397423        -0.0131091         0.0031025        -0.0001015
     48.000     0.30237D+01           0.1198484        -0.0777843         0.1011399        -0.0102357         0.1202115
     50.000     0.39940D+01           0.1845196        -0.2274106         0.0983855        -0.0165763         0.1056481
     52.000     0.36979D+01           0.1977722        -0.3728973         0.0732127        -0.0214810         0.0675228
     54.000     0.26327D+01           0.1619678        -0.5126998         0.0277264        -0.0252828         0.0072350
     56.000     0.17275D+01           0.1215316        -0.5041121        -0.0350420        -0.0224236        -0.0655277
     58.000     0.14676D+01           0.1174170        -0.1865349        -0.0463049        -0.0082596        -0.0626769
     60.000     0.16921D+01           0.1531571         0.0615010         0.0112281         0.0014142         0.0181656
     62.000     0.19509D+01           0.1988100         0.0738435         0.0609116         0.0018506         0.0788703
     64.000     0.19386D+01           0.2213951        -0.0162126         0.0839908        -0.0011782         0.1031975
     66.000     0.16550D+01           0.2108960        -0.1238247         0.0813582        -0.0045339         0.0951374
     68.000     0.12889D+01           0.1825223        -0.1815886         0.0508242        -0.0058747         0.0533225
     70.000     0.10176D+01           0.1595068        -0.1158407         0.0031088        -0.0027421        -0.0073332
     72.000     0.89172D+00           0.1541511         0.0527772        -0.0245812         0.0039304        -0.0405032
     74.000     0.85434D+00           0.1623034         0.1870131        -0.0119810         0.0092132        -0.0235908
     76.000     0.82093D+00           0.1708111         0.2191973         0.0206868         0.0107267         0.0163767
     78.000     0.74566D+00           0.1693838         0.1780647         0.0483107         0.0094031         0.0481325
     80.000     0.63513D+00           0.1570279         0.1147339         0.0563209         0.0068457         0.0542567
     82.000     0.52189D+00           0.1400222         0.0796979         0.0383299         0.0047232         0.0276477
     84.000     0.43349D+00           0.1258541         0.1101082         0.0015177         0.0045942        -0.0217145
     86.000     0.37563D+00           0.1176885         0.1971203        -0.0301909         0.0067924        -0.0634875
     88.000     0.33770D+00           0.1138842         0.2861584        -0.0371834         0.0097751        -0.0738657
     90.000     0.30556D+00           0.1106311         0.3321604        -0.0207584         0.0116320        -0.0553985
     92.000     0.27093D+00           0.1050599         0.3289681         0.0036128         0.0114605        -0.0278595
     94.000     0.23386D+00           0.0968971         0.2964852         0.0195079         0.0093969        -0.0113167
     96.000     0.19835D+00           0.0876146         0.2657439         0.0164731         0.0064347        -0.0180571
     98.000     0.16852D+00           0.0791789         0.2643477        -0.0061075         0.0040168        -0.0484279
    100.000     0.14542D+00           0.0725267         0.3013430        -0.0357728         0.0033086        -0.0872664
    102.000     0.12766D+00           0.0674378         0.3596789        -0.0556758         0.0041898        -0.1146811
    104.000     0.11316D+00           0.0631898         0.4088387        -0.0567335         0.0053065        -0.1196683
    106.000     0.10022D+00           0.0590454         0.4300936        -0.0423193         0.0053082        -0.1057432
    108.000     0.88147D-01           0.0546869         0.4221142        -0.0237741         0.0036510        -0.0855822
    110.000     0.76635D-01           0.0499721         0.4004175        -0.0135208         0.0009379        -0.0737198
    112.000     0.65973D-01           0.0451340         0.3869589        -0.0181184        -0.0016907        -0.0792312
    114.000     0.56635D-01           0.0405783         0.3949113        -0.0352059        -0.0036177        -0.1011918
    116.000     0.49029D-01           0.0367260         0.4266547        -0.0571816        -0.0050789        -0.1320293
    118.000     0.43328D-01           0.0338749         0.4641064        -0.0725959        -0.0068914        -0.1564560
    120.000     0.39106D-01           0.0318574         0.4858226        -0.0762986        -0.0092829        -0.1645578
    122.000     0.35660D-01           0.0302205         0.4881242        -0.0709072        -0.0111248        -0.1576213
    124.000     0.32076D-01           0.0282337         0.4807258        -0.0605520        -0.0113652        -0.1425011
    126.000     0.27935D-01           0.0254986         0.4800212        -0.0515178        -0.0106518        -0.1315182
    128.000     0.23664D-01           0.0223652         0.4931986        -0.0476390        -0.0115578        -0.1324985
    130.000     0.20084D-01           0.0196248         0.5149447        -0.0521597        -0.0173096        -0.1474006
    132.000     0.17836D-01           0.0179909         0.5237526        -0.0664762        -0.0276391        -0.1685389
    134.000     0.16823D-01           0.0174921         0.5080832        -0.0867099        -0.0356430        -0.1842857
    136.000     0.16283D-01           0.0174282         0.4887835        -0.1019525        -0.0348067        -0.1899504
    138.000     0.15250D-01           0.0167769         0.4885448        -0.1026837        -0.0266404        -0.1879990
    140.000     0.13310D-01           0.0150302         0.5218524        -0.0904393        -0.0188070        -0.1891372
    142.000     0.10924D-01           0.0126452         0.5808660        -0.0706306        -0.0225179        -0.1964893
    144.000     0.90529D-02           0.0107264         0.6236797        -0.0598694        -0.0461859        -0.2037539
    146.000     0.83994D-02           0.0101736         0.5901620        -0.0752307        -0.0750716        -0.1962327
    148.000     0.88027D-02           0.0108849         0.4988288        -0.1027494        -0.0783129        -0.1759362
    150.000     0.93678D-02           0.0118101         0.4364928        -0.1134334        -0.0555486        -0.1659676
    152.000     0.91034D-02           0.0116859         0.4395822        -0.0946256        -0.0291273        -0.1752715
    154.000     0.77404D-02           0.0101043         0.5156009        -0.0576198        -0.0238147        -0.2137289
    156.000     0.59497D-02           0.0078878         0.6486666        -0.0369866        -0.0717525        -0.2804388
    158.000     0.49033D-02           0.0065935         0.7206254        -0.1085232        -0.1739649        -0.3252313
    160.000     0.53888D-02           0.0073408         0.5860698        -0.2326773        -0.2045195        -0.2733732
    162.000     0.71285D-02           0.0098247         0.4086337        -0.2389401        -0.1260143        -0.1900657
    164.000     0.89848D-02           0.0125131         0.3241833        -0.1267319        -0.0410146        -0.1514429
    166.000     0.97272D-02           0.0136720         0.3103772         0.0637599        -0.0091780        -0.1515825
    168.000     0.90997D-02           0.0128922         0.3286249         0.2835794        -0.0807693        -0.1821907
    170.000     0.80042D-02           0.0114167         0.3263676         0.3677022        -0.3162442        -0.2262068
    172.000     0.78716D-02           0.0112893         0.2374834         0.0144733        -0.6221958        -0.2147461
    174.000     0.96414D-02           0.0138868         0.1035172        -0.6370113        -0.6851232        -0.1333995
    176.000     0.12839D-01           0.0185483         0.0232248        -1.0961940        -0.5023589        -0.0562554
    178.000     0.16035D-01           0.0232092         0.0001650        -1.3001916        -0.2499059        -0.0127611
    180.000     0.17435D-01           0.0252499         0.0000000        -1.3521757         0.0000000         0.0000000


 *** WORKSPACE USED IN THIS COMPUTATION     16153  ***            34983847 MEMORIES NOT USED.

  End time: 16:00.24 (21-02-2024)

  Calculation time:     2 min  3 s
