
  End time: 16:00.08 (21-02-2024)

  Calculation time:     2 min 11 s
1                    E. C. I. S. CODE FOR COUPLED CHANNELS CALCULATIONS ( 2006 ) WORKING FIELD LENGTH =  35000000

                        TO OBTAIN THE INPUT DESCRIPTION, PUNCH 'DESCRIPTION ' IN COLUMNS 1-12 OF THE FIRST CARD.


  1 F - ROTATIONAL MODEL-(.F.: VIBRATIONAL MODEL).         | 54 F - OUTPUT OF THE LENGTH USED IN THE WORKING FIELD.
  2 F - SECOND ORDER VIBRATIONAL MODEL-(.F.: FIRST ORDER)  | 55 F - OUTPUT OF C-MATRIX ELEMENTS AND COMPOUND NUCLEUS
        OR CONSTRAINED ASYMMETRIC ROTATIONAL MODEL.        |        INTERMEDIATE RESULTS.
  3 F - ANHARMONIC VIBRATIONAL MODEL-(.F.: HARMONIC) OR    | 56 T - OUTPUT OF S-MATRIX ELEMENTS.
        ASYMMETRIC ROTATIONAL MODEL-(.F.: SYMMETRIC).      | 57 F - OUTPUT OF PHASE-SHIFTS AT EACH E.C.I.S. ITERATION.
  4 F - PARAMETRISED SPIN-ORBIT DEFORMATION-(.F.:STANDARD) | 58 F - OUTPUT OF THE COEFFICIENTS OF EACH FORM FACTOR
  5 F - DIFFERENT DEFORMATION FOR EACH POTENTIAL(.F.: SAME)|        FOR ALL SETS OF EQUATIONS.
  6 F - USE OF DEFORMATION LENGTHS.                        | 59 T - TOTAL ELASTIC REACTION CROSS-SECTIONS WRITTEN ON
  7 F - NUCLEAR MATRIX ELEMENTS AND FORM FACTORS ON CARDS. |        FILE 58 AND TOTAL INELASTIC REACTION
  8 F - RELATIVISTIC KINEMATICS.                           |        CROSS-SECTIONS ON FILE 59.
  9 F - SYMMETRISED WOODS-SAXON FORM FOR NEGATIVE RADII.   | 60 T - S-MATRIX ELEMENTS WRITTEN ON FILE 60.
 10 F - DISPERSION RELATIONS FOR POTENTIALS.               |
                                                           | 61 F - REDUCED NUCLEAR MATRIX ELEMENTS WRITTEN ON FILE 61.
 11 T - DEFORMED COULOMB POTENTIAL.                        | 62 F - POTENTIALS WRITTEN ON FILE 62.
 12 T - DEFORMED IMAGINARY POTENTIAL.                      | 63 T - PENETRABILITIES WRITTEN ON FILE 63.
 13 F - DEFORMED REAL SPIN-ORBIT/TENSOR POTENTIAL.         | 64 T - RESULTS FOR EXPERIMENTAL DATA ON FILE 64
 14 F - DEFORMED IMAGINARY SPIN-ORBIT/TENSOR POTENTIAL.    |        AND AT EQUIDISTANT ANGLES WRITTEN ON FILE 66.
 15 F - REDUCED NUCLEAR MATRIX ELEMENTS READ FROM CARDS.   | 65 T - LEGENDRE EXPANSION FOR CROSS-SECTIONS WRITTEN ON
 16 F - HEAVY-ION DEFINITION OF RADII AND DEFORMATIONS.    |        FILE 65.
 17 F - FOLDING MODEL.                                     | 66 F - NO CALCULATION AT EQUIDISTANT ANGLES.
 18 F - PROJECTILE-TARGET ANTISYMMETRISATION.              | 67 T - NO PLOT OF EXPERIMENTAL DATA.
 19 F - DEFORMED COULOMB SPIN-ORBIT POTENTIAL.             | 68 T - NO PLOT OF CROSS-SECTIONS AT EQUIDISTANT ANGLES.
 20 F - DISPERSION RELATIONS FOR TRANSITION FORM-FACTORS.  | 69 T - NO PLOT OF POLARISATIONS AT EQUIDISTANT ANGLES.
                                                           |
 21 F - USUAL COUPLED EQUATIONS-(.F.: ITERATIONS).         | 71 F - NO DETAILED OUTPUT OF LOGICAL CONTROLS.
 22 F - NO USE OF PADE FOR CONVERGENCE OF THE ITERATIONS.  | 72 T - NO OUTPUT OF EXPERIMENTAL DATA AS THEY ARE READ.
 23 T - NO USE OF PADE WITHOUT CONVERGENCE.                | 73 T - NO OUTPUT OF EXTERNAL POTENTIALS AS THEY ARE READ.
 24 F - COUPLING POTENTIALS COMPUTED AT EACH ITERATION.    | 74 F - OUTPUT OF VARIATIONS IN STORAGE.
 25 F - COMPLETE CALCULATION UP TO THE END-(.F.: ONE ITE-  | 75 T - NO COMPLETE OUTPUT AT THE FIRST RUN OF A SEARCH.
        RATION ONLY AS SOON AS TWO ITERATIONS ARE ENOUGH). | 76 F - LO(51) TO LO(65) ARE ALWAYS USED-(.F.: ONLY FOR
 26 F - INTEGRATION STABILISED FOR LONG RANGE POTENTIAL.   |        COMPLETE OUTPUT)
 27 F - NUMEROV'S METHOD FOR SINGLE EQUATIONS-(.F.: MODI-  | 77 F - OUTPUT OF TIME DIFFERENCES DURING THE SEARCH.
        FIED NUMEROV'S METHOD).                            | 78 F - OUTPUT OF DIFFERENCES BETWEEN EXPERIMENTAL
 28 T - COMPUTATION UP TO J-CONVERGENCE-(.F.: STOP WHEN    |        AND CALCULATED VALUES.
        ALL THE INHOMOGENEOUS TERMS ARE NEGLIGIBLE).       |
 29 F - NO DIAGONAL TERM IN SECOND MEMBERS.                | 81 F - HAUSER-FESHBACH CORRECTIONS TO CROSS-SECTIONS.
 30 T - PURE DWBA CALCULATION.                             | 82 F - SIMPLEST COMPOUND NUCLEUS FORMALISM.
                                                           | 83 T - NO ENGELBRETCH-WEIDENMULLER TRANSFORMATION IN
 31 F - INPUT OF EXPERIMENTAL DATA AND CHI2 CALCULATION.   |        IN COMPOUND NUCLEUS.
 32 F - AUTOMATIC SEARCH ON SOME PARAMETERS.               | 84 F - UNCOUPLED LEVELS FOR COMPOUND NUCLEUS.
 33 F - SYMMETRISED CHI2 FOR CROSS-SECTIONS.               | 85 F - FISSION DATA IN COMPOUND NUCLEUS.
 34 F - NEXT CALCULATION CHANGING ENERGY AND/OR SOME       | 86 F - GAMMA EMISSION DATA IN COMPOUND NUCLEUS.
        PARAMETERS.                                        | 87 F - NO WIDTH FLUCTUATIONS.
 35 F - SEARCH SAVED ON TAPE 8 IF ENDED OR LACK OF TIME.   |
 36 F - RESTART A SEARCH FROM TAPE 8.                      | 91 F - EQUIDISTANT ANGLES IN THE LABORATORY SYSTEM.
                                                           | 92 F - NON STANDARD OBSERVABLES AT EQUIDISTANT ANGLES.
 41 F - FACTORISATION OF 1/(1-COS(THETA)) IN AMPLITUDES.   | 93 F - NO RECOIL CORRECTION FOR REACTIONS.
 42 F - SCHMIDT'S ORTHOGONAL. IN USUAL COUPLED EQUATIONS.  | 94 F - NON RELATIVISTIC "REDUCED MASS" FOR DIRAC EQUATION.
 43 F - INTERPOLATION ON TOTAL SPIN.                       | 95 F - "REDUCED ENERGY" FOR NON COULOMB INTERACTION IN
 44 F - COULOMB CORRECTIONS.                               |        RELATIVISTIC SCHROEDINGER EQUATION OR USE OF REST
 45 F - ANGULAR MOMENTUM LIMIT FOR COULOMB CORRECTIONS.    |        MASS IN DIRAC EQUATION.
 46 F - RESTRICTED COULOMB CORRECTIONS.                    | 96 F - "REDUCED MASS" FOR COULOMB INTERACTION IN
 47 F - NO RECOIL CORRECTION FOR BOUND STATES.             |        RELATIVISTIC SCHROEDINGER EQUATION.
                                                           | 97 F - SAME REDUCED MASS FOR ALL THE STATES.
 51 F - OUTPUT OF POTENTIALS.                              | 98 F - Q ADDED TO THE MASS OF RESIDUAL NUCLEUS.
 52 F - OUTPUT OF REDUCED NUCLEAR MATRIX ELEMENTS.         | 99 F - SCHROEDINGER EQUIVALENT TO DIRAC EQUATION.
 53 F - OUTPUT OF THE NUMBER OF ITERATIONS.                |100 F - COMPLETE DIRAC EQUATION.
1
          **********************************************************************************
          *                                                                                *
          *      56.00000 MeV deuteron on  94ZR: SPHERICAL OMP                             *
          *                                                                                *
          **********************************************************************************

 MAXIMUM NUMBER OF J    62  (MIN  0) STOP WHEN MAXIMUM S-MATRIX ELEMENT IS LESS THAN        0.1000D-04

 PLOT CONDITIONS FOR CROSS-SECTIONS    2    2     FOR POLARISATIONS    1    1

          ITERATION METHOD:  MAXIMUM NUMBER OF ITERATIONS         1
          CONVERGENCE CRITERION:     1.0000D-05 FOR S-MATRIX     1.0000D-05 FOR POTENTIALS AND FUNCTIONS.


 INDICATIONS FOR EXPANSION OF CROSS-SECTIONS IN LEGENDRE POLYNOMIALS:    2    0    0

 FIRST ORDER VIBRATIONAL MODEL.


 TARGET              MASS =  93.90632           PRODUCT OF CHARGES =   40.           AT**1/3 =   4.545325D+00
 INCIDENT PARTICLE   MASS =   2.01410      SPIN = 1.0   AP**1/3 =   1.262875D+00
          ENERGY(LAB) =   5.600000D+01 MEV          ENERGY(C. M.) =   5.482413D+01 MEV.

 N =  1 -   SPIN = 0.0+ EXCITATION ENERGY =  0.0000 MEV          POTENTIAL    1


 OPTICAL POTENTIALS  **  1 **     REDUCED RADIUS MULTIPLIED BY     4.545325D+00

      DEFORMED  VOLUME/SCALAR REAL POTENTIAL
 DEPTH   83.917660 MEV   RADIUS  5.228442 FERMI (REDUCED VALUE 1.150290)   DIFFUSENESS 0.776290 FERMI AT THE POWER (1+ 0.000000)

      DEFORMED  VOLUME/SCALAR IMAGINARY POTENTIAL
 DEPTH    4.587200 MEV   RADIUS  6.031328 FERMI (REDUCED VALUE 1.326930)   DIFFUSENESS 0.400320 FERMI AT THE POWER (1+ 0.000000)

      DEFORMED  SURFACE/VECTOR REAL POTENTIAL
 DEPTH    0.000000 MEV   RADIUS  0.000000 FERMI (REDUCED VALUE 0.000000)   DIFFUSENESS 0.000000 FERMI AT THE POWER (1+ 0.000000)

      DEFORMED  SURFACE/VECTOR IMAGINARY POTENTIAL
 DEPTH    9.116400 MEV   RADIUS  6.215414 FERMI (REDUCED VALUE 1.367430)   DIFFUSENESS 0.812900 FERMI AT THE POWER (1+ 0.000000)

  NOT DEFORMED  REAL SPIN-ORBIT/TENSOR POTENTIAL
 DEPTH    3.557000 MEV   RADIUS  4.418056 FERMI (REDUCED VALUE 0.972000)   DIFFUSENESS 1.011000 FERMI AT THE POWER (1+ 0.000000)

  NOT DEFORMED  IMAGINARY SPIN-ORBIT/TENSOR POTENTIAL
 DEPTH    0.000000 MEV   RADIUS  0.000000 FERMI (REDUCED VALUE 0.000000)   DIFFUSENESS 0.000000 FERMI AT THE POWER (1+ 0.000000)

      DEFORMED  COULOMB POTENTIAL
  CHARGE PRODUCT    40.  RADIUS  5.922558 FERMI (REDUCED VALUE 1.303000)   DIFFUSENESS 0.000000 FERMI AT THE POWER (1+ 0.000000)

  NOT DEFORMED  SPIN-ORBIT COULOMB POTENTIAL
 DEPTH    0.000000 MEV   RADIUS  0.000000 FERMI (REDUCED VALUE 0.000000)   DIFFUSENESS 0.000000 FERMI AT THE POWER (1+ 0.000000)
              THIRD CHARGE PARAMETER40.000000

 INTEGRATION STEP SIZE = 0.10000          MATCHING RADIUS =  40.000 FERMI

 SCATTERING ANGLES FROM  0.000 IN STEPS OF  2.000 UP TO 180.000 DEGREES   AVERAGED WITH +/-   0.000 DEGREES.


       2 SOLUTIONS         2 COUPLED EQUATIONS         5 INDEPENDENT AMPLITUDES.


 LEVEL       WAVE NUMBER  COULOMB PARAMETER   REDUCED MASS       REDUCED ENERGY     STEP SIZE
     1      2.2742430177      1.1946670055   1836.7280978321   1836.7280978321      0.1000000000
 MAXIMUM J-VALUE =  60.0                MAXIMUM SCATTERING COEFFICIENT AT THE END   0.818D-05
 MAXIMUM J-VALUE =  59.0                MAXIMUM SCATTERING COEFFICIENT AT THE END   0.996D-05
1 COEFFICIENTS OF LEGENDRE POLYNOMIALS DESCRIBING THE CROSS-SECTIONS.

 DIRECT INTERACTION FOR LEVEL 1 MULTIPLIED BY (1-COS(THETA))**( 2 ) 181 COEFFICIENTS
    L        C(L)              C(L+1)             C(L+2)             C(L+3)             C(L+4)
    0  -2.4674214659D+00   1.1613027025D-01   1.3569663940D-02   1.2588863807D-02   3.1434217772D-02
    5   2.9898166449D-02   1.8009992355D-02   6.1062310606D-03   6.0573803277D-04  -8.6599374848D-04
   10   4.2968583617D-04   1.7104486869D-03   2.8020314424D-03   2.9952780176D-03   2.7818023128D-03
   15   2.0335126029D-03   1.1027590498D-03   1.7822848841D-04  -4.3040148932D-04  -2.4457854145D-04
   20   1.0769526928D-03   3.5223704821D-03   5.8784812677D-03   6.5484202724D-03   4.4653285259D-03
   25   1.4344015163D-03   6.4792754141D-04   1.0179737990D-03   1.0780962779D-03  -1.3701149615D-03
   30  -4.7274876587D-03  -6.9379165316D-03  -6.9445830866D-03  -5.1246060886D-03  -2.5459073461D-03
   35  -1.6956788240D-04   1.5047948439D-03   2.4030420880D-03   2.6834899300D-03   2.5718697062D-03
   40   2.2618554413D-03   1.8877887800D-03   1.5258225673D-03   1.2086276183D-03   9.4966908938D-04
   45   7.4373117049D-04   5.7926618732D-04   4.5295182819D-04   3.5440444681D-04   2.7698455947D-04
   50   2.1367867557D-04   1.6269870134D-04   1.2172448290D-04   8.8018661048D-05   5.9781380400D-05
   55   3.6838636230D-05   1.6907294064D-05   4.6537889034D-07  -1.3456380643D-05  -2.5582677025D-05
   60  -3.5057445298D-05  -4.0262937273D-05  -4.9095898778D-05  -5.4017588630D-05  -5.7346207062D-05
   65  -6.0070135858D-05  -6.2270077305D-05  -6.3535627561D-05  -6.4969733607D-05  -6.5889173178D-05
   70  -6.6175724975D-05  -6.4867684013D-05  -6.4532299883D-05  -6.4790191159D-05  -6.4173726019D-05
   75  -6.1708536301D-05  -6.0426162085D-05  -5.9727497751D-05  -5.8251922425D-05  -5.6645768464D-05
   80  -5.5049818738D-05  -5.3452616718D-05  -5.1844124481D-05  -5.0226980387D-05  -4.8606624420D-05
   85  -4.6993688995D-05  -4.5393686884D-05  -4.3813785296D-05  -4.2258960487D-05  -4.0732779207D-05
   90  -3.9238249520D-05  -3.7778408702D-05  -3.6354287010D-05  -3.4967776730D-05  -3.3619522864D-05
   95  -3.2310745980D-05  -3.1040685897D-05  -2.9810731087D-05  -2.8619945042D-05  -2.7468215692D-05
  100  -2.6355162183D-05  -2.5280662780D-05  -2.4243010037D-05  -2.3242720009D-05  -2.2278130359D-05
  105  -2.1348819126D-05  -2.0453534248D-05  -1.9592035813D-05  -1.8762424679D-05  -1.7964733938D-05
  110  -1.7197189857D-05  -1.6459554849D-05  -1.5750091578D-05  -1.5068800370D-05  -1.4413684571D-05
  115  -1.3784921802D-05  -1.3180501083D-05  -1.2600752821D-05  -1.2043316540D-05  -1.1509320921D-05
  120  -1.0995587785D-05  -1.0503400258D-05  -1.0030799920D-05  -9.5774094101D-06  -9.1424463941D-06
  125  -8.7252031575D-06  -8.3249950287D-06  -7.9411601648D-06  -7.5730592624D-06  -7.2200752021D-06
  130  -6.8816126418D-06  -6.5570975651D-06  -6.2459767967D-06  -5.9477174901D-06  -5.6618065960D-06
  135  -5.3877503143D-06  -5.1250735376D-06  -4.8733192885D-06  -4.6320481546D-06  -4.4008377243D-06
  140  -4.1792820266D-06  -3.9669909759D-06  -3.7635898246D-06  -3.5687186247D-06  -3.3820316990D-06
  145  -3.2031971245D-06  -3.0318962273D-06  -2.8678230897D-06  -2.7106840716D-06  -2.5601973439D-06
  150  -2.4160924370D-06  -2.2781098020D-06  -2.1460003863D-06  -2.0195252230D-06  -1.8984550340D-06
  155  -1.7825698459D-06  -1.6716586210D-06  -1.5655188995D-06  -1.4639564562D-06  -1.3667849684D-06
  160  -1.2738256977D-06  -1.1849071819D-06  -1.0998649406D-06  -1.0185411906D-06  -9.4078457289D-07
  165  -8.6644989052D-07  -7.9539785642D-07  -7.2749485128D-07  -6.6261269123D-07  -6.0062840468D-07
  170  -5.4142401840D-07  -4.8488635176D-07  -4.3090681990D-07  -3.7938124456D-07  -3.3020967276D-07
  175  -2.8329620276D-07  -2.3854881769D-07  -1.9587922521D-07  -1.5520270474D-07  -1.1643795999D-07
  180  -7.9506978789D-08
1       56.00000 MeV deuteron on  94ZR: SPHERICAL OMP                         


 TOTAL REACTION CROSS SECTION =   2123.908908 MILLIBARNS.

 ELASTIC SCATTERING ON THE TARGET STATE OF SPIN =  0.0+

      ANGLE    CROSS-SECTION     C. S./RUTHER.     ASYM. OR IT11               T20               T21               T22  
      0.000     0.18948D+05        1894.7851655         0.0000000         0.0002278         0.0000000         0.0000000
      2.000     0.75038D+07           1.0091250        -0.0013313        -0.0000340         0.0000006        -0.0000055
      4.000     0.33277D+06           0.7155934         0.0002084         0.0000323        -0.0000001         0.0000380
      6.000     0.62241D+05           0.6768903         0.0238649         0.0008448        -0.0000382         0.0002692
      8.000     0.20822D+05           0.7146626         0.0326369         0.0011944        -0.0000828         0.0001220
     10.000     0.60431D+04           0.5054585         0.0222720        -0.0004049        -0.0000185        -0.0011159
     12.000     0.13459D+04           0.2329111         0.0250019        -0.0098590         0.0007447        -0.0053108
     14.000     0.75356D+03           0.2409553         0.1167089        -0.0137621         0.0014315        -0.0030619
     16.000     0.92373D+03           0.5023477         0.1090362        -0.0020946         0.0004265         0.0033157
     18.000     0.75575D+03           0.6560625         0.0665702         0.0060240        -0.0005148         0.0072524
     20.000     0.36871D+03           0.4859633        -0.0089855         0.0151947        -0.0019825         0.0107437
     22.000     0.89557D+02           0.1720822        -0.2059108         0.0259506        -0.0056771         0.0024056
     24.000     0.12300D+02           0.0333155        -0.1247306        -0.1441309         0.0023662        -0.2374098
     26.000     0.40123D+02           0.1489310         0.4693351        -0.0954923         0.0128426        -0.0911080
     28.000     0.64381D+02           0.3196687         0.3811220        -0.0512478         0.0110661        -0.0349449
     30.000     0.52417D+02           0.3409537         0.3214154        -0.0276080         0.0115128        -0.0049485
     32.000     0.25749D+02           0.2154549         0.2331294         0.0051957         0.0127847         0.0346786
     34.000     0.85866D+01           0.0909500        -0.0822854         0.0753663         0.0072910         0.0917465
     36.000     0.48947D+01           0.0646992        -0.4957758         0.0517614        -0.0181299        -0.0167970
     38.000     0.61234D+01           0.0997247        -0.2650730        -0.0691466        -0.0182102        -0.1543275
     40.000     0.55082D+01           0.1092593        -0.0862670        -0.1517750        -0.0106110        -0.2337276
     42.000     0.29555D+01           0.0706633         0.0769312        -0.2649972         0.0005281        -0.3516942
     44.000     0.12978D+01           0.0370453         0.3348557        -0.3007579         0.0182617        -0.3534474
     46.000     0.17784D+01           0.0600887         0.1035726         0.0378386         0.0010543         0.0586005
     48.000     0.32318D+01           0.1282132        -0.1341787         0.1083403        -0.0126842         0.1238949
     50.000     0.39637D+01           0.1832893        -0.2830140         0.0938296        -0.0188747         0.0957201
     52.000     0.34368D+01           0.1839752        -0.4299394         0.0604431        -0.0237472         0.0480409
     54.000     0.23289D+01           0.1434070        -0.5574215         0.0051224        -0.0268887        -0.0229610
     56.000     0.15564D+01           0.1095980        -0.4731138        -0.0555125        -0.0209570        -0.0886721
     58.000     0.14638D+01           0.1172204        -0.1118294        -0.0363822        -0.0055466        -0.0466025
     60.000     0.17662D+01           0.1600185         0.0680989         0.0306730         0.0012802         0.0427918
     62.000     0.19937D+01           0.2033612         0.0366365         0.0738764         0.0001019         0.0938159
     64.000     0.19037D+01           0.2176127        -0.0682786         0.0884783        -0.0034010         0.1072095
     66.000     0.15697D+01           0.2002150        -0.1718506         0.0762300        -0.0065162         0.0873760
     68.000     0.12086D+01           0.1713000        -0.1996153         0.0369472        -0.0066604         0.0355316
     70.000     0.97782D+00           0.1534142        -0.0880576        -0.0094806        -0.0017712        -0.0221693
     72.000     0.89148D+00           0.1542511         0.0908792        -0.0226782         0.0053119        -0.0366179
     74.000     0.86870D+00           0.1651826         0.1946695         0.0016236         0.0094814        -0.0055413
     76.000     0.82647D+00           0.1721205         0.1956380         0.0356375         0.0097994         0.0354707
     78.000     0.73456D+00           0.1670136         0.1392907         0.0574556         0.0078101         0.0595640
     80.000     0.61475D+00           0.1521278         0.0791708         0.0554485         0.0052354         0.0529803
     82.000     0.50397D+00           0.1353367         0.0657593         0.0280445         0.0038249         0.0147375
     84.000     0.42459D+00           0.1233826         0.1238018        -0.0104715         0.0048326        -0.0363467
     86.000     0.37534D+00           0.1177052         0.2211862        -0.0337052         0.0077241        -0.0670766
     88.000     0.34063D+00           0.1149756         0.2977353        -0.0292919         0.0105103        -0.0630160
     90.000     0.30668D+00           0.1111372         0.3231154        -0.0068987         0.0116376        -0.0371706
     92.000     0.26837D+00           0.1041635         0.3047902         0.0161276         0.0107169        -0.0114474
     94.000     0.22908D+00           0.0950017         0.2693333         0.0243598         0.0082111        -0.0047054
     96.000     0.19420D+00           0.0858566         0.2483615         0.0115308         0.0053119        -0.0238199
     98.000     0.16645D+00           0.0782769         0.2640589        -0.0167330         0.0035161        -0.0612725
    100.000     0.14547D+00           0.0726177         0.3135212        -0.0443151         0.0036315        -0.0973168
    102.000     0.12861D+00           0.0680039         0.3719440        -0.0557198         0.0050504        -0.1138413
    104.000     0.11368D+00           0.0635432         0.4125920        -0.0481474         0.0061898        -0.1080661
    106.000     0.99732D-01           0.0588124         0.4222404        -0.0291836         0.0057243        -0.0886514
    108.000     0.86846D-01           0.0539290         0.4059757        -0.0125523         0.0033038        -0.0711664
    110.000     0.75465D-01           0.0492540         0.3822643        -0.0097081        -0.0001203        -0.0685027
    112.000     0.65477D-01           0.0448356         0.3738978        -0.0227503        -0.0029061        -0.0840160
    114.000     0.56817D-01           0.0407462         0.3920299        -0.0454429        -0.0042082        -0.1124015
    116.000     0.49504D-01           0.0371160         0.4317856        -0.0660679        -0.0044984        -0.1412863
    118.000     0.43628D-01           0.0341400         0.4737712        -0.0745081        -0.0053160        -0.1579023
    120.000     0.39077D-01           0.0318625         0.4936842        -0.0695592        -0.0076601        -0.1567388
    122.000     0.35331D-01           0.0299690         0.4882445        -0.0585705        -0.0104949        -0.1436326
    124.000     0.31740D-01           0.0279636         0.4707398        -0.0485061        -0.0121053        -0.1280684
    126.000     0.27827D-01           0.0254230         0.4618692        -0.0446771        -0.0121225        -0.1211872
    128.000     0.23774D-01           0.0224895         0.4770459        -0.0493740        -0.0124956        -0.1308789
    130.000     0.20236D-01           0.0197912         0.5077884        -0.0604211        -0.0167333        -0.1537645
    132.000     0.17868D-01           0.0180401         0.5305619        -0.0762390        -0.0258824        -0.1795126
    134.000     0.16776D-01           0.0174594         0.5241938        -0.0917193        -0.0342809        -0.1929209
    136.000     0.16242D-01           0.0173997         0.5013408        -0.0998910        -0.0347594        -0.1902709
    138.000     0.15280D-01           0.0168260         0.4910117        -0.0957281        -0.0274558        -0.1799765
    140.000     0.13401D-01           0.0151463         0.5102944        -0.0796896        -0.0191776        -0.1727077
    142.000     0.11004D-01           0.0127488         0.5638975        -0.0593414        -0.0209870        -0.1779295
    144.000     0.90336D-02           0.0107134         0.6138381        -0.0505633        -0.0434064        -0.1911103
    146.000     0.82638D-02           0.0100186         0.5926391        -0.0738278        -0.0748121        -0.1967745
    148.000     0.86762D-02           0.0107383         0.5056341        -0.1106203        -0.0814060        -0.1863737
    150.000     0.93940D-02           0.0118540         0.4375003        -0.1256169        -0.0589933        -0.1771368
    152.000     0.93250D-02           0.0119813         0.4359032        -0.1092881        -0.0304186        -0.1863141
    154.000     0.80218D-02           0.0104812         0.5032185        -0.0678736        -0.0206264        -0.2185211
    156.000     0.61325D-02           0.0081376         0.6322312        -0.0336428        -0.0616860        -0.2775572
    158.000     0.49001D-02           0.0065953         0.7214204        -0.0841834        -0.1655935        -0.3215720
    160.000     0.52290D-02           0.0071296         0.5984409        -0.2131817        -0.2103429        -0.2691774
    162.000     0.69440D-02           0.0095792         0.4126730        -0.2355396        -0.1344112        -0.1829006
    164.000     0.88801D-02           0.0123786         0.3189003        -0.1277408        -0.0456260        -0.1381460
    166.000     0.97956D-02           0.0137808         0.3037374         0.0580156        -0.0088167        -0.1396406
    168.000     0.92689D-02           0.0131440         0.3246954         0.2765952        -0.0744066        -0.1727906
    170.000     0.81660D-02           0.0116580         0.3299174         0.3687239        -0.3039275        -0.2142626
    172.000     0.79994D-02           0.0114832         0.2479077         0.0287076        -0.6122257        -0.2109494
    174.000     0.97584D-02           0.0140682         0.1135894        -0.6243383        -0.6850903        -0.1345143
    176.000     0.13109D-01           0.0189563         0.0327456        -1.0914766        -0.5012028        -0.0556631
    178.000     0.16315D-01           0.0236347         0.0043023        -1.2992030        -0.2507056        -0.0128630
    180.000     0.17594D-01           0.0255033         0.0000000        -1.3552472         0.0000000         0.0000000


 *** WORKSPACE USED IN THIS COMPUTATION     16289  ***            34983711 MEMORIES NOT USED.

  End time: 16:00.08 (21-02-2024)

  Calculation time:     2 min 11 s
