
  End time: 15:59.40 (21-02-2024)

  Calculation time:     2 min 15 s
1                    E. C. I. S. CODE FOR COUPLED CHANNELS CALCULATIONS ( 2006 ) WORKING FIELD LENGTH =  35000000

                        TO OBTAIN THE INPUT DESCRIPTION, PUNCH 'DESCRIPTION ' IN COLUMNS 1-12 OF THE FIRST CARD.


  1 F - ROTATIONAL MODEL-(.F.: VIBRATIONAL MODEL).         | 54 F - OUTPUT OF THE LENGTH USED IN THE WORKING FIELD.
  2 F - SECOND ORDER VIBRATIONAL MODEL-(.F.: FIRST ORDER)  | 55 F - OUTPUT OF C-MATRIX ELEMENTS AND COMPOUND NUCLEUS
        OR CONSTRAINED ASYMMETRIC ROTATIONAL MODEL.        |        INTERMEDIATE RESULTS.
  3 F - ANHARMONIC VIBRATIONAL MODEL-(.F.: HARMONIC) OR    | 56 T - OUTPUT OF S-MATRIX ELEMENTS.
        ASYMMETRIC ROTATIONAL MODEL-(.F.: SYMMETRIC).      | 57 F - OUTPUT OF PHASE-SHIFTS AT EACH E.C.I.S. ITERATION.
  4 F - PARAMETRISED SPIN-ORBIT DEFORMATION-(.F.:STANDARD) | 58 F - OUTPUT OF THE COEFFICIENTS OF EACH FORM FACTOR
  5 F - DIFFERENT DEFORMATION FOR EACH POTENTIAL(.F.: SAME)|        FOR ALL SETS OF EQUATIONS.
  6 F - USE OF DEFORMATION LENGTHS.                        | 59 T - TOTAL ELASTIC REACTION CROSS-SECTIONS WRITTEN ON
  7 F - NUCLEAR MATRIX ELEMENTS AND FORM FACTORS ON CARDS. |        FILE 58 AND TOTAL INELASTIC REACTION
  8 F - RELATIVISTIC KINEMATICS.                           |        CROSS-SECTIONS ON FILE 59.
  9 F - SYMMETRISED WOODS-SAXON FORM FOR NEGATIVE RADII.   | 60 T - S-MATRIX ELEMENTS WRITTEN ON FILE 60.
 10 F - DISPERSION RELATIONS FOR POTENTIALS.               |
                                                           | 61 F - REDUCED NUCLEAR MATRIX ELEMENTS WRITTEN ON FILE 61.
 11 T - DEFORMED COULOMB POTENTIAL.                        | 62 F - POTENTIALS WRITTEN ON FILE 62.
 12 T - DEFORMED IMAGINARY POTENTIAL.                      | 63 T - PENETRABILITIES WRITTEN ON FILE 63.
 13 F - DEFORMED REAL SPIN-ORBIT/TENSOR POTENTIAL.         | 64 T - RESULTS FOR EXPERIMENTAL DATA ON FILE 64
 14 F - DEFORMED IMAGINARY SPIN-ORBIT/TENSOR POTENTIAL.    |        AND AT EQUIDISTANT ANGLES WRITTEN ON FILE 66.
 15 F - REDUCED NUCLEAR MATRIX ELEMENTS READ FROM CARDS.   | 65 T - LEGENDRE EXPANSION FOR CROSS-SECTIONS WRITTEN ON
 16 F - HEAVY-ION DEFINITION OF RADII AND DEFORMATIONS.    |        FILE 65.
 17 F - FOLDING MODEL.                                     | 66 F - NO CALCULATION AT EQUIDISTANT ANGLES.
 18 F - PROJECTILE-TARGET ANTISYMMETRISATION.              | 67 T - NO PLOT OF EXPERIMENTAL DATA.
 19 F - DEFORMED COULOMB SPIN-ORBIT POTENTIAL.             | 68 T - NO PLOT OF CROSS-SECTIONS AT EQUIDISTANT ANGLES.
 20 F - DISPERSION RELATIONS FOR TRANSITION FORM-FACTORS.  | 69 T - NO PLOT OF POLARISATIONS AT EQUIDISTANT ANGLES.
                                                           |
 21 F - USUAL COUPLED EQUATIONS-(.F.: ITERATIONS).         | 71 F - NO DETAILED OUTPUT OF LOGICAL CONTROLS.
 22 F - NO USE OF PADE FOR CONVERGENCE OF THE ITERATIONS.  | 72 T - NO OUTPUT OF EXPERIMENTAL DATA AS THEY ARE READ.
 23 T - NO USE OF PADE WITHOUT CONVERGENCE.                | 73 T - NO OUTPUT OF EXTERNAL POTENTIALS AS THEY ARE READ.
 24 F - COUPLING POTENTIALS COMPUTED AT EACH ITERATION.    | 74 F - OUTPUT OF VARIATIONS IN STORAGE.
 25 F - COMPLETE CALCULATION UP TO THE END-(.F.: ONE ITE-  | 75 T - NO COMPLETE OUTPUT AT THE FIRST RUN OF A SEARCH.
        RATION ONLY AS SOON AS TWO ITERATIONS ARE ENOUGH). | 76 F - LO(51) TO LO(65) ARE ALWAYS USED-(.F.: ONLY FOR
 26 F - INTEGRATION STABILISED FOR LONG RANGE POTENTIAL.   |        COMPLETE OUTPUT)
 27 F - NUMEROV'S METHOD FOR SINGLE EQUATIONS-(.F.: MODI-  | 77 F - OUTPUT OF TIME DIFFERENCES DURING THE SEARCH.
        FIED NUMEROV'S METHOD).                            | 78 F - OUTPUT OF DIFFERENCES BETWEEN EXPERIMENTAL
 28 T - COMPUTATION UP TO J-CONVERGENCE-(.F.: STOP WHEN    |        AND CALCULATED VALUES.
        ALL THE INHOMOGENEOUS TERMS ARE NEGLIGIBLE).       |
 29 F - NO DIAGONAL TERM IN SECOND MEMBERS.                | 81 F - HAUSER-FESHBACH CORRECTIONS TO CROSS-SECTIONS.
 30 T - PURE DWBA CALCULATION.                             | 82 F - SIMPLEST COMPOUND NUCLEUS FORMALISM.
                                                           | 83 T - NO ENGELBRETCH-WEIDENMULLER TRANSFORMATION IN
 31 F - INPUT OF EXPERIMENTAL DATA AND CHI2 CALCULATION.   |        IN COMPOUND NUCLEUS.
 32 F - AUTOMATIC SEARCH ON SOME PARAMETERS.               | 84 F - UNCOUPLED LEVELS FOR COMPOUND NUCLEUS.
 33 F - SYMMETRISED CHI2 FOR CROSS-SECTIONS.               | 85 F - FISSION DATA IN COMPOUND NUCLEUS.
 34 F - NEXT CALCULATION CHANGING ENERGY AND/OR SOME       | 86 F - GAMMA EMISSION DATA IN COMPOUND NUCLEUS.
        PARAMETERS.                                        | 87 F - NO WIDTH FLUCTUATIONS.
 35 F - SEARCH SAVED ON TAPE 8 IF ENDED OR LACK OF TIME.   |
 36 F - RESTART A SEARCH FROM TAPE 8.                      | 91 F - EQUIDISTANT ANGLES IN THE LABORATORY SYSTEM.
                                                           | 92 F - NON STANDARD OBSERVABLES AT EQUIDISTANT ANGLES.
 41 F - FACTORISATION OF 1/(1-COS(THETA)) IN AMPLITUDES.   | 93 F - NO RECOIL CORRECTION FOR REACTIONS.
 42 F - SCHMIDT'S ORTHOGONAL. IN USUAL COUPLED EQUATIONS.  | 94 F - NON RELATIVISTIC "REDUCED MASS" FOR DIRAC EQUATION.
 43 F - INTERPOLATION ON TOTAL SPIN.                       | 95 F - "REDUCED ENERGY" FOR NON COULOMB INTERACTION IN
 44 F - COULOMB CORRECTIONS.                               |        RELATIVISTIC SCHROEDINGER EQUATION OR USE OF REST
 45 F - ANGULAR MOMENTUM LIMIT FOR COULOMB CORRECTIONS.    |        MASS IN DIRAC EQUATION.
 46 F - RESTRICTED COULOMB CORRECTIONS.                    | 96 F - "REDUCED MASS" FOR COULOMB INTERACTION IN
 47 F - NO RECOIL CORRECTION FOR BOUND STATES.             |        RELATIVISTIC SCHROEDINGER EQUATION.
                                                           | 97 F - SAME REDUCED MASS FOR ALL THE STATES.
 51 F - OUTPUT OF POTENTIALS.                              | 98 F - Q ADDED TO THE MASS OF RESIDUAL NUCLEUS.
 52 F - OUTPUT OF REDUCED NUCLEAR MATRIX ELEMENTS.         | 99 F - SCHROEDINGER EQUIVALENT TO DIRAC EQUATION.
 53 F - OUTPUT OF THE NUMBER OF ITERATIONS.                |100 F - COMPLETE DIRAC EQUATION.
1
          **********************************************************************************
          *                                                                                *
          *      56.00000 MeV deuteron on  96ZR: SPHERICAL OMP                             *
          *                                                                                *
          **********************************************************************************

 MAXIMUM NUMBER OF J    64  (MIN  0) STOP WHEN MAXIMUM S-MATRIX ELEMENT IS LESS THAN        0.1000D-04

 PLOT CONDITIONS FOR CROSS-SECTIONS    2    2     FOR POLARISATIONS    1    1

          ITERATION METHOD:  MAXIMUM NUMBER OF ITERATIONS         1
          CONVERGENCE CRITERION:     1.0000D-05 FOR S-MATRIX     1.0000D-05 FOR POTENTIALS AND FUNCTIONS.


 INDICATIONS FOR EXPANSION OF CROSS-SECTIONS IN LEGENDRE POLYNOMIALS:    2    0    0

 FIRST ORDER VIBRATIONAL MODEL.


 TARGET              MASS =  95.90828           PRODUCT OF CHARGES =   40.           AT**1/3 =   4.577398D+00
 INCIDENT PARTICLE   MASS =   2.01410      SPIN = 1.0   AP**1/3 =   1.262875D+00
          ENERGY(LAB) =   5.600000D+01 MEV          ENERGY(C. M.) =   5.484817D+01 MEV.

 N =  1 -   SPIN = 0.0+ EXCITATION ENERGY =  0.0000 MEV          POTENTIAL    1


 OPTICAL POTENTIALS  **  1 **     REDUCED RADIUS MULTIPLIED BY     4.577398D+00

      DEFORMED  VOLUME/SCALAR REAL POTENTIAL
 DEPTH   83.878160 MEV   RADIUS  5.265427 FERMI (REDUCED VALUE 1.150310)   DIFFUSENESS 0.776690 FERMI AT THE POWER (1+ 0.000000)

      DEFORMED  VOLUME/SCALAR IMAGINARY POTENTIAL
 DEPTH    4.587200 MEV   RADIUS  6.073155 FERMI (REDUCED VALUE 1.326770)   DIFFUSENESS 0.397110 FERMI AT THE POWER (1+ 0.000000)

      DEFORMED  SURFACE/VECTOR REAL POTENTIAL
 DEPTH    0.000000 MEV   RADIUS  0.000000 FERMI (REDUCED VALUE 0.000000)   DIFFUSENESS 0.000000 FERMI AT THE POWER (1+ 0.000000)

      DEFORMED  SURFACE/VECTOR IMAGINARY POTENTIAL
 DEPTH    9.116400 MEV   RADIUS  6.258219 FERMI (REDUCED VALUE 1.367200)   DIFFUSENESS 0.814890 FERMI AT THE POWER (1+ 0.000000)

  NOT DEFORMED  REAL SPIN-ORBIT/TENSOR POTENTIAL
 DEPTH    3.557000 MEV   RADIUS  4.449231 FERMI (REDUCED VALUE 0.972000)   DIFFUSENESS 1.011000 FERMI AT THE POWER (1+ 0.000000)

  NOT DEFORMED  IMAGINARY SPIN-ORBIT/TENSOR POTENTIAL
 DEPTH    0.000000 MEV   RADIUS  0.000000 FERMI (REDUCED VALUE 0.000000)   DIFFUSENESS 0.000000 FERMI AT THE POWER (1+ 0.000000)

      DEFORMED  COULOMB POTENTIAL
  CHARGE PRODUCT    40.  RADIUS  5.964350 FERMI (REDUCED VALUE 1.303000)   DIFFUSENESS 0.000000 FERMI AT THE POWER (1+ 0.000000)

  NOT DEFORMED  SPIN-ORBIT COULOMB POTENTIAL
 DEPTH    0.000000 MEV   RADIUS  0.000000 FERMI (REDUCED VALUE 0.000000)   DIFFUSENESS 0.000000 FERMI AT THE POWER (1+ 0.000000)
              THIRD CHARGE PARAMETER40.000000

 INTEGRATION STEP SIZE = 0.09926          MATCHING RADIUS =  40.000 FERMI

 SCATTERING ANGLES FROM  0.000 IN STEPS OF  2.000 UP TO 180.000 DEGREES   AVERAGED WITH +/-   0.000 DEGREES.


       2 SOLUTIONS         2 COUPLED EQUATIONS         5 INDEPENDENT AMPLITUDES.


 LEVEL       WAVE NUMBER  COULOMB PARAMETER   REDUCED MASS       REDUCED ENERGY     STEP SIZE
     1      2.2752402504      1.1946670055   1837.5334846422   1837.5334846422      0.0992555831
 MAXIMUM J-VALUE =  60.0                MAXIMUM SCATTERING COEFFICIENT AT THE END   0.799D-05
 MAXIMUM J-VALUE =  59.0                MAXIMUM SCATTERING COEFFICIENT AT THE END   0.974D-05
1 COEFFICIENTS OF LEGENDRE POLYNOMIALS DESCRIBING THE CROSS-SECTIONS.

 DIRECT INTERACTION FOR LEVEL 1 MULTIPLIED BY (1-COS(THETA))**( 2 ) 181 COEFFICIENTS
    L        C(L)              C(L+1)             C(L+2)             C(L+3)             C(L+4)
    0  -2.4682822654D+00   1.1490187740D-01   1.4266059205D-02   1.3566494189D-02   3.1724806198D-02
    5   2.9552551730D-02   1.7481879496D-02   5.6918185006D-03   4.1405706998D-04  -8.7437054008D-04
   10   5.3398521614D-04   1.8618870264D-03   2.9734919853D-03   3.1558263406D-03   2.9471992075D-03
   15   2.1870966337D-03   1.2445427787D-03   2.4446969303D-04  -5.1257964305D-04  -5.8391514860D-04
   20   4.0421778668D-04   2.6850339384D-03   5.2233481555D-03   6.5563983722D-03   5.1898795474D-03
   25   2.2288908387D-03   8.6570249501D-04   9.3439496305D-04   1.3122225540D-03  -7.4465359503D-04
   30  -4.0331179508D-03  -6.5915523260D-03  -7.0788554404D-03  -5.5976813138D-03  -3.1225818829D-03
   35  -6.6716124827D-04   1.1677353054D-03   2.2279064067D-03   2.6315777306D-03   2.5961236067D-03
   40   2.3238985058D-03   1.9616570821D-03   1.5971780709D-03   1.2709786338D-03   1.0017114005D-03
   45   7.8519937601D-04   6.1232838144D-04   4.7951269629D-04   3.7592768259D-04   2.9416080597D-04
   50   2.2804461208D-04   1.7472021609D-04   1.3205205098D-04   9.6967394814D-05   6.7547566346D-05
   55   4.3575004080D-05   2.2942681107D-05   5.6672420708D-06  -8.7964983469D-06  -2.1444059323D-05
   60  -3.1433257932D-05  -3.7133067873D-05  -4.6226607244D-05  -5.1593785561D-05  -5.5191513638D-05
   65  -5.8220432031D-05  -6.0679111706D-05  -6.2207178432D-05  -6.3697697572D-05  -6.4873809891D-05
   70  -6.5381507594D-05  -6.4359877649D-05  -6.3831525789D-05  -6.4227964779D-05  -6.3837966904D-05
   75  -6.1651891824D-05  -6.0161471048D-05  -5.9588401011D-05  -5.8222846524D-05  -5.6673586543D-05
   80  -5.5123409945D-05  -5.3567325098D-05  -5.1995818246D-05  -5.0411519556D-05  -4.8819920012D-05
   85  -4.7231818100D-05  -4.5653249923D-05  -4.4091538978D-05  -4.2552076214D-05  -4.1038744212D-05
   90  -3.9554757202D-05  -3.8103402513D-05  -3.6685980107D-05  -3.5304516530D-05  -3.3959845656D-05
   95  -3.2653367651D-05  -3.1384480379D-05  -3.0154618870D-05  -2.8963073255D-05  -2.7809781881D-05
  100  -2.6694439265D-05  -2.5617048339D-05  -2.4575998142D-05  -2.3571792113D-05  -2.2602919295D-05
  105  -2.1668975130D-05  -2.0768759224D-05  -1.9902067925D-05  -1.9067089544D-05  -1.8263830542D-05
  110  -1.7490602296D-05  -1.6747162547D-05  -1.6031834481D-05  -1.5344596301D-05  -1.4683528715D-05
  115  -1.4048769782D-05  -1.3438383138D-05  -1.2852652940D-05  -1.2289306063D-05  -1.1749382745D-05
  120  -1.1229836992D-05  -1.0731852578D-05  -1.0253539394D-05  -9.7945079822D-06  -9.3539841857D-06
  125  -8.9312651790D-06  -8.5256704160D-06  -8.1365414920D-06  -7.7632419239D-06  -7.4051568576D-06
  130  -7.0616927185D-06  -6.7322768115D-06  -6.4163568840D-06  -6.1134006559D-06  -5.8228953263D-06
  135  -5.5443470614D-06  -5.2772804696D-06  -5.0212380671D-06  -4.7757797397D-06  -4.5404822020D-06
  140  -4.3149384586D-06  -4.0987572682D-06  -3.8915626141D-06  -3.6929931808D-06  -3.5027018410D-06
  145  -3.3203551500D-06  -3.1456328540D-06  -2.9782274065D-06  -2.8178434997D-06  -2.6641976060D-06
  150  -2.5170175345D-06  -2.3760419988D-06  -2.2410201988D-06  -2.1117114152D-06  -1.9878846179D-06
  155  -1.8693180860D-06  -1.7557990427D-06  -1.6471233006D-06  -1.5430949216D-06  -1.4435258879D-06
  160  -1.3482357846D-06  -1.2570514956D-06  -1.1698069091D-06  -1.0863426356D-06  -1.0065057355D-06
  165  -9.3014945833D-07  -8.5713299130D-07  -7.8732121796D-07  -7.2058448635D-07  -6.5679838620D-07
  170  -5.9584353549D-07  -5.3760537460D-07  -4.8197396996D-07  -4.2884382446D-07  -3.7811369633D-07
  175  -3.2968642504D-07  -2.8346876442D-07  -2.3937122239D-07  -1.9730790766D-07  -1.5719638223D-07
  180  -1.1895752040D-07
1       56.00000 MeV deuteron on  96ZR: SPHERICAL OMP                         


 TOTAL REACTION CROSS SECTION =   2150.133718 MILLIBARNS.

 ELASTIC SCATTERING ON THE TARGET STATE OF SPIN =  0.0+

      ANGLE    CROSS-SECTION     C. S./RUTHER.     ASYM. OR IT11               T20               T21               T22  
      0.000     0.19435D+05        1943.5080747         0.0000000        -0.0000174         0.0000000         0.0000000
      2.000     0.74882D+07           1.0079063        -0.0013390        -0.0000309         0.0000006        -0.0000053
      4.000     0.33107D+06           0.7125539         0.0003033         0.0000916        -0.0000023         0.0000375
      6.000     0.62227D+05           0.6773313         0.0239723         0.0008255        -0.0000362         0.0002500
      8.000     0.20721D+05           0.7118088         0.0326743         0.0009654        -0.0000620         0.0000780
     10.000     0.59346D+04           0.4968127         0.0228628        -0.0009443         0.0000424        -0.0011617
     12.000     0.13310D+04           0.2305368         0.0282692        -0.0104761         0.0008532        -0.0049885
     14.000     0.79375D+03           0.2540274         0.1121051        -0.0118653         0.0012532        -0.0019789
     16.000     0.95219D+03           0.5182828         0.1012078        -0.0006071         0.0002101         0.0037398
     18.000     0.75057D+03           0.6521450         0.0581677         0.0071970        -0.0007576         0.0072954
     20.000     0.34823D+03           0.4593746        -0.0215483         0.0162589        -0.0023481         0.0101206
     22.000     0.76537D+02           0.1471924        -0.2382361         0.0245612        -0.0064641        -0.0040660
     24.000     0.12794D+02           0.0346859         0.1042208        -0.1732101         0.0075685        -0.2478786
     26.000     0.46878D+02           0.1741580         0.4564368        -0.0839303         0.0123170        -0.0744947
     28.000     0.69364D+02           0.3447135         0.3633087        -0.0440529         0.0105579        -0.0262078
     30.000     0.53444D+02           0.3479432         0.2984469        -0.0203152         0.0108655         0.0028984
     32.000     0.24854D+02           0.2081505         0.1915511         0.0147725         0.0116182         0.0431449
     34.000     0.78956D+01           0.0837039        -0.1772491         0.0823697         0.0042228         0.0886033
     36.000     0.48167D+01           0.0637232        -0.4979000         0.0181357        -0.0189905        -0.0653393
     38.000     0.61119D+01           0.0996235        -0.1890978        -0.1012725        -0.0148436        -0.1888820
     40.000     0.52691D+01           0.1046078         0.0145351        -0.1795028        -0.0055169        -0.2593937
     42.000     0.27094D+01           0.0648357         0.2305066        -0.2857606         0.0088005        -0.3630948
     44.000     0.13140D+01           0.0375420         0.4387402        -0.2334650         0.0236007        -0.2586152
     46.000     0.20068D+01           0.0678623         0.0447167         0.0747015        -0.0018606         0.0980613
     48.000     0.33958D+01           0.1348404        -0.1915496         0.1107880        -0.0151191         0.1217030
     50.000     0.38743D+01           0.1793097        -0.3376488         0.0861074        -0.0211004         0.0819463
     52.000     0.31502D+01           0.1687805        -0.4847042         0.0439626        -0.0258799         0.0241343
     54.000     0.20470D+01           0.1261588        -0.5901880        -0.0209280        -0.0279532        -0.0566321
     56.000     0.14297D+01           0.1007631        -0.4159501        -0.0697458        -0.0185047        -0.1027523
     58.000     0.14912D+01           0.1195169        -0.0503310        -0.0195372        -0.0034364        -0.0226918
     60.000     0.18418D+01           0.1670114         0.0581493         0.0490702         0.0005231         0.0653401
     62.000     0.20169D+01           0.2058997        -0.0073113         0.0839904        -0.0018673         0.1048865
     64.000     0.18488D+01           0.2115245        -0.1214533         0.0896939        -0.0056318         0.1070607
     66.000     0.14781D+01           0.1886996        -0.2143276         0.0676847        -0.0082617         0.0755246
     68.000     0.11360D+01           0.1611488        -0.2036605         0.0215867        -0.0068923         0.0163508
     70.000     0.95038D+00           0.1492391        -0.0505715        -0.0180557        -0.0004182        -0.0315922
     72.000     0.89826D+00           0.1555605         0.1218660        -0.0154575         0.0064367        -0.0261840
     74.000     0.88219D+00           0.1678930         0.1903674         0.0167636         0.0092880         0.0141126
     76.000     0.82646D+00           0.1722694         0.1643934         0.0488827         0.0085470         0.0521563
     78.000     0.71865D+00           0.1635405         0.0989135         0.0629403         0.0061057         0.0662541
     80.000     0.59312D+00           0.1469029         0.0492503         0.0505492         0.0037937         0.0467043
     82.000     0.48785D+00           0.1311231         0.0627122         0.0157846         0.0033614        -0.0004368
     84.000     0.41854D+00           0.1217309         0.1449650        -0.0199940         0.0054702        -0.0476635
     86.000     0.37649D+00           0.1181689         0.2429143        -0.0320673         0.0086929        -0.0641893
     88.000     0.34316D+00           0.1159315         0.3008415        -0.0179302         0.0109486        -0.0479718
     90.000     0.30638D+00           0.1111288         0.3058891         0.0070970         0.0112401        -0.0189101
     92.000     0.26463D+00           0.1028014         0.2768965         0.0255760         0.0096647         0.0010456
     94.000     0.22401D+00           0.0929800         0.2447033         0.0246571         0.0069745        -0.0037390
     96.000     0.19031D+00           0.0842110         0.2389590         0.0031649         0.0044840        -0.0337756
     98.000     0.16497D+00           0.0776484         0.2717905        -0.0272758         0.0034826        -0.0740007
    100.000     0.14589D+00           0.0728890         0.3281125        -0.0487766         0.0042669        -0.1023910
    102.000     0.12950D+00           0.0685336         0.3804681        -0.0508422         0.0058561        -0.1070832
    104.000     0.11386D+00           0.0636961         0.4089262        -0.0366132         0.0067067        -0.0927966
    106.000     0.98839D-01           0.0583368         0.4082569        -0.0166820         0.0056928        -0.0721683
    108.000     0.85404D-01           0.0530796         0.3880265        -0.0050932         0.0026549        -0.0611554
    110.000     0.74286D-01           0.0485270         0.3678842        -0.0106748        -0.0011496        -0.0690878
    112.000     0.65084D-01           0.0446058         0.3680958        -0.0308124        -0.0037910        -0.0932700
    114.000     0.57155D-01           0.0410240         0.3945605        -0.0550601        -0.0043805        -0.1232220
    116.000     0.50064D-01           0.0375692         0.4384888        -0.0709094        -0.0036837        -0.1460053
    118.000     0.43902D-01           0.0343849         0.4796003        -0.0713134        -0.0038015        -0.1530869
    120.000     0.38879D-01           0.0317293         0.4953778        -0.0595030        -0.0062773        -0.1444704
    122.000     0.34853D-01           0.0295895         0.4834424        -0.0460657        -0.0101932        -0.1290550
    124.000     0.31328D-01           0.0276248         0.4585692        -0.0393357        -0.0131612        -0.1168483
    126.000     0.27725D-01           0.0253519         0.4461285        -0.0433023        -0.0137792        -0.1176429
    128.000     0.23968D-01           0.0226934         0.4638860        -0.0558295        -0.0134044        -0.1351894
    130.000     0.20501D-01           0.0200678         0.5036223        -0.0705466        -0.0157968        -0.1626938
    132.000     0.17990D-01           0.0181786         0.5388942        -0.0837382        -0.0234453        -0.1881923
    134.000     0.16704D-01           0.0174001         0.5394216        -0.0918533        -0.0322908        -0.1960929
    136.000     0.16091D-01           0.0172527         0.5122035        -0.0926743        -0.0346029        -0.1849814
    138.000     0.15198D-01           0.0167498         0.4896524        -0.0845345        -0.0287091        -0.1668525
    140.000     0.13438D-01           0.0152023         0.4968570        -0.0688485        -0.0203353        -0.1557423
    142.000     0.11088D-01           0.0128578         0.5451284        -0.0516316        -0.0203730        -0.1622119
    144.000     0.90536D-02           0.0107465         0.6026814        -0.0476798        -0.0407866        -0.1837748
    146.000     0.81881D-02           0.0099355         0.5989494        -0.0773922        -0.0734835        -0.2031378
    148.000     0.85826D-02           0.0106318         0.5188115        -0.1201502        -0.0833573        -0.2003772
    150.000     0.94028D-02           0.0118756         0.4455861        -0.1372144        -0.0618982        -0.1898888
    152.000     0.94814D-02           0.0121930         0.4347637        -0.1185982        -0.0318218        -0.1925339
    154.000     0.82510D-02           0.0107900         0.4913394        -0.0718246        -0.0181083        -0.2165739
    156.000     0.62868D-02           0.0083497         0.6137717        -0.0252720        -0.0530643        -0.2676902
    158.000     0.48814D-02           0.0065758         0.7140068        -0.0586919        -0.1580480        -0.3106285
    160.000     0.50704D-02           0.0069194         0.6041249        -0.1947256        -0.2164304        -0.2634811
    162.000     0.67740D-02           0.0093529         0.4122011        -0.2345102        -0.1431351        -0.1772075
    164.000     0.88334D-02           0.0123242         0.3133678        -0.1358314        -0.0502718        -0.1331709
    166.000     0.98999D-02           0.0139397         0.2980000         0.0462509        -0.0086933        -0.1351591
    168.000     0.94599D-02           0.0134266         0.3217915         0.2650875        -0.0677546        -0.1692080
    170.000     0.83450D-02           0.0119241         0.3349788         0.3677292        -0.2903621        -0.2147788
    172.000     0.81044D-02           0.0116440         0.2618612         0.0453925        -0.6029824        -0.2149635
    174.000     0.98246D-02           0.0141759         0.1273765        -0.6101911        -0.6867355        -0.1386522
    176.000     0.13191D-01           0.0190920         0.0416460        -1.0872209        -0.5061212        -0.0580376
    178.000     0.16488D-01           0.0239065         0.0081542        -1.2995362        -0.2532704        -0.0133557
    180.000     0.17841D-01           0.0258839         0.0000000        -1.3560599         0.0000000         0.0000000


 *** WORKSPACE USED IN THIS COMPUTATION     16459  ***            34983541 MEMORIES NOT USED.

  End time: 15:59.40 (21-02-2024)

  Calculation time:     2 min 15 s
