
  End time: 17:33.36 (22-02-2024)

  Calculation time:     1 min 37 s
1                    E. C. I. S. CODE FOR COUPLED CHANNELS CALCULATIONS ( 2006 ) WORKING FIELD LENGTH =  35000000

                        TO OBTAIN THE INPUT DESCRIPTION, PUNCH 'DESCRIPTION ' IN COLUMNS 1-12 OF THE FIRST CARD.


  1 F - ROTATIONAL MODEL-(.F.: VIBRATIONAL MODEL).         | 54 F - OUTPUT OF THE LENGTH USED IN THE WORKING FIELD.
  2 F - SECOND ORDER VIBRATIONAL MODEL-(.F.: FIRST ORDER)  | 55 F - OUTPUT OF C-MATRIX ELEMENTS AND COMPOUND NUCLEUS
        OR CONSTRAINED ASYMMETRIC ROTATIONAL MODEL.        |        INTERMEDIATE RESULTS.
  3 F - ANHARMONIC VIBRATIONAL MODEL-(.F.: HARMONIC) OR    | 56 T - OUTPUT OF S-MATRIX ELEMENTS.
        ASYMMETRIC ROTATIONAL MODEL-(.F.: SYMMETRIC).      | 57 F - OUTPUT OF PHASE-SHIFTS AT EACH E.C.I.S. ITERATION.
  4 F - PARAMETRISED SPIN-ORBIT DEFORMATION-(.F.:STANDARD) | 58 F - OUTPUT OF THE COEFFICIENTS OF EACH FORM FACTOR
  5 F - DIFFERENT DEFORMATION FOR EACH POTENTIAL(.F.: SAME)|        FOR ALL SETS OF EQUATIONS.
  6 F - USE OF DEFORMATION LENGTHS.                        | 59 T - TOTAL ELASTIC REACTION CROSS-SECTIONS WRITTEN ON
  7 F - NUCLEAR MATRIX ELEMENTS AND FORM FACTORS ON CARDS. |        FILE 58 AND TOTAL INELASTIC REACTION
  8 F - RELATIVISTIC KINEMATICS.                           |        CROSS-SECTIONS ON FILE 59.
  9 F - SYMMETRISED WOODS-SAXON FORM FOR NEGATIVE RADII.   | 60 T - S-MATRIX ELEMENTS WRITTEN ON FILE 60.
 10 F - DISPERSION RELATIONS FOR POTENTIALS.               |
                                                           | 61 F - REDUCED NUCLEAR MATRIX ELEMENTS WRITTEN ON FILE 61.
 11 T - DEFORMED COULOMB POTENTIAL.                        | 62 F - POTENTIALS WRITTEN ON FILE 62.
 12 T - DEFORMED IMAGINARY POTENTIAL.                      | 63 T - PENETRABILITIES WRITTEN ON FILE 63.
 13 F - DEFORMED REAL SPIN-ORBIT/TENSOR POTENTIAL.         | 64 T - RESULTS FOR EXPERIMENTAL DATA ON FILE 64
 14 F - DEFORMED IMAGINARY SPIN-ORBIT/TENSOR POTENTIAL.    |        AND AT EQUIDISTANT ANGLES WRITTEN ON FILE 66.
 15 F - REDUCED NUCLEAR MATRIX ELEMENTS READ FROM CARDS.   | 65 T - LEGENDRE EXPANSION FOR CROSS-SECTIONS WRITTEN ON
 16 F - HEAVY-ION DEFINITION OF RADII AND DEFORMATIONS.    |        FILE 65.
 17 F - FOLDING MODEL.                                     | 66 F - NO CALCULATION AT EQUIDISTANT ANGLES.
 18 F - PROJECTILE-TARGET ANTISYMMETRISATION.              | 67 T - NO PLOT OF EXPERIMENTAL DATA.
 19 F - DEFORMED COULOMB SPIN-ORBIT POTENTIAL.             | 68 T - NO PLOT OF CROSS-SECTIONS AT EQUIDISTANT ANGLES.
 20 F - DISPERSION RELATIONS FOR TRANSITION FORM-FACTORS.  | 69 T - NO PLOT OF POLARISATIONS AT EQUIDISTANT ANGLES.
                                                           |
 21 F - USUAL COUPLED EQUATIONS-(.F.: ITERATIONS).         | 71 F - NO DETAILED OUTPUT OF LOGICAL CONTROLS.
 22 F - NO USE OF PADE FOR CONVERGENCE OF THE ITERATIONS.  | 72 T - NO OUTPUT OF EXPERIMENTAL DATA AS THEY ARE READ.
 23 T - NO USE OF PADE WITHOUT CONVERGENCE.                | 73 T - NO OUTPUT OF EXTERNAL POTENTIALS AS THEY ARE READ.
 24 F - COUPLING POTENTIALS COMPUTED AT EACH ITERATION.    | 74 F - OUTPUT OF VARIATIONS IN STORAGE.
 25 F - COMPLETE CALCULATION UP TO THE END-(.F.: ONE ITE-  | 75 T - NO COMPLETE OUTPUT AT THE FIRST RUN OF A SEARCH.
        RATION ONLY AS SOON AS TWO ITERATIONS ARE ENOUGH). | 76 F - LO(51) TO LO(65) ARE ALWAYS USED-(.F.: ONLY FOR
 26 F - INTEGRATION STABILISED FOR LONG RANGE POTENTIAL.   |        COMPLETE OUTPUT)
 27 F - NUMEROV'S METHOD FOR SINGLE EQUATIONS-(.F.: MODI-  | 77 F - OUTPUT OF TIME DIFFERENCES DURING THE SEARCH.
        FIED NUMEROV'S METHOD).                            | 78 F - OUTPUT OF DIFFERENCES BETWEEN EXPERIMENTAL
 28 T - COMPUTATION UP TO J-CONVERGENCE-(.F.: STOP WHEN    |        AND CALCULATED VALUES.
        ALL THE INHOMOGENEOUS TERMS ARE NEGLIGIBLE).       |
 29 F - NO DIAGONAL TERM IN SECOND MEMBERS.                | 81 F - HAUSER-FESHBACH CORRECTIONS TO CROSS-SECTIONS.
 30 T - PURE DWBA CALCULATION.                             | 82 F - SIMPLEST COMPOUND NUCLEUS FORMALISM.
                                                           | 83 T - NO ENGELBRETCH-WEIDENMULLER TRANSFORMATION IN
 31 F - INPUT OF EXPERIMENTAL DATA AND CHI2 CALCULATION.   |        IN COMPOUND NUCLEUS.
 32 F - AUTOMATIC SEARCH ON SOME PARAMETERS.               | 84 F - UNCOUPLED LEVELS FOR COMPOUND NUCLEUS.
 33 F - SYMMETRISED CHI2 FOR CROSS-SECTIONS.               | 85 F - FISSION DATA IN COMPOUND NUCLEUS.
 34 F - NEXT CALCULATION CHANGING ENERGY AND/OR SOME       | 86 F - GAMMA EMISSION DATA IN COMPOUND NUCLEUS.
        PARAMETERS.                                        | 87 F - NO WIDTH FLUCTUATIONS.
 35 F - SEARCH SAVED ON TAPE 8 IF ENDED OR LACK OF TIME.   |
 36 F - RESTART A SEARCH FROM TAPE 8.                      | 91 F - EQUIDISTANT ANGLES IN THE LABORATORY SYSTEM.
                                                           | 92 F - NON STANDARD OBSERVABLES AT EQUIDISTANT ANGLES.
 41 F - FACTORISATION OF 1/(1-COS(THETA)) IN AMPLITUDES.   | 93 F - NO RECOIL CORRECTION FOR REACTIONS.
 42 F - SCHMIDT'S ORTHOGONAL. IN USUAL COUPLED EQUATIONS.  | 94 F - NON RELATIVISTIC "REDUCED MASS" FOR DIRAC EQUATION.
 43 F - INTERPOLATION ON TOTAL SPIN.                       | 95 F - "REDUCED ENERGY" FOR NON COULOMB INTERACTION IN
 44 F - COULOMB CORRECTIONS.                               |        RELATIVISTIC SCHROEDINGER EQUATION OR USE OF REST
 45 F - ANGULAR MOMENTUM LIMIT FOR COULOMB CORRECTIONS.    |        MASS IN DIRAC EQUATION.
 46 F - RESTRICTED COULOMB CORRECTIONS.                    | 96 F - "REDUCED MASS" FOR COULOMB INTERACTION IN
 47 F - NO RECOIL CORRECTION FOR BOUND STATES.             |        RELATIVISTIC SCHROEDINGER EQUATION.
                                                           | 97 F - SAME REDUCED MASS FOR ALL THE STATES.
 51 F - OUTPUT OF POTENTIALS.                              | 98 F - Q ADDED TO THE MASS OF RESIDUAL NUCLEUS.
 52 F - OUTPUT OF REDUCED NUCLEAR MATRIX ELEMENTS.         | 99 F - SCHROEDINGER EQUIVALENT TO DIRAC EQUATION.
 53 F - OUTPUT OF THE NUMBER OF ITERATIONS.                |100 F - COMPLETE DIRAC EQUATION.
1
          **********************************************************************************
          *                                                                                *
          *      56.00000 MeV deuteron on  58NI: SPHERICAL OMP                             *
          *                                                                                *
          **********************************************************************************

 MAXIMUM NUMBER OF J    54  (MIN  0) STOP WHEN MAXIMUM S-MATRIX ELEMENT IS LESS THAN        0.1000D-04

 PLOT CONDITIONS FOR CROSS-SECTIONS    2    2     FOR POLARISATIONS    1    1

          ITERATION METHOD:  MAXIMUM NUMBER OF ITERATIONS         1
          CONVERGENCE CRITERION:     1.0000D-05 FOR S-MATRIX     1.0000D-05 FOR POTENTIALS AND FUNCTIONS.


 INDICATIONS FOR EXPANSION OF CROSS-SECTIONS IN LEGENDRE POLYNOMIALS:    2    0    0

 FIRST ORDER VIBRATIONAL MODEL.


 TARGET              MASS =  57.93535           PRODUCT OF CHARGES =   28.           AT**1/3 =   3.869438D+00
 INCIDENT PARTICLE   MASS =   2.01410      SPIN = 1.0   AP**1/3 =   1.262875D+00
          ENERGY(LAB) =   5.600000D+01 MEV          ENERGY(C. M.) =   5.411859D+01 MEV.

 N =  1 -   SPIN = 0.0+ EXCITATION ENERGY =  0.0000 MEV          POTENTIAL    1


 OPTICAL POTENTIALS  **  1 **     REDUCED RADIUS MULTIPLIED BY     3.869438D+00

      DEFORMED  VOLUME/SCALAR REAL POTENTIAL
 DEPTH   82.913690 MEV   RADIUS  4.449854 FERMI (REDUCED VALUE 1.150000)   DIFFUSENESS 0.767770 FERMI AT THE POWER (1+ 0.000000)

      DEFORMED  VOLUME/SCALAR IMAGINARY POTENTIAL
 DEPTH    4.587200 MEV   RADIUS  5.149293 FERMI (REDUCED VALUE 1.330760)   DIFFUSENESS 0.467910 FERMI AT THE POWER (1+ 0.000000)

      DEFORMED  SURFACE/VECTOR REAL POTENTIAL
 DEPTH    0.000000 MEV   RADIUS  0.000000 FERMI (REDUCED VALUE 0.000000)   DIFFUSENESS 0.000000 FERMI AT THE POWER (1+ 0.000000)

      DEFORMED  SURFACE/VECTOR IMAGINARY POTENTIAL
 DEPTH    9.116400 MEV   RADIUS  5.313783 FERMI (REDUCED VALUE 1.373270)   DIFFUSENESS 0.770990 FERMI AT THE POWER (1+ 0.000000)

  NOT DEFORMED  REAL SPIN-ORBIT/TENSOR POTENTIAL
 DEPTH    3.557000 MEV   RADIUS  3.761094 FERMI (REDUCED VALUE 0.972000)   DIFFUSENESS 1.011000 FERMI AT THE POWER (1+ 0.000000)

  NOT DEFORMED  IMAGINARY SPIN-ORBIT/TENSOR POTENTIAL
 DEPTH    0.000000 MEV   RADIUS  0.000000 FERMI (REDUCED VALUE 0.000000)   DIFFUSENESS 0.000000 FERMI AT THE POWER (1+ 0.000000)

      DEFORMED  COULOMB POTENTIAL
  CHARGE PRODUCT    28.  RADIUS  5.041878 FERMI (REDUCED VALUE 1.303000)   DIFFUSENESS 0.000000 FERMI AT THE POWER (1+ 0.000000)

  NOT DEFORMED  SPIN-ORBIT COULOMB POTENTIAL
 DEPTH    0.000000 MEV   RADIUS  0.000000 FERMI (REDUCED VALUE 0.000000)   DIFFUSENESS 0.000000 FERMI AT THE POWER (1+ 0.000000)
              THIRD CHARGE PARAMETER28.000000

 INTEGRATION STEP SIZE = 0.11696          MATCHING RADIUS =  40.000 FERMI

 SCATTERING ANGLES FROM  0.000 IN STEPS OF  2.000 UP TO 180.000 DEGREES   AVERAGED WITH +/-   0.000 DEGREES.


       2 SOLUTIONS         2 COUPLED EQUATIONS         5 INDEPENDENT AMPLITUDES.


 LEVEL       WAVE NUMBER  COULOMB PARAMETER   REDUCED MASS       REDUCED ENERGY     STEP SIZE
     1      2.2449752214      0.8362669039   1813.0907893169   1813.0907893169      0.1169590643
 MAXIMUM J-VALUE =  53.0                MAXIMUM SCATTERING COEFFICIENT AT THE END   0.321D-04
 MAXIMUM J-VALUE =  53.0                MAXIMUM SCATTERING COEFFICIENT AT THE END   0.299D-04
1 COEFFICIENTS OF LEGENDRE POLYNOMIALS DESCRIBING THE CROSS-SECTIONS.

 DIRECT INTERACTION FOR LEVEL 1 MULTIPLIED BY (1-COS(THETA))**( 2 ) 160 COEFFICIENTS
    L        C(L)              C(L+1)             C(L+2)             C(L+3)             C(L+4)
    0  -1.0215064312D+00   1.4317928466D-01  -1.9436558507D-02  -3.8586398334D-02  -1.7129460684D-03
    5   2.1147801982D-02   2.1739932071D-02   1.1925017122D-02   2.9508946751D-03  -2.2617569756D-03
   10  -3.7841189630D-03  -3.5025808950D-03  -2.2072155052D-03  -7.0335929500D-04   8.6217809128D-04
   15   2.5025183155D-03   4.2269703620D-03   5.5196050524D-03   5.3683881581D-03   2.9276777066D-03
   20  -1.3369058044D-03  -3.8809088465D-03  -1.4980946355D-03   2.5529685359D-03   3.8571341567D-03
   25   5.6786773757D-04  -4.4038859127D-03  -7.5925643342D-03  -7.6610878082D-03  -5.4158747402D-03
   30  -2.4168774595D-03   1.4077734482D-04   1.7716092514D-03   2.5071597340D-03   2.6094248263D-03
   35   2.3605663905D-03   1.9730842854D-03   1.5725910416D-03   1.2169380153D-03   9.2764743091D-04
   40   7.0787453108D-04   5.4418942186D-04   4.2055431583D-04   3.3064839124D-04   2.6391842892D-04
   45   2.1520974806D-04   1.7564517082D-04   1.4583186890D-04   1.2121518763D-04   1.0267888275D-04
   50   8.8180655441D-05   7.5860875851D-05   6.5273923090D-05   4.8598451451D-05   3.9460261156D-05
   55   3.3470028181D-05   3.2387901968D-05   2.5856867701D-05   2.0078476131D-05   1.5088858819D-05
   60   1.0758789714D-05   7.1579962369D-06   2.5215251214D-06   3.9879949380D-07  -1.1412750210D-06
   65  -1.0998314089D-06  -3.9280531820D-06  -3.9703152577D-06  -2.8678868246D-06  -4.8527810609D-06
   70  -6.4007328406D-06  -7.2514378150D-06  -7.8212819097D-06  -8.2625073003D-06  -8.6135345019D-06
   75  -8.8891455947D-06  -9.0994240339D-06  -9.2495084559D-06  -9.3525793497D-06  -9.4111197197D-06
   80  -9.4325382941D-06  -9.4231017363D-06  -9.3857489040D-06  -9.3240270248D-06  -9.2439245979D-06
   85  -9.1451519563D-06  -9.0322942222D-06  -8.9074975082D-06  -8.7723753490D-06  -8.6280592979D-06
   90  -8.4781001809D-06  -8.3218260986D-06  -8.1611065683D-06  -7.9978292017D-06  -7.8318409454D-06
   95  -7.6641142685D-06  -7.4960055332D-06  -7.3278170261D-06  -7.1591813683D-06  -6.9925328620D-06
  100  -6.8259731503D-06  -6.6620908724D-06  -6.4987073688D-06  -6.3393310047D-06  -6.1796479640D-06
  105  -6.0259894358D-06  -5.8698096087D-06  -5.7240743172D-06  -5.5743402452D-06  -5.4299192676D-06
  110  -5.2884904748D-06  -5.1500926132D-06  -5.0147500974D-06  -4.8824747932D-06  -4.7532676065D-06
  115  -4.6271198977D-06  -4.5040147413D-06  -4.3839280465D-06  -4.2668295556D-06  -4.1526837303D-06
  120  -4.0414505412D-06  -3.9330861677D-06  -3.8275436209D-06  -3.7247732942D-06  -3.6247234532D-06
  125  -3.5273406671D-06  -3.4325701923D-06  -3.3403563089D-06  -3.2506426185D-06  -3.1633723054D-06
  130  -3.0784883660D-06  -2.9959338096D-06  -2.9156518332D-06  -2.8375859738D-06  -2.7616802404D-06
  135  -2.6878792274D-06  -2.6161282117D-06  -2.5463732360D-06  -2.4785611786D-06  -2.4126398118D-06
  140  -2.3485578504D-06  -2.2862649906D-06  -2.2257119418D-06  -2.1668504503D-06  -2.1096333171D-06
  145  -2.0540144105D-06  -1.9999486735D-06  -1.9473921263D-06  -1.8963018666D-06  -1.8466360648D-06
  150  -1.7983539581D-06  -1.7514158400D-06  -1.7057830504D-06  -1.6614179608D-06  -1.6182839610D-06
  155  -1.5763454416D-06  -1.5355677779D-06  -1.4959173110D-06  -1.4573613293D-06  -1.4198680489D-06
1       56.00000 MeV deuteron on  58NI: SPHERICAL OMP                         


 TOTAL REACTION CROSS SECTION =   1676.786347 MILLIBARNS.

 ELASTIC SCATTERING ON THE TARGET STATE OF SPIN =  0.0+

      ANGLE    CROSS-SECTION     C. S./RUTHER.     ASYM. OR IT11               T20               T21               T22  
      0.000     0.18382D+05        1838.1793198         0.0000000         0.0041780         0.0000000         0.0000000
      2.000     0.33892D+07           0.9063712        -0.0016259        -0.0000610         0.0000008        -0.0000078
      4.000     0.14536D+06           0.6216218         0.0077364        -0.0017006         0.0000608         0.0000662
      6.000     0.32365D+05           0.6999469         0.0429360        -0.0014527         0.0000480         0.0004890
      8.000     0.13730D+05           0.9371147         0.0510716         0.0012577        -0.0001916         0.0008083
     10.000     0.53112D+04           0.8834234         0.0332703         0.0047564        -0.0006568         0.0009123
     12.000     0.13949D+04           0.4800283        -0.0204057         0.0103537        -0.0016943        -0.0005041
     14.000     0.17612D+03           0.1119888        -0.1344477         0.0061770        -0.0033484        -0.0271668
     16.000     0.13646D+03           0.1475815         0.3178073        -0.0558237         0.0065499        -0.0465894
     18.000     0.30452D+03           0.5257084         0.2670153        -0.0325661         0.0054346        -0.0169142
     20.000     0.32146D+03           0.8425651         0.2241309        -0.0236478         0.0052780        -0.0073059
     22.000     0.20673D+03           0.7899542         0.1919658        -0.0182215         0.0061576         0.0009489
     24.000     0.82262D+02           0.4431078         0.1412951        -0.0096548         0.0084282         0.0153860
     26.000     0.17725D+02           0.1308402        -0.0633392         0.0278181         0.0108007         0.0481570
     28.000     0.82467D+01           0.0814285        -0.2981338         0.0570442        -0.0146455        -0.0313540
     30.000     0.17926D+02           0.2318779        -0.0280460        -0.0053455        -0.0132702        -0.0698666
     32.000     0.21079D+02           0.3507537         0.0090125        -0.0294107        -0.0103476        -0.0811057
     34.000     0.13940D+02           0.2936230        -0.0333922        -0.0604546        -0.0100094        -0.1157122
     36.000     0.49528D+01           0.1301883        -0.1891280        -0.1477328        -0.0137022        -0.2300982
     38.000     0.14534D+01           0.0470706        -0.4001234        -0.2563746        -0.0270354        -0.3448255
     40.000     0.39979D+01           0.1577011        -0.0013772         0.0224573        -0.0142607         0.0290249
     42.000     0.85497D+01           0.4064994        -0.0045491         0.0570587        -0.0117008         0.0652457
     44.000     0.11088D+02           0.6294414        -0.0749205         0.0614556        -0.0125169         0.0652005
     46.000     0.10372D+02           0.6969076        -0.1731300         0.0607362        -0.0145177         0.0594353
     48.000     0.77020D+01           0.6076436        -0.2877091         0.0526935        -0.0167391         0.0451849
     50.000     0.50960D+01           0.4686124        -0.3539772         0.0278462        -0.0163510         0.0138441
     52.000     0.37731D+01           0.4016648        -0.2193746        -0.0092203        -0.0084144        -0.0228985
     54.000     0.37258D+01           0.4562517         0.0432160        -0.0184757         0.0024080        -0.0216564
     56.000     0.42064D+01           0.5890326         0.1736027         0.0019127         0.0071782         0.0085728
     58.000     0.44653D+01           0.7111001         0.1741854         0.0265608         0.0074060         0.0381794
     60.000     0.41830D+01           0.7536326         0.1167361         0.0445891         0.0060457         0.0570496
     62.000     0.34824D+01           0.7063601         0.0443793         0.0510664         0.0045673         0.0604114
     64.000     0.26866D+01           0.6107189        -0.0050641         0.0410238         0.0040992         0.0428017
     66.000     0.20625D+01           0.5231528         0.0144881         0.0116391         0.0058597         0.0019695
     68.000     0.16999D+01           0.4791340         0.1190217        -0.0242543         0.0099741        -0.0444703
     70.000     0.15340D+01           0.4786193         0.2453224        -0.0419744         0.0143682        -0.0661550
     72.000     0.14423D+01           0.4962667         0.3208341        -0.0355217         0.0169960        -0.0577533
     74.000     0.13293D+01           0.5026538         0.3334312        -0.0158852         0.0176207        -0.0343302
     76.000     0.11636D+01           0.4819232         0.3041941         0.0043889         0.0168351        -0.0119561
     78.000     0.96668D+00           0.4370832         0.2597841         0.0148122         0.0152343        -0.0035787
     80.000     0.77754D+00           0.3826343         0.2276483         0.0095865         0.0134447        -0.0158353
     82.000     0.62611D+00           0.3343608         0.2325491        -0.0123893         0.0122249        -0.0490273
     84.000     0.52093D+00           0.3010362         0.2822232        -0.0435702         0.0122079        -0.0922826
     86.000     0.45132D+00           0.2814573         0.3547780        -0.0670671         0.0133513        -0.1240817
     88.000     0.40040D+00           0.2687646         0.4163002        -0.0729659         0.0148443        -0.1330228
     90.000     0.35430D+00           0.2553322         0.4467167        -0.0628557         0.0157681        -0.1221284
     92.000     0.30676D+00           0.2367741         0.4454996        -0.0440020         0.0155727        -0.1011794
     94.000     0.25909D+00           0.2136749         0.4235688        -0.0275957         0.0140373        -0.0842807
     96.000     0.21491D+00           0.1889477         0.3963162        -0.0214699         0.0113253        -0.0806946
     98.000     0.17760D+00           0.1660916         0.3810334        -0.0289744         0.0080625        -0.0939853
    100.000     0.14875D+00           0.1476613         0.3893688        -0.0503157         0.0051662        -0.1237309
    102.000     0.12721D+00           0.1337630         0.4206597        -0.0762618         0.0034206        -0.1583515
    104.000     0.11091D+00           0.1232789         0.4645637        -0.0955860         0.0029578        -0.1847470
    106.000     0.97545D-01           0.1143909         0.5030397        -0.1023041         0.0030789        -0.1958760
    108.000     0.85381D-01           0.1054353         0.5235815        -0.0951310         0.0028703        -0.1899405
    110.000     0.74005D-01           0.0960533         0.5257828        -0.0805833         0.0017769        -0.1747902
    112.000     0.63339D-01           0.0862507         0.5129345        -0.0660410        -0.0004383        -0.1589757
    114.000     0.53644D-01           0.0765039         0.4956883        -0.0564043        -0.0035184        -0.1483704
    116.000     0.45312D-01           0.0675596         0.4860674        -0.0574474        -0.0068995        -0.1507057
    118.000     0.38346D-01           0.0596733         0.4864485        -0.0688476        -0.0104673        -0.1660663
    120.000     0.32880D-01           0.0533143         0.5014435        -0.0871427        -0.0141608        -0.1909545
    122.000     0.28786D-01           0.0485564         0.5269208        -0.1063165        -0.0177364        -0.2178436
    124.000     0.25614D-01           0.0448749         0.5463155        -0.1166611        -0.0210645        -0.2324399
    126.000     0.23067D-01           0.0419099         0.5568523        -0.1191913        -0.0233721        -0.2350330
    128.000     0.20729D-01           0.0389953         0.5605642        -0.1171299        -0.0239611        -0.2309522
    130.000     0.18316D-01           0.0356233         0.5607232        -0.1073455        -0.0231984        -0.2186129
    132.000     0.15819D-01           0.0317614         0.5654948        -0.0944365        -0.0227076        -0.2068188
    134.000     0.13334D-01           0.0275969         0.5727405        -0.0839714        -0.0254145        -0.2024524
    136.000     0.11216D-01           0.0238951         0.5802035        -0.0782603        -0.0339814        -0.2045785
    138.000     0.97085D-02           0.0212594         0.5814576        -0.0850041        -0.0484649        -0.2154245
    140.000     0.88536D-02           0.0199001         0.5608235        -0.1054362        -0.0628918        -0.2267483
    142.000     0.85481D-02           0.0196944         0.5325583        -0.1307470        -0.0673497        -0.2339286
    144.000     0.83208D-02           0.0196239         0.5168450        -0.1497706        -0.0603157        -0.2424138
    146.000     0.78288D-02           0.0188745         0.5221032        -0.1511160        -0.0475040        -0.2494847
    148.000     0.70000D-02           0.0172289         0.5593231        -0.1330752        -0.0377713        -0.2595683
    150.000     0.58476D-02           0.0146739         0.6185156        -0.1060104        -0.0440138        -0.2783653
    152.000     0.47303D-02           0.0120865         0.6759534        -0.0868314        -0.0781551        -0.2958819
    154.000     0.40197D-02           0.0104443         0.6895194        -0.1021544        -0.1347337        -0.2961316
    156.000     0.38746D-02           0.0102243         0.6111707        -0.1544518        -0.1712916        -0.2594087
    158.000     0.43179D-02           0.0115572         0.4937520        -0.1860765        -0.1472717        -0.1993265
    160.000     0.49395D-02           0.0133931         0.4180148        -0.1576372        -0.0914612        -0.1610559
    162.000     0.52912D-02           0.0145154         0.3944369        -0.0709913        -0.0440988        -0.1511712
    164.000     0.52677D-02           0.0146023         0.4147246         0.0681857        -0.0350386        -0.1621742
    166.000     0.48319D-02           0.0135180         0.4481325         0.2241144        -0.1024780        -0.1893013
    168.000     0.42437D-02           0.0119673         0.4545805         0.2816640        -0.2850195        -0.2177756
    170.000     0.40307D-02           0.0114433         0.3734190         0.0638781        -0.5349769        -0.2120114
    172.000     0.44808D-02           0.0127912         0.2069469        -0.4126805        -0.6691462        -0.1540799
    174.000     0.56244D-02           0.0161246         0.0788044        -0.8815911        -0.5940267        -0.0830428
    176.000     0.71170D-02           0.0204658         0.0225740        -1.1639985        -0.4076744        -0.0350953
    178.000     0.82623D-02           0.0238030         0.0002135        -1.2910648        -0.2039095        -0.0090011
    180.000     0.86581D-02           0.0249583         0.0000000        -1.3269219         0.0000000         0.0000000


 *** WORKSPACE USED IN THIS COMPUTATION     14045  ***            34985955 MEMORIES NOT USED.

  End time: 17:33.36 (22-02-2024)

  Calculation time:     1 min 37 s
