
  End time: 17:33.20 (22-02-2024)

  Calculation time:     1 min 26 s
1                    E. C. I. S. CODE FOR COUPLED CHANNELS CALCULATIONS ( 2006 ) WORKING FIELD LENGTH =  35000000

                        TO OBTAIN THE INPUT DESCRIPTION, PUNCH 'DESCRIPTION ' IN COLUMNS 1-12 OF THE FIRST CARD.


  1 F - ROTATIONAL MODEL-(.F.: VIBRATIONAL MODEL).         | 54 F - OUTPUT OF THE LENGTH USED IN THE WORKING FIELD.
  2 F - SECOND ORDER VIBRATIONAL MODEL-(.F.: FIRST ORDER)  | 55 F - OUTPUT OF C-MATRIX ELEMENTS AND COMPOUND NUCLEUS
        OR CONSTRAINED ASYMMETRIC ROTATIONAL MODEL.        |        INTERMEDIATE RESULTS.
  3 F - ANHARMONIC VIBRATIONAL MODEL-(.F.: HARMONIC) OR    | 56 T - OUTPUT OF S-MATRIX ELEMENTS.
        ASYMMETRIC ROTATIONAL MODEL-(.F.: SYMMETRIC).      | 57 F - OUTPUT OF PHASE-SHIFTS AT EACH E.C.I.S. ITERATION.
  4 F - PARAMETRISED SPIN-ORBIT DEFORMATION-(.F.:STANDARD) | 58 F - OUTPUT OF THE COEFFICIENTS OF EACH FORM FACTOR
  5 F - DIFFERENT DEFORMATION FOR EACH POTENTIAL(.F.: SAME)|        FOR ALL SETS OF EQUATIONS.
  6 F - USE OF DEFORMATION LENGTHS.                        | 59 T - TOTAL ELASTIC REACTION CROSS-SECTIONS WRITTEN ON
  7 F - NUCLEAR MATRIX ELEMENTS AND FORM FACTORS ON CARDS. |        FILE 58 AND TOTAL INELASTIC REACTION
  8 F - RELATIVISTIC KINEMATICS.                           |        CROSS-SECTIONS ON FILE 59.
  9 F - SYMMETRISED WOODS-SAXON FORM FOR NEGATIVE RADII.   | 60 T - S-MATRIX ELEMENTS WRITTEN ON FILE 60.
 10 F - DISPERSION RELATIONS FOR POTENTIALS.               |
                                                           | 61 F - REDUCED NUCLEAR MATRIX ELEMENTS WRITTEN ON FILE 61.
 11 T - DEFORMED COULOMB POTENTIAL.                        | 62 F - POTENTIALS WRITTEN ON FILE 62.
 12 T - DEFORMED IMAGINARY POTENTIAL.                      | 63 T - PENETRABILITIES WRITTEN ON FILE 63.
 13 F - DEFORMED REAL SPIN-ORBIT/TENSOR POTENTIAL.         | 64 T - RESULTS FOR EXPERIMENTAL DATA ON FILE 64
 14 F - DEFORMED IMAGINARY SPIN-ORBIT/TENSOR POTENTIAL.    |        AND AT EQUIDISTANT ANGLES WRITTEN ON FILE 66.
 15 F - REDUCED NUCLEAR MATRIX ELEMENTS READ FROM CARDS.   | 65 T - LEGENDRE EXPANSION FOR CROSS-SECTIONS WRITTEN ON
 16 F - HEAVY-ION DEFINITION OF RADII AND DEFORMATIONS.    |        FILE 65.
 17 F - FOLDING MODEL.                                     | 66 F - NO CALCULATION AT EQUIDISTANT ANGLES.
 18 F - PROJECTILE-TARGET ANTISYMMETRISATION.              | 67 T - NO PLOT OF EXPERIMENTAL DATA.
 19 F - DEFORMED COULOMB SPIN-ORBIT POTENTIAL.             | 68 T - NO PLOT OF CROSS-SECTIONS AT EQUIDISTANT ANGLES.
 20 F - DISPERSION RELATIONS FOR TRANSITION FORM-FACTORS.  | 69 T - NO PLOT OF POLARISATIONS AT EQUIDISTANT ANGLES.
                                                           |
 21 F - USUAL COUPLED EQUATIONS-(.F.: ITERATIONS).         | 71 F - NO DETAILED OUTPUT OF LOGICAL CONTROLS.
 22 F - NO USE OF PADE FOR CONVERGENCE OF THE ITERATIONS.  | 72 T - NO OUTPUT OF EXPERIMENTAL DATA AS THEY ARE READ.
 23 T - NO USE OF PADE WITHOUT CONVERGENCE.                | 73 T - NO OUTPUT OF EXTERNAL POTENTIALS AS THEY ARE READ.
 24 F - COUPLING POTENTIALS COMPUTED AT EACH ITERATION.    | 74 F - OUTPUT OF VARIATIONS IN STORAGE.
 25 F - COMPLETE CALCULATION UP TO THE END-(.F.: ONE ITE-  | 75 T - NO COMPLETE OUTPUT AT THE FIRST RUN OF A SEARCH.
        RATION ONLY AS SOON AS TWO ITERATIONS ARE ENOUGH). | 76 F - LO(51) TO LO(65) ARE ALWAYS USED-(.F.: ONLY FOR
 26 F - INTEGRATION STABILISED FOR LONG RANGE POTENTIAL.   |        COMPLETE OUTPUT)
 27 F - NUMEROV'S METHOD FOR SINGLE EQUATIONS-(.F.: MODI-  | 77 F - OUTPUT OF TIME DIFFERENCES DURING THE SEARCH.
        FIED NUMEROV'S METHOD).                            | 78 F - OUTPUT OF DIFFERENCES BETWEEN EXPERIMENTAL
 28 T - COMPUTATION UP TO J-CONVERGENCE-(.F.: STOP WHEN    |        AND CALCULATED VALUES.
        ALL THE INHOMOGENEOUS TERMS ARE NEGLIGIBLE).       |
 29 F - NO DIAGONAL TERM IN SECOND MEMBERS.                | 81 F - HAUSER-FESHBACH CORRECTIONS TO CROSS-SECTIONS.
 30 T - PURE DWBA CALCULATION.                             | 82 F - SIMPLEST COMPOUND NUCLEUS FORMALISM.
                                                           | 83 T - NO ENGELBRETCH-WEIDENMULLER TRANSFORMATION IN
 31 F - INPUT OF EXPERIMENTAL DATA AND CHI2 CALCULATION.   |        IN COMPOUND NUCLEUS.
 32 F - AUTOMATIC SEARCH ON SOME PARAMETERS.               | 84 F - UNCOUPLED LEVELS FOR COMPOUND NUCLEUS.
 33 F - SYMMETRISED CHI2 FOR CROSS-SECTIONS.               | 85 F - FISSION DATA IN COMPOUND NUCLEUS.
 34 F - NEXT CALCULATION CHANGING ENERGY AND/OR SOME       | 86 F - GAMMA EMISSION DATA IN COMPOUND NUCLEUS.
        PARAMETERS.                                        | 87 F - NO WIDTH FLUCTUATIONS.
 35 F - SEARCH SAVED ON TAPE 8 IF ENDED OR LACK OF TIME.   |
 36 F - RESTART A SEARCH FROM TAPE 8.                      | 91 F - EQUIDISTANT ANGLES IN THE LABORATORY SYSTEM.
                                                           | 92 F - NON STANDARD OBSERVABLES AT EQUIDISTANT ANGLES.
 41 F - FACTORISATION OF 1/(1-COS(THETA)) IN AMPLITUDES.   | 93 F - NO RECOIL CORRECTION FOR REACTIONS.
 42 F - SCHMIDT'S ORTHOGONAL. IN USUAL COUPLED EQUATIONS.  | 94 F - NON RELATIVISTIC "REDUCED MASS" FOR DIRAC EQUATION.
 43 F - INTERPOLATION ON TOTAL SPIN.                       | 95 F - "REDUCED ENERGY" FOR NON COULOMB INTERACTION IN
 44 F - COULOMB CORRECTIONS.                               |        RELATIVISTIC SCHROEDINGER EQUATION OR USE OF REST
 45 F - ANGULAR MOMENTUM LIMIT FOR COULOMB CORRECTIONS.    |        MASS IN DIRAC EQUATION.
 46 F - RESTRICTED COULOMB CORRECTIONS.                    | 96 F - "REDUCED MASS" FOR COULOMB INTERACTION IN
 47 F - NO RECOIL CORRECTION FOR BOUND STATES.             |        RELATIVISTIC SCHROEDINGER EQUATION.
                                                           | 97 F - SAME REDUCED MASS FOR ALL THE STATES.
 51 F - OUTPUT OF POTENTIALS.                              | 98 F - Q ADDED TO THE MASS OF RESIDUAL NUCLEUS.
 52 F - OUTPUT OF REDUCED NUCLEAR MATRIX ELEMENTS.         | 99 F - SCHROEDINGER EQUIVALENT TO DIRAC EQUATION.
 53 F - OUTPUT OF THE NUMBER OF ITERATIONS.                |100 F - COMPLETE DIRAC EQUATION.
1
          **********************************************************************************
          *                                                                                *
          *      56.00000 MeV deuteron on  64NI: SPHERICAL OMP                             *
          *                                                                                *
          **********************************************************************************

 MAXIMUM NUMBER OF J    56  (MIN  0) STOP WHEN MAXIMUM S-MATRIX ELEMENT IS LESS THAN        0.1000D-04

 PLOT CONDITIONS FOR CROSS-SECTIONS    2    2     FOR POLARISATIONS    1    1

          ITERATION METHOD:  MAXIMUM NUMBER OF ITERATIONS         1
          CONVERGENCE CRITERION:     1.0000D-05 FOR S-MATRIX     1.0000D-05 FOR POTENTIALS AND FUNCTIONS.


 INDICATIONS FOR EXPANSION OF CROSS-SECTIONS IN LEGENDRE POLYNOMIALS:    2    0    0

 FIRST ORDER VIBRATIONAL MODEL.


 TARGET              MASS =  63.92797           PRODUCT OF CHARGES =   28.           AT**1/3 =   3.998499D+00
 INCIDENT PARTICLE   MASS =   2.01410      SPIN = 1.0   AP**1/3 =   1.262875D+00
          ENERGY(LAB) =   5.600000D+01 MEV          ENERGY(C. M.) =   5.428957D+01 MEV.

 N =  1 -   SPIN = 0.0+ EXCITATION ENERGY =  0.0000 MEV          POTENTIAL    1


 OPTICAL POTENTIALS  **  1 **     REDUCED RADIUS MULTIPLIED BY     3.998499D+00

      DEFORMED  VOLUME/SCALAR REAL POTENTIAL
 DEPTH   82.763780 MEV   RADIUS  4.598514 FERMI (REDUCED VALUE 1.150060)   DIFFUSENESS 0.769400 FERMI AT THE POWER (1+ 0.000000)

      DEFORMED  VOLUME/SCALAR IMAGINARY POTENTIAL
 DEPTH    4.587200 MEV   RADIUS  5.317684 FERMI (REDUCED VALUE 1.329920)   DIFFUSENESS 0.455000 FERMI AT THE POWER (1+ 0.000000)

      DEFORMED  SURFACE/VECTOR REAL POTENTIAL
 DEPTH    0.000000 MEV   RADIUS  0.000000 FERMI (REDUCED VALUE 0.000000)   DIFFUSENESS 0.000000 FERMI AT THE POWER (1+ 0.000000)

      DEFORMED  SURFACE/VECTOR IMAGINARY POTENTIAL
 DEPTH    9.116400 MEV   RADIUS  5.485940 FERMI (REDUCED VALUE 1.372000)   DIFFUSENESS 0.779000 FERMI AT THE POWER (1+ 0.000000)

  NOT DEFORMED  REAL SPIN-ORBIT/TENSOR POTENTIAL
 DEPTH    3.557000 MEV   RADIUS  3.886541 FERMI (REDUCED VALUE 0.972000)   DIFFUSENESS 1.011000 FERMI AT THE POWER (1+ 0.000000)

  NOT DEFORMED  IMAGINARY SPIN-ORBIT/TENSOR POTENTIAL
 DEPTH    0.000000 MEV   RADIUS  0.000000 FERMI (REDUCED VALUE 0.000000)   DIFFUSENESS 0.000000 FERMI AT THE POWER (1+ 0.000000)

      DEFORMED  COULOMB POTENTIAL
  CHARGE PRODUCT    28.  RADIUS  5.210044 FERMI (REDUCED VALUE 1.303000)   DIFFUSENESS 0.000000 FERMI AT THE POWER (1+ 0.000000)

  NOT DEFORMED  SPIN-ORBIT COULOMB POTENTIAL
 DEPTH    0.000000 MEV   RADIUS  0.000000 FERMI (REDUCED VALUE 0.000000)   DIFFUSENESS 0.000000 FERMI AT THE POWER (1+ 0.000000)
              THIRD CHARGE PARAMETER28.000000

 INTEGRATION STEP SIZE = 0.11364          MATCHING RADIUS =  40.000 FERMI

 SCATTERING ANGLES FROM  0.000 IN STEPS OF  2.000 UP TO 180.000 DEGREES   AVERAGED WITH +/-   0.000 DEGREES.


       2 SOLUTIONS         2 COUPLED EQUATIONS         5 INDEPENDENT AMPLITUDES.


 LEVEL       WAVE NUMBER  COULOMB PARAMETER   REDUCED MASS       REDUCED ENERGY     STEP SIZE
     1      2.2520677829      0.8362669039   1818.8188961527   1818.8188961527      0.1136363636
 MAXIMUM J-VALUE =  55.0                MAXIMUM SCATTERING COEFFICIENT AT THE END   0.264D-04
 MAXIMUM J-VALUE =  55.0                MAXIMUM SCATTERING COEFFICIENT AT THE END   0.235D-04
1 COEFFICIENTS OF LEGENDRE POLYNOMIALS DESCRIBING THE CROSS-SECTIONS.

 DIRECT INTERACTION FOR LEVEL 1 MULTIPLIED BY (1-COS(THETA))**( 2 ) 166 COEFFICIENTS
    L        C(L)              C(L+1)             C(L+2)             C(L+3)             C(L+4)
    0  -1.0255529443D+00   1.3398798577D-01  -1.9785701854D-02  -3.3202202388D-02   3.3615532670D-03
    5   2.2983077619D-02   2.1031450146D-02   1.0132180717D-02   1.2910396838D-03  -3.3628865012D-03
   10  -4.2696331963D-03  -3.6215861203D-03  -2.3099786546D-03  -1.0471326814D-03   3.0138859825D-05
   15   1.1449446297D-03   2.4545315220D-03   4.1862957298D-03   5.5500176465D-03   5.6487778571D-03
   20   3.3426713312D-03  -7.7755645922D-04  -2.9171320803D-03  -1.1766266680D-03   2.4241212258D-03
   25   2.8527555191D-03  -4.4068000277D-04  -4.8968214802D-03  -7.5134085567D-03  -7.2772205775D-03
   30  -5.0218052417D-03  -2.1735319527D-03   2.1719062499D-04   1.7310095092D-03   2.4096155271D-03
   35   2.5013419004D-03   2.2653015452D-03   1.8977236234D-03   1.5165072946D-03   1.1792445990D-03
   40   9.0373458784D-04   6.8872859884D-04   5.3216310512D-04   4.1199872054D-04   3.2514827924D-04
   45   2.6059965683D-04   2.1215854593D-04   1.7460149546D-04   1.4520639440D-04   1.2101736508D-04
   50   1.0287131348D-04   8.7745665601D-05   7.5142905776D-05   6.5897362922D-05   5.5898539454D-05
   55   4.1986162549D-05   3.5010539571D-05   3.0135993419D-05   2.7770787363D-05   2.3079900232D-05
   60   1.7387770952D-05   1.3087013310D-05   1.0013897107D-05   6.8070027323D-06   3.2108451364D-06
   65   8.1879499408D-07  -2.9058963352D-07  -2.2150101084D-06  -2.5188277132D-06  -3.9285972535D-06
   70  -2.9224414060D-06  -4.0313584428D-06  -5.5424895226D-06  -6.4131346408D-06  -6.9718225651D-06
   75  -7.3967092024D-06  -7.7397481492D-06  -8.0118055520D-06  -8.2243983615D-06  -8.3842604488D-06
   80  -8.4973490367D-06  -8.5709046664D-06  -8.6104397717D-06  -8.6190509931D-06  -8.6022926835D-06
   85  -8.5634163204D-06  -8.5045891260D-06  -8.4291674908D-06  -8.3405348979D-06  -8.2383606418D-06
   90  -8.1267103837D-06  -8.0068777190D-06  -7.8789199884D-06  -7.7455612201D-06  -7.6080804717D-06
   95  -7.4658526686D-06  -7.3212517437D-06  -7.1750785785D-06  -7.0267341275D-06  -6.8779364229D-06
  100  -6.7291405820D-06  -6.5803924796D-06  -6.4317994418D-06  -6.2850586799D-06  -6.1387860761D-06
  105  -5.9945556995D-06  -5.8513783825D-06  -5.7113387348D-06  -5.5716910679D-06  -5.4361635323D-06
  110  -5.3003479599D-06  -5.1710863216D-06  -5.0404221785D-06  -4.9136670361D-06  -4.7894879901D-06
  115  -4.6679128653D-06  -4.5489584760D-06  -4.4326319614D-06  -4.3189319807D-06  -4.2078497796D-06
  120  -4.0993701453D-06  -3.9934722576D-06  -3.8901304508D-06  -3.7893148928D-06  -3.6909921914D-06
  125  -3.5951259346D-06  -3.5016771727D-06  -3.4106048470D-06  -3.3218661710D-06  -3.2354169696D-06
  130  -3.1512119800D-06  -3.0692051181D-06  -2.9893497144D-06  -2.9115987224D-06  -2.8359049022D-06
  135  -2.7622209820D-06  -2.6904997996D-06  -2.6206944263D-06  -2.5527582747D-06  -2.4866451921D-06
  140  -2.4223095418D-06  -2.3597062713D-06  -2.2987909727D-06  -2.2395199315D-06  -2.1818501691D-06
  145  -2.1257394768D-06  -2.0711464441D-06  -2.0180304806D-06  -1.9663518334D-06  -1.9160715996D-06
  150  -1.8671517344D-06  -1.8195550568D-06  -1.7732452506D-06  -1.7281868639D-06  -1.6843453058D-06
  155  -1.6416868407D-06  -1.6001785808D-06  -1.5597884778D-06  -1.5204853119D-06  -1.4822386806D-06
  160  -1.4450189865D-06  -1.4087974235D-06  -1.3735459631D-06  -1.3392373396D-06  -1.3058450353D-06
  165  -1.2733432649D-06
1       56.00000 MeV deuteron on  64NI: SPHERICAL OMP                         


 TOTAL REACTION CROSS SECTION =   1771.291568 MILLIBARNS.

 ELASTIC SCATTERING ON THE TARGET STATE OF SPIN =  0.0+

      ANGLE    CROSS-SECTION     C. S./RUTHER.     ASYM. OR IT11               T20               T21               T22  
      0.000     0.20031D+05        2003.0520973         0.0000000         0.0038654         0.0000000         0.0000000
      2.000     0.33355D+07           0.8976778        -0.0015700        -0.0001343         0.0000024        -0.0000066
      4.000     0.14393D+06           0.6193673         0.0083771        -0.0013863         0.0000493         0.0000923
      6.000     0.33168D+05           0.7218525         0.0406502        -0.0003297        -0.0000150         0.0004896
      8.000     0.13659D+05           0.9382182         0.0460364         0.0023811        -0.0002769         0.0006808
     10.000     0.48585D+04           0.8132441         0.0264343         0.0056797        -0.0007656         0.0004544
     12.000     0.10762D+04           0.3726989        -0.0326363         0.0101778        -0.0018657        -0.0027870
     14.000     0.12332D+03           0.0789113        -0.0145969        -0.0258669        -0.0004852        -0.0468791
     16.000     0.23708D+03           0.2580170         0.2891456        -0.0416231         0.0053536        -0.0236814
     18.000     0.41167D+03           0.7151744         0.2241612        -0.0230729         0.0041858        -0.0073571
     20.000     0.36732D+03           0.9688527         0.1829499        -0.0149000         0.0040496         0.0003678
     22.000     0.20216D+03           0.7773704         0.1382667        -0.0072305         0.0046165         0.0096447
     24.000     0.64853D+02           0.3515448         0.0371779         0.0083956         0.0060625         0.0266480
     26.000     0.10179D+02           0.0756139        -0.3966334         0.0534377         0.0046768         0.0173575
     28.000     0.10540D+02           0.1047329        -0.0515144        -0.0385429        -0.0074388        -0.1397880
     30.000     0.20826D+02           0.2710912         0.1523687        -0.0609943        -0.0027061        -0.1135580
     32.000     0.19391D+02           0.3247048         0.1862765        -0.0802675         0.0007899        -0.1199085
     34.000     0.95491D+01           0.2024118         0.2212192        -0.1332409         0.0063172        -0.1730000
     36.000     0.21619D+01           0.0571864         0.3463891        -0.3069793         0.0210112        -0.3536685
     38.000     0.20591D+01           0.0671072         0.0347293        -0.0034809        -0.0103121         0.0060982
     40.000     0.63973D+01           0.2539416        -0.0786685         0.0755094        -0.0165812         0.0780633
     42.000     0.99621D+01           0.4766507        -0.1417865         0.0688589        -0.0171859         0.0640846
     44.000     0.10067D+02           0.5750620        -0.2349125         0.0598995        -0.0190966         0.0486954
     46.000     0.75438D+01           0.5100737        -0.3623957         0.0462160        -0.0221193         0.0273852
     48.000     0.47616D+01           0.3780427        -0.4666894         0.0176985        -0.0234948        -0.0084376
     50.000     0.33981D+01           0.3144623        -0.3290899        -0.0170778        -0.0153151        -0.0377688
     52.000     0.35753D+01           0.3830097        -0.0114619        -0.0108178        -0.0021843        -0.0118550
     54.000     0.43713D+01           0.5386799         0.1208449         0.0194395         0.0028592         0.0308534
     56.000     0.48207D+01           0.6793271         0.1054406         0.0443747         0.0026873         0.0598432
     58.000     0.45342D+01           0.7266374         0.0347806         0.0587685         0.0009928         0.0736493
     60.000     0.37180D+01           0.6740989        -0.0447028         0.0597609        -0.0005766         0.0702618
     62.000     0.28215D+01           0.5759382        -0.0866966         0.0424172        -0.0005201         0.0445041
     64.000     0.21792D+01           0.4984992        -0.0345577         0.0073293         0.0027215        -0.0012828
     66.000     0.18663D+01           0.4763850         0.1062217        -0.0238480         0.0084011        -0.0392938
     68.000     0.17605D+01           0.4993749         0.2339324        -0.0284482         0.0130714        -0.0434187
     70.000     0.16907D+01           0.5308561         0.2845562        -0.0119710         0.0149852        -0.0227750
     72.000     0.15510D+01           0.5370572         0.2707446         0.0101690         0.0147661         0.0029308
     74.000     0.13316D+01           0.5067130         0.2253058         0.0256467         0.0134277         0.0185150
     76.000     0.10843D+01           0.4518880         0.1811399         0.0259607         0.0118256         0.0138341
     78.000     0.86695D+00           0.3944715         0.1702272         0.0081077         0.0108371        -0.0140459
     80.000     0.71045D+00           0.3518320         0.2119918        -0.0228442         0.0111928        -0.0574685
     82.000     0.61103D+00           0.3283709         0.2906887        -0.0501826         0.0128308        -0.0945057
     84.000     0.54486D+00           0.3168578         0.3641188        -0.0592593         0.0147674        -0.1073825
     86.000     0.48810D+00           0.3063194         0.4033876        -0.0505260         0.0159791        -0.0978466
     88.000     0.42740D+00           0.2887053         0.4058435        -0.0321236         0.0160044        -0.0769257
     90.000     0.36250D+00           0.2628971         0.3843554        -0.0154396         0.0147877        -0.0592968
     92.000     0.30029D+00           0.2332415         0.3574029        -0.0099356         0.0125569        -0.0565971
     94.000     0.24739D+00           0.2053172         0.3439090        -0.0188922         0.0098704        -0.0723803
     96.000     0.20719D+00           0.1833156         0.3569911        -0.0412875         0.0075377        -0.1044572
     98.000     0.17833D+00           0.1678325         0.3939459        -0.0670192         0.0062673        -0.1394012
    100.000     0.15674D+00           0.1565804         0.4390964        -0.0839791         0.0061243        -0.1624358
    102.000     0.13845D+00           0.1465015         0.4756904        -0.0876150         0.0065665        -0.1686160
    104.000     0.12079D+00           0.1351165         0.4943106        -0.0780062         0.0068563        -0.1587300
    106.000     0.10344D+00           0.1220714         0.4956444        -0.0627567         0.0062333        -0.1428259
    108.000     0.87331D-01           0.1085255         0.4848453        -0.0504853         0.0041507        -0.1313786
    110.000     0.73473D-01           0.0959664         0.4696725        -0.0453240         0.0005336        -0.1287347
    112.000     0.62492D-01           0.0856350         0.4596131        -0.0526546        -0.0039779        -0.1402816
    114.000     0.54139D-01           0.0776982         0.4618208        -0.0704155        -0.0079199        -0.1624842
    116.000     0.47634D-01           0.0714707         0.4796909        -0.0906102        -0.0100763        -0.1866482
    118.000     0.42081D-01           0.0659000         0.5078986        -0.1073007        -0.0104639        -0.2073589
    120.000     0.36885D-01           0.0601877         0.5379259        -0.1127718        -0.0099451        -0.2166141
    122.000     0.31931D-01           0.0542025         0.5622188        -0.1059651        -0.0101947        -0.2139496
    124.000     0.27449D-01           0.0483946         0.5711155        -0.0927115        -0.0129792        -0.2042573
    126.000     0.23812D-01           0.0435363         0.5635938        -0.0786219        -0.0182329        -0.1906591
    128.000     0.20980D-01           0.0397165         0.5432547        -0.0708454        -0.0242276        -0.1794166
    130.000     0.18665D-01           0.0365321         0.5180269        -0.0734500        -0.0285837        -0.1756103
    132.000     0.16651D-01           0.0336427         0.5103028        -0.0865938        -0.0296111        -0.1856165
    134.000     0.14674D-01           0.0305615         0.5281402        -0.1040941        -0.0289100        -0.2083409
    136.000     0.12741D-01           0.0273149         0.5630953        -0.1169206        -0.0303558        -0.2334615
    138.000     0.11040D-01           0.0243274         0.6032454        -0.1262471        -0.0378143        -0.2578316
    140.000     0.97837D-02           0.0221299         0.6226105        -0.1349872        -0.0509819        -0.2726935
    142.000     0.91198D-02           0.0211447         0.6086168        -0.1388789        -0.0616891        -0.2656119
    144.000     0.87703D-02           0.0208149         0.5727631        -0.1354784        -0.0624209        -0.2423714
    146.000     0.83656D-02           0.0202963         0.5356028        -0.1220441        -0.0527196        -0.2149707
    148.000     0.76302D-02           0.0188988         0.5298077        -0.0977414        -0.0395171        -0.1998464
    150.000     0.64736D-02           0.0163477         0.5649656        -0.0659618        -0.0364134        -0.2051612
    152.000     0.52481D-02           0.0134943         0.6251680        -0.0386672        -0.0600126        -0.2257229
    154.000     0.43263D-02           0.0113121         0.6719333        -0.0547414        -0.1199416        -0.2545346
    156.000     0.40400D-02           0.0107282         0.6284817        -0.1450126        -0.1798642        -0.2659490
    158.000     0.45417D-02           0.0122333         0.5145115        -0.2333018        -0.1721272        -0.2454310
    160.000     0.54451D-02           0.0148574         0.4270373        -0.2412553        -0.1136210        -0.2223181
    162.000     0.62529D-02           0.0172621         0.3870953        -0.1678024        -0.0525141        -0.2129497
    164.000     0.64604D-02           0.0180220         0.3941848        -0.0290612        -0.0241254        -0.2239839
    166.000     0.59133D-02           0.0166482         0.4281571         0.1492451        -0.0652301        -0.2554949
    168.000     0.51521D-02           0.0146209         0.4465805         0.2835751        -0.2219513        -0.2905880
    170.000     0.46677D-02           0.0133355         0.3931263         0.1815602        -0.4907033        -0.2920305
    172.000     0.48817D-02           0.0140240         0.2407573        -0.2903694        -0.6964919        -0.2234442
    174.000     0.60176D-02           0.0173610         0.0968895        -0.8219865        -0.6516305        -0.1221273
    176.000     0.76283D-02           0.0220750         0.0273439        -1.1490512        -0.4591697        -0.0478632
    178.000     0.91485D-02           0.0265228         0.0023821        -1.3082706        -0.2291478        -0.0101404
    180.000     0.98359D-02           0.0285329         0.0000000        -1.3531522         0.0000000         0.0000000


 *** WORKSPACE USED IN THIS COMPUTATION     14453  ***            34985547 MEMORIES NOT USED.

  End time: 17:33.20 (22-02-2024)

  Calculation time:     1 min 26 s
