
  End time: 17:33.25 (22-02-2024)

  Calculation time:     1 min 30 s
1                    E. C. I. S. CODE FOR COUPLED CHANNELS CALCULATIONS ( 2006 ) WORKING FIELD LENGTH =  35000000

                        TO OBTAIN THE INPUT DESCRIPTION, PUNCH 'DESCRIPTION ' IN COLUMNS 1-12 OF THE FIRST CARD.


  1 F - ROTATIONAL MODEL-(.F.: VIBRATIONAL MODEL).         | 54 F - OUTPUT OF THE LENGTH USED IN THE WORKING FIELD.
  2 F - SECOND ORDER VIBRATIONAL MODEL-(.F.: FIRST ORDER)  | 55 F - OUTPUT OF C-MATRIX ELEMENTS AND COMPOUND NUCLEUS
        OR CONSTRAINED ASYMMETRIC ROTATIONAL MODEL.        |        INTERMEDIATE RESULTS.
  3 F - ANHARMONIC VIBRATIONAL MODEL-(.F.: HARMONIC) OR    | 56 T - OUTPUT OF S-MATRIX ELEMENTS.
        ASYMMETRIC ROTATIONAL MODEL-(.F.: SYMMETRIC).      | 57 F - OUTPUT OF PHASE-SHIFTS AT EACH E.C.I.S. ITERATION.
  4 F - PARAMETRISED SPIN-ORBIT DEFORMATION-(.F.:STANDARD) | 58 F - OUTPUT OF THE COEFFICIENTS OF EACH FORM FACTOR
  5 F - DIFFERENT DEFORMATION FOR EACH POTENTIAL(.F.: SAME)|        FOR ALL SETS OF EQUATIONS.
  6 F - USE OF DEFORMATION LENGTHS.                        | 59 T - TOTAL ELASTIC REACTION CROSS-SECTIONS WRITTEN ON
  7 F - NUCLEAR MATRIX ELEMENTS AND FORM FACTORS ON CARDS. |        FILE 58 AND TOTAL INELASTIC REACTION
  8 F - RELATIVISTIC KINEMATICS.                           |        CROSS-SECTIONS ON FILE 59.
  9 F - SYMMETRISED WOODS-SAXON FORM FOR NEGATIVE RADII.   | 60 T - S-MATRIX ELEMENTS WRITTEN ON FILE 60.
 10 F - DISPERSION RELATIONS FOR POTENTIALS.               |
                                                           | 61 F - REDUCED NUCLEAR MATRIX ELEMENTS WRITTEN ON FILE 61.
 11 T - DEFORMED COULOMB POTENTIAL.                        | 62 F - POTENTIALS WRITTEN ON FILE 62.
 12 T - DEFORMED IMAGINARY POTENTIAL.                      | 63 T - PENETRABILITIES WRITTEN ON FILE 63.
 13 F - DEFORMED REAL SPIN-ORBIT/TENSOR POTENTIAL.         | 64 T - RESULTS FOR EXPERIMENTAL DATA ON FILE 64
 14 F - DEFORMED IMAGINARY SPIN-ORBIT/TENSOR POTENTIAL.    |        AND AT EQUIDISTANT ANGLES WRITTEN ON FILE 66.
 15 F - REDUCED NUCLEAR MATRIX ELEMENTS READ FROM CARDS.   | 65 T - LEGENDRE EXPANSION FOR CROSS-SECTIONS WRITTEN ON
 16 F - HEAVY-ION DEFINITION OF RADII AND DEFORMATIONS.    |        FILE 65.
 17 F - FOLDING MODEL.                                     | 66 F - NO CALCULATION AT EQUIDISTANT ANGLES.
 18 F - PROJECTILE-TARGET ANTISYMMETRISATION.              | 67 T - NO PLOT OF EXPERIMENTAL DATA.
 19 F - DEFORMED COULOMB SPIN-ORBIT POTENTIAL.             | 68 T - NO PLOT OF CROSS-SECTIONS AT EQUIDISTANT ANGLES.
 20 F - DISPERSION RELATIONS FOR TRANSITION FORM-FACTORS.  | 69 T - NO PLOT OF POLARISATIONS AT EQUIDISTANT ANGLES.
                                                           |
 21 F - USUAL COUPLED EQUATIONS-(.F.: ITERATIONS).         | 71 F - NO DETAILED OUTPUT OF LOGICAL CONTROLS.
 22 F - NO USE OF PADE FOR CONVERGENCE OF THE ITERATIONS.  | 72 T - NO OUTPUT OF EXPERIMENTAL DATA AS THEY ARE READ.
 23 T - NO USE OF PADE WITHOUT CONVERGENCE.                | 73 T - NO OUTPUT OF EXTERNAL POTENTIALS AS THEY ARE READ.
 24 F - COUPLING POTENTIALS COMPUTED AT EACH ITERATION.    | 74 F - OUTPUT OF VARIATIONS IN STORAGE.
 25 F - COMPLETE CALCULATION UP TO THE END-(.F.: ONE ITE-  | 75 T - NO COMPLETE OUTPUT AT THE FIRST RUN OF A SEARCH.
        RATION ONLY AS SOON AS TWO ITERATIONS ARE ENOUGH). | 76 F - LO(51) TO LO(65) ARE ALWAYS USED-(.F.: ONLY FOR
 26 F - INTEGRATION STABILISED FOR LONG RANGE POTENTIAL.   |        COMPLETE OUTPUT)
 27 F - NUMEROV'S METHOD FOR SINGLE EQUATIONS-(.F.: MODI-  | 77 F - OUTPUT OF TIME DIFFERENCES DURING THE SEARCH.
        FIED NUMEROV'S METHOD).                            | 78 F - OUTPUT OF DIFFERENCES BETWEEN EXPERIMENTAL
 28 T - COMPUTATION UP TO J-CONVERGENCE-(.F.: STOP WHEN    |        AND CALCULATED VALUES.
        ALL THE INHOMOGENEOUS TERMS ARE NEGLIGIBLE).       |
 29 F - NO DIAGONAL TERM IN SECOND MEMBERS.                | 81 F - HAUSER-FESHBACH CORRECTIONS TO CROSS-SECTIONS.
 30 T - PURE DWBA CALCULATION.                             | 82 F - SIMPLEST COMPOUND NUCLEUS FORMALISM.
                                                           | 83 T - NO ENGELBRETCH-WEIDENMULLER TRANSFORMATION IN
 31 F - INPUT OF EXPERIMENTAL DATA AND CHI2 CALCULATION.   |        IN COMPOUND NUCLEUS.
 32 F - AUTOMATIC SEARCH ON SOME PARAMETERS.               | 84 F - UNCOUPLED LEVELS FOR COMPOUND NUCLEUS.
 33 F - SYMMETRISED CHI2 FOR CROSS-SECTIONS.               | 85 F - FISSION DATA IN COMPOUND NUCLEUS.
 34 F - NEXT CALCULATION CHANGING ENERGY AND/OR SOME       | 86 F - GAMMA EMISSION DATA IN COMPOUND NUCLEUS.
        PARAMETERS.                                        | 87 F - NO WIDTH FLUCTUATIONS.
 35 F - SEARCH SAVED ON TAPE 8 IF ENDED OR LACK OF TIME.   |
 36 F - RESTART A SEARCH FROM TAPE 8.                      | 91 F - EQUIDISTANT ANGLES IN THE LABORATORY SYSTEM.
                                                           | 92 F - NON STANDARD OBSERVABLES AT EQUIDISTANT ANGLES.
 41 F - FACTORISATION OF 1/(1-COS(THETA)) IN AMPLITUDES.   | 93 F - NO RECOIL CORRECTION FOR REACTIONS.
 42 F - SCHMIDT'S ORTHOGONAL. IN USUAL COUPLED EQUATIONS.  | 94 F - NON RELATIVISTIC "REDUCED MASS" FOR DIRAC EQUATION.
 43 F - INTERPOLATION ON TOTAL SPIN.                       | 95 F - "REDUCED ENERGY" FOR NON COULOMB INTERACTION IN
 44 F - COULOMB CORRECTIONS.                               |        RELATIVISTIC SCHROEDINGER EQUATION OR USE OF REST
 45 F - ANGULAR MOMENTUM LIMIT FOR COULOMB CORRECTIONS.    |        MASS IN DIRAC EQUATION.
 46 F - RESTRICTED COULOMB CORRECTIONS.                    | 96 F - "REDUCED MASS" FOR COULOMB INTERACTION IN
 47 F - NO RECOIL CORRECTION FOR BOUND STATES.             |        RELATIVISTIC SCHROEDINGER EQUATION.
                                                           | 97 F - SAME REDUCED MASS FOR ALL THE STATES.
 51 F - OUTPUT OF POTENTIALS.                              | 98 F - Q ADDED TO THE MASS OF RESIDUAL NUCLEUS.
 52 F - OUTPUT OF REDUCED NUCLEAR MATRIX ELEMENTS.         | 99 F - SCHROEDINGER EQUIVALENT TO DIRAC EQUATION.
 53 F - OUTPUT OF THE NUMBER OF ITERATIONS.                |100 F - COMPLETE DIRAC EQUATION.
1
          **********************************************************************************
          *                                                                                *
          *      56.00000 MeV deuteron on  62NI: SPHERICAL OMP                             *
          *                                                                                *
          **********************************************************************************

 MAXIMUM NUMBER OF J    54  (MIN  0) STOP WHEN MAXIMUM S-MATRIX ELEMENT IS LESS THAN        0.1000D-04

 PLOT CONDITIONS FOR CROSS-SECTIONS    2    2     FOR POLARISATIONS    1    1

          ITERATION METHOD:  MAXIMUM NUMBER OF ITERATIONS         1
          CONVERGENCE CRITERION:     1.0000D-05 FOR S-MATRIX     1.0000D-05 FOR POTENTIALS AND FUNCTIONS.


 INDICATIONS FOR EXPANSION OF CROSS-SECTIONS IN LEGENDRE POLYNOMIALS:    2    0    0

 FIRST ORDER VIBRATIONAL MODEL.


 TARGET              MASS =  61.92835           PRODUCT OF CHARGES =   28.           AT**1/3 =   3.956366D+00
 INCIDENT PARTICLE   MASS =   2.01410      SPIN = 1.0   AP**1/3 =   1.262875D+00
          ENERGY(LAB) =   5.600000D+01 MEV          ENERGY(C. M.) =   5.423608D+01 MEV.

 N =  1 -   SPIN = 0.0+ EXCITATION ENERGY =  0.0000 MEV          POTENTIAL    1


 OPTICAL POTENTIALS  **  1 **     REDUCED RADIUS MULTIPLIED BY     3.956366D+00

      DEFORMED  VOLUME/SCALAR REAL POTENTIAL
 DEPTH   82.811590 MEV   RADIUS  4.549980 FERMI (REDUCED VALUE 1.150040)   DIFFUSENESS 0.768870 FERMI AT THE POWER (1+ 0.000000)

      DEFORMED  VOLUME/SCALAR IMAGINARY POTENTIAL
 DEPTH    4.587200 MEV   RADIUS  5.262719 FERMI (REDUCED VALUE 1.330190)   DIFFUSENESS 0.459210 FERMI AT THE POWER (1+ 0.000000)

      DEFORMED  SURFACE/VECTOR REAL POTENTIAL
 DEPTH    0.000000 MEV   RADIUS  0.000000 FERMI (REDUCED VALUE 0.000000)   DIFFUSENESS 0.000000 FERMI AT THE POWER (1+ 0.000000)

      DEFORMED  SURFACE/VECTOR IMAGINARY POTENTIAL
 DEPTH    9.116400 MEV   RADIUS  5.429717 FERMI (REDUCED VALUE 1.372400)   DIFFUSENESS 0.776390 FERMI AT THE POWER (1+ 0.000000)

  NOT DEFORMED  REAL SPIN-ORBIT/TENSOR POTENTIAL
 DEPTH    3.557000 MEV   RADIUS  3.845588 FERMI (REDUCED VALUE 0.972000)   DIFFUSENESS 1.011000 FERMI AT THE POWER (1+ 0.000000)

  NOT DEFORMED  IMAGINARY SPIN-ORBIT/TENSOR POTENTIAL
 DEPTH    0.000000 MEV   RADIUS  0.000000 FERMI (REDUCED VALUE 0.000000)   DIFFUSENESS 0.000000 FERMI AT THE POWER (1+ 0.000000)

      DEFORMED  COULOMB POTENTIAL
  CHARGE PRODUCT    28.  RADIUS  5.155145 FERMI (REDUCED VALUE 1.303000)   DIFFUSENESS 0.000000 FERMI AT THE POWER (1+ 0.000000)

  NOT DEFORMED  SPIN-ORBIT COULOMB POTENTIAL
 DEPTH    0.000000 MEV   RADIUS  0.000000 FERMI (REDUCED VALUE 0.000000)   DIFFUSENESS 0.000000 FERMI AT THE POWER (1+ 0.000000)
              THIRD CHARGE PARAMETER28.000000

 INTEGRATION STEP SIZE = 0.11494          MATCHING RADIUS =  40.000 FERMI

 SCATTERING ANGLES FROM  0.000 IN STEPS OF  2.000 UP TO 180.000 DEGREES   AVERAGED WITH +/-   0.000 DEGREES.


       2 SOLUTIONS         2 COUPLED EQUATIONS         5 INDEPENDENT AMPLITUDES.


 LEVEL       WAVE NUMBER  COULOMB PARAMETER   REDUCED MASS       REDUCED ENERGY     STEP SIZE
     1      2.2498489236      0.8362669039   1817.0268971135   1817.0268971135      0.1149425287
 MAXIMUM J-VALUE =  53.0                MAXIMUM SCATTERING COEFFICIENT AT THE END   0.309D-04
 MAXIMUM J-VALUE =  53.0                MAXIMUM SCATTERING COEFFICIENT AT THE END   0.281D-04
1 COEFFICIENTS OF LEGENDRE POLYNOMIALS DESCRIBING THE CROSS-SECTIONS.

 DIRECT INTERACTION FOR LEVEL 1 MULTIPLIED BY (1-COS(THETA))**( 2 ) 160 COEFFICIENTS
    L        C(L)              C(L+1)             C(L+2)             C(L+3)             C(L+4)
    0  -1.0240215587D+00   1.3692192367D-01  -1.9793257743D-02  -3.5003807418D-02   1.7465177814D-03
    5   2.2452837938D-02   2.1314792168D-02   1.0740617981D-02   1.8245822322D-03  -3.0268154704D-03
   10  -4.1444642272D-03  -3.6273183668D-03  -2.3276773362D-03  -9.9839713920D-04   2.4002315323D-04
   15   1.5421285552D-03   3.0463795183D-03   4.7688135540D-03   5.7584861432D-03   5.1055465435D-03
   20   1.9346007225D-03  -2.1544305147D-03  -2.9631380666D-03  -8.4112222144D-05   3.2026268860D-03
   25   2.4546679665D-03  -1.6673901322D-03  -5.9623915269D-03  -7.8066250915D-03  -6.8263935965D-03
   30  -4.2056732525D-03  -1.3695390148D-03   8.0257954842D-04   2.0554225232D-03   2.5243831334D-03
   35   2.4834974213D-03   2.1819335157D-03   1.7938145729D-03   1.4141664859D-03   1.0889720990D-03
   40   8.3539007340D-04   6.3777526391D-04   4.9185474677D-04   3.8290907000D-04   3.0397875373D-04
   45   2.4543921597D-04   1.9910324811D-04   1.6440592033D-04   1.3723210411D-04   1.1562133927D-04
   50   9.9428116895D-05   8.5937295938D-05   7.3373120247D-05   5.6729529085D-05   4.6695187819D-05
   55   3.9767828109D-05   3.7912094756D-05   3.0993600025D-05   2.4169394353D-05   1.9273635344D-05
   60   1.4616197234D-05   1.0791948340D-05   6.4866101465D-06   3.0377224955D-06   1.4312588605D-06
   65   7.2185673339D-07  -5.7978086771D-07  -2.9407184909D-06  -1.3147266434D-06  -2.7986041490D-06
   70  -4.6632188109D-06  -5.7648211542D-06  -6.4957183930D-06  -7.0610715364D-06  -7.5194157462D-06
   75  -7.8904893442D-06  -8.1884119614D-06  -8.4184054332D-06  -8.5935326597D-06  -8.7192390860D-06
   80  -8.8015598201D-06  -8.8476728602D-06  -8.8621085167D-06  -8.8474708123D-06  -8.8103384839D-06
   85  -8.7518540345D-06  -8.6754970833D-06  -8.5841467276D-06  -8.4803725867D-06  -8.3645601255D-06
   90  -8.2405666424D-06  -8.1088441412D-06  -7.9703268879D-06  -7.8273303530D-06  -7.6804917551D-06
   95  -7.5301420482D-06  -7.3778623953D-06  -7.2245891923D-06  -7.0695718315D-06  -6.9152548033D-06
  100  -6.7603451856D-06  -6.6070102613D-06  -6.4533774941D-06  -6.3028927541D-06  -6.1515943494D-06
  105  -6.0052726372D-06  -5.8563905436D-06  -5.7165577065D-06  -5.5729056744D-06  -5.4338361891D-06
  110  -5.2973056602D-06  -5.1633866224D-06  -5.0321347039D-06  -4.9035906180D-06  -4.7777819418D-06
  115  -4.6547247038D-06  -4.5344248027D-06  -4.4168792737D-06  -4.3020774192D-06  -4.1900018178D-06
  120  -4.0806292255D-06  -3.9739313780D-06  -3.8698757078D-06  -3.7684259817D-06  -3.6695428695D-06
  125  -3.5731844494D-06  -3.4793066580D-06  -3.3878636889D-06  -3.2988083480D-06  -3.2120923662D-06
  130  -3.1276666783D-06  -3.0454816674D-06  -2.9654873815D-06  -2.8876337237D-06  -2.8118706190D-06
  135  -2.7381481603D-06  -2.6664167357D-06  -2.5966271389D-06  -2.5287306650D-06  -2.4626791928D-06
  140  -2.3984252547D-06  -2.3359220965D-06  -2.2751237275D-06  -2.2159849619D-06  -2.1584614530D-06
  145  -2.1025097203D-06  -2.0480871711D-06  -1.9951521164D-06  -1.9436637819D-06  -1.8935823158D-06
  150  -1.8448687921D-06  -1.7974852106D-06  -1.7513944952D-06  -1.7065604882D-06  -1.6629479435D-06
  155  -1.6205225180D-06  -1.5792507606D-06  -1.5391001003D-06  -1.5000388335D-06  -1.4620361096D-06
1       56.00000 MeV deuteron on  62NI: SPHERICAL OMP                         


 TOTAL REACTION CROSS SECTION =   1740.149368 MILLIBARNS.

 ELASTIC SCATTERING ON THE TARGET STATE OF SPIN =  0.0+

      ANGLE    CROSS-SECTION     C. S./RUTHER.     ASYM. OR IT11               T20               T21               T22  
      0.000     0.19477D+05        1947.6815415         0.0000000         0.0040103         0.0000000         0.0000000
      2.000     0.33526D+07           0.9004876        -0.0015868        -0.0001141         0.0000020        -0.0000070
      4.000     0.14437D+06           0.6200748         0.0081970        -0.0015071         0.0000537         0.0000846
      6.000     0.32926D+05           0.7151770         0.0413858        -0.0006794         0.0000041         0.0004948
      8.000     0.13701D+05           0.9392325         0.0475494         0.0020700        -0.0002545         0.0007323
     10.000     0.50123D+04           0.8373388         0.0284101         0.0054809        -0.0007418         0.0006247
     12.000     0.11761D+04           0.4064925        -0.0293621         0.0105425        -0.0018426        -0.0019367
     14.000     0.13334D+03           0.0851566        -0.0720473        -0.0134400        -0.0017928        -0.0416907
     16.000     0.19981D+03           0.2170232         0.3040374        -0.0466383         0.0058534        -0.0299580
     18.000     0.37648D+03           0.6527504         0.2384242        -0.0261910         0.0046141        -0.0101319
     20.000     0.35437D+03           0.9328694         0.1969386        -0.0178342         0.0044831        -0.0019532
     22.000     0.20557D+03           0.7889155         0.1570660        -0.0109311         0.0051692         0.0070006
     24.000     0.71273D+02           0.3855854         0.0753899         0.0023756         0.0069070         0.0235192
     26.000     0.12510D+02           0.0927424        -0.2753433         0.0497523         0.0066285         0.0383404
     28.000     0.94994D+01           0.0942055        -0.1634921        -0.0052282        -0.0113904        -0.1102721
     30.000     0.19730D+02           0.2563298         0.0870390        -0.0441514        -0.0064764        -0.1029344
     32.000     0.19841D+02           0.3315782         0.1209092        -0.0648367        -0.0032616        -0.1104619
     34.000     0.10754D+02           0.2275102         0.1213783        -0.1109297        -0.0000433        -0.1591517
     36.000     0.27446D+01           0.0724577         0.1167764        -0.2691992         0.0063920        -0.3399696
     38.000     0.16311D+01           0.0530537         0.0106036        -0.0912297        -0.0112468        -0.0983857
     40.000     0.56208D+01           0.2226787        -0.0372946         0.0654481        -0.0152047         0.0720978
     42.000     0.97120D+01           0.4637719        -0.0946019         0.0679545        -0.0153299         0.0682419
     44.000     0.10645D+02           0.6068856        -0.1807117         0.0629610        -0.0168988         0.0573807
     46.000     0.85795D+01           0.5789649        -0.2977781         0.0540555        -0.0195641         0.0418074
     48.000     0.56627D+01           0.4487004        -0.4141772         0.0330979        -0.0215515         0.0133459
     50.000     0.37974D+01           0.3507185        -0.3698266        -0.0037419        -0.0167569        -0.0246893
     52.000     0.35033D+01           0.3745639        -0.0786681        -0.0181313        -0.0039992        -0.0250356
     54.000     0.41172D+01           0.5063635         0.1177607         0.0045659         0.0034996         0.0118695
     56.000     0.46674D+01           0.6564315         0.1410162         0.0313851         0.0045517         0.0449633
     58.000     0.45967D+01           0.7352005         0.0865925         0.0505179         0.0032388         0.0653033
     60.000     0.39342D+01           0.7118841         0.0087323         0.0582661         0.0015497         0.0704126
     62.000     0.30523D+01           0.6218245        -0.0520715         0.0493081         0.0008021         0.0545695
     64.000     0.23192D+01           0.5294874        -0.0433098         0.0207585         0.0025245         0.0154199
     66.000     0.18923D+01           0.4820596         0.0634745        -0.0155622         0.0071726        -0.0307932
     68.000     0.17160D+01           0.4857944         0.2035365        -0.0336705         0.0123147        -0.0521624
     70.000     0.16380D+01           0.5132873         0.2876179        -0.0257343         0.0153149        -0.0414621
     72.000     0.15311D+01           0.5291135         0.3000044        -0.0053651         0.0159482        -0.0170775
     74.000     0.13500D+01           0.5127041         0.2673013         0.0145087         0.0150793         0.0048057
     76.000     0.11219D+01           0.4666485         0.2199933         0.0241538         0.0135111         0.0122719
     78.000     0.90091D+00           0.4091169         0.1891241         0.0158650         0.0119959        -0.0036859
     80.000     0.72646D+00           0.3590535         0.2017700        -0.0094773         0.0113664        -0.0408391
     82.000     0.60853D+00           0.3263871         0.2619170        -0.0405754         0.0120961        -0.0837738
     84.000     0.53285D+00           0.3092601         0.3400786        -0.0609741         0.0137635        -0.1113883
     86.000     0.47631D+00           0.2983299         0.3988881        -0.0618352         0.0153806        -0.1136652
     88.000     0.42210D+00           0.2845620         0.4221188        -0.0485168         0.0161314        -0.0986589
     90.000     0.36392D+00           0.2634069         0.4139119        -0.0300763         0.0156689        -0.0783015
     92.000     0.30480D+00           0.2362787         0.3884106        -0.0155070         0.0139787        -0.0639582
     94.000     0.25159D+00           0.2083917         0.3637395        -0.0145310         0.0113135        -0.0672712
     96.000     0.20860D+00           0.1842010         0.3572373        -0.0292577         0.0083678        -0.0899567
     98.000     0.17661D+00           0.1658833         0.3779416        -0.0538953         0.0060935        -0.1240732
    100.000     0.15322D+00           0.1527577         0.4181466        -0.0782410         0.0050975        -0.1565180
    102.000     0.13465D+00           0.1421952         0.4613263        -0.0912494         0.0052735        -0.1741774
    104.000     0.11823D+00           0.1319828         0.4945445        -0.0906764         0.0058831        -0.1755183
    106.000     0.10248D+00           0.1207056         0.5093977        -0.0796957         0.0059090        -0.1649635
    108.000     0.87424D-01           0.1084273         0.5060879        -0.0631683         0.0045864        -0.1483292
    110.000     0.73976D-01           0.0964325         0.4904586        -0.0505767         0.0016060        -0.1364815
    112.000     0.62663D-01           0.0857008         0.4707985        -0.0485722        -0.0026790        -0.1362340
    114.000     0.53682D-01           0.0768909         0.4621577        -0.0587791        -0.0069688        -0.1492394
    116.000     0.46592D-01           0.0697699         0.4712745        -0.0781632        -0.0099470        -0.1725909
    118.000     0.40653D-01           0.0635371         0.4936232        -0.0979922        -0.0113439        -0.1969273
    120.000     0.35560D-01           0.0579106         0.5267050        -0.1122173        -0.0116958        -0.2169943
    122.000     0.31040D-01           0.0525869         0.5579167        -0.1157589        -0.0124683        -0.2268735
    124.000     0.27080D-01           0.0476511         0.5734620        -0.1067809        -0.0150326        -0.2215868
    126.000     0.23809D-01           0.0434445         0.5717584        -0.0937123        -0.0191023        -0.2084638
    128.000     0.21020D-01           0.0397152         0.5534447        -0.0823380        -0.0233102        -0.1926784
    130.000     0.18570D-01           0.0362741         0.5318969        -0.0760030        -0.0261324        -0.1799551
    132.000     0.16301D-01           0.0328718         0.5250109        -0.0797566        -0.0271521        -0.1816218
    134.000     0.14102D-01           0.0293132         0.5350771        -0.0889252        -0.0281199        -0.1953496
    136.000     0.12114D-01           0.0259205         0.5623351        -0.0999144        -0.0323262        -0.2176285
    138.000     0.10491D-01           0.0230736         0.5929868        -0.1158623        -0.0427953        -0.2464065
    140.000     0.94724D-02           0.0213836         0.6025884        -0.1339556        -0.0565208        -0.2658717
    142.000     0.90361D-02           0.0209092         0.5885677        -0.1478473        -0.0642973        -0.2672576
    144.000     0.87522D-02           0.0207309         0.5584741        -0.1509641        -0.0613689        -0.2537359
    146.000     0.83127D-02           0.0201282         0.5357255        -0.1381226        -0.0495251        -0.2342173
    148.000     0.74848D-02           0.0185022         0.5467644        -0.1115854        -0.0370406        -0.2251391
    150.000     0.62801D-02           0.0158276         0.5866194        -0.0751271        -0.0368836        -0.2291294
    152.000     0.50637D-02           0.0129945         0.6422769        -0.0432744        -0.0644715        -0.2421593
    154.000     0.41550D-02           0.0108429         0.6746140        -0.0566073        -0.1266494        -0.2588314
    156.000     0.39177D-02           0.0103830         0.6104252        -0.1380383        -0.1811377        -0.2512214
    158.000     0.44374D-02           0.0119287         0.4953229        -0.2126137        -0.1664542        -0.2197508
    160.000     0.52771D-02           0.0143707         0.4127428        -0.2148182        -0.1074272        -0.1969461
    162.000     0.59751D-02           0.0164626         0.3811712        -0.1414718        -0.0497369        -0.1925992
    164.000     0.60985D-02           0.0169789         0.4006598        -0.0056898        -0.0271862        -0.2092724
    166.000     0.55821D-02           0.0156847         0.4406479         0.1636094        -0.0761657        -0.2434475
    168.000     0.49034D-02           0.0138876         0.4611878         0.2745506        -0.2389879        -0.2778742
    170.000     0.44806D-02           0.0127757         0.4059817         0.1422754        -0.5027666        -0.2777549
    172.000     0.47337D-02           0.0135719         0.2461145        -0.3321713        -0.6905661        -0.2104790
    174.000     0.58533D-02           0.0168537         0.1042331        -0.8409384        -0.6369841        -0.1147917
    176.000     0.73927D-02           0.0213511         0.0348211        -1.1538622        -0.4465923        -0.0453403
    178.000     0.87917D-02           0.0254380         0.0041883        -1.3063955        -0.2224462        -0.0097883
    180.000     0.94038D-02           0.0272258         0.0000000        -1.3492738         0.0000000         0.0000000


 *** WORKSPACE USED IN THIS COMPUTATION     14249  ***            34985751 MEMORIES NOT USED.

  End time: 17:33.25 (22-02-2024)

  Calculation time:     1 min 30 s
