
  End time: 17:28.38 (22-02-2024)

  Calculation time:     1 min 28 s
1                    E. C. I. S. CODE FOR COUPLED CHANNELS CALCULATIONS ( 2006 ) WORKING FIELD LENGTH =  35000000

                        TO OBTAIN THE INPUT DESCRIPTION, PUNCH 'DESCRIPTION ' IN COLUMNS 1-12 OF THE FIRST CARD.


  1 F - ROTATIONAL MODEL-(.F.: VIBRATIONAL MODEL).         | 54 F - OUTPUT OF THE LENGTH USED IN THE WORKING FIELD.
  2 F - SECOND ORDER VIBRATIONAL MODEL-(.F.: FIRST ORDER)  | 55 F - OUTPUT OF C-MATRIX ELEMENTS AND COMPOUND NUCLEUS
        OR CONSTRAINED ASYMMETRIC ROTATIONAL MODEL.        |        INTERMEDIATE RESULTS.
  3 F - ANHARMONIC VIBRATIONAL MODEL-(.F.: HARMONIC) OR    | 56 T - OUTPUT OF S-MATRIX ELEMENTS.
        ASYMMETRIC ROTATIONAL MODEL-(.F.: SYMMETRIC).      | 57 F - OUTPUT OF PHASE-SHIFTS AT EACH E.C.I.S. ITERATION.
  4 F - PARAMETRISED SPIN-ORBIT DEFORMATION-(.F.:STANDARD) | 58 F - OUTPUT OF THE COEFFICIENTS OF EACH FORM FACTOR
  5 F - DIFFERENT DEFORMATION FOR EACH POTENTIAL(.F.: SAME)|        FOR ALL SETS OF EQUATIONS.
  6 F - USE OF DEFORMATION LENGTHS.                        | 59 T - TOTAL ELASTIC REACTION CROSS-SECTIONS WRITTEN ON
  7 F - NUCLEAR MATRIX ELEMENTS AND FORM FACTORS ON CARDS. |        FILE 58 AND TOTAL INELASTIC REACTION
  8 F - RELATIVISTIC KINEMATICS.                           |        CROSS-SECTIONS ON FILE 59.
  9 F - SYMMETRISED WOODS-SAXON FORM FOR NEGATIVE RADII.   | 60 T - S-MATRIX ELEMENTS WRITTEN ON FILE 60.
 10 F - DISPERSION RELATIONS FOR POTENTIALS.               |
                                                           | 61 F - REDUCED NUCLEAR MATRIX ELEMENTS WRITTEN ON FILE 61.
 11 T - DEFORMED COULOMB POTENTIAL.                        | 62 F - POTENTIALS WRITTEN ON FILE 62.
 12 T - DEFORMED IMAGINARY POTENTIAL.                      | 63 T - PENETRABILITIES WRITTEN ON FILE 63.
 13 F - DEFORMED REAL SPIN-ORBIT/TENSOR POTENTIAL.         | 64 T - RESULTS FOR EXPERIMENTAL DATA ON FILE 64
 14 F - DEFORMED IMAGINARY SPIN-ORBIT/TENSOR POTENTIAL.    |        AND AT EQUIDISTANT ANGLES WRITTEN ON FILE 66.
 15 F - REDUCED NUCLEAR MATRIX ELEMENTS READ FROM CARDS.   | 65 T - LEGENDRE EXPANSION FOR CROSS-SECTIONS WRITTEN ON
 16 F - HEAVY-ION DEFINITION OF RADII AND DEFORMATIONS.    |        FILE 65.
 17 F - FOLDING MODEL.                                     | 66 F - NO CALCULATION AT EQUIDISTANT ANGLES.
 18 F - PROJECTILE-TARGET ANTISYMMETRISATION.              | 67 T - NO PLOT OF EXPERIMENTAL DATA.
 19 F - DEFORMED COULOMB SPIN-ORBIT POTENTIAL.             | 68 T - NO PLOT OF CROSS-SECTIONS AT EQUIDISTANT ANGLES.
 20 F - DISPERSION RELATIONS FOR TRANSITION FORM-FACTORS.  | 69 T - NO PLOT OF POLARISATIONS AT EQUIDISTANT ANGLES.
                                                           |
 21 F - USUAL COUPLED EQUATIONS-(.F.: ITERATIONS).         | 71 F - NO DETAILED OUTPUT OF LOGICAL CONTROLS.
 22 F - NO USE OF PADE FOR CONVERGENCE OF THE ITERATIONS.  | 72 T - NO OUTPUT OF EXPERIMENTAL DATA AS THEY ARE READ.
 23 T - NO USE OF PADE WITHOUT CONVERGENCE.                | 73 T - NO OUTPUT OF EXTERNAL POTENTIALS AS THEY ARE READ.
 24 F - COUPLING POTENTIALS COMPUTED AT EACH ITERATION.    | 74 F - OUTPUT OF VARIATIONS IN STORAGE.
 25 F - COMPLETE CALCULATION UP TO THE END-(.F.: ONE ITE-  | 75 T - NO COMPLETE OUTPUT AT THE FIRST RUN OF A SEARCH.
        RATION ONLY AS SOON AS TWO ITERATIONS ARE ENOUGH). | 76 F - LO(51) TO LO(65) ARE ALWAYS USED-(.F.: ONLY FOR
 26 F - INTEGRATION STABILISED FOR LONG RANGE POTENTIAL.   |        COMPLETE OUTPUT)
 27 F - NUMEROV'S METHOD FOR SINGLE EQUATIONS-(.F.: MODI-  | 77 F - OUTPUT OF TIME DIFFERENCES DURING THE SEARCH.
        FIED NUMEROV'S METHOD).                            | 78 F - OUTPUT OF DIFFERENCES BETWEEN EXPERIMENTAL
 28 T - COMPUTATION UP TO J-CONVERGENCE-(.F.: STOP WHEN    |        AND CALCULATED VALUES.
        ALL THE INHOMOGENEOUS TERMS ARE NEGLIGIBLE).       |
 29 F - NO DIAGONAL TERM IN SECOND MEMBERS.                | 81 F - HAUSER-FESHBACH CORRECTIONS TO CROSS-SECTIONS.
 30 T - PURE DWBA CALCULATION.                             | 82 F - SIMPLEST COMPOUND NUCLEUS FORMALISM.
                                                           | 83 T - NO ENGELBRETCH-WEIDENMULLER TRANSFORMATION IN
 31 F - INPUT OF EXPERIMENTAL DATA AND CHI2 CALCULATION.   |        IN COMPOUND NUCLEUS.
 32 F - AUTOMATIC SEARCH ON SOME PARAMETERS.               | 84 F - UNCOUPLED LEVELS FOR COMPOUND NUCLEUS.
 33 F - SYMMETRISED CHI2 FOR CROSS-SECTIONS.               | 85 F - FISSION DATA IN COMPOUND NUCLEUS.
 34 F - NEXT CALCULATION CHANGING ENERGY AND/OR SOME       | 86 F - GAMMA EMISSION DATA IN COMPOUND NUCLEUS.
        PARAMETERS.                                        | 87 F - NO WIDTH FLUCTUATIONS.
 35 F - SEARCH SAVED ON TAPE 8 IF ENDED OR LACK OF TIME.   |
 36 F - RESTART A SEARCH FROM TAPE 8.                      | 91 F - EQUIDISTANT ANGLES IN THE LABORATORY SYSTEM.
                                                           | 92 F - NON STANDARD OBSERVABLES AT EQUIDISTANT ANGLES.
 41 F - FACTORISATION OF 1/(1-COS(THETA)) IN AMPLITUDES.   | 93 F - NO RECOIL CORRECTION FOR REACTIONS.
 42 F - SCHMIDT'S ORTHOGONAL. IN USUAL COUPLED EQUATIONS.  | 94 F - NON RELATIVISTIC "REDUCED MASS" FOR DIRAC EQUATION.
 43 F - INTERPOLATION ON TOTAL SPIN.                       | 95 F - "REDUCED ENERGY" FOR NON COULOMB INTERACTION IN
 44 F - COULOMB CORRECTIONS.                               |        RELATIVISTIC SCHROEDINGER EQUATION OR USE OF REST
 45 F - ANGULAR MOMENTUM LIMIT FOR COULOMB CORRECTIONS.    |        MASS IN DIRAC EQUATION.
 46 F - RESTRICTED COULOMB CORRECTIONS.                    | 96 F - "REDUCED MASS" FOR COULOMB INTERACTION IN
 47 F - NO RECOIL CORRECTION FOR BOUND STATES.             |        RELATIVISTIC SCHROEDINGER EQUATION.
                                                           | 97 F - SAME REDUCED MASS FOR ALL THE STATES.
 51 F - OUTPUT OF POTENTIALS.                              | 98 F - Q ADDED TO THE MASS OF RESIDUAL NUCLEUS.
 52 F - OUTPUT OF REDUCED NUCLEAR MATRIX ELEMENTS.         | 99 F - SCHROEDINGER EQUIVALENT TO DIRAC EQUATION.
 53 F - OUTPUT OF THE NUMBER OF ITERATIONS.                |100 F - COMPLETE DIRAC EQUATION.
1
          **********************************************************************************
          *                                                                                *
          *      56.00000 MeV deuteron on  57FE: SPHERICAL OMP                             *
          *                                                                                *
          **********************************************************************************

 MAXIMUM NUMBER OF J    52  (MIN  0) STOP WHEN MAXIMUM S-MATRIX ELEMENT IS LESS THAN        0.1000D-04

 PLOT CONDITIONS FOR CROSS-SECTIONS    2    2     FOR POLARISATIONS    1    1

          ITERATION METHOD:  MAXIMUM NUMBER OF ITERATIONS         1
          CONVERGENCE CRITERION:     1.0000D-05 FOR S-MATRIX     1.0000D-05 FOR POTENTIALS AND FUNCTIONS.


 INDICATIONS FOR EXPANSION OF CROSS-SECTIONS IN LEGENDRE POLYNOMIALS:    2    0    0

 FIRST ORDER VIBRATIONAL MODEL.


 TARGET              MASS =  56.93540           PRODUCT OF CHARGES =   26.           AT**1/3 =   3.847047D+00
 INCIDENT PARTICLE   MASS =   2.01410      SPIN = 1.0   AP**1/3 =   1.262875D+00
          ENERGY(LAB) =   5.600000D+01 MEV          ENERGY(C. M.) =   5.408667D+01 MEV.

 N =  1 -   SPIN = 0.0+ EXCITATION ENERGY =  0.0000 MEV          POTENTIAL    1


 OPTICAL POTENTIALS  **  1 **     REDUCED RADIUS MULTIPLIED BY     3.847047D+00

      DEFORMED  VOLUME/SCALAR REAL POTENTIAL
 DEPTH   82.607050 MEV   RADIUS  4.424027 FERMI (REDUCED VALUE 1.149980)   DIFFUSENESS 0.767490 FERMI AT THE POWER (1+ 0.000000)

      DEFORMED  VOLUME/SCALAR IMAGINARY POTENTIAL
 DEPTH    4.587200 MEV   RADIUS  5.120073 FERMI (REDUCED VALUE 1.330910)   DIFFUSENESS 0.470150 FERMI AT THE POWER (1+ 0.000000)

      DEFORMED  SURFACE/VECTOR REAL POTENTIAL
 DEPTH    0.000000 MEV   RADIUS  0.000000 FERMI (REDUCED VALUE 0.000000)   DIFFUSENESS 0.000000 FERMI AT THE POWER (1+ 0.000000)

      DEFORMED  SURFACE/VECTOR IMAGINARY POTENTIAL
 DEPTH    9.116400 MEV   RADIUS  5.283919 FERMI (REDUCED VALUE 1.373500)   DIFFUSENESS 0.769610 FERMI AT THE POWER (1+ 0.000000)

  NOT DEFORMED  REAL SPIN-ORBIT/TENSOR POTENTIAL
 DEPTH    3.557000 MEV   RADIUS  3.739329 FERMI (REDUCED VALUE 0.972000)   DIFFUSENESS 1.011000 FERMI AT THE POWER (1+ 0.000000)

  NOT DEFORMED  IMAGINARY SPIN-ORBIT/TENSOR POTENTIAL
 DEPTH    0.000000 MEV   RADIUS  0.000000 FERMI (REDUCED VALUE 0.000000)   DIFFUSENESS 0.000000 FERMI AT THE POWER (1+ 0.000000)

      DEFORMED  COULOMB POTENTIAL
  CHARGE PRODUCT    26.  RADIUS  5.012702 FERMI (REDUCED VALUE 1.303000)   DIFFUSENESS 0.000000 FERMI AT THE POWER (1+ 0.000000)

  NOT DEFORMED  SPIN-ORBIT COULOMB POTENTIAL
 DEPTH    0.000000 MEV   RADIUS  0.000000 FERMI (REDUCED VALUE 0.000000)   DIFFUSENESS 0.000000 FERMI AT THE POWER (1+ 0.000000)
              THIRD CHARGE PARAMETER26.000000

 INTEGRATION STEP SIZE = 0.11765          MATCHING RADIUS =  40.000 FERMI

 SCATTERING ANGLES FROM  0.000 IN STEPS OF  2.000 UP TO 180.000 DEGREES   AVERAGED WITH +/-   0.000 DEGREES.


       2 SOLUTIONS         2 COUPLED EQUATIONS         5 INDEPENDENT AMPLITUDES.


 LEVEL       WAVE NUMBER  COULOMB PARAMETER   REDUCED MASS       REDUCED ENERGY     STEP SIZE
     1      2.2436513460      0.7765335536   1812.0215987831   1812.0215987831      0.1176470588
 MAXIMUM J-VALUE =  51.0                MAXIMUM SCATTERING COEFFICIENT AT THE END   0.411D-04
 MAXIMUM J-VALUE =  51.0                MAXIMUM SCATTERING COEFFICIENT AT THE END   0.385D-04
1 COEFFICIENTS OF LEGENDRE POLYNOMIALS DESCRIBING THE CROSS-SECTIONS.

 DIRECT INTERACTION FOR LEVEL 1 MULTIPLIED BY (1-COS(THETA))**( 2 ) 154 COEFFICIENTS
    L        C(L)              C(L+1)             C(L+2)             C(L+3)             C(L+4)
    0  -8.2657851387D-01   1.4506633978D-01  -2.2316446366D-02  -4.3277539400D-02  -5.1339935698D-03
    5   1.9755157367D-02   2.1530051186D-02   1.2034433820D-02   2.9119613727D-03  -2.5084443963D-03
   10  -4.1714429986D-03  -3.9078068906D-03  -2.5562236824D-03  -9.4722440983D-04   7.2020229637D-04
   15   2.4366710463D-03   4.1653539030D-03   5.3431400530D-03   5.0062631125D-03   2.3804824035D-03
   20  -1.7899549417D-03  -3.8772600185D-03  -1.0897643966D-03   2.9324810957D-03   3.8625683006D-03
   25   3.0568071874D-04  -4.6585638529D-03  -7.6651421260D-03  -7.5612642598D-03  -5.2500117194D-03
   30  -2.2831814414D-03   1.9632563381D-04   1.7494653207D-03   2.4308067579D-03   2.5055932936D-03
   35   2.2496005491D-03   1.8653874316D-03   1.4718021126D-03   1.1326804320D-03   8.6116322897D-04
   40   6.4946104715D-04   4.9634606465D-04   3.8333903448D-04   3.0165056514D-04   2.3985666760D-04
   45   1.9407451305D-04   1.5940431410D-04   1.3427689982D-04   1.1408358889D-04   9.9575890420D-05
   50   8.8465488331D-05   6.7592292932D-05   5.9161127245D-05   5.0866538361D-05   4.8300155006D-05
   55   3.9673507590D-05   3.2282555655D-05   2.6337037993D-05   2.2259140926D-05   1.7757275857D-05
   60   1.2027027458D-05   1.0388112349D-05   8.1814417164D-06   7.0839163734D-06   4.7823564735D-06
   65   4.8697195457D-06   5.6938873696D-06   3.0971170419D-06   9.1724653540D-07  -4.0947612650D-07
   70  -1.3500125441D-06  -2.1058761410D-06  -2.7446369120D-06  -3.2871528725D-06  -3.7468169198D-06
   75  -4.1345520634D-06  -4.4622273195D-06  -4.7324009810D-06  -4.9576023570D-06  -5.1404450465D-06
   80  -5.2852709814D-06  -5.3995599110D-06  -5.4851902498D-06  -5.5439825350D-06  -5.5838866328D-06
   85  -5.6023042234D-06  -5.6041854201D-06  -5.5925916193D-06  -5.5669621422D-06  -5.5301519907D-06
   90  -5.4848150015D-06  -5.4301722631D-06  -5.3681702141D-06  -5.3014127889D-06  -5.2279673136D-06
   95  -5.1512100975D-06  -5.0701037256D-06  -4.9873994905D-06  -4.8998845017D-06  -4.8138686358D-06
  100  -4.7226157252D-06  -4.6348586556D-06  -4.5396257834D-06  -4.4551311219D-06  -4.3603886972D-06
  105  -4.2694155481D-06  -4.1788569625D-06  -4.0888974779D-06  -3.9996974843D-06  -3.9113957856D-06
  110  -3.8241118957D-06  -3.7379480962D-06  -3.6529912825D-06  -3.5693146191D-06  -3.4869790257D-06
  115  -3.4060345107D-06  -3.3265213688D-06  -3.2484712553D-06  -3.1719081522D-06  -3.0968492342D-06
  120  -3.0233056482D-06  -2.9512832116D-06  -2.8807830406D-06  -2.8118021140D-06  -2.7443337793D-06
  125  -2.6783682066D-06  -2.6138927970D-06  -2.5508925478D-06  -2.4893503802D-06  -2.4292474339D-06
  130  -2.3705633294D-06  -2.3132764043D-06  -2.2573639239D-06  -2.2028022692D-06  -2.1495671052D-06
  135  -2.0976335313D-06  -2.0469762139D-06  -1.9975695063D-06  -1.9493875530D-06  -1.9024043842D-06
  140  -1.8565939978D-06  -1.8119304324D-06  -1.7683878319D-06  -1.7259405012D-06  -1.6845629558D-06
  145  -1.6442299643D-06  -1.6049165859D-06  -1.5665982018D-06  -1.5292505427D-06  -1.4928497121D-06
  150  -1.4573722054D-06  -1.4227949262D-06  -1.3890951990D-06  -1.3562507803D-06
1       56.00000 MeV deuteron on  57FE: SPHERICAL OMP                         


 TOTAL REACTION CROSS SECTION =   1671.735422 MILLIBARNS.

 ELASTIC SCATTERING ON THE TARGET STATE OF SPIN =  0.0+

      ANGLE    CROSS-SECTION     C. S./RUTHER.     ASYM. OR IT11               T20               T21               T22  
      0.000     0.19411D+05        1941.0787647         0.0000000         0.0039867         0.0000000         0.0000000
      2.000     0.28428D+07           0.8806734        -0.0015621        -0.0001215         0.0000020        -0.0000071
      4.000     0.12260D+06           0.6073175         0.0101494        -0.0018941         0.0000665         0.0000814
      6.000     0.29175D+05           0.7308975         0.0459030        -0.0014543         0.0000377         0.0004786
      8.000     0.12746D+05           1.0077783         0.0526783         0.0012807        -0.0002118         0.0007584
     10.000     0.49553D+04           0.9547869         0.0347842         0.0048106        -0.0006860         0.0009074
     12.000     0.12843D+04           0.5119756        -0.0203660         0.0108539        -0.0017698        -0.0002432
     14.000     0.14349D+03           0.1056970        -0.1655300         0.0090678        -0.0038443        -0.0294132
     16.000     0.11824D+03           0.1481321         0.3446040        -0.0612045         0.0075293        -0.0508687
     18.000     0.28784D+03           0.5756109         0.2733903        -0.0338030         0.0057057        -0.0178686
     20.000     0.30841D+03           0.9364104         0.2299281        -0.0249099         0.0055097        -0.0083630
     22.000     0.19910D+03           0.8812943         0.2005795        -0.0201151         0.0065085        -0.0004797
     24.000     0.78719D+02           0.4911833         0.1578780        -0.0131557         0.0092236         0.0133871
     26.000     0.16045D+02           0.1371992        -0.0308253         0.0220239         0.0136175         0.0484713
     28.000     0.72577D+01           0.0830141        -0.3115727         0.0636006        -0.0153053        -0.0294894
     30.000     0.17418D+02           0.2609897        -0.0383262        -0.0003484        -0.0142727        -0.0656100
     32.000     0.21107D+02           0.4068377        -0.0089562        -0.0232258        -0.0115693        -0.0755983
     34.000     0.14350D+02           0.3501394        -0.0648291        -0.0507741        -0.0119555        -0.1071901
     36.000     0.53791D+01           0.1637906        -0.2576158        -0.1239622        -0.0179281        -0.2081338
     38.000     0.16676D+01           0.0625605        -0.5520300        -0.2162152        -0.0349539        -0.3144797
     40.000     0.40366D+01           0.1844477        -0.0418279         0.0163904        -0.0161050         0.0182746
     42.000     0.86022D+01           0.4737792        -0.0023984         0.0532570        -0.0115723         0.0612586
     44.000     0.11328D+02           0.7449177        -0.0612914         0.0594778        -0.0118564         0.0642295
     46.000     0.10811D+02           0.8414858        -0.1519328         0.0601527        -0.0135322         0.0605582
     48.000     0.82205D+01           0.7512755        -0.2584989         0.0540030        -0.0154555         0.0489450
     50.000     0.55543D+01           0.5916563        -0.3242531         0.0329043        -0.0150977         0.0219087
     52.000     0.40854D+01           0.5037960        -0.2156017        -0.0021057        -0.0081311        -0.0140548
     54.000     0.38959D+01           0.5526477         0.0293103        -0.0165591         0.0021548        -0.0202641
     56.000     0.42984D+01           0.6972599         0.1699874        -0.0011156         0.0073567         0.0042611
     58.000     0.45456D+01           0.8385464         0.1830961         0.0214834         0.0080269         0.0318355
     60.000     0.42871D+01           0.8947286         0.1346553         0.0398341         0.0069505         0.0514765
     62.000     0.36074D+01           0.8476297         0.0674966         0.0481369         0.0056225         0.0573269
     64.000     0.28087D+01           0.7395988         0.0179849         0.0403278         0.0051143         0.0425689
     66.000     0.21586D+01           0.6342529         0.0287916         0.0140746         0.0065484         0.0053955
     68.000     0.17609D+01           0.5749490         0.1192575        -0.0204952         0.0101927        -0.0400764
     70.000     0.15667D+01           0.5662391         0.2403711        -0.0413605         0.0143697        -0.0661770
     72.000     0.14599D+01           0.5819034         0.3211563        -0.0385717         0.0171075        -0.0623911
     74.000     0.13442D+01           0.5887810         0.3416267        -0.0217314         0.0179619        -0.0423745
     76.000     0.11816D+01           0.5668600         0.3192673        -0.0025085         0.0174032        -0.0211118
     78.000     0.98620D+00           0.5165385         0.2785821         0.0102181         0.0159821        -0.0096275
     80.000     0.79581D+00           0.4536576         0.2455080         0.0077947         0.0142310        -0.0182493
     82.000     0.64027D+00           0.3960789         0.2446288        -0.0119146         0.0128489        -0.0485817
     84.000     0.52900D+00           0.3541219         0.2860005        -0.0409976         0.0125141        -0.0895851
     86.000     0.45464D+00           0.3284342         0.3535524        -0.0659585         0.0133236        -0.1236807
     88.000     0.40101D+00           0.3118128         0.4154306        -0.0748196         0.0146448        -0.1363733
     90.000     0.35426D+00           0.2957412         0.4502419        -0.0674300         0.0155994        -0.1288313
     92.000     0.30772D+00           0.2751368         0.4547456        -0.0517471         0.0155496        -0.1117614
     94.000     0.26055D+00           0.2489106         0.4368703        -0.0346733         0.0142511        -0.0938526
     96.000     0.21623D+00           0.2202193         0.4111289        -0.0252179         0.0117781        -0.0860575
     98.000     0.17859D+00           0.1934746         0.3935466        -0.0308082         0.0085959        -0.0968539
    100.000     0.14889D+00           0.1712155         0.3965559        -0.0492734         0.0055523        -0.1230808
    102.000     0.12668D+00           0.1542999         0.4239146        -0.0740927         0.0034645        -0.1567546
    104.000     0.10995D+00           0.1415678         0.4642012        -0.0949928         0.0025875        -0.1851591
    106.000     0.96339D-01           0.1308718         0.5012591        -0.1031320         0.0024414        -0.1977259
    108.000     0.84472D-01           0.1208352         0.5253888        -0.1001227         0.0022153        -0.1968156
    110.000     0.73410D-01           0.1103727         0.5312972        -0.0887294         0.0012747        -0.1853883
    112.000     0.62872D-01           0.0991758         0.5222357        -0.0726234        -0.0006119        -0.1676292
    114.000     0.53240D-01           0.0879539         0.5075515        -0.0617625        -0.0033207        -0.1557824
    116.000     0.44789D-01           0.0773575         0.4950963        -0.0603495        -0.0065817        -0.1551511
    118.000     0.37783D-01           0.0681096         0.4940989        -0.0682524        -0.0102783        -0.1666408
    120.000     0.32323D-01           0.0607138         0.5070458        -0.0856416        -0.0143858        -0.1908183
    122.000     0.28174D-01           0.0550523         0.5252283        -0.1032181        -0.0185135        -0.2147579
    124.000     0.25037D-01           0.0508125         0.5427640        -0.1147686        -0.0220055        -0.2299911
    126.000     0.22517D-01           0.0473901         0.5547223        -0.1224927        -0.0242997        -0.2388077
    128.000     0.20250D-01           0.0441283         0.5607848        -0.1224030        -0.0246863        -0.2368699
    130.000     0.17943D-01           0.0404254         0.5670777        -0.1134579        -0.0235369        -0.2263443
    132.000     0.15430D-01           0.0358867         0.5719579        -0.1013519        -0.0231400        -0.2161065
    134.000     0.12982D-01           0.0311248         0.5779761        -0.0891937        -0.0260058        -0.2095455
    136.000     0.10943D-01           0.0270042         0.5891287        -0.0822163        -0.0345764        -0.2111987
    138.000     0.94599D-02           0.0239962         0.5855062        -0.0860543        -0.0492068        -0.2175848
    140.000     0.86443D-02           0.0225074         0.5595468        -0.1020054        -0.0628693        -0.2214749
    142.000     0.82778D-02           0.0220926         0.5316092        -0.1270207        -0.0670459        -0.2294464
    144.000     0.79755D-02           0.0217888         0.5143857        -0.1473076        -0.0605428        -0.2396679
    146.000     0.75208D-02           0.0210039         0.5240676        -0.1486062        -0.0478817        -0.2475278
    148.000     0.67016D-02           0.0191071         0.5639826        -0.1330145        -0.0394234        -0.2610752
    150.000     0.55826D-02           0.0162280         0.6194543        -0.1104655        -0.0473643        -0.2814168
    152.000     0.45497D-02           0.0134664         0.6774054        -0.0954949        -0.0814833        -0.3006314
    154.000     0.38780D-02           0.0116722         0.6920695        -0.1133995        -0.1365935        -0.3034386
    156.000     0.37793D-02           0.0115526         0.6125023        -0.1623089        -0.1685964        -0.2625927
    158.000     0.42048D-02           0.0130372         0.5003469        -0.1861045        -0.1428411        -0.2015643
    160.000     0.47134D-02           0.0148045         0.4245994        -0.1550605        -0.0899147        -0.1636526
    162.000     0.50135D-02           0.0159319         0.3993085        -0.0660904        -0.0441469        -0.1516644
    164.000     0.49775D-02           0.0159836         0.4180624         0.0756996        -0.0369181        -0.1607668
    166.000     0.45299D-02           0.0146805         0.4491650         0.2293911        -0.1077740        -0.1862147
    168.000     0.39759D-02           0.0129881         0.4527116         0.2782684        -0.2924516        -0.2116800
    170.000     0.37866D-02           0.0124532         0.3651064         0.0557205        -0.5396210        -0.2031419
    172.000     0.42267D-02           0.0139769         0.1969389        -0.4236102        -0.6684539        -0.1460384
    174.000     0.53338D-02           0.0177136         0.0748942        -0.8885911        -0.5883991        -0.0785547
    176.000     0.67419D-02           0.0224582         0.0229271        -1.1645193        -0.4024796        -0.0331068
    178.000     0.78112D-02           0.0260678         0.0017436        -1.2890072        -0.2008105        -0.0083417
    180.000     0.81864D-02           0.0273364         0.0000000        -1.3239962         0.0000000         0.0000000


 *** WORKSPACE USED IN THIS COMPUTATION     13909  ***            34986091 MEMORIES NOT USED.

  End time: 17:28.38 (22-02-2024)

  Calculation time:     1 min 28 s
