
  End time: 17:33.37 (22-02-2024)

  Calculation time:     1 min 39 s
1                    E. C. I. S. CODE FOR COUPLED CHANNELS CALCULATIONS ( 2006 ) WORKING FIELD LENGTH =  35000000

                        TO OBTAIN THE INPUT DESCRIPTION, PUNCH 'DESCRIPTION ' IN COLUMNS 1-12 OF THE FIRST CARD.


  1 F - ROTATIONAL MODEL-(.F.: VIBRATIONAL MODEL).         | 54 F - OUTPUT OF THE LENGTH USED IN THE WORKING FIELD.
  2 F - SECOND ORDER VIBRATIONAL MODEL-(.F.: FIRST ORDER)  | 55 F - OUTPUT OF C-MATRIX ELEMENTS AND COMPOUND NUCLEUS
        OR CONSTRAINED ASYMMETRIC ROTATIONAL MODEL.        |        INTERMEDIATE RESULTS.
  3 F - ANHARMONIC VIBRATIONAL MODEL-(.F.: HARMONIC) OR    | 56 T - OUTPUT OF S-MATRIX ELEMENTS.
        ASYMMETRIC ROTATIONAL MODEL-(.F.: SYMMETRIC).      | 57 F - OUTPUT OF PHASE-SHIFTS AT EACH E.C.I.S. ITERATION.
  4 F - PARAMETRISED SPIN-ORBIT DEFORMATION-(.F.:STANDARD) | 58 F - OUTPUT OF THE COEFFICIENTS OF EACH FORM FACTOR
  5 F - DIFFERENT DEFORMATION FOR EACH POTENTIAL(.F.: SAME)|        FOR ALL SETS OF EQUATIONS.
  6 F - USE OF DEFORMATION LENGTHS.                        | 59 T - TOTAL ELASTIC REACTION CROSS-SECTIONS WRITTEN ON
  7 F - NUCLEAR MATRIX ELEMENTS AND FORM FACTORS ON CARDS. |        FILE 58 AND TOTAL INELASTIC REACTION
  8 F - RELATIVISTIC KINEMATICS.                           |        CROSS-SECTIONS ON FILE 59.
  9 F - SYMMETRISED WOODS-SAXON FORM FOR NEGATIVE RADII.   | 60 T - S-MATRIX ELEMENTS WRITTEN ON FILE 60.
 10 F - DISPERSION RELATIONS FOR POTENTIALS.               |
                                                           | 61 F - REDUCED NUCLEAR MATRIX ELEMENTS WRITTEN ON FILE 61.
 11 T - DEFORMED COULOMB POTENTIAL.                        | 62 F - POTENTIALS WRITTEN ON FILE 62.
 12 T - DEFORMED IMAGINARY POTENTIAL.                      | 63 T - PENETRABILITIES WRITTEN ON FILE 63.
 13 F - DEFORMED REAL SPIN-ORBIT/TENSOR POTENTIAL.         | 64 T - RESULTS FOR EXPERIMENTAL DATA ON FILE 64
 14 F - DEFORMED IMAGINARY SPIN-ORBIT/TENSOR POTENTIAL.    |        AND AT EQUIDISTANT ANGLES WRITTEN ON FILE 66.
 15 F - REDUCED NUCLEAR MATRIX ELEMENTS READ FROM CARDS.   | 65 T - LEGENDRE EXPANSION FOR CROSS-SECTIONS WRITTEN ON
 16 F - HEAVY-ION DEFINITION OF RADII AND DEFORMATIONS.    |        FILE 65.
 17 F - FOLDING MODEL.                                     | 66 F - NO CALCULATION AT EQUIDISTANT ANGLES.
 18 F - PROJECTILE-TARGET ANTISYMMETRISATION.              | 67 T - NO PLOT OF EXPERIMENTAL DATA.
 19 F - DEFORMED COULOMB SPIN-ORBIT POTENTIAL.             | 68 T - NO PLOT OF CROSS-SECTIONS AT EQUIDISTANT ANGLES.
 20 F - DISPERSION RELATIONS FOR TRANSITION FORM-FACTORS.  | 69 T - NO PLOT OF POLARISATIONS AT EQUIDISTANT ANGLES.
                                                           |
 21 F - USUAL COUPLED EQUATIONS-(.F.: ITERATIONS).         | 71 F - NO DETAILED OUTPUT OF LOGICAL CONTROLS.
 22 F - NO USE OF PADE FOR CONVERGENCE OF THE ITERATIONS.  | 72 T - NO OUTPUT OF EXPERIMENTAL DATA AS THEY ARE READ.
 23 T - NO USE OF PADE WITHOUT CONVERGENCE.                | 73 T - NO OUTPUT OF EXTERNAL POTENTIALS AS THEY ARE READ.
 24 F - COUPLING POTENTIALS COMPUTED AT EACH ITERATION.    | 74 F - OUTPUT OF VARIATIONS IN STORAGE.
 25 F - COMPLETE CALCULATION UP TO THE END-(.F.: ONE ITE-  | 75 T - NO COMPLETE OUTPUT AT THE FIRST RUN OF A SEARCH.
        RATION ONLY AS SOON AS TWO ITERATIONS ARE ENOUGH). | 76 F - LO(51) TO LO(65) ARE ALWAYS USED-(.F.: ONLY FOR
 26 F - INTEGRATION STABILISED FOR LONG RANGE POTENTIAL.   |        COMPLETE OUTPUT)
 27 F - NUMEROV'S METHOD FOR SINGLE EQUATIONS-(.F.: MODI-  | 77 F - OUTPUT OF TIME DIFFERENCES DURING THE SEARCH.
        FIED NUMEROV'S METHOD).                            | 78 F - OUTPUT OF DIFFERENCES BETWEEN EXPERIMENTAL
 28 T - COMPUTATION UP TO J-CONVERGENCE-(.F.: STOP WHEN    |        AND CALCULATED VALUES.
        ALL THE INHOMOGENEOUS TERMS ARE NEGLIGIBLE).       |
 29 F - NO DIAGONAL TERM IN SECOND MEMBERS.                | 81 F - HAUSER-FESHBACH CORRECTIONS TO CROSS-SECTIONS.
 30 T - PURE DWBA CALCULATION.                             | 82 F - SIMPLEST COMPOUND NUCLEUS FORMALISM.
                                                           | 83 T - NO ENGELBRETCH-WEIDENMULLER TRANSFORMATION IN
 31 F - INPUT OF EXPERIMENTAL DATA AND CHI2 CALCULATION.   |        IN COMPOUND NUCLEUS.
 32 F - AUTOMATIC SEARCH ON SOME PARAMETERS.               | 84 F - UNCOUPLED LEVELS FOR COMPOUND NUCLEUS.
 33 F - SYMMETRISED CHI2 FOR CROSS-SECTIONS.               | 85 F - FISSION DATA IN COMPOUND NUCLEUS.
 34 F - NEXT CALCULATION CHANGING ENERGY AND/OR SOME       | 86 F - GAMMA EMISSION DATA IN COMPOUND NUCLEUS.
        PARAMETERS.                                        | 87 F - NO WIDTH FLUCTUATIONS.
 35 F - SEARCH SAVED ON TAPE 8 IF ENDED OR LACK OF TIME.   |
 36 F - RESTART A SEARCH FROM TAPE 8.                      | 91 F - EQUIDISTANT ANGLES IN THE LABORATORY SYSTEM.
                                                           | 92 F - NON STANDARD OBSERVABLES AT EQUIDISTANT ANGLES.
 41 F - FACTORISATION OF 1/(1-COS(THETA)) IN AMPLITUDES.   | 93 F - NO RECOIL CORRECTION FOR REACTIONS.
 42 F - SCHMIDT'S ORTHOGONAL. IN USUAL COUPLED EQUATIONS.  | 94 F - NON RELATIVISTIC "REDUCED MASS" FOR DIRAC EQUATION.
 43 F - INTERPOLATION ON TOTAL SPIN.                       | 95 F - "REDUCED ENERGY" FOR NON COULOMB INTERACTION IN
 44 F - COULOMB CORRECTIONS.                               |        RELATIVISTIC SCHROEDINGER EQUATION OR USE OF REST
 45 F - ANGULAR MOMENTUM LIMIT FOR COULOMB CORRECTIONS.    |        MASS IN DIRAC EQUATION.
 46 F - RESTRICTED COULOMB CORRECTIONS.                    | 96 F - "REDUCED MASS" FOR COULOMB INTERACTION IN
 47 F - NO RECOIL CORRECTION FOR BOUND STATES.             |        RELATIVISTIC SCHROEDINGER EQUATION.
                                                           | 97 F - SAME REDUCED MASS FOR ALL THE STATES.
 51 F - OUTPUT OF POTENTIALS.                              | 98 F - Q ADDED TO THE MASS OF RESIDUAL NUCLEUS.
 52 F - OUTPUT OF REDUCED NUCLEAR MATRIX ELEMENTS.         | 99 F - SCHROEDINGER EQUIVALENT TO DIRAC EQUATION.
 53 F - OUTPUT OF THE NUMBER OF ITERATIONS.                |100 F - COMPLETE DIRAC EQUATION.
1
          **********************************************************************************
          *                                                                                *
          *      56.00000 MeV deuteron on  61NI: SPHERICAL OMP                             *
          *                                                                                *
          **********************************************************************************

 MAXIMUM NUMBER OF J    54  (MIN  0) STOP WHEN MAXIMUM S-MATRIX ELEMENT IS LESS THAN        0.1000D-04

 PLOT CONDITIONS FOR CROSS-SECTIONS    2    2     FOR POLARISATIONS    1    1

          ITERATION METHOD:  MAXIMUM NUMBER OF ITERATIONS         1
          CONVERGENCE CRITERION:     1.0000D-05 FOR S-MATRIX     1.0000D-05 FOR POTENTIALS AND FUNCTIONS.


 INDICATIONS FOR EXPANSION OF CROSS-SECTIONS IN LEGENDRE POLYNOMIALS:    2    0    0

 FIRST ORDER VIBRATIONAL MODEL.


 TARGET              MASS =  60.93106           PRODUCT OF CHARGES =   28.           AT**1/3 =   3.935014D+00
 INCIDENT PARTICLE   MASS =   2.01410      SPIN = 1.0   AP**1/3 =   1.262875D+00
          ENERGY(LAB) =   5.600000D+01 MEV          ENERGY(C. M.) =   5.420813D+01 MEV.

 N =  1 -   SPIN = 0.0+ EXCITATION ENERGY =  0.0000 MEV          POTENTIAL    1


 OPTICAL POTENTIALS  **  1 **     REDUCED RADIUS MULTIPLIED BY     3.935014D+00

      DEFORMED  VOLUME/SCALAR REAL POTENTIAL
 DEPTH   82.836270 MEV   RADIUS  4.525384 FERMI (REDUCED VALUE 1.150030)   DIFFUSENESS 0.768600 FERMI AT THE POWER (1+ 0.000000)

      DEFORMED  VOLUME/SCALAR IMAGINARY POTENTIAL
 DEPTH    4.587200 MEV   RADIUS  5.234867 FERMI (REDUCED VALUE 1.330330)   DIFFUSENESS 0.461350 FERMI AT THE POWER (1+ 0.000000)

      DEFORMED  SURFACE/VECTOR REAL POTENTIAL
 DEPTH    0.000000 MEV   RADIUS  0.000000 FERMI (REDUCED VALUE 0.000000)   DIFFUSENESS 0.000000 FERMI AT THE POWER (1+ 0.000000)

      DEFORMED  SURFACE/VECTOR IMAGINARY POTENTIAL
 DEPTH    9.116400 MEV   RADIUS  5.401239 FERMI (REDUCED VALUE 1.372610)   DIFFUSENESS 0.775060 FERMI AT THE POWER (1+ 0.000000)

  NOT DEFORMED  REAL SPIN-ORBIT/TENSOR POTENTIAL
 DEPTH    3.557000 MEV   RADIUS  3.824833 FERMI (REDUCED VALUE 0.972000)   DIFFUSENESS 1.011000 FERMI AT THE POWER (1+ 0.000000)

  NOT DEFORMED  IMAGINARY SPIN-ORBIT/TENSOR POTENTIAL
 DEPTH    0.000000 MEV   RADIUS  0.000000 FERMI (REDUCED VALUE 0.000000)   DIFFUSENESS 0.000000 FERMI AT THE POWER (1+ 0.000000)

      DEFORMED  COULOMB POTENTIAL
  CHARGE PRODUCT    28.  RADIUS  5.127323 FERMI (REDUCED VALUE 1.303000)   DIFFUSENESS 0.000000 FERMI AT THE POWER (1+ 0.000000)

  NOT DEFORMED  SPIN-ORBIT COULOMB POTENTIAL
 DEPTH    0.000000 MEV   RADIUS  0.000000 FERMI (REDUCED VALUE 0.000000)   DIFFUSENESS 0.000000 FERMI AT THE POWER (1+ 0.000000)
              THIRD CHARGE PARAMETER28.000000

 INTEGRATION STEP SIZE = 0.11527          MATCHING RADIUS =  40.000 FERMI

 SCATTERING ANGLES FROM  0.000 IN STEPS OF  2.000 UP TO 180.000 DEGREES   AVERAGED WITH +/-   0.000 DEGREES.


       2 SOLUTIONS         2 COUPLED EQUATIONS         5 INDEPENDENT AMPLITUDES.


 LEVEL       WAVE NUMBER  COULOMB PARAMETER   REDUCED MASS       REDUCED ENERGY     STEP SIZE
     1      2.2486896018      0.8362669039   1816.0906036335   1816.0906036335      0.1152737752
 MAXIMUM J-VALUE =  53.0                MAXIMUM SCATTERING COEFFICIENT AT THE END   0.310D-04
 MAXIMUM J-VALUE =  53.0                MAXIMUM SCATTERING COEFFICIENT AT THE END   0.284D-04
1 COEFFICIENTS OF LEGENDRE POLYNOMIALS DESCRIBING THE CROSS-SECTIONS.

 DIRECT INTERACTION FOR LEVEL 1 MULTIPLIED BY (1-COS(THETA))**( 2 ) 160 COEFFICIENTS
    L        C(L)              C(L+1)             C(L+2)             C(L+3)             C(L+4)
    0  -1.0233151474D+00   1.3843581967D-01  -1.9753841302D-02  -3.5903019147D-02   9.1147833686D-04
    5   2.2158597952D-02   2.1439140624D-02   1.1040784998D-02   2.0983523937D-03  -2.8485094320D-03
   10  -4.0687166884D-03  -3.6149211878D-03  -2.3177759306D-03  -9.5114644403D-04   3.7102185312D-04
   15   1.7625951137D-03   3.3494097194D-03   5.0184552860D-03   5.7723655085D-03   4.7000854528D-03
   20   1.1489914255D-03  -2.7468815938D-03  -2.7916502804D-03   5.4712589142D-04   3.5004736499D-03
   25   2.1173501711D-03  -2.3307198286D-03  -6.4439934176D-03  -7.8640572132D-03  -6.5336439039D-03
   30  -3.7732252452D-03  -9.7661963696D-04   1.0711419510D-03   2.1926967440D-03   2.5628745944D-03
   35   2.4627472370D-03   2.1341937770D-03   1.7397315193D-03   1.3643383980D-03   1.0474203771D-03
   40   8.0234821112D-04   6.1327584600D-04   4.7323024188D-04   3.6922543106D-04   2.9355003050D-04
   45   2.3766689327D-04   1.9303530315D-04   1.5969414597D-04   1.3317891348D-04   1.1233931596D-04
   50   9.6638181062D-05   8.3394706141D-05   7.1328014855D-05   5.4760548467D-05   4.4903414388D-05
   55   3.8216872370D-05   3.6547080936D-05   2.9686589252D-05   2.3145644397D-05   1.8259916296D-05
   60   1.3653632291D-05   9.9216914516D-06   5.5177383204D-06   2.3785377268D-06   7.8595676453D-07
   65   3.2364787594D-07  -1.4006360715D-06  -3.2502591693D-06  -1.6639395797D-06  -3.3084375260D-06
   70  -5.0968888523D-06  -6.1333652270D-06  -6.8230863599D-06  -7.3574047944D-06  -7.7891306279D-06
   75  -8.1366237828D-06  -8.4129751178D-06  -8.6232744280D-06  -8.7806613728D-06  -8.8898797111D-06
   80  -8.9571930457D-06  -8.9896536441D-06  -8.9913740966D-06  -8.9651366047D-06  -8.9174407261D-06
   85  -8.8490696345D-06  -8.7637081005D-06  -8.6641411378D-06  -8.5526671374D-06  -8.4298226000D-06
   90  -8.2994445593D-06  -8.1616932827D-06  -8.0176925349D-06  -7.8697081401D-06  -7.7181647895D-06
   95  -7.5635218835D-06  -7.4073466122D-06  -7.2504046976D-06  -7.0920269565D-06  -6.9346652905D-06
  100  -6.7768959172D-06  -6.6209483564D-06  -6.4649188020D-06  -6.3122319738D-06  -6.1588789331D-06
  105  -6.0107239530D-06  -5.8600765599D-06  -5.7187347611D-06  -5.5736065108D-06  -5.4332140939D-06
  110  -5.2954721700D-06  -5.1604449713D-06  -5.0281804554D-06  -4.8987122461D-06  -4.7720613652D-06
  115  -4.6482377779D-06  -4.5272417726D-06  -4.4090651908D-06  -4.2936925263D-06  -4.1811019032D-06
  120  -4.0712659501D-06  -3.9641525776D-06  -3.8597256713D-06  -3.7579457091D-06  -3.6587703098D-06
  125  -3.5621547206D-06  -3.4680522504D-06  -3.3764146542D-06  -3.2871924730D-06  -3.2003353346D-06
  130  -3.1157922204D-06  -3.0335116983D-06  -2.9534421303D-06  -2.8755318523D-06  -2.7997293328D-06
  135  -2.7259833108D-06  -2.6542429157D-06  -2.5844577713D-06  -2.5165780848D-06  -2.4505547233D-06
  140  -2.3863392787D-06  -2.3238841222D-06  -2.2631424499D-06  -2.2040683197D-06  -2.1466166820D-06
  145  -2.0907434025D-06  -2.0364052808D-06  -1.9835600630D-06  -1.9321664498D-06  -1.8821841015D-06
  150  -1.8335736387D-06  -1.7862966403D-06  -1.7403156388D-06  -1.6955941135D-06  -1.6520964814D-06
  155  -1.6097880865D-06  -1.5686351876D-06  -1.5286049450D-06  -1.4896654056D-06  -1.4517854882D-06
1       56.00000 MeV deuteron on  61NI: SPHERICAL OMP                         


 TOTAL REACTION CROSS SECTION =   1724.469002 MILLIBARNS.

 ELASTIC SCATTERING ON THE TARGET STATE OF SPIN =  0.0+

      ANGLE    CROSS-SECTION     C. S./RUTHER.     ASYM. OR IT11               T20               T21               T22  
      0.000     0.19203D+05        1920.2889843         0.0000000         0.0040682         0.0000000         0.0000000
      2.000     0.33614D+07           0.9019197        -0.0015959        -0.0001024         0.0000017        -0.0000072
      4.000     0.14461D+06           0.6204370         0.0080956        -0.0015621         0.0000557         0.0000803
      6.000     0.32795D+05           0.7116120         0.0417655        -0.0008641         0.0000143         0.0004954
      8.000     0.13716D+05           0.9392472         0.0483668         0.0018907        -0.0002410         0.0007548
     10.000     0.50884D+04           0.8491757         0.0295114         0.0053406        -0.0007252         0.0007038
     12.000     0.12285D+04           0.4241606        -0.0274030         0.0106039        -0.0018176        -0.0015450
     14.000     0.14114D+03           0.0900450        -0.0946153        -0.0076166        -0.0023298        -0.0383041
     16.000     0.18247D+03           0.1979856         0.3102050        -0.0491386         0.0060813        -0.0335798
     18.000     0.35859D+03           0.6211022         0.2456000        -0.0277761         0.0048258        -0.0116612
     20.000     0.34700D+03           0.9125055         0.2038538        -0.0193000         0.0046924        -0.0031976
     22.000     0.20657D+03           0.7919401         0.1661341        -0.0127741         0.0054327         0.0055839
     24.000     0.74270D+02           0.4013821         0.0930725        -0.0006455         0.0073110         0.0217009
     26.000     0.13764D+02           0.1019371        -0.2176949         0.0454930         0.0076777         0.0439238
     28.000     0.90956D+01           0.0901080        -0.2111095         0.0117908        -0.0129021        -0.0922289
     30.000     0.19244D+02           0.2497466         0.0554666        -0.0348679        -0.0083089        -0.0959913
     32.000     0.20114D+02           0.3358032         0.0898858        -0.0563351        -0.0051947        -0.1042441
     34.000     0.11452D+02           0.2420180         0.0761474        -0.0985748        -0.0029225        -0.1497538
     36.000     0.31570D+01           0.0832605         0.0161950        -0.2402321        -0.0000659        -0.3179282
     38.000     0.14866D+01           0.0483035        -0.0471479        -0.1445045        -0.0134752        -0.1677160
     40.000     0.52119D+01           0.2062665        -0.0200140         0.0580224        -0.0146543         0.0659935
     42.000     0.95010D+01           0.4532266        -0.0712550         0.0664240        -0.0144038         0.0689930
     44.000     0.10851D+02           0.6179997        -0.1539410         0.0635043        -0.0158036         0.0604870
     46.000     0.90744D+01           0.6117265        -0.2660439         0.0567974        -0.0182928         0.0475535
     48.000     0.61514D+01           0.4869177        -0.3843203         0.0394006        -0.0204303         0.0228475
     50.000     0.40605D+01           0.3746304        -0.3772840         0.0042136        -0.0170565        -0.0157388
     52.000     0.35139D+01           0.3753096        -0.1163208        -0.0189548        -0.0051102        -0.0283986
     54.000     0.39975D+01           0.4911445         0.1079879        -0.0025320         0.0035467         0.0023238
     56.000     0.45671D+01           0.6416578         0.1548211         0.0243492         0.0053736         0.0366092
     58.000     0.45959D+01           0.7343137         0.1109306         0.0454186         0.0043337         0.0598011
     60.000     0.40224D+01           0.7271089         0.0360255         0.0560799         0.0026572         0.0686790
     62.000     0.31676D+01           0.6446431        -0.0306822         0.0513283         0.0016275         0.0579462
     64.000     0.24023D+01           0.5479006        -0.0404989         0.0270458         0.0026775         0.0235400
     66.000     0.19199D+01           0.4886001         0.0452462        -0.0096124         0.0066474        -0.0240038
     68.000     0.17012D+01           0.4810982         0.1839885        -0.0338987         0.0117848        -0.0535851
     70.000     0.16100D+01           0.5039812         0.2831185        -0.0316893         0.0152779        -0.0498618
     72.000     0.15140D+01           0.5226662         0.3105762        -0.0132803         0.0163945        -0.0274809
     74.000     0.13522D+01           0.5130059         0.2867769         0.0077668         0.0158338        -0.0036871
     76.000     0.11375D+01           0.4726625         0.2410629         0.0209936         0.0143774         0.0085926
     78.000     0.91857D+00           0.4167047         0.2033783         0.0178501         0.0127246        -0.0008233
     80.000     0.73731D+00           0.3640417         0.2022526        -0.0031503         0.0116804        -0.0327844
     82.000     0.61004D+00           0.3268587         0.2497652        -0.0340691         0.0118920        -0.0760180
     84.000     0.52792D+00           0.3060869         0.3255437        -0.0591180         0.0132604        -0.1099053
     86.000     0.46983D+00           0.2939696         0.3918713        -0.0658332         0.0149371        -0.1196179
     88.000     0.41780D+00           0.2813761         0.4258168        -0.0561297         0.0159961        -0.1089727
     90.000     0.36308D+00           0.2625246         0.4261423        -0.0381456         0.0159222        -0.0889122
     92.000     0.30644D+00           0.2373053         0.4042727        -0.0209467         0.0145722        -0.0710209
     94.000     0.25384D+00           0.2100366         0.3770778        -0.0150598         0.0120721        -0.0680706
     96.000     0.20989D+00           0.1851502         0.3624925        -0.0246720         0.0089964        -0.0844220
     98.000     0.17630D+00           0.1654253         0.3734677        -0.0466647         0.0063028        -0.1154218
    100.000     0.15166D+00           0.1510528         0.4079317        -0.0726724         0.0048021        -0.1501335
    102.000     0.13267D+00           0.1399601         0.4517788        -0.0905124         0.0046427        -0.1739015
    104.000     0.11659D+00           0.1300172         0.4905465        -0.0949555         0.0052107        -0.1814949
    106.000     0.10160D+00           0.1195386         0.5123429        -0.0872009         0.0054492        -0.1749107
    108.000     0.87244D-01           0.1080920         0.5142991        -0.0711640         0.0044944        -0.1587671
    110.000     0.74181D-01           0.0966002         0.5010400        -0.0561711         0.0019516        -0.1438311
    112.000     0.62865D-01           0.0858890         0.4801148        -0.0496909        -0.0019781        -0.1380556
    114.000     0.53588D-01           0.0766761         0.4667242        -0.0548825        -0.0062077        -0.1449938
    116.000     0.46145D-01           0.0690303         0.4702909        -0.0712012        -0.0094924        -0.1647823
    118.000     0.39972D-01           0.0624094         0.4883345        -0.0913224        -0.0114960        -0.1896479
    120.000     0.34853D-01           0.0567014         0.5197304        -0.1087397        -0.0125637        -0.2135661
    122.000     0.30514D-01           0.0516419         0.5523926        -0.1170873        -0.0138232        -0.2289750
    124.000     0.26799D-01           0.0471069         0.5704905        -0.1123654        -0.0163971        -0.2281904
    126.000     0.23724D-01           0.0432452         0.5720705        -0.1017278        -0.0198947        -0.2173694
    128.000     0.21027D-01           0.0396864         0.5582934        -0.0906681        -0.0231058        -0.2021338
    130.000     0.18539D-01           0.0361766         0.5403526        -0.0812517        -0.0250311        -0.1868095
    132.000     0.16165D-01           0.0325625         0.5344358        -0.0794181        -0.0258066        -0.1832974
    134.000     0.13860D-01           0.0287796         0.5422389        -0.0836186        -0.0274494        -0.1922206
    136.000     0.11831D-01           0.0252874         0.5641456        -0.0917368        -0.0330489        -0.2108031
    138.000     0.10251D-01           0.0225214         0.5880826        -0.1078805        -0.0448696        -0.2378466
    140.000     0.93058D-02           0.0209858         0.5909351        -0.1294030        -0.0589186        -0.2582208
    142.000     0.89424D-02           0.0206711         0.5745634        -0.1480585        -0.0655479        -0.2631164
    144.000     0.86969D-02           0.0205787         0.5491535        -0.1555354        -0.0610734        -0.2558998
    146.000     0.82466D-02           0.0199475         0.5340342        -0.1452443        -0.0485417        -0.2425380
    148.000     0.74045D-02           0.0182849         0.5520868        -0.1191134        -0.0364260        -0.2371447
    150.000     0.61898D-02           0.0155841         0.5965817        -0.0827546        -0.0376940        -0.2432901
    152.000     0.49783D-02           0.0127622         0.6518965        -0.0511833        -0.0670893        -0.2552302
    154.000     0.41041D-02           0.0106990         0.6782674        -0.0627672        -0.1288781        -0.2655661
    156.000     0.38826D-02           0.0102793         0.6073285        -0.1368297        -0.1799403        -0.2483430
    158.000     0.43883D-02           0.0117844         0.4901131        -0.2022231        -0.1626750        -0.2090071
    160.000     0.51817D-02           0.0140964         0.4098858        -0.1988564        -0.1039697        -0.1837749
    162.000     0.58015D-02           0.0159679         0.3814964        -0.1243923        -0.0485435        -0.1800932
    164.000     0.58958D-02           0.0163977         0.4035814         0.0106956        -0.0290809        -0.1972058
    166.000     0.54030D-02           0.0151659         0.4446241         0.1757227        -0.0823799        -0.2311220
    168.000     0.47508D-02           0.0134416         0.4646664         0.2731410        -0.2494519        -0.2650466
    170.000     0.43810D-02           0.0124790         0.4058097         0.1209931        -0.5096648        -0.2637078
    172.000     0.46785D-02           0.0133998         0.2433122        -0.3533432        -0.6849797        -0.1982166
    174.000     0.57999D-02           0.0166826         0.1032158        -0.8515044        -0.6264145        -0.1078875
    176.000     0.73224D-02           0.0211264         0.0356027        -1.1564916        -0.4372645        -0.0431770
    178.000     0.86547D-02           0.0250160         0.0047096        -1.3031012        -0.2181843        -0.0096659
    180.000     0.92130D-02           0.0266458         0.0000000        -1.3445057         0.0000000         0.0000000


 *** WORKSPACE USED IN THIS COMPUTATION     14215  ***            34985785 MEMORIES NOT USED.

  End time: 17:33.37 (22-02-2024)

  Calculation time:     1 min 39 s
