
  End time: 17:46.37 (22-02-2024)

  Calculation time:     1 min 16 s
1                    E. C. I. S. CODE FOR COUPLED CHANNELS CALCULATIONS ( 2006 ) WORKING FIELD LENGTH =  35000000

                        TO OBTAIN THE INPUT DESCRIPTION, PUNCH 'DESCRIPTION ' IN COLUMNS 1-12 OF THE FIRST CARD.


  1 F - ROTATIONAL MODEL-(.F.: VIBRATIONAL MODEL).         | 54 F - OUTPUT OF THE LENGTH USED IN THE WORKING FIELD.
  2 F - SECOND ORDER VIBRATIONAL MODEL-(.F.: FIRST ORDER)  | 55 F - OUTPUT OF C-MATRIX ELEMENTS AND COMPOUND NUCLEUS
        OR CONSTRAINED ASYMMETRIC ROTATIONAL MODEL.        |        INTERMEDIATE RESULTS.
  3 F - ANHARMONIC VIBRATIONAL MODEL-(.F.: HARMONIC) OR    | 56 T - OUTPUT OF S-MATRIX ELEMENTS.
        ASYMMETRIC ROTATIONAL MODEL-(.F.: SYMMETRIC).      | 57 F - OUTPUT OF PHASE-SHIFTS AT EACH E.C.I.S. ITERATION.
  4 F - PARAMETRISED SPIN-ORBIT DEFORMATION-(.F.:STANDARD) | 58 F - OUTPUT OF THE COEFFICIENTS OF EACH FORM FACTOR
  5 F - DIFFERENT DEFORMATION FOR EACH POTENTIAL(.F.: SAME)|        FOR ALL SETS OF EQUATIONS.
  6 F - USE OF DEFORMATION LENGTHS.                        | 59 T - TOTAL ELASTIC REACTION CROSS-SECTIONS WRITTEN ON
  7 F - NUCLEAR MATRIX ELEMENTS AND FORM FACTORS ON CARDS. |        FILE 58 AND TOTAL INELASTIC REACTION
  8 F - RELATIVISTIC KINEMATICS.                           |        CROSS-SECTIONS ON FILE 59.
  9 F - SYMMETRISED WOODS-SAXON FORM FOR NEGATIVE RADII.   | 60 T - S-MATRIX ELEMENTS WRITTEN ON FILE 60.
 10 F - DISPERSION RELATIONS FOR POTENTIALS.               |
                                                           | 61 F - REDUCED NUCLEAR MATRIX ELEMENTS WRITTEN ON FILE 61.
 11 T - DEFORMED COULOMB POTENTIAL.                        | 62 F - POTENTIALS WRITTEN ON FILE 62.
 12 T - DEFORMED IMAGINARY POTENTIAL.                      | 63 T - PENETRABILITIES WRITTEN ON FILE 63.
 13 F - DEFORMED REAL SPIN-ORBIT/TENSOR POTENTIAL.         | 64 T - RESULTS FOR EXPERIMENTAL DATA ON FILE 64
 14 F - DEFORMED IMAGINARY SPIN-ORBIT/TENSOR POTENTIAL.    |        AND AT EQUIDISTANT ANGLES WRITTEN ON FILE 66.
 15 F - REDUCED NUCLEAR MATRIX ELEMENTS READ FROM CARDS.   | 65 T - LEGENDRE EXPANSION FOR CROSS-SECTIONS WRITTEN ON
 16 F - HEAVY-ION DEFINITION OF RADII AND DEFORMATIONS.    |        FILE 65.
 17 F - FOLDING MODEL.                                     | 66 F - NO CALCULATION AT EQUIDISTANT ANGLES.
 18 F - PROJECTILE-TARGET ANTISYMMETRISATION.              | 67 T - NO PLOT OF EXPERIMENTAL DATA.
 19 F - DEFORMED COULOMB SPIN-ORBIT POTENTIAL.             | 68 T - NO PLOT OF CROSS-SECTIONS AT EQUIDISTANT ANGLES.
 20 F - DISPERSION RELATIONS FOR TRANSITION FORM-FACTORS.  | 69 T - NO PLOT OF POLARISATIONS AT EQUIDISTANT ANGLES.
                                                           |
 21 F - USUAL COUPLED EQUATIONS-(.F.: ITERATIONS).         | 71 F - NO DETAILED OUTPUT OF LOGICAL CONTROLS.
 22 F - NO USE OF PADE FOR CONVERGENCE OF THE ITERATIONS.  | 72 T - NO OUTPUT OF EXPERIMENTAL DATA AS THEY ARE READ.
 23 T - NO USE OF PADE WITHOUT CONVERGENCE.                | 73 T - NO OUTPUT OF EXTERNAL POTENTIALS AS THEY ARE READ.
 24 F - COUPLING POTENTIALS COMPUTED AT EACH ITERATION.    | 74 F - OUTPUT OF VARIATIONS IN STORAGE.
 25 F - COMPLETE CALCULATION UP TO THE END-(.F.: ONE ITE-  | 75 T - NO COMPLETE OUTPUT AT THE FIRST RUN OF A SEARCH.
        RATION ONLY AS SOON AS TWO ITERATIONS ARE ENOUGH). | 76 F - LO(51) TO LO(65) ARE ALWAYS USED-(.F.: ONLY FOR
 26 F - INTEGRATION STABILISED FOR LONG RANGE POTENTIAL.   |        COMPLETE OUTPUT)
 27 F - NUMEROV'S METHOD FOR SINGLE EQUATIONS-(.F.: MODI-  | 77 F - OUTPUT OF TIME DIFFERENCES DURING THE SEARCH.
        FIED NUMEROV'S METHOD).                            | 78 F - OUTPUT OF DIFFERENCES BETWEEN EXPERIMENTAL
 28 T - COMPUTATION UP TO J-CONVERGENCE-(.F.: STOP WHEN    |        AND CALCULATED VALUES.
        ALL THE INHOMOGENEOUS TERMS ARE NEGLIGIBLE).       |
 29 F - NO DIAGONAL TERM IN SECOND MEMBERS.                | 81 F - HAUSER-FESHBACH CORRECTIONS TO CROSS-SECTIONS.
 30 T - PURE DWBA CALCULATION.                             | 82 F - SIMPLEST COMPOUND NUCLEUS FORMALISM.
                                                           | 83 T - NO ENGELBRETCH-WEIDENMULLER TRANSFORMATION IN
 31 F - INPUT OF EXPERIMENTAL DATA AND CHI2 CALCULATION.   |        IN COMPOUND NUCLEUS.
 32 F - AUTOMATIC SEARCH ON SOME PARAMETERS.               | 84 F - UNCOUPLED LEVELS FOR COMPOUND NUCLEUS.
 33 F - SYMMETRISED CHI2 FOR CROSS-SECTIONS.               | 85 F - FISSION DATA IN COMPOUND NUCLEUS.
 34 F - NEXT CALCULATION CHANGING ENERGY AND/OR SOME       | 86 F - GAMMA EMISSION DATA IN COMPOUND NUCLEUS.
        PARAMETERS.                                        | 87 F - NO WIDTH FLUCTUATIONS.
 35 F - SEARCH SAVED ON TAPE 8 IF ENDED OR LACK OF TIME.   |
 36 F - RESTART A SEARCH FROM TAPE 8.                      | 91 F - EQUIDISTANT ANGLES IN THE LABORATORY SYSTEM.
                                                           | 92 F - NON STANDARD OBSERVABLES AT EQUIDISTANT ANGLES.
 41 F - FACTORISATION OF 1/(1-COS(THETA)) IN AMPLITUDES.   | 93 F - NO RECOIL CORRECTION FOR REACTIONS.
 42 F - SCHMIDT'S ORTHOGONAL. IN USUAL COUPLED EQUATIONS.  | 94 F - NON RELATIVISTIC "REDUCED MASS" FOR DIRAC EQUATION.
 43 F - INTERPOLATION ON TOTAL SPIN.                       | 95 F - "REDUCED ENERGY" FOR NON COULOMB INTERACTION IN
 44 F - COULOMB CORRECTIONS.                               |        RELATIVISTIC SCHROEDINGER EQUATION OR USE OF REST
 45 F - ANGULAR MOMENTUM LIMIT FOR COULOMB CORRECTIONS.    |        MASS IN DIRAC EQUATION.
 46 F - RESTRICTED COULOMB CORRECTIONS.                    | 96 F - "REDUCED MASS" FOR COULOMB INTERACTION IN
 47 F - NO RECOIL CORRECTION FOR BOUND STATES.             |        RELATIVISTIC SCHROEDINGER EQUATION.
                                                           | 97 F - SAME REDUCED MASS FOR ALL THE STATES.
 51 F - OUTPUT OF POTENTIALS.                              | 98 F - Q ADDED TO THE MASS OF RESIDUAL NUCLEUS.
 52 F - OUTPUT OF REDUCED NUCLEAR MATRIX ELEMENTS.         | 99 F - SCHROEDINGER EQUIVALENT TO DIRAC EQUATION.
 53 F - OUTPUT OF THE NUMBER OF ITERATIONS.                |100 F - COMPLETE DIRAC EQUATION.
1
          **********************************************************************************
          *                                                                                *
          *      56.00000 MeV deuteron on  47TI: SPHERICAL OMP                             *
          *                                                                                *
          **********************************************************************************

 MAXIMUM NUMBER OF J    50  (MIN  0) STOP WHEN MAXIMUM S-MATRIX ELEMENT IS LESS THAN        0.1000D-04

 PLOT CONDITIONS FOR CROSS-SECTIONS    2    2     FOR POLARISATIONS    1    1

          ITERATION METHOD:  MAXIMUM NUMBER OF ITERATIONS         1
          CONVERGENCE CRITERION:     1.0000D-05 FOR S-MATRIX     1.0000D-05 FOR POTENTIALS AND FUNCTIONS.


 INDICATIONS FOR EXPANSION OF CROSS-SECTIONS IN LEGENDRE POLYNOMIALS:    2    0    0

 FIRST ORDER VIBRATIONAL MODEL.


 TARGET              MASS =  46.95176           PRODUCT OF CHARGES =   22.           AT**1/3 =   3.607591D+00
 INCIDENT PARTICLE   MASS =   2.01410      SPIN = 1.0   AP**1/3 =   1.262875D+00
          ENERGY(LAB) =   5.600000D+01 MEV          ENERGY(C. M.) =   5.369657D+01 MEV.

 N =  1 -   SPIN = 0.0+ EXCITATION ENERGY =  0.0000 MEV          POTENTIAL    1


 OPTICAL POTENTIALS  **  1 **     REDUCED RADIUS MULTIPLIED BY     3.607591D+00

      DEFORMED  VOLUME/SCALAR REAL POTENTIAL
 DEPTH   82.183510 MEV   RADIUS  4.148188 FERMI (REDUCED VALUE 1.149850)   DIFFUSENESS 0.764470 FERMI AT THE POWER (1+ 0.000000)

      DEFORMED  VOLUME/SCALAR IMAGINARY POTENTIAL
 DEPTH    4.587200 MEV   RADIUS  4.807584 FERMI (REDUCED VALUE 1.332630)   DIFFUSENESS 0.494120 FERMI AT THE POWER (1+ 0.000000)

      DEFORMED  SURFACE/VECTOR REAL POTENTIAL
 DEPTH    0.000000 MEV   RADIUS  0.000000 FERMI (REDUCED VALUE 0.000000)   DIFFUSENESS 0.000000 FERMI AT THE POWER (1+ 0.000000)

      DEFORMED  SURFACE/VECTOR IMAGINARY POTENTIAL
 DEPTH    9.116400 MEV   RADIUS  4.964478 FERMI (REDUCED VALUE 1.376120)   DIFFUSENESS 0.754750 FERMI AT THE POWER (1+ 0.000000)

  NOT DEFORMED  REAL SPIN-ORBIT/TENSOR POTENTIAL
 DEPTH    3.557000 MEV   RADIUS  3.506578 FERMI (REDUCED VALUE 0.972000)   DIFFUSENESS 1.011000 FERMI AT THE POWER (1+ 0.000000)

  NOT DEFORMED  IMAGINARY SPIN-ORBIT/TENSOR POTENTIAL
 DEPTH    0.000000 MEV   RADIUS  0.000000 FERMI (REDUCED VALUE 0.000000)   DIFFUSENESS 0.000000 FERMI AT THE POWER (1+ 0.000000)

      DEFORMED  COULOMB POTENTIAL
  CHARGE PRODUCT    22.  RADIUS  4.700691 FERMI (REDUCED VALUE 1.303000)   DIFFUSENESS 0.000000 FERMI AT THE POWER (1+ 0.000000)

  NOT DEFORMED  SPIN-ORBIT COULOMB POTENTIAL
 DEPTH    0.000000 MEV   RADIUS  0.000000 FERMI (REDUCED VALUE 0.000000)   DIFFUSENESS 0.000000 FERMI AT THE POWER (1+ 0.000000)
              THIRD CHARGE PARAMETER22.000000

 INTEGRATION STEP SIZE = 0.12346          MATCHING RADIUS =  40.000 FERMI

 SCATTERING ANGLES FROM  0.000 IN STEPS OF  2.000 UP TO 180.000 DEGREES   AVERAGED WITH +/-   0.000 DEGREES.


       2 SOLUTIONS         2 COUPLED EQUATIONS         5 INDEPENDENT AMPLITUDES.


 LEVEL       WAVE NUMBER  COULOMB PARAMETER   REDUCED MASS       REDUCED ENERGY     STEP SIZE
     1      2.2274686995      0.6570668530   1798.9521416322   1798.9521416322      0.1234567901
 MAXIMUM J-VALUE =  49.0                MAXIMUM SCATTERING COEFFICIENT AT THE END   0.545D-04
 MAXIMUM J-VALUE =  49.0                MAXIMUM SCATTERING COEFFICIENT AT THE END   0.495D-04
1 COEFFICIENTS OF LEGENDRE POLYNOMIALS DESCRIBING THE CROSS-SECTIONS.

 DIRECT INTERACTION FOR LEVEL 1 MULTIPLIED BY (1-COS(THETA))**( 2 ) 148 COEFFICIENTS
    L        C(L)              C(L+1)             C(L+2)             C(L+3)             C(L+4)
    0  -4.6962000221D-01   1.6616004205D-01  -2.3067552012D-02  -5.9247327871D-02  -2.0896165251D-02
    5   1.2172927062D-02   2.0861158882D-02   1.4659365314D-02   5.8276913286D-03  -4.0675864431D-04
   10  -3.1348872951D-03  -3.3098438868D-03  -1.8789004856D-03   1.8612018145D-04   2.2356191675D-03
   15   3.7841595717D-03   3.8965034781D-03   2.0705902259D-03  -1.6617564044D-03  -4.7197065926D-03
   20  -3.0472263410D-03   2.1537840156D-03   5.7533075396D-03   3.7839891939D-03  -1.8261303886D-03
   25  -6.7841981534D-03  -8.4277374179D-03  -6.9091293517D-03  -3.8820469542D-03  -9.2627637375D-04
   30   1.1420656233D-03   2.2015296842D-03   2.4876566646D-03   2.3213522089D-03   1.9530521665D-03
   35   1.5404738401D-03   1.1696990556D-03   8.7624069542D-04   6.4819756452D-04   4.8002033333D-04
   40   3.5998492126D-04   2.7658604044D-04   2.1632453887D-04   1.7161410663D-04   1.3826578094D-04
   45   1.1413974616D-04   9.7182080634D-05   8.4020026667D-05   7.7632157733D-05   6.4417009911D-05
   50   5.8832151456D-05   4.8799089603D-05   4.5476185101D-05   3.5505860769D-05   3.0631912888D-05
   55   2.6738844700D-05   2.2708988681D-05   1.7706329738D-05   1.4171384834D-05   1.2869946072D-05
   60   1.3466171854D-05   1.2272714564D-05   9.3187109627D-06   1.2448221070D-05   1.1006878074D-05
   65   7.9566959827D-06   5.9778059262D-06   4.7547169567D-06   3.8540497597D-06   3.1048438550D-06
   70   2.4585209163D-06   1.8950353819D-06   1.3950006657D-06   9.5884329222D-07   5.7062003283D-07
   75   2.2916315186D-07  -7.2728901283D-08  -3.3766152346D-07  -5.7353312739D-07  -7.7771483374D-07
   80  -9.5874035739D-07  -1.1168329753D-06  -1.2535240437D-06  -1.3725568104D-06  -1.4765116637D-06
   85  -1.5632246591D-06  -1.6390631417D-06  -1.7029100473D-06  -1.7545175139D-06  -1.7990947868D-06
   90  -1.8335246610D-06  -1.8614902635D-06  -1.8812633367D-06  -1.8979036690D-06  -1.9047400664D-06
   95  -1.9124968824D-06  -1.9089472609D-06  -1.9106738887D-06  -1.8954699353D-06  -1.8981848978D-06
  100  -1.8793968494D-06  -1.8648850567D-06  -1.8483687838D-06  -1.8301031865D-06  -1.8103182545D-06
  105  -1.7892212495D-06  -1.7669988980D-06  -1.7438193636D-06  -1.7198340257D-06  -1.6951790811D-06
  110  -1.6699769900D-06  -1.6443377801D-06  -1.6183602249D-06  -1.5921329075D-06  -1.5657351834D-06
  115  -1.5392380496D-06  -1.5127049328D-06  -1.4861924017D-06  -1.4597508123D-06  -1.4334248933D-06
  120  -1.4072542757D-06  -1.3812739735D-06  -1.3555148200D-06  -1.3300038628D-06  -1.3047647235D-06
  125  -1.2798179232D-06  -1.2551811787D-06  -1.2308696714D-06  -1.2068962917D-06  -1.1832718609D-06
  130  -1.1600053329D-06  -1.1371039779D-06  -1.1145735490D-06  -1.0924184338D-06  -1.0706417925D-06
  135  -1.0492456827D-06  -1.0282311741D-06  -1.0075984517D-06  -9.8734691022D-07  -9.6747523945D-07
  140  -9.4798150265D-07  -9.2886320683D-07  -9.1011736741D-07  -8.9174056631D-07  -8.7372900529D-07
  145  -8.5607855382D-07  -8.3878479301D-07  -8.2184305498D-07
1       56.00000 MeV deuteron on  47TI: SPHERICAL OMP                         


 TOTAL REACTION CROSS SECTION =   1524.494603 MILLIBARNS.

 ELASTIC SCATTERING ON THE TARGET STATE OF SPIN =  0.0+

      ANGLE    CROSS-SECTION     C. S./RUTHER.     ASYM. OR IT11               T20               T21               T22  
      0.000     0.18661D+05        1866.1055704         0.0000000         0.0028919         0.0000000         0.0000000
      2.000     0.19778D+07           0.8434511        -0.0014480        -0.0001049         0.0000015        -0.0000072
      4.000     0.85915D+05           0.5858836         0.0145381        -0.0026768         0.0000932         0.0000535
      6.000     0.22301D+05           0.7691164         0.0566277        -0.0035045         0.0001413         0.0003359
      8.000     0.10805D+05           1.1760505         0.0660033        -0.0013654        -0.0000253         0.0005877
     10.000     0.47859D+04           1.2694394         0.0531596         0.0014777        -0.0003481         0.0010206
     12.000     0.15425D+04           0.8465195         0.0127254         0.0064327        -0.0010233         0.0016861
     14.000     0.25916D+03           0.2627879        -0.1233332         0.0180923        -0.0028030        -0.0031901
     16.000     0.29442D+02           0.0507754         0.1203287        -0.0675677         0.0092371        -0.1393652
     18.000     0.13277D+03           0.3655180         0.3394395        -0.0473090         0.0076292        -0.0424311
     20.000     0.20256D+03           0.8466244         0.2817312        -0.0353058         0.0065778        -0.0247776
     22.000     0.16575D+03           1.0099623         0.2600272        -0.0336255         0.0075781        -0.0189196
     24.000     0.83353D+02           0.7159760         0.2598446        -0.0380128         0.0109825        -0.0148598
     26.000     0.22047D+02           0.2595228         0.2914460        -0.0506434         0.0212457        -0.0035852
     28.000     0.32838D+01           0.0517056         0.0575224         0.0502884         0.0145815         0.0919161
     30.000     0.11478D+02           0.2367564        -0.0918347         0.0655995        -0.0227510         0.0195782
     32.000     0.22792D+02           0.6047908        -0.0726605         0.0380042        -0.0186246        -0.0000783
     34.000     0.24552D+02           0.8247083        -0.1241587         0.0280659        -0.0183947        -0.0091673
     36.000     0.17640D+02           0.7394189        -0.2432727         0.0207155        -0.0216300        -0.0224305
     38.000     0.92421D+01           0.4773134        -0.4525621         0.0053812        -0.0287853        -0.0502452
     40.000     0.50034D+01           0.3147268        -0.5284848        -0.0236653        -0.0305870        -0.0755023
     42.000     0.57891D+01           0.4389268        -0.1088446        -0.0134414        -0.0126953        -0.0223405
     44.000     0.90361D+01           0.8179842         0.0829114         0.0143274        -0.0040007         0.0236432
     46.000     0.11633D+02           1.2464068         0.0845885         0.0321848        -0.0026840         0.0444364
     48.000     0.11950D+02           1.5034907         0.0294772         0.0434396        -0.0033159         0.0547915
     50.000     0.10224D+02           1.4992742        -0.0449618         0.0492175        -0.0042615         0.0579929
     52.000     0.76928D+01           1.3059197        -0.1132420         0.0457443        -0.0043986         0.0500171
     54.000     0.55417D+01           1.0821764        -0.1234654         0.0260730        -0.0020139         0.0237917
     56.000     0.43197D+01           0.9646267        -0.0198741        -0.0058801         0.0039161        -0.0138609
     58.000     0.39129D+01           0.9936949         0.1434460        -0.0264955         0.0105115        -0.0351230
     60.000     0.38736D+01           1.1129005         0.2508591        -0.0239867         0.0142277        -0.0292116
     62.000     0.37853D+01           1.2243844         0.2772964        -0.0079193         0.0151692        -0.0092247
     64.000     0.34552D+01           1.2525084         0.2519764         0.0099629         0.0147204         0.0107155
     66.000     0.29164D+01           1.1796198         0.2050223         0.0216281         0.0138358         0.0211497
     68.000     0.23161D+01           1.0410303         0.1620923         0.0221276         0.0131445         0.0162922
     70.000     0.17967D+01           0.8939361         0.1501642         0.0074466         0.0132194        -0.0082299
     72.000     0.14287D+01           0.7839122         0.1911710        -0.0213359         0.0144685        -0.0495596
     74.000     0.12025D+01           0.7251269         0.2747706        -0.0503435         0.0166535        -0.0889365
     76.000     0.10647D+01           0.7031460         0.3582011        -0.0646231         0.0188559        -0.1080501
     78.000     0.95808D+00           0.6908002         0.4084069        -0.0617988         0.0202764        -0.1053566
     80.000     0.84629D+00           0.6641296         0.4198104        -0.0470607         0.0206751        -0.0885544
     82.000     0.72132D+00           0.6142781         0.4024483        -0.0293793         0.0200698        -0.0695843
     84.000     0.59393D+00           0.5473192         0.3719199        -0.0181216         0.0185388        -0.0601964
     86.000     0.47823D+00           0.4755875         0.3452113        -0.0178517         0.0163266        -0.0656580
     88.000     0.38476D+00           0.4118494         0.3387794        -0.0308997         0.0139019        -0.0880383
     90.000     0.31636D+00           0.3635657         0.3619630        -0.0556092         0.0119425        -0.1238250
     92.000     0.26800D+00           0.3298692         0.4082741        -0.0808690         0.0110352        -0.1583780
     94.000     0.23245D+00           0.3057066         0.4600297        -0.0965684         0.0111634        -0.1797978
     96.000     0.20308D+00           0.2847256         0.4993610        -0.0993803         0.0117239        -0.1849097
     98.000     0.17541D+00           0.2616025         0.5171627        -0.0889955         0.0120038        -0.1740955
    100.000     0.14879D+00           0.2355378         0.5145450        -0.0719009         0.0113822        -0.1559387
    102.000     0.12424D+00           0.2083154         0.4970497        -0.0574695         0.0094032        -0.1418175
    104.000     0.10267D+00           0.1819773         0.4739726        -0.0497818         0.0060326        -0.1361857
    106.000     0.85041D-01           0.1590331         0.4577147        -0.0530232         0.0017601        -0.1436390
    108.000     0.71339D-01           0.1404818         0.4549921        -0.0692689        -0.0025524        -0.1658294
    110.000     0.60769D-01           0.1257773         0.4684552        -0.0917632        -0.0059157        -0.1944054
    112.000     0.52624D-01           0.1142724         0.4984290        -0.1135031        -0.0077333        -0.2222957
    114.000     0.45914D-01           0.1044170         0.5327317        -0.1283101        -0.0084868        -0.2427422
    116.000     0.39928D-01           0.0949349         0.5593786        -0.1300251        -0.0090792        -0.2478550
    118.000     0.34552D-01           0.0857430         0.5748631        -0.1207535        -0.0101353        -0.2401209
    120.000     0.29626D-01           0.0766065         0.5733570        -0.1059606        -0.0123789        -0.2251842
    122.000     0.25240D-01           0.0678928         0.5582177        -0.0890541        -0.0158494        -0.2056985
    124.000     0.21561D-01           0.0602375         0.5433714        -0.0766654        -0.0195311        -0.1902883
    126.000     0.18355D-01           0.0531794         0.5288623        -0.0719642        -0.0231633        -0.1832910
    128.000     0.15576D-01           0.0467248         0.5179429        -0.0754925        -0.0270683        -0.1857973
    130.000     0.13327D-01           0.0413317         0.5267688        -0.0909893        -0.0313441        -0.2058822
    132.000     0.11484D-01           0.0367674         0.5473180        -0.1112610        -0.0371673        -0.2348156
    134.000     0.10072D-01           0.0332432         0.5637347        -0.1260288        -0.0448832        -0.2547862
    136.000     0.90886D-02           0.0308762         0.5744311        -0.1391303        -0.0523462        -0.2683260
    138.000     0.83159D-02           0.0290389         0.5715090        -0.1506818        -0.0571135        -0.2753119
    140.000     0.76886D-02           0.0275584         0.5617212        -0.1509769        -0.0564777        -0.2673674
    142.000     0.70710D-02           0.0259791         0.5628343        -0.1402689        -0.0509616        -0.2542621
    144.000     0.62710D-02           0.0235845         0.5672173        -0.1226953        -0.0452245        -0.2432784
    146.000     0.53678D-02           0.0206368         0.5773797        -0.0991605        -0.0441961        -0.2352352
    148.000     0.44342D-02           0.0174037         0.6094025        -0.0774652        -0.0558518        -0.2406031
    150.000     0.35894D-02           0.0143634         0.6365441        -0.0709409        -0.0891048        -0.2527491
    152.000     0.31292D-02           0.0127499         0.6176620        -0.0947196        -0.1335635        -0.2480856
    154.000     0.30643D-02           0.0126966         0.5565468        -0.1477787        -0.1582140        -0.2323655
    156.000     0.32332D-02           0.0136057         0.4728077        -0.1986868        -0.1466749        -0.2171433
    158.000     0.35625D-02           0.0152056         0.4201553        -0.2003547        -0.1052014        -0.2047403
    160.000     0.37921D-02           0.0163964         0.4232993        -0.1417532        -0.0621616        -0.2042615
    162.000     0.37323D-02           0.0163276         0.4451132        -0.0386269        -0.0408020        -0.2145935
    164.000     0.34390D-02           0.0152022         0.4738160         0.0950699        -0.0631209        -0.2319271
    166.000     0.29321D-02           0.0130810         0.5029947         0.2265271        -0.1654580        -0.2573485
    168.000     0.24414D-02           0.0109790         0.4667943         0.2293556        -0.3812989        -0.2725026
    170.000     0.23423D-02           0.0106045         0.3312817        -0.0677207        -0.6103096        -0.2332939
    172.000     0.26566D-02           0.0120936         0.1674804        -0.5473004        -0.6804751        -0.1515454
    174.000     0.32774D-02           0.0149834         0.0285972        -0.9776058        -0.5780256        -0.0775661
    176.000     0.40650D-02           0.0186409        -0.0258142        -1.2224893        -0.3878495        -0.0329813
    178.000     0.46194D-02           0.0212219        -0.0161863        -1.3236598        -0.1923866        -0.0089855
    180.000     0.47821D-02           0.0219827         0.0000000        -1.3523359         0.0000000         0.0000000


 *** WORKSPACE USED IN THIS COMPUTATION     13297  ***            34986703 MEMORIES NOT USED.

  End time: 17:46.37 (22-02-2024)

  Calculation time:     1 min 16 s
