
                      Start time: 17:47.07 (22-02-2024)

                         __________________________
                        |                          |
                        |    E M P I R E  - 3.2.3  |
                        |                          |
                        |        Malta             |
                        |                          |
                        | SVN empire    rev. 5094  |
                        |                          |
                        |__________________________|

  TITLE: Deuterons on 46Ti
  
 Following options/parameters have been used
 -------------------------------------------
  
 Main calculations output control set to  3
 Number of energy steps in the integration set to   80
 ENDF formatting disabled
 EMPIRE-specific level densities (J>>K aprox.) selected 
 Recoils are not calculated
 RIPL empirical fission barriers used for all nuclei
 Collective levels up to   4.7 MeV used in DWBA
 Maximum spin of retrieved DWBA collective levels J < 5
 CN decay and Direct cross sections added incoherently
 CN angular distribution assumed isotropic
 Traditional Hauser-Feschbach Tlj_{CC}(E)=Tlj_{GS}(E-Egs)
  
 Using RIPL split files
====== GDR options =====
 E1 strength function set to RIPL MLO1
 GDR parameters from RIPL/Exp.data+Plujko systematics
 Gamma-transition multipolarity set to    2
  
=============================================================
 Reaction p +  46Ti at incident energy  1.000D+00 MeV (LAB)
=============================================================

  RIPL GDR parameters used
  -----------------------------------------
  TARGET GDR DATA:
  -----------------------------------------
  GDR parameters from RIPL database
  -----------------------------------------
  Gamma transitions parameters of  22-Ti- 46

 Multip->  E1            E2            M1 
  Er1     19.59        17.59        11.44
  Wr1      7.63         5.56         4.00
  Sr1     68.91         1.13         1.00

  TE       1.00         1.00         1.00
  CE      0.010        0.100        0.100

  (1-TE)*Weiss. + TE*GiR (i=D,Q,M) D=E1; Q=E2; M=M1
  TE - mixing coeff. of s.p. Weisskopf & GiR, TE=1 pure resonance
  CE - s.p. Weisskopf scaling coefficient (default: 0.01,0.1,0.1)

  -----------------------------------------
  -----------------------------------------


  
  WARNING!!!! HRTW has been turned off 
  WARNING!!!! (It is not allowed for charged
  WARNING!!!! particle induced reactions)
  
 Primary gammas not stored: ENDF formatting is turned off
 Recoils are not calculated as ENDF formatting is turned off
  
            Use of direct and preequilibrium models 
            --------------------------------------- 
   Note: PCROSS includes break-up and transfer reactions
  
 Exit channel    ECIS    MSD    MSC    HMS   PCROSS
  
 neut. disc.       0      0      0      0      1
 neut. cont.       0      0      0      0      1
 prot. disc.       0      0      0      0      1
 prot. cont.       0      0      0      0      1
 gammas            0      0      0      0      1
 alpha cont.       0      0      0      0      1
 deut. cont.       0      0      0      0      1
 trit. cont.       0      0      0      0      1
 He-3  cont.       0      0      0      0      1
 LI    cont.       0      0      0      0      0
 alpha disc.       0      0      0      0      1
 deut. disc.       0      0      0      0      1
 trit. disc.       0      0      0      0      1
 He-3  disc.       0      0      0      0      1
  
 Static deformation of the target nucleus set to    0.0000 (RIPL default = FRDM)
 Nobre param. (PRC76(2007)024605) dyn. deform. is   0.3575


    L e v e l  d e n s i t y  p a r a m e t e r s  f i t
    ------------------------------------------------------
  
  
   Nucleus    a_exp     a_sys.   int. nor.  ext. nor. a_final
 11-Na- 24   1.92970   1.93027   0.99971   1.00000   1.92970
  SHC=  0.546999991      U=   10.0511217    
  DELTA=   4.89897966      Dobs=   100.000000    

 ========================
  
  
   Nucleus    a_exp     a_sys.   int. nor.  ext. nor. a_final
 12-Mg- 25   2.01260   2.16423   0.92994   1.00000   2.01260
  SHC=  -8.50000009E-02  U=   7.84205246    
  DELTA=   2.40000010      Dobs=   480.000000    

 ========================
  
  
   Nucleus    a_exp     a_sys.   int. nor.  ext. nor. a_final
 12-Mg- 26   2.37460   2.40821   0.98604   1.00000   2.37460
  SHC=  0.671000004      U=   9.01843929    
  DELTA=   0.00000000      Dobs=   50.0000000    

 ========================
  
  
   Nucleus    a_exp     a_sys.   int. nor.  ext. nor. a_final
 12-Mg- 27   2.73030   2.52509   1.08127   1.00000   2.73030
  SHC=  0.666999996      U=   6.68208122    
  DELTA=   2.30940104      Dobs=   210.000000    

 ========================
  
  
   Nucleus    a_exp     a_sys.   int. nor.  ext. nor. a_final
 13-Al- 28   2.06380   2.06275   1.00051   1.00000   2.06380
  SHC= -0.771000028      U=   10.7258863    
  DELTA=   4.53557348      Dobs=   55.0000000    

 ========================
  
  
   Nucleus    a_exp     a_sys.   int. nor.  ext. nor. a_final
 14-Si- 29   1.99790   1.91238   1.04472   1.00000   1.99790
  SHC=  -2.46700001      U=   9.53258610    
  DELTA=   2.22834396      Dobs=   332.000000    

 ========================
  
  
   Nucleus    a_exp     a_sys.   int. nor.  ext. nor. a_final
 14-Si- 30   2.03200   2.30638   0.88104   1.00000   2.03200
  SHC= -0.930000007      U=   9.00459385    
  DELTA=   0.00000000      Dobs=   193.000000    

 ========================
  
  
   Nucleus    a_exp     a_sys.   int. nor.  ext. nor. a_final
 14-Si- 31   2.69260   2.49660   1.07851   1.00000   2.69260
  SHC= -0.386000007      U=   7.00019741    
  DELTA=   2.15526366      Dobs=   225.000000    

 ========================
  
  
   Nucleus    a_exp     a_sys.   int. nor.  ext. nor. a_final
 15-P - 32   2.43420   2.42963   1.00188   1.00000   2.43420
  SHC=  -1.51999998      U=   10.6781979    
  DELTA=   4.24264050      Dobs=   50.0000000    

 ========================
  
  
   Nucleus    a_exp     a_sys.   int. nor.  ext. nor. a_final
 16-S - 33   2.36630   2.47274   0.95696   1.00000   2.36630
  SHC=  -1.16799998      U=   9.18973637    
  DELTA=   2.08893180      Dobs=   190.000000    

 ========================
  
  
   Nucleus    a_exp     a_sys.   int. nor.  ext. nor. a_final
 16-S - 34   2.81600   2.79095   1.00898   1.00000   2.81600
  SHC= -0.187999994      U=   9.63524437    
  DELTA=   0.00000000      Dobs=   21.0000000    

 ========================
  
  
   Nucleus    a_exp     a_sys.   int. nor.  ext. nor. a_final
 16-S - 35   3.18170   3.07417   1.03498   1.00000   3.18170
  SHC=  0.533999979      U=   7.06903744    
  DELTA=   2.02837014      Dobs=   110.000000    

 ========================
  
  
   Nucleus    a_exp     a_sys.   int. nor.  ext. nor. a_final
 17-Cl- 36   2.54890   2.64208   0.96473   1.00000   2.54890
  SHC= -0.483999997      U=   11.0167475    
  DELTA=   4.00000000      Dobs=   23.0000000    

 ========================
  
  
   Nucleus    a_exp     a_sys.   int. nor.  ext. nor. a_final
 17-Cl- 38   3.52900   3.40868   1.03530   1.00000   3.52900
  SHC=   1.91400003      U=   7.95381546    
  DELTA=   3.89331412      Dobs=   15.0000000    

 ========================
  
  
   Nucleus    a_exp     a_sys.   int. nor.  ext. nor. a_final
 18-Ar- 41   4.35200   4.34894   1.00070   1.00000   4.35200
  SHC=   4.09600019      U=   5.62030840    
  DELTA=   1.87408519      Dobs=   52.0000000    

 ========================
  
  
   Nucleus    a_exp     a_sys.   int. nor.  ext. nor. a_final
 19-K - 40   3.15370   3.02537   1.04242   1.00000   3.15370
  SHC=   1.27300000      U=   9.85938644    
  DELTA=   3.79473329      Dobs=   13.0000000    

 ========================
  
  
   Nucleus    a_exp     a_sys.   int. nor.  ext. nor. a_final
 19-K - 42   3.51520   3.66006   0.96042   1.00000   3.51520
  SHC=   3.22399998      U=   9.17693520    
  DELTA=   3.70328045      Dobs=   10.0000000    

 ========================
  
  
   Nucleus    a_exp     a_sys.   int. nor.  ext. nor. a_final
 20-Ca- 41   3.50450   3.54748   0.98789   1.00000   3.50450
  SHC=   1.02699995      U=   8.29132843    
  DELTA=   1.87408519      Dobs=   45.0000000    

 ========================
  
  
   Nucleus    a_exp     a_sys.   int. nor.  ext. nor. a_final
 20-Ca- 43   4.35610   4.37548   0.99557   1.00000   4.35610
  SHC=   3.03500009      U=   7.44469023    
  DELTA=   1.82998288      Dobs=   20.0000000    

 ========================
  
  
   Nucleus    a_exp     a_sys.   int. nor.  ext. nor. a_final
 20-Ca- 44   4.59820   4.42247   1.03974   1.00000   4.59820
  SHC=   3.13400006      U=   8.79800320    
  DELTA=   0.00000000      Dobs=   1.79999995    

 ========================
  
  
   Nucleus    a_exp     a_sys.   int. nor.  ext. nor. a_final
 20-Ca- 45   4.43940   4.57021   0.97138   1.00000   4.43940
  SHC=   2.93000007      U=   6.90940142    
  DELTA=   1.78885436      Dobs=   24.1000004    

 ========================
  
  
   Nucleus    a_exp     a_sys.   int. nor.  ext. nor. a_final
 21-Sc- 46   4.32350   4.32829   0.99889   1.00000   4.32350
  SHC=   2.41700006      U=   10.1039381    
  DELTA=   3.53860688      Dobs=   1.29999995    

 ========================
  
  
   Nucleus    a_exp     a_sys.   int. nor.  ext. nor. a_final
 22-Ti- 47   3.86960   4.26313   0.90769   1.00000   3.86960
  SHC=   1.73199999      U=   8.56476307    
  DELTA=   1.75037992      Dobs=   25.0000000    

 ========================

   Nucleus                   final  norm.

 23-V - 48                       1.01490
 23-V - 47                       1.01490
 23-V - 46                       1.01490
 23-V - 45                       1.01490
 23-V - 44                       1.01490
 23-V - 43                       1.01490
 23-V - 42                       1.01490
 22-Ti- 47                       0.90769
 22-Ti- 46                       1.05530
 22-Ti- 45                       1.05530
 22-Ti- 44                       1.05530
 22-Ti- 43                       1.05530
 22-Ti- 42                       1.05530
 22-Ti- 41                       1.05530
 21-Sc- 46                       0.99889
 21-Sc- 45                       1.05680
 21-Sc- 44                       1.05680
 21-Sc- 43                       1.05680
 21-Sc- 42                       1.05680
 21-Sc- 41                       1.05680
 21-Sc- 40                       1.05680
 20-Ca- 45                       0.97138
 20-Ca- 44                       1.03974
 20-Ca- 43                       0.99557
 20-Ca- 42                       1.05930
 20-Ca- 41                       0.98789
 20-Ca- 40                       1.05930
 20-Ca- 39                       1.05930
 21-Sc- 39                       1.05680
 21-Sc- 38                       1.05680
 20-Ca- 38                       1.05930
 20-Ca- 37                       1.05930
 19-K - 42                       0.96042
 19-K - 41                       0.91610
 19-K - 40                       1.04242
 19-K - 39                       0.91610
 19-K - 38                       0.91610
 19-K - 37                       0.91610
 19-K - 36                       0.91610
 18-Ar- 41                       1.00070
 18-Ar- 40                       0.98680
 18-Ar- 39                       0.98680
 18-Ar- 38                       0.98680
 18-Ar- 37                       0.98680
 18-Ar- 36                       0.98680
 18-Ar- 35                       0.98680
 19-K - 35                       0.91610
 19-K - 34                       0.91610
 18-Ar- 34                       0.98680
 18-Ar- 33                       0.98680
 17-Cl- 38                       1.03530
 17-Cl- 37                       1.01880
 17-Cl- 36                       0.96473
 17-Cl- 35                       1.01880
 17-Cl- 34                       1.01880
 17-Cl- 33                       1.01880
 17-Cl- 32                       1.01880
 16-S - 37                       1.11480
 16-S - 36                       1.11480
 16-S - 35                       1.03498
 16-S - 34                       1.00898
 16-S - 33                       0.95696
 16-S - 32                       1.11480
 16-S - 31                       1.11480
 22-Ti- 40                       1.05530
 19-K - 43                       0.91610
 20-Ca- 36                       1.05930
 17-Cl- 39                       1.01880
 18-Ar- 32                       0.98680
 17-Cl- 31                       1.01880
 16-S - 30                       1.11480
 15-P - 35                       1.15420
 15-P - 34                       1.15420
 15-P - 33                       1.15420
 15-P - 32                       1.00188
 15-P - 31                       1.15420
 15-P - 30                       1.15420
 15-P - 29                       1.15420
 17-Cl- 30                       1.01880
 16-S - 29                       1.11480
 15-P - 28                       1.15420
 14-Si- 33                       1.12050
 14-Si- 32                       1.12050
 14-Si- 31                       1.07851
 14-Si- 30                       0.88104
 14-Si- 29                       1.04472
 14-Si- 28                       1.12050
 14-Si- 27                       1.12050
 22-Ti- 39                       1.05530
 20-Ca- 35                       1.05930
 18-Ar- 31                       0.98680
 21-Sc- 37                       1.05680
 19-K - 33                       0.91610
 17-Cl- 29                       1.01880
 16-S - 28                       1.11480
 15-P - 27                       1.15420
 14-Si- 26                       1.12050
 16-S - 27                       1.11480
 15-P - 26                       1.15420
 14-Si- 25                       1.12050
 13-Al- 30                       1.04970
 13-Al- 29                       1.04970
 13-Al- 28                       1.00051
 13-Al- 27                       1.04970
 13-Al- 26                       1.04970
 13-Al- 25                       1.04970
 13-Al- 24                       1.04970
 18-Ar- 42                       0.98680
 16-S - 38                       1.11480
 14-Si- 34                       1.12050
 17-Cl- 40                       1.01880
 15-P - 36                       1.15420
 13-Al- 32                       1.04970
 13-Al- 31                       1.04970
 12-Mg- 30                       1.16690
 12-Mg- 29                       1.16690
 12-Mg- 28                       1.16690
 12-Mg- 27                       1.08127
 12-Mg- 26                       0.98604
 12-Mg- 25                       0.92994
 12-Mg- 24                       1.16690
 12-Mg- 23                       1.16690
 14-Si- 24                       1.12050
 13-Al- 23                       1.04970
 12-Mg- 22                       1.16690
 11-Na- 27                       1.02700
 11-Na- 26                       1.02700
 11-Na- 25                       1.02700
 11-Na- 24                       0.99971
 11-Na- 23                       1.02700
 11-Na- 22                       1.02700
 11-Na- 21                       1.02700
 23-V - 41                       1.01490
 19-K - 44                       0.91610
 22-Ti- 38                       1.05530
 21-Sc- 36                       1.05680
 20-Ca- 34                       1.05930
 19-K - 32                       0.91610
 18-Ar- 30                       0.98680
 17-Cl- 28                       1.01880
 15-P - 25                       1.15420
 16-S - 26                       1.11480
 14-Si- 23                       1.12050
 15-P - 24                       1.15420
 13-Al- 22                       1.04970
 12-Mg- 21                       1.16690
 11-Na- 20                       1.02700
 17-Cl- 41                       1.01880
 16-S - 39                       1.11480
 15-P - 37                       1.15420
 14-Si- 35                       1.12050
 13-Al- 33                       1.04970
 12-Mg- 31                       1.16690
 11-Na- 28                       1.02700
 11-Na- 29                       1.02700
 10-Ne- 26                       1.00000
 10-Ne- 27                       1.00000
 10-Ne- 25                       1.00000
 10-Ne- 24                       1.00000
 10-Ne- 23                       1.00000
 10-Ne- 22                       1.00000
 10-Ne- 21                       1.00000
 10-Ne- 20                       1.00000
 10-Ne- 19                       1.00000
 12-Mg- 20                       1.16690
 13-Al- 21                       1.04970
 11-Na- 19                       1.02700
 10-Ne- 18                       1.00000
  9-F - 23                       1.00000
  9-F - 24                       1.00000
  9-F - 22                       1.00000
  9-F - 21                       1.00000
  9-F - 20                       1.00000
  9-F - 19                       1.00000
  9-F - 18                       1.00000
  9-F - 17                       1.00000

  *****************************************************
  *  Table of Reaction Q-values (Mass inc - Mass out) *
  *     for the first emitted particle from the CN    *
  *                                                   *
  *                    Q(at.mass)  Q(nucl.mass)       *
  *                      [MeV]        [MeV]           *
  *                   --------------------------      *
  *          neutron :   2.9429       2.9434          *
  *          proton  :   6.6538       6.6538          *
  *          alpha   :   4.4025       4.4019          *
  *          deuteron:   0.0000       0.0000          *
  *          triton  :  -6.9321      -6.9321          *
  *          He-3    :  -4.8509      -4.8515          *
  *                                                   *
  *****************************************************

  
 -----------------
 Reaction d +  46Ti
 Projectile energy    20.000 MeV (LAB)
 Compound nucleus energy    32.646 MeV
 Projectile separation energy  13.486 MeV
 Number of requested energy points =  80   NDEX = 101
  WARNING: NDEX in dimension.h is  101  recommended value is  160
 Energy step in calculations  413.2 keV
  
  Fitting l.d. to discrete levels
          33  levels at    2.2892999999999999       MeV

 *****   A=          48  Z=          23  Bn=   10.5424299      LDshif=   0.00000000    
Ucrt =   5.3805     Ecrt=  2.7204     Econd =   1.7271     DEL =   3.4641    
It #   1    -0.80397     Final shift = -0.80397    


 *****   A=          48  Z=          23  Bn=   10.5424299      LDshif=   0.00000000    
Ucrt =   5.3805     Ecrt=  2.8248     Econd =   1.7271     DEL =   3.4641    
It #   2    -0.10448     Final shift = -0.90845    


 *****   A=          48  Z=          23  Bn=   10.5424299      LDshif=   0.00000000    
Ucrt =   5.3805     Ecrt=  2.8327     Econd =   1.7271     DEL =   3.4641    
It #   3    -0.78342E-02 Final shift = -0.91628    

  WARNING:
  WARNING: Element = 42Ti  Z= 22
  WARNING: excited state No.   6 has neither parity nor spin 
  WARNING: assuming spin and parity  0.0  1
  WARNING:
  WARNING: Element = 42Ti  Z= 22
  WARNING: excited state No.   7 has neither parity nor spin 
  WARNING: assuming spin and parity  0.0  1
  WARNING:
  WARNING: Element = 42Ti  Z= 22
  WARNING: excited state No.   9 has neither parity nor spin 
  WARNING: assuming spin and parity  0.0  1
  WARNING:
  WARNING: Element = 42Ti  Z= 22
  WARNING: excited state No.  10 has neither parity nor spin 
  WARNING: assuming spin and parity  0.0  1
  WARNING:
  WARNING: Element = 42Ti  Z= 22
  WARNING: excited state No.  11 has neither parity nor spin 
  WARNING: assuming spin and parity  0.0  1
  WARNING:
  WARNING: Element = 42Ti  Z= 22
  WARNING: excited state No.  13 has neither parity nor spin 
  WARNING: assuming spin and parity  0.0  1
  WARNING:
  WARNING: Element = 42Ti  Z= 22
  WARNING: excited state No.  14 has neither parity nor spin 
  WARNING: assuming spin and parity  0.0  1
  WARNING:
  WARNING: Element = 42Ti  Z= 22
  WARNING: excited state No.  16 has neither parity nor spin 
  WARNING: assuming spin and parity  0.0  1
  WARNING:
  WARNING: Element = 40Sc  Z= 21
  WARNING: excited state No.   5 has neither parity nor spin 
  WARNING: assuming spin and parity  0.0  1
  WARNING:
  WARNING: Element = 40Sc  Z= 21
  WARNING: excited state No.   6 has neither parity nor spin 
  WARNING: assuming spin and parity  0.0  1
  WARNING:
  WARNING: Element = 40Sc  Z= 21
  WARNING: excited state No.   8 has neither parity nor spin 
  WARNING: assuming spin and parity  0.0  1
  WARNING:
  WARNING: Element = 40Sc  Z= 21
  WARNING: excited state No.   9 has neither parity nor spin 
  WARNING: assuming spin and parity  0.0  1
  WARNING:
  WARNING: Element = 36K   Z= 19
  WARNING: excited state No.   9 has neither parity nor spin 
  WARNING: assuming spin and parity  0.0  1
  WARNING:
  WARNING: Element = 36K   Z= 19
  WARNING: excited state No.  10 has neither parity nor spin 
  WARNING: assuming spin and parity  0.0  1
  WARNING:
  WARNING: Element = 36K   Z= 19
  WARNING: excited state No.  11 has neither parity nor spin 
  WARNING: assuming spin and parity  0.0  1
  WARNING:
  WARNING: Element = 34Ar  Z= 18
  WARNING: excited state No.   5 has neither parity nor spin 
  WARNING: assuming spin and parity  0.0  1
  WARNING:
  WARNING: Element = 34Ar  Z= 18
  WARNING: excited state No.   6 has neither parity nor spin 
  WARNING: assuming spin and parity  0.0  1
  WARNING:
  WARNING: Element = 34Ar  Z= 18
  WARNING: excited state No.   8 has neither parity nor spin 
  WARNING: assuming spin and parity  0.0  1
  WARNING:
  WARNING: Element = 34Ar  Z= 18
  WARNING: excited state No.   9 has neither parity nor spin 
  WARNING: assuming spin and parity  0.0  1
  WARNING: Element = 31Si  Z= 14
  WARNING: Excited state  38 is above neutron binding energy  6.587 MeV
  WARNING: Total # of levels set to  37
  WARNING:
  WARNING: Element = 26Si  Z= 14
  WARNING: excited state No.   5 has neither parity nor spin 
  WARNING: assuming spin and parity  0.0  1
  WARNING:
  WARNING: Element = 26Si  Z= 14
  WARNING: excited state No.   6 has neither parity nor spin 
  WARNING: assuming spin and parity  0.0  1
  WARNING:
  WARNING: Element = 26Si  Z= 14
  WARNING: excited state No.   7 has neither parity nor spin 
  WARNING: assuming spin and parity  0.0  1
  WARNING:
  WARNING: Element = 26Si  Z= 14
  WARNING: excited state No.   9 has neither parity nor spin 
  WARNING: assuming spin and parity  0.0  1
  WARNING:
  WARNING: Element = 26Si  Z= 14
  WARNING: excited state No.  10 has neither parity nor spin 
  WARNING: assuming spin and parity  0.0  1
  WARNING: Element = 36Sc  Z= 21
  WARNING: ground-state has no assigned spin/parity 
  WARNING: assuming a default 
  WARNING:
  WARNING: Element = 26Na  Z= 11
  WARNING: excited state No.   4 has neither parity nor spin 
  WARNING: assuming spin and parity  0.0  1
  WARNING:
  WARNING: Element = 26Na  Z= 11
  WARNING: excited state No.   5 has neither parity nor spin 
  WARNING: assuming spin and parity  0.0  1
  WARNING:
  WARNING: Element = 26Na  Z= 11
  WARNING: excited state No.   6 has neither parity nor spin 
  WARNING: assuming spin and parity  0.0  1
  WARNING:
  WARNING: Element = 26Na  Z= 11
  WARNING: excited state No.   7 has neither parity nor spin 
  WARNING: assuming spin and parity  0.0  1
  WARNING:
  WARNING: Element = 26Na  Z= 11
  WARNING: excited state No.   8 has neither parity nor spin 
  WARNING: assuming spin and parity  0.0  1
  WARNING:
  WARNING: Element = 26Na  Z= 11
  WARNING: excited state No.   9 has neither parity nor spin 
  WARNING: assuming spin and parity  0.0  1
  WARNING:
  WARNING: Element = 26Na  Z= 11
  WARNING: excited state No.  10 has neither parity nor spin 
  WARNING: assuming spin and parity  0.0  1
  WARNING:
  WARNING: Element = 26Na  Z= 11
  WARNING: excited state No.  11 has neither parity nor spin 
  WARNING: assuming spin and parity  0.0  1
  WARNING:
  WARNING: Element = 26Na  Z= 11
  WARNING: excited state No.  12 has neither parity nor spin 
  WARNING: assuming spin and parity  0.0  1
  WARNING:
  WARNING: Element = 26Na  Z= 11
  WARNING: excited state No.  13 has neither parity nor spin 
  WARNING: assuming spin and parity  0.0  1
  WARNING:
  WARNING: Element = 26Na  Z= 11
  WARNING: excited state No.  14 has neither parity nor spin 
  WARNING: assuming spin and parity  0.0  1
  WARNING:
  WARNING: Element = 26Na  Z= 11
  WARNING: excited state No.  15 has neither parity nor spin 
  WARNING: assuming spin and parity  0.0  1
  WARNING:
  WARNING: Element = 26Na  Z= 11
  WARNING: excited state No.  16 has neither parity nor spin 
  WARNING: assuming spin and parity  0.0  1
  WARNING:
  WARNING: Element = 26Na  Z= 11
  WARNING: excited state No.  17 has neither parity nor spin 
  WARNING: assuming spin and parity  0.0  1
  WARNING: Element = 23Ne  Z= 10
  WARNING: Excited state  22 is above neutron binding energy  5.201 MeV
  WARNING: Total # of levels set to  21
  WARNING: Element = 21Ne  Z= 10
  WARNING: Excited state  34 is above neutron binding energy  6.761 MeV
  WARNING: Total # of levels set to  33
  WARNING: Element = 24F   Z=  9
  WARNING: ground-state has no assigned spin/parity 
  WARNING: assuming a default 
  WARNING:
  WARNING: Element = 22F   Z=  9
  WARNING: excited state No.   2 has neither parity nor spin 
  WARNING: assuming spin and parity  0.0  1
  
  Fitting l.d. to discrete levels
          23  levels at    2.8100399999999999       MeV

 *****   A=          47  Z=          23  Bn=   13.0014296      LDshif=   0.00000000    
Ucrt =   5.7789     Ecrt=  4.1005     Econd =   1.8550     DEL =   1.7504    
It #   1    -0.71982E-01 Final shift = -0.71982E-01


 *****   A=          47  Z=          23  Bn=   13.0014296      LDshif=   0.00000000    
Ucrt =   5.7789     Ecrt=  4.1031     Econd =   1.8550     DEL =   1.7504    
It #   2    -0.25376E-02 Final shift = -0.74520E-01

  
  Fitting l.d. to discrete levels
          21  levels at    2.0625000000000000       MeV

 *****   A=          46  Z=          23  Bn=   13.2714300      LDshif=   0.00000000    
Ucrt =   5.2776     Ecrt=  2.6235     Econd =   1.6941     DEL =   3.5386    
It #   1    -0.88453     Final shift = -0.88453    


 *****   A=          46  Z=          23  Bn=   13.2714300      LDshif=   0.00000000    
Ucrt =   5.2776     Ecrt=  2.8031     Econd =   1.6941     DEL =   3.5386    
It #   2    -0.17959     Final shift =  -1.0641    


 *****   A=          46  Z=          23  Bn=   13.2714300      LDshif=   0.00000000    
Ucrt =   5.2776     Ecrt=  2.8239     Econd =   1.6941     DEL =   3.5386    
It #   3    -0.20819E-01 Final shift =  -1.0849    


 *****   A=          46  Z=          23  Bn=   13.2714300      LDshif=   0.00000000    
Ucrt =   5.2776     Ecrt=  2.8261     Econd =   1.6941     DEL =   3.5386    
It #   4    -0.21888E-02 Final shift =  -1.0871    

  
  Fitting l.d. to discrete levels
          40  levels at    3.0514999999999999       MeV

 *****   A=          47  Z=          22  Bn=   8.87843037      LDshif=   0.00000000    
Ucrt =   5.8669     Ecrt=  3.9337     Econd =   1.8833     DEL =   1.7504    
It #   1     0.18285     Final shift =  0.18285    


 *****   A=          47  Z=          22  Bn=   8.87843037      LDshif=   0.00000000    
Ucrt =   5.8669     Ecrt=  3.9292     Econd =   1.8833     DEL =   1.7504    
It #   2     0.45301E-02 Final shift =  0.18738    

  
  Fitting l.d. to discrete levels
          40  levels at    4.1914999999999996       MeV

 *****   A=          46  Z=          22  Bn=   13.1894302      LDshif=   0.00000000    
Ucrt =   6.3754     Ecrt=  5.5670     Econd =   2.0465     DEL =   0.0000    
It #   1     0.80837     Final shift =  0.80837    


 *****   A=          46  Z=          22  Bn=   13.1894302      LDshif=   0.00000000    
Ucrt =   6.3754     Ecrt=  5.5638     Econd =   2.0465     DEL =   0.0000    
It #   2     0.32054E-02 Final shift =  0.81158    

  
  Fitting l.d. to discrete levels
          29  levels at    3.2000000000000002       MeV

 *****   A=          45  Z=          22  Bn=   9.53042984      LDshif=   0.00000000    
Ucrt =   6.5081     Ecrt=  4.8944     Econd =   2.0891     DEL =   1.7889    
It #   1    -0.17520     Final shift = -0.17520    


 *****   A=          45  Z=          22  Bn=   9.53042984      LDshif=   0.00000000    
Ucrt =   6.5081     Ecrt=  4.8986     Econd =   2.0891     DEL =   1.7889    
It #   2    -0.42190E-02 Final shift = -0.17942    

  
  Fitting l.d. to discrete levels
          17  levels at    4.2270000000000003       MeV

 *****   A=          44  Z=          22  Bn=   16.2994308      LDshif=   0.00000000    
Ucrt =   5.9502     Ecrt=  5.8148     Econd =   1.9100     DEL =   0.0000    
It #   1     0.13539     Final shift =  0.13539    


 *****   A=          44  Z=          22  Bn=   16.2994308      LDshif=   0.00000000    
Ucrt =   5.9502     Ecrt=  5.8136     Econd =   1.9100     DEL =   0.0000    
It #   2     0.12122E-02 Final shift =  0.13660    

  
  Fitting l.d. to discrete levels
          40  levels at    2.0434500000000000       MeV

 *****   A=          46  Z=          21  Bn=   8.76142979      LDshif=   0.00000000    
Ucrt =   6.8331     Ecrt=  3.7573     Econd =   2.1934     DEL =   3.5386    
It #   1    -0.46278     Final shift = -0.46278    


 *****   A=          46  Z=          21  Bn=   8.76142979      LDshif=   0.00000000    
Ucrt =   6.8331     Ecrt=  3.8203     Econd =   2.1934     DEL =   3.5386    
It #   2    -0.63061E-01 Final shift = -0.52584    


 *****   A=          46  Z=          21  Bn=   8.76142979      LDshif=   0.00000000    
Ucrt =   6.8331     Ecrt=  3.8267     Econd =   2.1934     DEL =   3.5386    
It #   3    -0.63914E-02 Final shift = -0.53223    

  
  Fitting l.d. to discrete levels
          40  levels at    2.5632000000000001       MeV

 *****   A=          45  Z=          21  Bn=   11.3244305      LDshif=   0.00000000    
Ucrt =   7.1997     Ecrt=  4.6953     Econd =   2.3111     DEL =   1.7889    
It #   1     0.71555     Final shift =  0.71555    


 *****   A=          45  Z=          21  Bn=   11.3244305      LDshif=   0.00000000    
Ucrt =   7.1997     Ecrt=  4.6726     Econd =   2.3111     DEL =   1.7889    
It #   2     0.22640E-01 Final shift =  0.73819    


 *****   A=          45  Z=          21  Bn=   11.3244305      LDshif=   0.00000000    
Ucrt =   7.1997     Ecrt=  4.6715     Econd =   2.3111     DEL =   1.7889    
It #   3     0.10938E-02 Final shift =  0.73928    

  
  Fitting l.d. to discrete levels
          40  levels at    1.9030000000000000       MeV

 *****   A=          44  Z=          21  Bn=   9.69943047      LDshif=   0.00000000    
Ucrt =   6.7607     Ecrt=  3.3715     Econd =   2.1701     DEL =   3.6181    
It #   1    -0.22901     Final shift = -0.22901    


 *****   A=          44  Z=          21  Bn=   9.69943047      LDshif=   0.00000000    
Ucrt =   6.7607     Ecrt=  3.4063     Econd =   2.1701     DEL =   3.6181    
It #   2    -0.34726E-01 Final shift = -0.26373    


 *****   A=          44  Z=          21  Bn=   9.69943047      LDshif=   0.00000000    
Ucrt =   6.7607     Ecrt=  3.4109     Econd =   2.1701     DEL =   3.6181    
It #   3    -0.45932E-02 Final shift = -0.26833    

  
  Fitting l.d. to discrete levels
          40  levels at    2.9874000000000001       MeV

 *****   A=          43  Z=          21  Bn=   12.1384296      LDshif=   0.00000000    
Ucrt =   6.8393     Ecrt=  4.5669     Econd =   2.1954     DEL =   1.8300    
It #   1     0.44242     Final shift =  0.44242    


 *****   A=          43  Z=          21  Bn=   12.1384296      LDshif=   0.00000000    
Ucrt =   6.8393     Ecrt=  4.5553     Econd =   2.1954     DEL =   1.8300    
It #   2     0.11641E-01 Final shift =  0.45406    


 *****   A=          43  Z=          21  Bn=   12.1384296      LDshif=   0.00000000    
Ucrt =   6.8393     Ecrt=  4.5549     Econd =   2.1954     DEL =   1.8300    
It #   3     0.38857E-03 Final shift =  0.45445    

  
  Fitting l.d. to discrete levels
          40  levels at    3.2420000000000000       MeV

 *****   A=          42  Z=          21  Bn=   11.5504303      LDshif=   0.00000000    
Ucrt =   5.8896     Ecrt=  3.5739     Econd =   1.8905     DEL =   3.7033    
It #   1     -1.3875     Final shift =  -1.3875    


 *****   A=          42  Z=          21  Bn=   11.5504303      LDshif=   0.00000000    
Ucrt =   5.8896     Ecrt=  3.6887     Econd =   1.8905     DEL =   3.7033    
It #   2    -0.11482     Final shift =  -1.5024    


 *****   A=          42  Z=          21  Bn=   11.5504303      LDshif=   0.00000000    
Ucrt =   5.8896     Ecrt=  3.6924     Econd =   1.8905     DEL =   3.7033    
It #   3    -0.36265E-02 Final shift =  -1.5060    

  
  Fitting l.d. to discrete levels
          25  levels at    3.0350000000000001       MeV

 *****   A=          45  Z=          20  Bn=   7.41543007      LDshif=   0.00000000    
Ucrt =   6.9585     Ecrt=  5.3322     Econd =   2.2336     DEL =   1.7889    
It #   1    -0.16258     Final shift = -0.16258    


 *****   A=          45  Z=          20  Bn=   7.41543007      LDshif=   0.00000000    
Ucrt =   6.9585     Ecrt=  5.3365     Econd =   2.2336     DEL =   1.7889    
It #   2    -0.43252E-02 Final shift = -0.16690    

  
  Fitting l.d. to discrete levels
          40  levels at    4.8044000000000002       MeV

 *****   A=          44  Z=          20  Bn=   11.1324301      LDshif=   0.00000000    
Ucrt =   7.5329     Ecrt=  7.2438     Econd =   2.4180     DEL =   0.0000    
It #   1     0.28900     Final shift =  0.28900    


 *****   A=          44  Z=          20  Bn=   11.1324301      LDshif=   0.00000000    
Ucrt =   7.5329     Ecrt=  7.2429     Econd =   2.4180     DEL =   0.0000    
It #   2     0.90620E-03 Final shift =  0.28991    

  
  Fitting l.d. to discrete levels
          40  levels at    3.3713000000000002       MeV

 *****   A=          43  Z=          20  Bn=   7.93242979      LDshif=   0.00000000    
Ucrt =   7.1927     Ecrt=  5.3281     Econd =   2.3088     DEL =   1.8300    
It #   1     0.34679E-01 Final shift =  0.34679E-01


 *****   A=          43  Z=          20  Bn=   7.93242979      LDshif=   0.00000000    
Ucrt =   7.1927     Ecrt=  5.3274     Econd =   2.3088     DEL =   1.8300    
It #   2     0.68565E-03 Final shift =  0.35364E-01

  
  Fitting l.d. to discrete levels
          40  levels at    5.1580000000000004       MeV

 *****   A=          42  Z=          20  Bn=   11.4814301      LDshif=   0.00000000    
Ucrt =   6.8444     Ecrt=  6.6872     Econd =   2.1970     DEL =   0.0000    
It #   1     0.15725     Final shift =  0.15725    


 *****   A=          42  Z=          20  Bn=   11.4814301      LDshif=   0.00000000    
Ucrt =   6.8444     Ecrt=  6.6867     Econd =   2.1970     DEL =   0.0000    
It #   2     0.48408E-03 Final shift =  0.15774    

  
  Fitting l.d. to discrete levels
          40  levels at    4.6031000000000004       MeV

 *****   A=          41  Z=          20  Bn=   8.36242962      LDshif=   0.00000000    
Ucrt =   5.9905     Ecrt=  5.0738     Econd =   1.9229     DEL =   1.8741    
It #   1    -0.95739     Final shift = -0.95739    


 *****   A=          41  Z=          20  Bn=   8.36242962      LDshif=   0.00000000    
Ucrt =   5.9905     Ecrt=  5.0854     Econd =   1.9229     DEL =   1.8741    
It #   2    -0.11599E-01 Final shift = -0.96899    


 *****   A=          41  Z=          20  Bn=   8.36242962      LDshif=   0.00000000    
Ucrt =   5.9905     Ecrt=  5.0855     Econd =   1.9229     DEL =   1.8741    
It #   3    -0.11925E-03 Final shift = -0.96911    

  
  Fitting l.d. to discrete levels
          40  levels at    2.2040299999999999       MeV

 *****   A=          42  Z=          19  Bn=   7.53343010      LDshif=   0.00000000    
Ucrt =   6.1838     Ecrt=  2.8671     Econd =   1.9850     DEL =   3.7033    
It #   1    -0.38650     Final shift = -0.38650    


 *****   A=          42  Z=          19  Bn=   7.53343010      LDshif=   0.00000000    
Ucrt =   6.1838     Ecrt=  2.9213     Econd =   1.9850     DEL =   3.7033    
It #   2    -0.54203E-01 Final shift = -0.44071    


 *****   A=          42  Z=          19  Bn=   7.53343010      LDshif=   0.00000000    
Ucrt =   6.1838     Ecrt=  2.9274     Econd =   1.9850     DEL =   3.7033    
It #   3    -0.61408E-02 Final shift = -0.44685    

  
  Fitting l.d. to discrete levels
          40  levels at    3.5344500000000001       MeV

 *****   A=          41  Z=          19  Bn=   10.0954304      LDshif=   0.00000000    
Ucrt =   6.3501     Ecrt=  4.3939     Econd =   2.0383     DEL =   1.8741    
It #   1     0.82130E-01 Final shift =  0.82130E-01


 *****   A=          41  Z=          19  Bn=   10.0954304      LDshif=   0.00000000    
Ucrt =   6.3501     Ecrt=  4.3921     Econd =   2.0383     DEL =   1.8741    
It #   2     0.17766E-02 Final shift =  0.83907E-01

  
  Fitting l.d. to discrete levels
          40  levels at    3.4480000000000000       MeV

 *****   A=          40  Z=          19  Bn=   7.79942989      LDshif=   0.00000000    
Ucrt =   5.6271     Ecrt=  3.2839     Econd =   1.8063     DEL =   3.7947    
It #   1     -1.4515     Final shift =  -1.4515    


 *****   A=          40  Z=          19  Bn=   7.79942989      LDshif=   0.00000000    
Ucrt =   5.6271     Ecrt=  3.4082     Econd =   1.8063     DEL =   3.7947    
It #   2    -0.12437     Final shift =  -1.5759    


 *****   A=          40  Z=          19  Bn=   7.79942989      LDshif=   0.00000000    
Ucrt =   5.6271     Ecrt=  3.4123     Econd =   1.8063     DEL =   3.7947    
It #   3    -0.40500E-02 Final shift =  -1.5799    

  
  Fitting l.d. to discrete levels
          40  levels at    5.8990000000000000       MeV

 *****   A=          39  Z=          19  Bn=   13.0764303      LDshif=   0.00000000    
Ucrt =   4.5764     Ecrt=  4.2617     Econd =   1.4690     DEL =   1.9215    
It #   1     -1.6068     Final shift =  -1.6068    


 *****   A=          39  Z=          19  Bn=   13.0764303      LDshif=   0.00000000    
Ucrt =   4.5764     Ecrt=  4.2887     Econd =   1.4690     DEL =   1.9215    
It #   2    -0.27021E-01 Final shift =  -1.6339    


 *****   A=          39  Z=          19  Bn=   13.0764303      LDshif=   0.00000000    
Ucrt =   4.5764     Ecrt=  4.2892     Econd =   1.4690     DEL =   1.9215    
It #   3    -0.49028E-03 Final shift =  -1.6344    

  
  Fitting l.d. to discrete levels
          35  levels at    4.1130000000000004       MeV

 *****   A=          39  Z=          18  Bn=   6.59843016      LDshif=   0.00000000    
Ucrt =   6.4754     Ecrt=  4.9987     Econd =   2.0786     DEL =   1.9215    
It #   1    -0.44485     Final shift = -0.44485    


 *****   A=          39  Z=          18  Bn=   6.59843016      LDshif=   0.00000000    
Ucrt =   6.4754     Ecrt=  5.0049     Econd =   2.0786     DEL =   1.9215    
It #   2    -0.62368E-02 Final shift = -0.45108    

  
  Fitting l.d. to discrete levels
          40  levels at    6.7727000000000004       MeV

 *****   A=          38  Z=          18  Bn=   11.8384304      LDshif=   0.00000000    
Ucrt =   5.5574     Ecrt=  6.4439     Econd =   1.7839     DEL =   0.0000    
It #   1    -0.88649     Final shift = -0.88649    


 *****   A=          38  Z=          18  Bn=   11.8384304      LDshif=   0.00000000    
Ucrt =   5.5574     Ecrt=  6.4439     Econd =   1.7839     DEL =   0.0000    
It #   2    -0.78656E-05 Final shift = -0.88650    

  
  Fitting l.d. to discrete levels
          39  levels at    4.4100640000000002       MeV

 *****   A=          36  Z=          17  Bn=   8.57942963      LDshif=   0.00000000    
Ucrt =   4.6954     Ecrt=  2.3017     Econd =   1.5072     DEL =   4.0000    
It #   1     -1.6064     Final shift =  -1.6064    


 *****   A=          36  Z=          17  Bn=   8.57942963      LDshif=   0.00000000    
Ucrt =   4.6954     Ecrt=  2.4968     Econd =   1.5072     DEL =   4.0000    
It #   2    -0.19501     Final shift =  -1.8014    


 *****   A=          36  Z=          17  Bn=   8.57942963      LDshif=   0.00000000    
Ucrt =   4.6954     Ecrt=  2.5069     Econd =   1.5072     DEL =   4.0000    
It #   3    -0.10169E-01 Final shift =  -1.8116    


 *****   A=          36  Z=          17  Bn=   8.57942963      LDshif=   0.00000000    
Ucrt =   4.6954     Ecrt=  2.5075     Econd =   1.5072     DEL =   4.0000    
It #   4    -0.59078E-03 Final shift =  -1.8122    

  
  Fitting l.d. to discrete levels
          38  levels at    5.8230000000000004       MeV

 *****   A=          35  Z=          17  Bn=   12.6444302      LDshif=   0.00000000    
Ucrt =   4.6844     Ecrt=  3.8297     Econd =   1.5037     DEL =   2.0284    
It #   1     -1.1737     Final shift =  -1.1737    


 *****   A=          35  Z=          17  Bn=   12.6444302      LDshif=   0.00000000    
Ucrt =   4.6844     Ecrt=  3.8522     Econd =   1.5037     DEL =   2.0284    
It #   2    -0.22473E-01 Final shift =  -1.1962    


 *****   A=          35  Z=          17  Bn=   12.6444302      LDshif=   0.00000000    
Ucrt =   4.6844     Ecrt=  3.8527     Econd =   1.5037     DEL =   2.0284    
It #   3    -0.52724E-03 Final shift =  -1.1967    

  
  Fitting l.d. to discrete levels
          33  levels at    5.5499999999999998       MeV

 *****   A=          35  Z=          16  Bn=   6.98542976      LDshif=   0.00000000    
Ucrt =   6.2682     Ecrt=  5.7886     Econd =   2.0121     DEL =   2.0284    
It #   1     -1.5488     Final shift =  -1.5488    


 *****   A=          35  Z=          16  Bn=   6.98542976      LDshif=   0.00000000    
Ucrt =   6.2682     Ecrt=  5.8057     Econd =   2.0121     DEL =   2.0284    
It #   2    -0.17115E-01 Final shift =  -1.5659    


 *****   A=          35  Z=          16  Bn=   6.98542976      LDshif=   0.00000000    
Ucrt =   6.2682     Ecrt=  5.8061     Econd =   2.0121     DEL =   2.0284    
It #   3    -0.33586E-03 Final shift =  -1.5662    

  
  Fitting l.d. to discrete levels
          33  levels at    4.3125000000000000       MeV

 *****   A=          32  Z=          15  Bn=   7.93543005      LDshif=   0.00000000    
Ucrt =   4.6869     Ecrt=  1.7801     Econd =   1.5045     DEL =   4.2426    
It #   1     -1.3358     Final shift =  -1.3358    


 *****   A=          32  Z=          15  Bn=   7.93543005      LDshif=   0.00000000    
Ucrt =   4.6869     Ecrt=  1.9522     Econd =   1.5045     DEL =   4.2426    
It #   2    -0.17219     Final shift =  -1.5080    


 *****   A=          32  Z=          15  Bn=   7.93543005      LDshif=   0.00000000    
Ucrt =   4.6869     Ecrt=  1.9642     Econd =   1.5045     DEL =   4.2426    
It #   3    -0.11971E-01 Final shift =  -1.5200    


 *****   A=          32  Z=          15  Bn=   7.93543005      LDshif=   0.00000000    
Ucrt =   4.6869     Ecrt=  1.9650     Econd =   1.5045     DEL =   4.2426    
It #   4    -0.81727E-03 Final shift =  -1.5208    

  
  
 Total number of nuclei considered :         176

