
  End time: 17:48.24 (22-02-2024)

  Calculation time:     1 min 11 s
1                    E. C. I. S. CODE FOR COUPLED CHANNELS CALCULATIONS ( 2006 ) WORKING FIELD LENGTH =  35000000

                        TO OBTAIN THE INPUT DESCRIPTION, PUNCH 'DESCRIPTION ' IN COLUMNS 1-12 OF THE FIRST CARD.


  1 F - ROTATIONAL MODEL-(.F.: VIBRATIONAL MODEL).         | 54 F - OUTPUT OF THE LENGTH USED IN THE WORKING FIELD.
  2 F - SECOND ORDER VIBRATIONAL MODEL-(.F.: FIRST ORDER)  | 55 F - OUTPUT OF C-MATRIX ELEMENTS AND COMPOUND NUCLEUS
        OR CONSTRAINED ASYMMETRIC ROTATIONAL MODEL.        |        INTERMEDIATE RESULTS.
  3 F - ANHARMONIC VIBRATIONAL MODEL-(.F.: HARMONIC) OR    | 56 T - OUTPUT OF S-MATRIX ELEMENTS.
        ASYMMETRIC ROTATIONAL MODEL-(.F.: SYMMETRIC).      | 57 F - OUTPUT OF PHASE-SHIFTS AT EACH E.C.I.S. ITERATION.
  4 F - PARAMETRISED SPIN-ORBIT DEFORMATION-(.F.:STANDARD) | 58 F - OUTPUT OF THE COEFFICIENTS OF EACH FORM FACTOR
  5 F - DIFFERENT DEFORMATION FOR EACH POTENTIAL(.F.: SAME)|        FOR ALL SETS OF EQUATIONS.
  6 F - USE OF DEFORMATION LENGTHS.                        | 59 T - TOTAL ELASTIC REACTION CROSS-SECTIONS WRITTEN ON
  7 F - NUCLEAR MATRIX ELEMENTS AND FORM FACTORS ON CARDS. |        FILE 58 AND TOTAL INELASTIC REACTION
  8 F - RELATIVISTIC KINEMATICS.                           |        CROSS-SECTIONS ON FILE 59.
  9 F - SYMMETRISED WOODS-SAXON FORM FOR NEGATIVE RADII.   | 60 T - S-MATRIX ELEMENTS WRITTEN ON FILE 60.
 10 F - DISPERSION RELATIONS FOR POTENTIALS.               |
                                                           | 61 F - REDUCED NUCLEAR MATRIX ELEMENTS WRITTEN ON FILE 61.
 11 T - DEFORMED COULOMB POTENTIAL.                        | 62 F - POTENTIALS WRITTEN ON FILE 62.
 12 T - DEFORMED IMAGINARY POTENTIAL.                      | 63 T - PENETRABILITIES WRITTEN ON FILE 63.
 13 F - DEFORMED REAL SPIN-ORBIT/TENSOR POTENTIAL.         | 64 T - RESULTS FOR EXPERIMENTAL DATA ON FILE 64
 14 F - DEFORMED IMAGINARY SPIN-ORBIT/TENSOR POTENTIAL.    |        AND AT EQUIDISTANT ANGLES WRITTEN ON FILE 66.
 15 F - REDUCED NUCLEAR MATRIX ELEMENTS READ FROM CARDS.   | 65 T - LEGENDRE EXPANSION FOR CROSS-SECTIONS WRITTEN ON
 16 F - HEAVY-ION DEFINITION OF RADII AND DEFORMATIONS.    |        FILE 65.
 17 F - FOLDING MODEL.                                     | 66 F - NO CALCULATION AT EQUIDISTANT ANGLES.
 18 F - PROJECTILE-TARGET ANTISYMMETRISATION.              | 67 T - NO PLOT OF EXPERIMENTAL DATA.
 19 F - DEFORMED COULOMB SPIN-ORBIT POTENTIAL.             | 68 T - NO PLOT OF CROSS-SECTIONS AT EQUIDISTANT ANGLES.
 20 F - DISPERSION RELATIONS FOR TRANSITION FORM-FACTORS.  | 69 T - NO PLOT OF POLARISATIONS AT EQUIDISTANT ANGLES.
                                                           |
 21 F - USUAL COUPLED EQUATIONS-(.F.: ITERATIONS).         | 71 F - NO DETAILED OUTPUT OF LOGICAL CONTROLS.
 22 F - NO USE OF PADE FOR CONVERGENCE OF THE ITERATIONS.  | 72 T - NO OUTPUT OF EXPERIMENTAL DATA AS THEY ARE READ.
 23 T - NO USE OF PADE WITHOUT CONVERGENCE.                | 73 T - NO OUTPUT OF EXTERNAL POTENTIALS AS THEY ARE READ.
 24 F - COUPLING POTENTIALS COMPUTED AT EACH ITERATION.    | 74 F - OUTPUT OF VARIATIONS IN STORAGE.
 25 F - COMPLETE CALCULATION UP TO THE END-(.F.: ONE ITE-  | 75 T - NO COMPLETE OUTPUT AT THE FIRST RUN OF A SEARCH.
        RATION ONLY AS SOON AS TWO ITERATIONS ARE ENOUGH). | 76 F - LO(51) TO LO(65) ARE ALWAYS USED-(.F.: ONLY FOR
 26 F - INTEGRATION STABILISED FOR LONG RANGE POTENTIAL.   |        COMPLETE OUTPUT)
 27 F - NUMEROV'S METHOD FOR SINGLE EQUATIONS-(.F.: MODI-  | 77 F - OUTPUT OF TIME DIFFERENCES DURING THE SEARCH.
        FIED NUMEROV'S METHOD).                            | 78 F - OUTPUT OF DIFFERENCES BETWEEN EXPERIMENTAL
 28 T - COMPUTATION UP TO J-CONVERGENCE-(.F.: STOP WHEN    |        AND CALCULATED VALUES.
        ALL THE INHOMOGENEOUS TERMS ARE NEGLIGIBLE).       |
 29 F - NO DIAGONAL TERM IN SECOND MEMBERS.                | 81 F - HAUSER-FESHBACH CORRECTIONS TO CROSS-SECTIONS.
 30 T - PURE DWBA CALCULATION.                             | 82 F - SIMPLEST COMPOUND NUCLEUS FORMALISM.
                                                           | 83 T - NO ENGELBRETCH-WEIDENMULLER TRANSFORMATION IN
 31 F - INPUT OF EXPERIMENTAL DATA AND CHI2 CALCULATION.   |        IN COMPOUND NUCLEUS.
 32 F - AUTOMATIC SEARCH ON SOME PARAMETERS.               | 84 F - UNCOUPLED LEVELS FOR COMPOUND NUCLEUS.
 33 F - SYMMETRISED CHI2 FOR CROSS-SECTIONS.               | 85 F - FISSION DATA IN COMPOUND NUCLEUS.
 34 F - NEXT CALCULATION CHANGING ENERGY AND/OR SOME       | 86 F - GAMMA EMISSION DATA IN COMPOUND NUCLEUS.
        PARAMETERS.                                        | 87 F - NO WIDTH FLUCTUATIONS.
 35 F - SEARCH SAVED ON TAPE 8 IF ENDED OR LACK OF TIME.   |
 36 F - RESTART A SEARCH FROM TAPE 8.                      | 91 F - EQUIDISTANT ANGLES IN THE LABORATORY SYSTEM.
                                                           | 92 F - NON STANDARD OBSERVABLES AT EQUIDISTANT ANGLES.
 41 F - FACTORISATION OF 1/(1-COS(THETA)) IN AMPLITUDES.   | 93 F - NO RECOIL CORRECTION FOR REACTIONS.
 42 F - SCHMIDT'S ORTHOGONAL. IN USUAL COUPLED EQUATIONS.  | 94 F - NON RELATIVISTIC "REDUCED MASS" FOR DIRAC EQUATION.
 43 F - INTERPOLATION ON TOTAL SPIN.                       | 95 F - "REDUCED ENERGY" FOR NON COULOMB INTERACTION IN
 44 F - COULOMB CORRECTIONS.                               |        RELATIVISTIC SCHROEDINGER EQUATION OR USE OF REST
 45 F - ANGULAR MOMENTUM LIMIT FOR COULOMB CORRECTIONS.    |        MASS IN DIRAC EQUATION.
 46 F - RESTRICTED COULOMB CORRECTIONS.                    | 96 F - "REDUCED MASS" FOR COULOMB INTERACTION IN
 47 F - NO RECOIL CORRECTION FOR BOUND STATES.             |        RELATIVISTIC SCHROEDINGER EQUATION.
                                                           | 97 F - SAME REDUCED MASS FOR ALL THE STATES.
 51 F - OUTPUT OF POTENTIALS.                              | 98 F - Q ADDED TO THE MASS OF RESIDUAL NUCLEUS.
 52 F - OUTPUT OF REDUCED NUCLEAR MATRIX ELEMENTS.         | 99 F - SCHROEDINGER EQUIVALENT TO DIRAC EQUATION.
 53 F - OUTPUT OF THE NUMBER OF ITERATIONS.                |100 F - COMPLETE DIRAC EQUATION.
1
          **********************************************************************************
          *                                                                                *
          *      56.00000 MeV deuteron on  46TI: SPHERICAL OMP                             *
          *                                                                                *
          **********************************************************************************

 MAXIMUM NUMBER OF J    50  (MIN  0) STOP WHEN MAXIMUM S-MATRIX ELEMENT IS LESS THAN        0.1000D-04

 PLOT CONDITIONS FOR CROSS-SECTIONS    2    2     FOR POLARISATIONS    1    1

          ITERATION METHOD:  MAXIMUM NUMBER OF ITERATIONS         1
          CONVERGENCE CRITERION:     1.0000D-05 FOR S-MATRIX     1.0000D-05 FOR POTENTIALS AND FUNCTIONS.


 INDICATIONS FOR EXPANSION OF CROSS-SECTIONS IN LEGENDRE POLYNOMIALS:    2    0    0

 FIRST ORDER VIBRATIONAL MODEL.


 TARGET              MASS =  45.95263           PRODUCT OF CHARGES =   22.           AT**1/3 =   3.581818D+00
 INCIDENT PARTICLE   MASS =   2.01410      SPIN = 1.0   AP**1/3 =   1.262875D+00
          ENERGY(LAB) =   5.600000D+01 MEV          ENERGY(C. M.) =   5.364859D+01 MEV.

 N =  1 -   SPIN = 0.0+ EXCITATION ENERGY =  0.0000 MEV          POTENTIAL    1


 OPTICAL POTENTIALS  **  1 **     REDUCED RADIUS MULTIPLIED BY     3.581818D+00

      DEFORMED  VOLUME/SCALAR REAL POTENTIAL
 DEPTH   82.211670 MEV   RADIUS  4.118481 FERMI (REDUCED VALUE 1.149830)   DIFFUSENESS 0.764150 FERMI AT THE POWER (1+ 0.000000)

      DEFORMED  VOLUME/SCALAR IMAGINARY POTENTIAL
 DEPTH    4.587200 MEV   RADIUS  4.773954 FERMI (REDUCED VALUE 1.332830)   DIFFUSENESS 0.496700 FERMI AT THE POWER (1+ 0.000000)

      DEFORMED  SURFACE/VECTOR REAL POTENTIAL
 DEPTH    0.000000 MEV   RADIUS  0.000000 FERMI (REDUCED VALUE 0.000000)   DIFFUSENESS 0.000000 FERMI AT THE POWER (1+ 0.000000)

      DEFORMED  SURFACE/VECTOR IMAGINARY POTENTIAL
 DEPTH    9.116400 MEV   RADIUS  4.930085 FERMI (REDUCED VALUE 1.376420)   DIFFUSENESS 0.753150 FERMI AT THE POWER (1+ 0.000000)

  NOT DEFORMED  REAL SPIN-ORBIT/TENSOR POTENTIAL
 DEPTH    3.557000 MEV   RADIUS  3.481527 FERMI (REDUCED VALUE 0.972000)   DIFFUSENESS 1.011000 FERMI AT THE POWER (1+ 0.000000)

  NOT DEFORMED  IMAGINARY SPIN-ORBIT/TENSOR POTENTIAL
 DEPTH    0.000000 MEV   RADIUS  0.000000 FERMI (REDUCED VALUE 0.000000)   DIFFUSENESS 0.000000 FERMI AT THE POWER (1+ 0.000000)

      DEFORMED  COULOMB POTENTIAL
  CHARGE PRODUCT    22.  RADIUS  4.667108 FERMI (REDUCED VALUE 1.303000)   DIFFUSENESS 0.000000 FERMI AT THE POWER (1+ 0.000000)

  NOT DEFORMED  SPIN-ORBIT COULOMB POTENTIAL
 DEPTH    0.000000 MEV   RADIUS  0.000000 FERMI (REDUCED VALUE 0.000000)   DIFFUSENESS 0.000000 FERMI AT THE POWER (1+ 0.000000)
              THIRD CHARGE PARAMETER22.000000

 INTEGRATION STEP SIZE = 0.12422          MATCHING RADIUS =  40.000 FERMI

 SCATTERING ANGLES FROM  0.000 IN STEPS OF  2.000 UP TO 180.000 DEGREES   AVERAGED WITH +/-   0.000 DEGREES.


       2 SOLUTIONS         2 COUPLED EQUATIONS         5 INDEPENDENT AMPLITUDES.


 LEVEL       WAVE NUMBER  COULOMB PARAMETER   REDUCED MASS       REDUCED ENERGY     STEP SIZE
     1      2.2254783806      0.6570668530   1797.3447168883   1797.3447168883      0.1242236025
 MAXIMUM J-VALUE =  49.0                MAXIMUM SCATTERING COEFFICIENT AT THE END   0.552D-04
 MAXIMUM J-VALUE =  49.0                MAXIMUM SCATTERING COEFFICIENT AT THE END   0.505D-04
1 COEFFICIENTS OF LEGENDRE POLYNOMIALS DESCRIBING THE CROSS-SECTIONS.

 DIRECT INTERACTION FOR LEVEL 1 MULTIPLIED BY (1-COS(THETA))**( 2 ) 148 COEFFICIENTS
    L        C(L)              C(L+1)             C(L+2)             C(L+3)             C(L+4)
    0  -4.6914215215D-01   1.6827077301D-01  -2.2342114368D-02  -6.0035100841D-02  -2.2094156437D-02
    5   1.1437976463D-02   2.0708735730D-02   1.4889888510D-02   6.1889181747D-03  -6.0902810841D-05
   10  -2.8554460942D-03  -3.0676645325D-03  -1.6369226738D-03   4.1803070369D-04   2.4238543707D-03
   15   3.7693187134D-03   3.5289965244D-03   1.2802987457D-03  -2.5949767544D-03  -4.9771005380D-03
   20  -2.2117200810D-03   3.2750519571D-03   6.0303235670D-03   3.0538632174D-03  -2.8761312503D-03
   25  -7.4223654368D-03  -8.4215427146D-03  -6.4584359152D-03  -3.3064318720D-03  -4.5137535833D-04
   30   1.4347146965D-03   2.3272809872D-03   2.4999585549D-03   2.2737832024D-03   1.8836369257D-03
   35   1.4714993625D-03   1.1097200229D-03   8.2836761566D-04   6.1315372888D-04   4.5367966369D-04
   40   3.4156975276D-04   2.6266940089D-04   2.0689607912D-04   1.6466032337D-04   1.3289266959D-04
   45   1.1011028726D-04   9.3789377826D-05   8.1271610112D-05   7.5516644665D-05   6.2463829573D-05
   50   5.7113778010D-05   4.7487671515D-05   4.4077967568D-05   3.4458461178D-05   2.9694128225D-05
   55   2.5696164390D-05   2.1689269682D-05   1.6548379516D-05   1.3440119569D-05   1.2203856923D-05
   60   1.3242845535D-05   1.1189887643D-05   9.1230993301D-06   1.2266176574D-05   1.0420653833D-05
   65   7.4114592164D-06   5.5330098469D-06   4.3732517416D-06   3.5111723998D-06   2.7907675384D-06
   70   2.1696678985D-06   1.6276833440D-06   1.1474414786D-06   7.2971970298D-07   3.5755854149D-07
   75   3.1492591906D-08  -2.5629000304D-07  -5.0864142462D-07  -7.3247984175D-07  -9.2547359205D-07
   80  -1.0967448218D-06  -1.2450975803D-06  -1.3730563003D-06  -1.4842852259D-06  -1.5804373084D-06
   85  -1.6602050286D-06  -1.7298084071D-06  -1.7873326070D-06  -1.8334303699D-06  -1.8729280077D-06
   90  -1.9022824779D-06  -1.9258169106D-06  -1.9414010101D-06  -1.9540425885D-06  -1.9571643219D-06
   95  -1.9616173562D-06  -1.9546742730D-06  -1.9536105794D-06  -1.9352765265D-06  -1.9358251469D-06
  100  -1.9143420846D-06  -1.8975326480D-06  -1.8788648547D-06  -1.8585838760D-06  -1.8369104661D-06
  105  -1.8140433385D-06  -1.7901613021D-06  -1.7654251830D-06  -1.7399795560D-06  -1.7139543042D-06
  110  -1.6874660257D-06  -1.6606193025D-06  -1.6335078464D-06  -1.6062155333D-06  -1.5788173381D-06
  115  -1.5513801801D-06  -1.5239636874D-06  -1.4966208887D-06  -1.4693988396D-06  -1.4423391896D-06
  120  -1.4154786962D-06  -1.3888496904D-06  -1.3624804989D-06  -1.3363958273D-06  -1.3106171070D-06
  125  -1.2851628107D-06  -1.2600487386D-06  -1.2352882778D-06  -1.2108926383D-06  -1.1868710669D-06
  130  -1.1632310426D-06  -1.1399784519D-06  -1.1171177507D-06  -1.0946521093D-06  -1.0725835453D-06
  135  -1.0509130439D-06  -1.0296406671D-06  -1.0087656535D-06  -9.8828650807D-07  -9.6820108454D-07
  140  -9.4850665958D-07  -9.2920000046D-07  -9.1027742642D-07  -8.9173486420D-07  -8.7356789862D-07
  145  -8.5577181824D-07  -8.3834165687D-07  -8.2127223099D-07
1       56.00000 MeV deuteron on  46TI: SPHERICAL OMP                         


 TOTAL REACTION CROSS SECTION =   1506.801552 MILLIBARNS.

 ELASTIC SCATTERING ON THE TARGET STATE OF SPIN =  0.0+

      ANGLE    CROSS-SECTION     C. S./RUTHER.     ASYM. OR IT11               T20               T21               T22  
      0.000     0.18293D+05        1829.3103053         0.0000000         0.0027458         0.0000000         0.0000000
      2.000     0.19862D+07           0.8455422        -0.0014715        -0.0000770         0.0000009        -0.0000074
      4.000     0.85955D+05           0.5851066         0.0142588        -0.0026746         0.0000936         0.0000454
      6.000     0.22063D+05           0.7595542         0.0572523        -0.0037628         0.0001589         0.0003160
      8.000     0.10737D+05           1.1665154         0.0674736        -0.0017506         0.0000096         0.0005641
     10.000     0.48227D+04           1.2769106         0.0552986         0.0009693        -0.0002880         0.0010011
     12.000     0.15960D+04           0.8742803         0.0167658         0.0056426        -0.0009032         0.0017347
     14.000     0.28618D+03           0.2896750        -0.1094101         0.0167052        -0.0025000        -0.0018425
     16.000     0.28337D+02           0.0487821         0.0040876        -0.0507078         0.0070983        -0.1352654
     18.000     0.11981D+03           0.3292349         0.3423931        -0.0477383         0.0076144        -0.0461748
     20.000     0.19198D+03           0.8009947         0.2843674        -0.0355371         0.0064782        -0.0266766
     22.000     0.16214D+03           0.9862255         0.2620401        -0.0339841         0.0074141        -0.0207831
     24.000     0.84134D+02           0.7213984         0.2623263        -0.0389440         0.0106907        -0.0176471
     26.000     0.23228D+02           0.2729319         0.3008905        -0.0547583         0.0206549        -0.0104502
     28.000     0.31039D+01           0.0487858         0.1769165         0.0173221         0.0225406         0.0830808
     30.000     0.10577D+02           0.2177894        -0.0792284         0.0687815        -0.0230344         0.0272866
     32.000     0.22513D+02           0.5963176        -0.0650354         0.0412012        -0.0186929         0.0058988
     34.000     0.25474D+02           0.8541191        -0.1139592         0.0317904        -0.0181878        -0.0025446
     36.000     0.19288D+02           0.8070535        -0.2233582         0.0259780        -0.0209199        -0.0132052
     38.000     0.10707D+02           0.5519627        -0.4122117         0.0143664        -0.0270648        -0.0354233
     40.000     0.56779D+01           0.3565168        -0.5275092        -0.0135216        -0.0300165        -0.0644092
     42.000     0.56747D+01           0.4294812        -0.1614024        -0.0181093        -0.0140627        -0.0320532
     44.000     0.85636D+01           0.7738269         0.0795069         0.0070777        -0.0036483         0.0149179
     46.000     0.11283D+02           1.2067488         0.1026794         0.0265175        -0.0016688         0.0388726
     48.000     0.11967D+02           1.5028251         0.0557598         0.0393320        -0.0021086         0.0514128
     50.000     0.10558D+02           1.5454036        -0.0149085         0.0469612        -0.0030318         0.0569269
     52.000     0.81296D+01           1.3775980        -0.0857481         0.0465339        -0.0033993         0.0524865
     54.000     0.58738D+01           1.1449698        -0.1136498         0.0311619        -0.0017307         0.0307262
     56.000     0.44529D+01           0.9925741        -0.0394368         0.0005868         0.0033177        -0.0066776
     58.000     0.38767D+01           0.9827313         0.1160884        -0.0253825         0.0099294        -0.0353556
     60.000     0.37637D+01           1.0794133         0.2411855        -0.0290695         0.0143407        -0.0367789
     62.000     0.36939D+01           1.1926890         0.2865735        -0.0156493         0.0158390        -0.0193962
     64.000     0.34282D+01           1.2404707         0.2728460         0.0025176         0.0156630         0.0014897
     66.000     0.29491D+01           1.1907119         0.2303898         0.0164773         0.0148443         0.0152348
     68.000     0.23752D+01           1.0657142         0.1843914         0.0211155         0.0140223         0.0158324
     70.000     0.18472D+01           0.9174274         0.1601827         0.0118019         0.0137316        -0.0020254
     72.000     0.14513D+01           0.7949061         0.1829941        -0.0134017         0.0144510        -0.0394733
     74.000     0.11972D+01           0.7206347         0.2548032        -0.0442635         0.0162327        -0.0820918
     76.000     0.10435D+01           0.6879177         0.3410995        -0.0645362         0.0183948        -0.1093353
     78.000     0.93552D+00           0.6733266         0.4034490        -0.0675195         0.0200605        -0.1139614
     80.000     0.83205D+00           0.6517888         0.4276917        -0.0559433         0.0208059        -0.1007332
     82.000     0.71769D+00           0.6100898         0.4193954        -0.0382583         0.0205475        -0.0812024
     84.000     0.59767D+00           0.5497824         0.3923035        -0.0241239         0.0193038        -0.0676955
     86.000     0.48406D+00           0.4805322         0.3622261        -0.0186883         0.0172367        -0.0663643
     88.000     0.38834D+00           0.4149360         0.3457065        -0.0256640         0.0146999        -0.0811867
     90.000     0.31594D+00           0.3624399         0.3559708        -0.0466617         0.0123097        -0.1128127
     92.000     0.26423D+00           0.3246375         0.3934382        -0.0731928         0.0107990        -0.1496065
     94.000     0.22710D+00           0.2981388         0.4447245        -0.0939870         0.0104497        -0.1778457
     96.000     0.19810D+00           0.2772412         0.4905900        -0.1029199         0.0108534        -0.1906866
     98.000     0.17200D+00           0.2560557         0.5175702        -0.0973080         0.0113007        -0.1855669
    100.000     0.14715D+00           0.2325279         0.5234690        -0.0821057         0.0110995        -0.1693555
    102.000     0.12389D+00           0.2073718         0.5117422        -0.0664065         0.0096849        -0.1533152
    104.000     0.10281D+00           0.1819101         0.4897665        -0.0544629         0.0068591        -0.1422301
    106.000     0.84949D-01           0.1585779         0.4691767        -0.0511414         0.0028993        -0.1416334
    108.000     0.70693D-01           0.1389606         0.4581967        -0.0613612        -0.0015414        -0.1567277
    110.000     0.59590D-01           0.1231177         0.4623927        -0.0812919        -0.0055387        -0.1825381
    112.000     0.51164D-01           0.1109037         0.4862945        -0.1045932        -0.0082587        -0.2125501
    114.000     0.44517D-01           0.1010598         0.5197714        -0.1243015        -0.0098022        -0.2389383
    116.000     0.38824D-01           0.0921439         0.5488978        -0.1323291        -0.0108560        -0.2513019
    118.000     0.33839D-01           0.0838250         0.5694653        -0.1287328        -0.0118594        -0.2497819
    120.000     0.29284D-01           0.0755867         0.5751959        -0.1177062        -0.0134545        -0.2390210
    122.000     0.25101D-01           0.0673995         0.5664218        -0.1012384        -0.0159224        -0.2201760
    124.000     0.21459D-01           0.0598463         0.5554553        -0.0854502        -0.0185909        -0.2012702
    126.000     0.18189D-01           0.0526045         0.5423999        -0.0748894        -0.0215116        -0.1884960
    128.000     0.15277D-01           0.0457480         0.5279366        -0.0708542        -0.0255164        -0.1832747
    130.000     0.12927D-01           0.0400221         0.5290847        -0.0795821        -0.0308897        -0.1956312
    132.000     0.11073D-01           0.0353901         0.5418411        -0.0975813        -0.0382511        -0.2210403
    134.000     0.96971D-02           0.0319472         0.5500325        -0.1140298        -0.0472793        -0.2406780
    136.000     0.87818D-02           0.0297808         0.5550834        -0.1315041        -0.0551272        -0.2563411
    138.000     0.80915D-02           0.0282049         0.5533248        -0.1502485        -0.0592076        -0.2703317
    140.000     0.75246D-02           0.0269226         0.5496698        -0.1576017        -0.0573789        -0.2712429
    142.000     0.69525D-02           0.0254980         0.5592358        -0.1503826        -0.0507163        -0.2643826
    144.000     0.61631D-02           0.0231373         0.5721244        -0.1340116        -0.0446556        -0.2582430
    146.000     0.52402D-02           0.0201105         0.5870985        -0.1106367        -0.0445143        -0.2529388
    148.000     0.43217D-02           0.0169318         0.6203447        -0.0876202        -0.0573919        -0.2571211
    150.000     0.35106D-02           0.0140229         0.6455837        -0.0781358        -0.0909596        -0.2649315
    152.000     0.30601D-02           0.0124464         0.6183251        -0.0955885        -0.1341236        -0.2499987
    154.000     0.29951D-02           0.0123880         0.5486594        -0.1387018        -0.1558121        -0.2212100
    156.000     0.31339D-02           0.0131639         0.4642398        -0.1810048        -0.1431580        -0.1997251
    158.000     0.34144D-02           0.0145474         0.4132129        -0.1799472        -0.1028461        -0.1861064
    160.000     0.36347D-02           0.0156876         0.4189383        -0.1204975        -0.0612260        -0.1855402
    162.000     0.35657D-02           0.0155709         0.4443469        -0.0193132        -0.0428857        -0.1979184
    164.000     0.32479D-02           0.0143320         0.4767247         0.1070705        -0.0699184        -0.2183279
    166.000     0.27766D-02           0.0123654         0.5059398         0.2259410        -0.1765871        -0.2437671
    168.000     0.23473D-02           0.0105368         0.4643255         0.2132940        -0.3899950        -0.2563969
    170.000     0.22660D-02           0.0102408         0.3264561        -0.1001356        -0.6105770        -0.2184720
    172.000     0.25809D-02           0.0117278         0.1650323        -0.5829105        -0.6696397        -0.1417333
    174.000     0.31701D-02           0.0144672         0.0282868        -0.9899272        -0.5662677        -0.0726907
    176.000     0.39038D-02           0.0178698        -0.0266706        -1.2226672        -0.3819567        -0.0298496
    178.000     0.44757D-02           0.0205250        -0.0161643        -1.3234530        -0.1884781        -0.0075707
    180.000     0.46763D-02           0.0214579         0.0000000        -1.3518834         0.0000000         0.0000000


 *** WORKSPACE USED IN THIS COMPUTATION     13229  ***            34986771 MEMORIES NOT USED.

  End time: 17:48.24 (22-02-2024)

  Calculation time:     1 min 11 s
