
  End time: 17:28.29 (22-02-2024)

  Calculation time:     1 min 26 s
1                    E. C. I. S. CODE FOR COUPLED CHANNELS CALCULATIONS ( 2006 ) WORKING FIELD LENGTH =  35000000

                        TO OBTAIN THE INPUT DESCRIPTION, PUNCH 'DESCRIPTION ' IN COLUMNS 1-12 OF THE FIRST CARD.


  1 F - ROTATIONAL MODEL-(.F.: VIBRATIONAL MODEL).         | 54 F - OUTPUT OF THE LENGTH USED IN THE WORKING FIELD.
  2 F - SECOND ORDER VIBRATIONAL MODEL-(.F.: FIRST ORDER)  | 55 F - OUTPUT OF C-MATRIX ELEMENTS AND COMPOUND NUCLEUS
        OR CONSTRAINED ASYMMETRIC ROTATIONAL MODEL.        |        INTERMEDIATE RESULTS.
  3 F - ANHARMONIC VIBRATIONAL MODEL-(.F.: HARMONIC) OR    | 56 T - OUTPUT OF S-MATRIX ELEMENTS.
        ASYMMETRIC ROTATIONAL MODEL-(.F.: SYMMETRIC).      | 57 F - OUTPUT OF PHASE-SHIFTS AT EACH E.C.I.S. ITERATION.
  4 F - PARAMETRISED SPIN-ORBIT DEFORMATION-(.F.:STANDARD) | 58 F - OUTPUT OF THE COEFFICIENTS OF EACH FORM FACTOR
  5 F - DIFFERENT DEFORMATION FOR EACH POTENTIAL(.F.: SAME)|        FOR ALL SETS OF EQUATIONS.
  6 F - USE OF DEFORMATION LENGTHS.                        | 59 T - TOTAL ELASTIC REACTION CROSS-SECTIONS WRITTEN ON
  7 F - NUCLEAR MATRIX ELEMENTS AND FORM FACTORS ON CARDS. |        FILE 58 AND TOTAL INELASTIC REACTION
  8 F - RELATIVISTIC KINEMATICS.                           |        CROSS-SECTIONS ON FILE 59.
  9 F - SYMMETRISED WOODS-SAXON FORM FOR NEGATIVE RADII.   | 60 T - S-MATRIX ELEMENTS WRITTEN ON FILE 60.
 10 F - DISPERSION RELATIONS FOR POTENTIALS.               |
                                                           | 61 F - REDUCED NUCLEAR MATRIX ELEMENTS WRITTEN ON FILE 61.
 11 T - DEFORMED COULOMB POTENTIAL.                        | 62 F - POTENTIALS WRITTEN ON FILE 62.
 12 T - DEFORMED IMAGINARY POTENTIAL.                      | 63 T - PENETRABILITIES WRITTEN ON FILE 63.
 13 F - DEFORMED REAL SPIN-ORBIT/TENSOR POTENTIAL.         | 64 T - RESULTS FOR EXPERIMENTAL DATA ON FILE 64
 14 F - DEFORMED IMAGINARY SPIN-ORBIT/TENSOR POTENTIAL.    |        AND AT EQUIDISTANT ANGLES WRITTEN ON FILE 66.
 15 F - REDUCED NUCLEAR MATRIX ELEMENTS READ FROM CARDS.   | 65 T - LEGENDRE EXPANSION FOR CROSS-SECTIONS WRITTEN ON
 16 F - HEAVY-ION DEFINITION OF RADII AND DEFORMATIONS.    |        FILE 65.
 17 F - FOLDING MODEL.                                     | 66 F - NO CALCULATION AT EQUIDISTANT ANGLES.
 18 F - PROJECTILE-TARGET ANTISYMMETRISATION.              | 67 T - NO PLOT OF EXPERIMENTAL DATA.
 19 F - DEFORMED COULOMB SPIN-ORBIT POTENTIAL.             | 68 T - NO PLOT OF CROSS-SECTIONS AT EQUIDISTANT ANGLES.
 20 F - DISPERSION RELATIONS FOR TRANSITION FORM-FACTORS.  | 69 T - NO PLOT OF POLARISATIONS AT EQUIDISTANT ANGLES.
                                                           |
 21 F - USUAL COUPLED EQUATIONS-(.F.: ITERATIONS).         | 71 F - NO DETAILED OUTPUT OF LOGICAL CONTROLS.
 22 F - NO USE OF PADE FOR CONVERGENCE OF THE ITERATIONS.  | 72 T - NO OUTPUT OF EXPERIMENTAL DATA AS THEY ARE READ.
 23 T - NO USE OF PADE WITHOUT CONVERGENCE.                | 73 T - NO OUTPUT OF EXTERNAL POTENTIALS AS THEY ARE READ.
 24 F - COUPLING POTENTIALS COMPUTED AT EACH ITERATION.    | 74 F - OUTPUT OF VARIATIONS IN STORAGE.
 25 F - COMPLETE CALCULATION UP TO THE END-(.F.: ONE ITE-  | 75 T - NO COMPLETE OUTPUT AT THE FIRST RUN OF A SEARCH.
        RATION ONLY AS SOON AS TWO ITERATIONS ARE ENOUGH). | 76 F - LO(51) TO LO(65) ARE ALWAYS USED-(.F.: ONLY FOR
 26 F - INTEGRATION STABILISED FOR LONG RANGE POTENTIAL.   |        COMPLETE OUTPUT)
 27 F - NUMEROV'S METHOD FOR SINGLE EQUATIONS-(.F.: MODI-  | 77 F - OUTPUT OF TIME DIFFERENCES DURING THE SEARCH.
        FIED NUMEROV'S METHOD).                            | 78 F - OUTPUT OF DIFFERENCES BETWEEN EXPERIMENTAL
 28 T - COMPUTATION UP TO J-CONVERGENCE-(.F.: STOP WHEN    |        AND CALCULATED VALUES.
        ALL THE INHOMOGENEOUS TERMS ARE NEGLIGIBLE).       |
 29 F - NO DIAGONAL TERM IN SECOND MEMBERS.                | 81 F - HAUSER-FESHBACH CORRECTIONS TO CROSS-SECTIONS.
 30 T - PURE DWBA CALCULATION.                             | 82 F - SIMPLEST COMPOUND NUCLEUS FORMALISM.
                                                           | 83 T - NO ENGELBRETCH-WEIDENMULLER TRANSFORMATION IN
 31 F - INPUT OF EXPERIMENTAL DATA AND CHI2 CALCULATION.   |        IN COMPOUND NUCLEUS.
 32 F - AUTOMATIC SEARCH ON SOME PARAMETERS.               | 84 F - UNCOUPLED LEVELS FOR COMPOUND NUCLEUS.
 33 F - SYMMETRISED CHI2 FOR CROSS-SECTIONS.               | 85 F - FISSION DATA IN COMPOUND NUCLEUS.
 34 F - NEXT CALCULATION CHANGING ENERGY AND/OR SOME       | 86 F - GAMMA EMISSION DATA IN COMPOUND NUCLEUS.
        PARAMETERS.                                        | 87 F - NO WIDTH FLUCTUATIONS.
 35 F - SEARCH SAVED ON TAPE 8 IF ENDED OR LACK OF TIME.   |
 36 F - RESTART A SEARCH FROM TAPE 8.                      | 91 F - EQUIDISTANT ANGLES IN THE LABORATORY SYSTEM.
                                                           | 92 F - NON STANDARD OBSERVABLES AT EQUIDISTANT ANGLES.
 41 F - FACTORISATION OF 1/(1-COS(THETA)) IN AMPLITUDES.   | 93 F - NO RECOIL CORRECTION FOR REACTIONS.
 42 F - SCHMIDT'S ORTHOGONAL. IN USUAL COUPLED EQUATIONS.  | 94 F - NON RELATIVISTIC "REDUCED MASS" FOR DIRAC EQUATION.
 43 F - INTERPOLATION ON TOTAL SPIN.                       | 95 F - "REDUCED ENERGY" FOR NON COULOMB INTERACTION IN
 44 F - COULOMB CORRECTIONS.                               |        RELATIVISTIC SCHROEDINGER EQUATION OR USE OF REST
 45 F - ANGULAR MOMENTUM LIMIT FOR COULOMB CORRECTIONS.    |        MASS IN DIRAC EQUATION.
 46 F - RESTRICTED COULOMB CORRECTIONS.                    | 96 F - "REDUCED MASS" FOR COULOMB INTERACTION IN
 47 F - NO RECOIL CORRECTION FOR BOUND STATES.             |        RELATIVISTIC SCHROEDINGER EQUATION.
                                                           | 97 F - SAME REDUCED MASS FOR ALL THE STATES.
 51 F - OUTPUT OF POTENTIALS.                              | 98 F - Q ADDED TO THE MASS OF RESIDUAL NUCLEUS.
 52 F - OUTPUT OF REDUCED NUCLEAR MATRIX ELEMENTS.         | 99 F - SCHROEDINGER EQUIVALENT TO DIRAC EQUATION.
 53 F - OUTPUT OF THE NUMBER OF ITERATIONS.                |100 F - COMPLETE DIRAC EQUATION.
1
          **********************************************************************************
          *                                                                                *
          *      56.00000 MeV deuteron on  54FE: SPHERICAL OMP                             *
          *                                                                                *
          **********************************************************************************

 MAXIMUM NUMBER OF J    52  (MIN  0) STOP WHEN MAXIMUM S-MATRIX ELEMENT IS LESS THAN        0.1000D-04

 PLOT CONDITIONS FOR CROSS-SECTIONS    2    2     FOR POLARISATIONS    1    1

          ITERATION METHOD:  MAXIMUM NUMBER OF ITERATIONS         1
          CONVERGENCE CRITERION:     1.0000D-05 FOR S-MATRIX     1.0000D-05 FOR POTENTIALS AND FUNCTIONS.


 INDICATIONS FOR EXPANSION OF CROSS-SECTIONS IN LEGENDRE POLYNOMIALS:    2    0    0

 FIRST ORDER VIBRATIONAL MODEL.


 TARGET              MASS =  53.93962           PRODUCT OF CHARGES =   26.           AT**1/3 =   3.778354D+00
 INCIDENT PARTICLE   MASS =   2.01410      SPIN = 1.0   AP**1/3 =   1.262875D+00
          ENERGY(LAB) =   5.600000D+01 MEV          ENERGY(C. M.) =   5.398423D+01 MEV.

 N =  1 -   SPIN = 0.0+ EXCITATION ENERGY =  0.0000 MEV          POTENTIAL    1


 OPTICAL POTENTIALS  **  1 **     REDUCED RADIUS MULTIPLIED BY     3.778354D+00

      DEFORMED  VOLUME/SCALAR REAL POTENTIAL
 DEPTH   82.685930 MEV   RADIUS  4.344918 FERMI (REDUCED VALUE 1.149950)   DIFFUSENESS 0.766630 FERMI AT THE POWER (1+ 0.000000)

      DEFORMED  VOLUME/SCALAR IMAGINARY POTENTIAL
 DEPTH    4.587200 MEV   RADIUS  5.030425 FERMI (REDUCED VALUE 1.331380)   DIFFUSENESS 0.477020 FERMI AT THE POWER (1+ 0.000000)

      DEFORMED  SURFACE/VECTOR REAL POTENTIAL
 DEPTH    0.000000 MEV   RADIUS  0.000000 FERMI (REDUCED VALUE 0.000000)   DIFFUSENESS 0.000000 FERMI AT THE POWER (1+ 0.000000)

      DEFORMED  SURFACE/VECTOR IMAGINARY POTENTIAL
 DEPTH    9.116400 MEV   RADIUS  5.192252 FERMI (REDUCED VALUE 1.374210)   DIFFUSENESS 0.765350 FERMI AT THE POWER (1+ 0.000000)

  NOT DEFORMED  REAL SPIN-ORBIT/TENSOR POTENTIAL
 DEPTH    3.557000 MEV   RADIUS  3.672560 FERMI (REDUCED VALUE 0.972000)   DIFFUSENESS 1.011000 FERMI AT THE POWER (1+ 0.000000)

  NOT DEFORMED  IMAGINARY SPIN-ORBIT/TENSOR POTENTIAL
 DEPTH    0.000000 MEV   RADIUS  0.000000 FERMI (REDUCED VALUE 0.000000)   DIFFUSENESS 0.000000 FERMI AT THE POWER (1+ 0.000000)

      DEFORMED  COULOMB POTENTIAL
  CHARGE PRODUCT    26.  RADIUS  4.923195 FERMI (REDUCED VALUE 1.303000)   DIFFUSENESS 0.000000 FERMI AT THE POWER (1+ 0.000000)

  NOT DEFORMED  SPIN-ORBIT COULOMB POTENTIAL
 DEPTH    0.000000 MEV   RADIUS  0.000000 FERMI (REDUCED VALUE 0.000000)   DIFFUSENESS 0.000000 FERMI AT THE POWER (1+ 0.000000)
              THIRD CHARGE PARAMETER26.000000

 INTEGRATION STEP SIZE = 0.11940          MATCHING RADIUS =  40.000 FERMI

 SCATTERING ANGLES FROM  0.000 IN STEPS OF  2.000 UP TO 180.000 DEGREES   AVERAGED WITH +/-   0.000 DEGREES.


       2 SOLUTIONS         2 COUPLED EQUATIONS         5 INDEPENDENT AMPLITUDES.


 LEVEL       WAVE NUMBER  COULOMB PARAMETER   REDUCED MASS       REDUCED ENERGY     STEP SIZE
     1      2.2394018740      0.7765335536   1808.5896327951   1808.5896327951      0.1194029851
 MAXIMUM J-VALUE =  51.0                MAXIMUM SCATTERING COEFFICIENT AT THE END   0.432D-04
 MAXIMUM J-VALUE =  51.0                MAXIMUM SCATTERING COEFFICIENT AT THE END   0.398D-04
1 COEFFICIENTS OF LEGENDRE POLYNOMIALS DESCRIBING THE CROSS-SECTIONS.

 DIRECT INTERACTION FOR LEVEL 1 MULTIPLIED BY (1-COS(THETA))**( 2 ) 154 COEFFICIENTS
    L        C(L)              C(L+1)             C(L+2)             C(L+3)             C(L+4)
    0  -8.2471954226D-01   1.5029333381D-01  -2.1542552734D-02  -4.5969184177D-02  -8.0900746242D-03
    5   1.8400706830D-02   2.1645945597D-02   1.2888946160D-02   3.8358794471D-03  -1.7901975308D-03
   10  -3.7551626164D-03  -3.6290664896D-03  -2.2818504142D-03  -5.0779420164D-04   1.3436188069D-03
   15   3.2235045685D-03   4.7650215642D-03   5.1937909605D-03   3.6542469861D-03  -1.5216655452D-04
   20  -3.7506504772D-03  -3.3514774712D-03   1.2666449945D-03   4.4659193772D-03   2.9932352766D-03
   25  -1.9914414387D-03  -6.5602546876D-03  -8.1387552513D-03  -6.7390363580D-03  -3.8394706794D-03
   30  -9.3911027659D-04   1.1413410366D-03   2.2466556995D-03   2.5822036821D-03   2.4478084618D-03
   35   2.0941127602D-03   1.6862420254D-03   1.3054210706D-03   9.9216223269D-04   7.5340988513D-04
   40   5.6729393551D-04   4.3627812297D-04   3.3820924964D-04   2.6900248245D-04   2.1565413309D-04
   45   1.7518242772D-04   1.4490792568D-04   1.2219724475D-04   1.0409824366D-04   9.1607368405D-05
   50   8.1311845729D-05   6.0954524180D-05   5.3800688505D-05   4.5484970035D-05   4.4101152046D-05
   55   3.5858387674D-05   2.8588848414D-05   2.3225401244D-05   1.9328239589D-05   1.4294531782D-05
   60   9.2820779657D-06   8.4317464275D-06   5.7016253402D-06   5.2792631630D-06   2.8197536144D-06
   65   4.3420296301D-06   4.1031560821D-06   1.3539910491D-06  -5.2439080409D-07  -1.6444762729D-06
   70  -2.4535715426D-06  -3.1097188776D-06  -3.6643237264D-06  -4.1306394047D-06  -4.5214891579D-06
   75  -4.8472927020D-06  -5.1174058214D-06  -5.3351583570D-06  -5.5130184746D-06  -5.6510309149D-06
   80  -5.7554967095D-06  -5.8328840743D-06  -5.8833025599D-06  -5.9108054062D-06  -5.9216028491D-06
   85  -5.9123255589D-06  -5.8897380054D-06  -5.8550782074D-06  -5.8076242506D-06  -5.7515301071D-06
   90  -5.6878711431D-06  -5.6160249103D-06  -5.5386462255D-06  -5.4574410037D-06  -5.3702662642D-06
   95  -5.2813325351D-06  -5.1886559307D-06  -5.0951901604D-06  -4.9977336831D-06  -4.9027518149D-06
  100  -4.8026832102D-06  -4.7072742385D-06  -4.6043894448D-06  -4.5136195528D-06  -4.4122796528D-06
  105  -4.3154611849D-06  -4.2194815871D-06  -4.1244950577D-06  -4.0306339437D-06  -3.9380111158D-06
  110  -3.8467220933D-06  -3.7568469453D-06  -3.6684519952D-06  -3.5815913451D-06  -3.4963082440D-06
  115  -3.4126363111D-06  -3.3306006349D-06  -3.2502187553D-06  -3.1715015466D-06  -3.0944540066D-06
  120  -3.0190759650D-06  -2.9453627177D-06  -2.8733055953D-06  -2.8028924721D-06  -2.7341082218D-06
  125  -2.6669351253D-06  -2.6013532362D-06  -2.5373407063D-06  -2.4748740780D-06  -2.4139285442D-06
  130  -2.3544781807D-06  -2.2964961532D-06  -2.2399549019D-06  -2.1848263050D-06  -2.1310818249D-06
  135  -2.0786926367D-06  -2.0276297424D-06  -1.9778640725D-06  -1.9293665739D-06  -1.8821082888D-06
  140  -1.8360604224D-06  -1.7911944032D-06  -1.7474819345D-06  -1.7048950395D-06  -1.6634060997D-06
  145  -1.6229878881D-06  -1.5836135967D-06  -1.5452568604D-06  -1.5078917760D-06  -1.4714929182D-06
  150  -1.4360353517D-06  -1.4014946414D-06  -1.3678468594D-06  -1.3350685894D-06
1       56.00000 MeV deuteron on  54FE: SPHERICAL OMP                         


 TOTAL REACTION CROSS SECTION =   1622.575695 MILLIBARNS.

 ELASTIC SCATTERING ON THE TARGET STATE OF SPIN =  0.0+

      ANGLE    CROSS-SECTION     C. S./RUTHER.     ASYM. OR IT11               T20               T21               T22  
      0.000     0.18520D+05        1852.0079520         0.0000000         0.0039393         0.0000000         0.0000000
      2.000     0.28696D+07           0.8856265        -0.0016027        -0.0000696         0.0000009        -0.0000077
      4.000     0.12309D+06           0.6074453         0.0096937        -0.0020145         0.0000712         0.0000641
      6.000     0.28654D+05           0.7151411         0.0473187        -0.0021230         0.0000775         0.0004590
      8.000     0.12702D+05           1.0005281         0.0559014         0.0004732        -0.0001458         0.0007816
     10.000     0.51538D+04           0.9892802         0.0394158         0.0039082        -0.0005817         0.0010499
     12.000     0.14556D+04           0.5780861        -0.0110262         0.0097708        -0.0015499         0.0005538
     14.000     0.19467D+03           0.1428521        -0.1605018         0.0162559        -0.0038837        -0.0174276
     16.000     0.83815D+02           0.1046035         0.3247570        -0.0662154         0.0076626        -0.0701438
     18.000     0.23564D+03           0.4694494         0.2946027        -0.0385324         0.0062730        -0.0245115
     20.000     0.27874D+03           0.8431134         0.2486791        -0.0289342         0.0059809        -0.0131579
     22.000     0.19473D+03           0.8586988         0.2229585        -0.0251301         0.0070451        -0.0058194
     24.000     0.84554D+02           0.5255952         0.1971049        -0.0217015         0.0100144         0.0055513
     26.000     0.19759D+02           0.1683113         0.0961008        -0.0001381         0.0160611         0.0387412
     28.000     0.65892D+01           0.0750823        -0.2913962         0.0897157        -0.0116165         0.0307656
     30.000     0.16057D+02           0.2396853        -0.0892248         0.0275294        -0.0178554        -0.0347202
     32.000     0.22152D+02           0.4253733        -0.0571267         0.0019366        -0.0150805        -0.0487326
     34.000     0.17520D+02           0.4258793        -0.1171678        -0.0175902        -0.0158215        -0.0705575
     36.000     0.83559D+01           0.2534713        -0.2984950        -0.0561590        -0.0218747        -0.1282037
     38.000     0.26985D+01           0.1008545        -0.6740001        -0.1454690        -0.0384382        -0.2512691
     40.000     0.32068D+01           0.1459759        -0.1705950        -0.0359908        -0.0207585        -0.0530754
     42.000     0.72791D+01           0.3993891         0.0385887         0.0343602        -0.0096384         0.0439584
     44.000     0.10843D+02           0.7103003         0.0103460         0.0506781        -0.0087172         0.0600688
     46.000     0.11567D+02           0.8969187        -0.0656136         0.0569283        -0.0099090         0.0631627
     48.000     0.97027D+01           0.8833796        -0.1623091         0.0575518        -0.0116594         0.0595018
     50.000     0.69296D+01           0.7353632        -0.2520166         0.0474246        -0.0125276         0.0436704
     52.000     0.48035D+01           0.5901032        -0.2478427         0.0186945        -0.0093373         0.0093616
     54.000     0.39217D+01           0.5542003        -0.0682451        -0.0140264        -0.0005017        -0.0229127
     56.000     0.39639D+01           0.6405588         0.1343853        -0.0184421         0.0073796        -0.0203430
     58.000     0.42411D+01           0.7794112         0.2145069        -0.0006015         0.0102234         0.0042255
     60.000     0.42304D+01           0.8795644         0.2016843         0.0211111         0.0100522         0.0296906
     62.000     0.37910D+01           0.8873897         0.1468581         0.0372326         0.0088512         0.0461395
     64.000     0.30880D+01           0.8100777         0.0849260         0.0417473         0.0077117         0.0469157
     66.000     0.23819D+01           0.6972162         0.0506190         0.0298371         0.0075706         0.0266643
     68.000     0.18533D+01           0.6028187         0.0807181         0.0006389         0.0093046        -0.0144427
     70.000     0.15426D+01           0.5554091         0.1786789        -0.0327905         0.0127660        -0.0585396
     72.000     0.13837D+01           0.5494243         0.2879645        -0.0492635         0.0163071        -0.0794257
     74.000     0.12794D+01           0.5583136         0.3527961        -0.0442149         0.0184579        -0.0732978
     76.000     0.11607D+01           0.5547373         0.3645235        -0.0268380         0.0189917        -0.0529163
     78.000     0.10060D+01           0.5249269         0.3398709        -0.0074664         0.0182798        -0.0316678
     80.000     0.83282D+00           0.4729598         0.3009620         0.0036418         0.0167244        -0.0223710
     82.000     0.67034D+00           0.4131142         0.2713613        -0.0000191         0.0148028        -0.0326199
     84.000     0.53936D+00           0.3596880         0.2722760        -0.0189106         0.0131825        -0.0620873
     86.000     0.44621D+00           0.3211257         0.3122105        -0.0476300         0.0125140        -0.1027473
     88.000     0.38332D+00           0.2969297         0.3754547        -0.0722798         0.0129640        -0.1364597
     90.000     0.33748D+00           0.2806712         0.4335771        -0.0816676         0.0139903        -0.1499858
     92.000     0.29791D+00           0.2653558         0.4674505        -0.0761499         0.0147705        -0.1448259
     94.000     0.25843D+00           0.2459516         0.4730228        -0.0602629         0.0147185        -0.1272091
     96.000     0.21861D+00           0.2218031         0.4577320        -0.0424770         0.0135340        -0.1080498
     98.000     0.18143D+00           0.1958132         0.4340361        -0.0329683         0.0111717        -0.0998617
    100.000     0.14939D+00           0.1711397         0.4152796        -0.0351927         0.0079503        -0.1065628
    102.000     0.12401D+00           0.1504797         0.4142056        -0.0499039         0.0045166        -0.1287854
    104.000     0.10519D+00           0.1349275         0.4341828        -0.0737479         0.0016643        -0.1616218
    106.000     0.91223D-01           0.1234527         0.4670807        -0.0955606        -0.0001153        -0.1909388
    108.000     0.80348D-01           0.1145004         0.5022672        -0.1088927        -0.0009098        -0.2093068
    110.000     0.70884D-01           0.1061723         0.5282249        -0.1109350        -0.0011611        -0.2134435
    112.000     0.61703D-01           0.0969630         0.5396556        -0.1004609        -0.0013931        -0.2021267
    114.000     0.52776D-01           0.0868567         0.5398533        -0.0855546        -0.0021785        -0.1859931
    116.000     0.44437D-01           0.0764591         0.5321647        -0.0729254        -0.0041019        -0.1733954
    118.000     0.37133D-01           0.0666848         0.5216780        -0.0639063        -0.0076901        -0.1659215
    120.000     0.31264D-01           0.0585011         0.5135106        -0.0649086        -0.0131398        -0.1706026
    122.000     0.26841D-01           0.0522494         0.5080071        -0.0767980        -0.0194556        -0.1860712
    124.000     0.23650D-01           0.0478153         0.5100406        -0.0936463        -0.0246232        -0.2046473
    126.000     0.21247D-01           0.0445472         0.5215111        -0.1136164        -0.0273669        -0.2259088
    128.000     0.19156D-01           0.0415868         0.5381897        -0.1293547        -0.0273481        -0.2425049
    130.000     0.17066D-01           0.0383025         0.5611613        -0.1331423        -0.0253353        -0.2486879
    132.000     0.14774D-01           0.0342313         0.5848396        -0.1273259        -0.0243555        -0.2494196
    134.000     0.12509D-01           0.0298764         0.6015600        -0.1149984        -0.0275568        -0.2454529
    136.000     0.10662D-01           0.0262116         0.6110529        -0.1005277        -0.0362018        -0.2376659
    138.000     0.92950D-02           0.0234887         0.5985605        -0.0909399        -0.0491825        -0.2261382
    140.000     0.84151D-02           0.0218275         0.5578590        -0.0898013        -0.0603899        -0.2083756
    142.000     0.78929D-02           0.0209856         0.5199341        -0.0999309        -0.0629109        -0.1994065
    144.000     0.74074D-02           0.0201602         0.5046908        -0.1150465        -0.0571518        -0.2068844
    146.000     0.68208D-02           0.0189770         0.5181083        -0.1201685        -0.0479193        -0.2211536
    148.000     0.60080D-02           0.0170649         0.5633584        -0.1133971        -0.0450477        -0.2441905
    150.000     0.49906D-02           0.0144522         0.6243044        -0.1085522        -0.0611975        -0.2782398
    152.000     0.41738D-02           0.0123069         0.6730717        -0.1211530        -0.1005981        -0.3084495
    154.000     0.37851D-02           0.0113495         0.6712998        -0.1603514        -0.1455262        -0.3155025
    156.000     0.38384D-02           0.0116888         0.5940831        -0.2067177        -0.1591886        -0.2828783
    158.000     0.42569D-02           0.0131488         0.4961616        -0.2098679        -0.1255041        -0.2284379
    160.000     0.46255D-02           0.0144733         0.4402122        -0.1549495        -0.0755888        -0.1915977
    162.000     0.47039D-02           0.0148916         0.4249672        -0.0482440        -0.0383513        -0.1763342
    164.000     0.45494D-02           0.0145536         0.4353934         0.1040167        -0.0410848        -0.1771586
    166.000     0.40619D-02           0.0131139         0.4520447         0.2611066        -0.1244719        -0.1934501
    168.000     0.34736D-02           0.0113041         0.4310096         0.2936284        -0.3273676        -0.2104779
    170.000     0.33452D-02           0.0109599         0.3137542         0.0288308        -0.5714567        -0.1911262
    172.000     0.38283D-02           0.0126116         0.1470122        -0.4530688        -0.6727383        -0.1305182
    174.000     0.48669D-02           0.0161018         0.0334891        -0.9120557        -0.5798736        -0.0686521
    176.000     0.61659D-02           0.0204617        -0.0072459        -1.1798942        -0.3893126        -0.0303112
    178.000     0.70283D-02           0.0233661        -0.0113833        -1.2908968        -0.1931522        -0.0085534
    180.000     0.72588D-02           0.0241472         0.0000000        -1.3213671         0.0000000         0.0000000


 *** WORKSPACE USED IN THIS COMPUTATION     13739  ***            34986261 MEMORIES NOT USED.

  End time: 17:28.29 (22-02-2024)

  Calculation time:     1 min 26 s
