
  End time: 17:45.49 (22-02-2024)

  Calculation time:     1 min  9 s
1                    E. C. I. S. CODE FOR COUPLED CHANNELS CALCULATIONS ( 2006 ) WORKING FIELD LENGTH =  35000000

                        TO OBTAIN THE INPUT DESCRIPTION, PUNCH 'DESCRIPTION ' IN COLUMNS 1-12 OF THE FIRST CARD.


  1 F - ROTATIONAL MODEL-(.F.: VIBRATIONAL MODEL).         | 54 F - OUTPUT OF THE LENGTH USED IN THE WORKING FIELD.
  2 F - SECOND ORDER VIBRATIONAL MODEL-(.F.: FIRST ORDER)  | 55 F - OUTPUT OF C-MATRIX ELEMENTS AND COMPOUND NUCLEUS
        OR CONSTRAINED ASYMMETRIC ROTATIONAL MODEL.        |        INTERMEDIATE RESULTS.
  3 F - ANHARMONIC VIBRATIONAL MODEL-(.F.: HARMONIC) OR    | 56 T - OUTPUT OF S-MATRIX ELEMENTS.
        ASYMMETRIC ROTATIONAL MODEL-(.F.: SYMMETRIC).      | 57 F - OUTPUT OF PHASE-SHIFTS AT EACH E.C.I.S. ITERATION.
  4 F - PARAMETRISED SPIN-ORBIT DEFORMATION-(.F.:STANDARD) | 58 F - OUTPUT OF THE COEFFICIENTS OF EACH FORM FACTOR
  5 F - DIFFERENT DEFORMATION FOR EACH POTENTIAL(.F.: SAME)|        FOR ALL SETS OF EQUATIONS.
  6 F - USE OF DEFORMATION LENGTHS.                        | 59 T - TOTAL ELASTIC REACTION CROSS-SECTIONS WRITTEN ON
  7 F - NUCLEAR MATRIX ELEMENTS AND FORM FACTORS ON CARDS. |        FILE 58 AND TOTAL INELASTIC REACTION
  8 F - RELATIVISTIC KINEMATICS.                           |        CROSS-SECTIONS ON FILE 59.
  9 F - SYMMETRISED WOODS-SAXON FORM FOR NEGATIVE RADII.   | 60 T - S-MATRIX ELEMENTS WRITTEN ON FILE 60.
 10 F - DISPERSION RELATIONS FOR POTENTIALS.               |
                                                           | 61 F - REDUCED NUCLEAR MATRIX ELEMENTS WRITTEN ON FILE 61.
 11 T - DEFORMED COULOMB POTENTIAL.                        | 62 F - POTENTIALS WRITTEN ON FILE 62.
 12 T - DEFORMED IMAGINARY POTENTIAL.                      | 63 T - PENETRABILITIES WRITTEN ON FILE 63.
 13 F - DEFORMED REAL SPIN-ORBIT/TENSOR POTENTIAL.         | 64 T - RESULTS FOR EXPERIMENTAL DATA ON FILE 64
 14 F - DEFORMED IMAGINARY SPIN-ORBIT/TENSOR POTENTIAL.    |        AND AT EQUIDISTANT ANGLES WRITTEN ON FILE 66.
 15 F - REDUCED NUCLEAR MATRIX ELEMENTS READ FROM CARDS.   | 65 T - LEGENDRE EXPANSION FOR CROSS-SECTIONS WRITTEN ON
 16 F - HEAVY-ION DEFINITION OF RADII AND DEFORMATIONS.    |        FILE 65.
 17 F - FOLDING MODEL.                                     | 66 F - NO CALCULATION AT EQUIDISTANT ANGLES.
 18 F - PROJECTILE-TARGET ANTISYMMETRISATION.              | 67 T - NO PLOT OF EXPERIMENTAL DATA.
 19 F - DEFORMED COULOMB SPIN-ORBIT POTENTIAL.             | 68 T - NO PLOT OF CROSS-SECTIONS AT EQUIDISTANT ANGLES.
 20 F - DISPERSION RELATIONS FOR TRANSITION FORM-FACTORS.  | 69 T - NO PLOT OF POLARISATIONS AT EQUIDISTANT ANGLES.
                                                           |
 21 F - USUAL COUPLED EQUATIONS-(.F.: ITERATIONS).         | 71 F - NO DETAILED OUTPUT OF LOGICAL CONTROLS.
 22 F - NO USE OF PADE FOR CONVERGENCE OF THE ITERATIONS.  | 72 T - NO OUTPUT OF EXPERIMENTAL DATA AS THEY ARE READ.
 23 T - NO USE OF PADE WITHOUT CONVERGENCE.                | 73 T - NO OUTPUT OF EXTERNAL POTENTIALS AS THEY ARE READ.
 24 F - COUPLING POTENTIALS COMPUTED AT EACH ITERATION.    | 74 F - OUTPUT OF VARIATIONS IN STORAGE.
 25 F - COMPLETE CALCULATION UP TO THE END-(.F.: ONE ITE-  | 75 T - NO COMPLETE OUTPUT AT THE FIRST RUN OF A SEARCH.
        RATION ONLY AS SOON AS TWO ITERATIONS ARE ENOUGH). | 76 F - LO(51) TO LO(65) ARE ALWAYS USED-(.F.: ONLY FOR
 26 F - INTEGRATION STABILISED FOR LONG RANGE POTENTIAL.   |        COMPLETE OUTPUT)
 27 F - NUMEROV'S METHOD FOR SINGLE EQUATIONS-(.F.: MODI-  | 77 F - OUTPUT OF TIME DIFFERENCES DURING THE SEARCH.
        FIED NUMEROV'S METHOD).                            | 78 F - OUTPUT OF DIFFERENCES BETWEEN EXPERIMENTAL
 28 T - COMPUTATION UP TO J-CONVERGENCE-(.F.: STOP WHEN    |        AND CALCULATED VALUES.
        ALL THE INHOMOGENEOUS TERMS ARE NEGLIGIBLE).       |
 29 F - NO DIAGONAL TERM IN SECOND MEMBERS.                | 81 F - HAUSER-FESHBACH CORRECTIONS TO CROSS-SECTIONS.
 30 T - PURE DWBA CALCULATION.                             | 82 F - SIMPLEST COMPOUND NUCLEUS FORMALISM.
                                                           | 83 T - NO ENGELBRETCH-WEIDENMULLER TRANSFORMATION IN
 31 F - INPUT OF EXPERIMENTAL DATA AND CHI2 CALCULATION.   |        IN COMPOUND NUCLEUS.
 32 F - AUTOMATIC SEARCH ON SOME PARAMETERS.               | 84 F - UNCOUPLED LEVELS FOR COMPOUND NUCLEUS.
 33 F - SYMMETRISED CHI2 FOR CROSS-SECTIONS.               | 85 F - FISSION DATA IN COMPOUND NUCLEUS.
 34 F - NEXT CALCULATION CHANGING ENERGY AND/OR SOME       | 86 F - GAMMA EMISSION DATA IN COMPOUND NUCLEUS.
        PARAMETERS.                                        | 87 F - NO WIDTH FLUCTUATIONS.
 35 F - SEARCH SAVED ON TAPE 8 IF ENDED OR LACK OF TIME.   |
 36 F - RESTART A SEARCH FROM TAPE 8.                      | 91 F - EQUIDISTANT ANGLES IN THE LABORATORY SYSTEM.
                                                           | 92 F - NON STANDARD OBSERVABLES AT EQUIDISTANT ANGLES.
 41 F - FACTORISATION OF 1/(1-COS(THETA)) IN AMPLITUDES.   | 93 F - NO RECOIL CORRECTION FOR REACTIONS.
 42 F - SCHMIDT'S ORTHOGONAL. IN USUAL COUPLED EQUATIONS.  | 94 F - NON RELATIVISTIC "REDUCED MASS" FOR DIRAC EQUATION.
 43 F - INTERPOLATION ON TOTAL SPIN.                       | 95 F - "REDUCED ENERGY" FOR NON COULOMB INTERACTION IN
 44 F - COULOMB CORRECTIONS.                               |        RELATIVISTIC SCHROEDINGER EQUATION OR USE OF REST
 45 F - ANGULAR MOMENTUM LIMIT FOR COULOMB CORRECTIONS.    |        MASS IN DIRAC EQUATION.
 46 F - RESTRICTED COULOMB CORRECTIONS.                    | 96 F - "REDUCED MASS" FOR COULOMB INTERACTION IN
 47 F - NO RECOIL CORRECTION FOR BOUND STATES.             |        RELATIVISTIC SCHROEDINGER EQUATION.
                                                           | 97 F - SAME REDUCED MASS FOR ALL THE STATES.
 51 F - OUTPUT OF POTENTIALS.                              | 98 F - Q ADDED TO THE MASS OF RESIDUAL NUCLEUS.
 52 F - OUTPUT OF REDUCED NUCLEAR MATRIX ELEMENTS.         | 99 F - SCHROEDINGER EQUIVALENT TO DIRAC EQUATION.
 53 F - OUTPUT OF THE NUMBER OF ITERATIONS.                |100 F - COMPLETE DIRAC EQUATION.
1
          **********************************************************************************
          *                                                                                *
          *      56.00000 MeV deuteron on  49TI: SPHERICAL OMP                             *
          *                                                                                *
          **********************************************************************************

 MAXIMUM NUMBER OF J    50  (MIN  0) STOP WHEN MAXIMUM S-MATRIX ELEMENT IS LESS THAN        0.1000D-04

 PLOT CONDITIONS FOR CROSS-SECTIONS    2    2     FOR POLARISATIONS    1    1

          ITERATION METHOD:  MAXIMUM NUMBER OF ITERATIONS         1
          CONVERGENCE CRITERION:     1.0000D-05 FOR S-MATRIX     1.0000D-05 FOR POTENTIALS AND FUNCTIONS.


 INDICATIONS FOR EXPANSION OF CROSS-SECTIONS IN LEGENDRE POLYNOMIALS:    2    0    0

 FIRST ORDER VIBRATIONAL MODEL.


 TARGET              MASS =  48.94787           PRODUCT OF CHARGES =   22.           AT**1/3 =   3.658008D+00
 INCIDENT PARTICLE   MASS =   2.01410      SPIN = 1.0   AP**1/3 =   1.262875D+00
          ENERGY(LAB) =   5.600000D+01 MEV          ENERGY(C. M.) =   5.378679D+01 MEV.

 N =  1 -   SPIN = 0.0+ EXCITATION ENERGY =  0.0000 MEV          POTENTIAL    1


 OPTICAL POTENTIALS  **  1 **     REDUCED RADIUS MULTIPLIED BY     3.658008D+00

      DEFORMED  VOLUME/SCALAR REAL POTENTIAL
 DEPTH   82.129520 MEV   RADIUS  4.206270 FERMI (REDUCED VALUE 1.149880)   DIFFUSENESS 0.765110 FERMI AT THE POWER (1+ 0.000000)

      DEFORMED  VOLUME/SCALAR IMAGINARY POTENTIAL
 DEPTH    4.587200 MEV   RADIUS  4.873381 FERMI (REDUCED VALUE 1.332250)   DIFFUSENESS 0.489070 FERMI AT THE POWER (1+ 0.000000)

      DEFORMED  SURFACE/VECTOR REAL POTENTIAL
 DEPTH    0.000000 MEV   RADIUS  0.000000 FERMI (REDUCED VALUE 0.000000)   DIFFUSENESS 0.000000 FERMI AT THE POWER (1+ 0.000000)

      DEFORMED  SURFACE/VECTOR IMAGINARY POTENTIAL
 DEPTH    9.116400 MEV   RADIUS  5.031736 FERMI (REDUCED VALUE 1.375540)   DIFFUSENESS 0.757880 FERMI AT THE POWER (1+ 0.000000)

  NOT DEFORMED  REAL SPIN-ORBIT/TENSOR POTENTIAL
 DEPTH    3.557000 MEV   RADIUS  3.555583 FERMI (REDUCED VALUE 0.972000)   DIFFUSENESS 1.011000 FERMI AT THE POWER (1+ 0.000000)

  NOT DEFORMED  IMAGINARY SPIN-ORBIT/TENSOR POTENTIAL
 DEPTH    0.000000 MEV   RADIUS  0.000000 FERMI (REDUCED VALUE 0.000000)   DIFFUSENESS 0.000000 FERMI AT THE POWER (1+ 0.000000)

      DEFORMED  COULOMB POTENTIAL
  CHARGE PRODUCT    22.  RADIUS  4.766384 FERMI (REDUCED VALUE 1.303000)   DIFFUSENESS 0.000000 FERMI AT THE POWER (1+ 0.000000)

  NOT DEFORMED  SPIN-ORBIT COULOMB POTENTIAL
 DEPTH    0.000000 MEV   RADIUS  0.000000 FERMI (REDUCED VALUE 0.000000)   DIFFUSENESS 0.000000 FERMI AT THE POWER (1+ 0.000000)
              THIRD CHARGE PARAMETER22.000000

 INTEGRATION STEP SIZE = 0.12232          MATCHING RADIUS =  40.000 FERMI

 SCATTERING ANGLES FROM  0.000 IN STEPS OF  2.000 UP TO 180.000 DEGREES   AVERAGED WITH +/-   0.000 DEGREES.


       2 SOLUTIONS         2 COUPLED EQUATIONS         5 INDEPENDENT AMPLITUDES.


 LEVEL       WAVE NUMBER  COULOMB PARAMETER   REDUCED MASS       REDUCED ENERGY     STEP SIZE
     1      2.2312113478      0.6570668530   1801.9747858074   1801.9747858074      0.1223241590
 MAXIMUM J-VALUE =  49.0                MAXIMUM SCATTERING COEFFICIENT AT THE END   0.538D-04
 MAXIMUM J-VALUE =  49.0                MAXIMUM SCATTERING COEFFICIENT AT THE END   0.482D-04
1 COEFFICIENTS OF LEGENDRE POLYNOMIALS DESCRIBING THE CROSS-SECTIONS.

 DIRECT INTERACTION FOR LEVEL 1 MULTIPLIED BY (1-COS(THETA))**( 2 ) 148 COEFFICIENTS
    L        C(L)              C(L+1)             C(L+2)             C(L+3)             C(L+4)
    0  -4.7085810031D-01   1.6204636595D-01  -2.4339309670D-02  -5.7596339260D-02  -1.8541793764D-02
    5   1.3561199101D-02   2.1103043566D-02   1.4173098718D-02   5.1213924437D-03  -1.0627011897D-03
   10  -3.6418439708D-03  -3.7366844359D-03  -2.3141041551D-03  -2.6657062035D-04   1.8051513583D-03
   15   3.6271606675D-03   4.3558365656D-03   3.3570745772D-03   2.0559468008D-04  -3.6541157117D-03
   20  -4.0778599161D-03  -2.2850070826D-05   4.6884125671D-03   4.7187231461D-03   1.4716615475D-04
   25  -5.2818520194D-03  -8.1245907572D-03  -7.6013349759D-03  -4.9746538240D-03  -1.9197122346D-03
   30   4.7641428105D-04   1.8752533306D-03   2.4111101220D-03   2.3872639481D-03   2.0793349653D-03
   35   1.6759707417D-03   1.2921124189D-03   9.7569877248D-04   7.2227405568D-04   5.3603410573D-04
   40   3.9951932528D-04   3.0604809259D-04   2.3652328430D-04   1.8626026760D-04   1.4952194771D-04
   45   1.2260274861D-04   1.0396529157D-04   8.9693816180D-05   8.1958437912D-05   6.8245526086D-05
   50   6.2388125157D-05   5.1423944962D-05   4.8204070709D-05   3.7726513269D-05   3.2400057294D-05
   55   2.8703700024D-05   2.4677288059D-05   1.9902339453D-05   1.5623197638D-05   1.4269318869D-05
   60   1.3812651068D-05   1.4197528789D-05   1.0031268633D-05   1.2702399850D-05   1.2134734825D-05
   65   9.0511853226D-06   6.8664194185D-06   5.5100731003D-06   4.5291468428D-06   3.7222580711D-06
   70   3.0261195510D-06   2.4199860292D-06   1.8814198573D-06   1.4091315899D-06   9.8921295559D-07
   75   6.1798791241D-07   2.8831860551D-07  -1.3367440914D-09  -2.6047618214D-07  -4.8675284110D-07
   80  -6.8692812232D-07  -8.6382027624D-07  -1.0178843731D-06  -1.1521411723D-06  -1.2712214515D-06
   85  -1.3717724433D-06  -1.4597491780D-06  -1.5358928494D-06  -1.5984787376D-06  -1.6529513121D-06
   90  -1.6972666240D-06  -1.7340720745D-06  -1.7619829987D-06  -1.7864893735D-06  -1.8006310317D-06
   95  -1.8149270146D-06  -1.8179372776D-06  -1.8253056674D-06  -1.8160290650D-06  -1.8233244585D-06
  100  -1.8096764361D-06  -1.7996900199D-06  -1.7874127855D-06  -1.7731193967D-06  -1.7570578913D-06
  105  -1.7394522390D-06  -1.7205046438D-06  -1.7003976157D-06  -1.6792958404D-06  -1.6573478636D-06
  110  -1.6346876125D-06  -1.6114357693D-06  -1.5877010122D-06  -1.5635811374D-06  -1.5391640745D-06
  115  -1.5145288045D-06  -1.4897461918D-06  -1.4648797380D-06  -1.4399862645D-06  -1.4151165319D-06
  120  -1.3903158019D-06  -1.3656243467D-06  -1.3410779125D-06  -1.3167081391D-06  -1.2925429420D-06
  125  -1.2686068597D-06  -1.2449213688D-06  -1.2215051709D-06  -1.1983744537D-06  -1.1755431281D-06
  130  -1.1530230442D-06  -1.1308241883D-06  -1.1089548610D-06  -1.0874218410D-06  -1.0662305327D-06
  135  -1.0453851016D-06  -1.0248885974D-06  -1.0047430657D-06  -9.8494965000D-07  -9.6550868498D-07
  140  -9.4641978072D-07  -9.2768189974D-07  -9.0929342731D-07  -8.9125223500D-07  -8.7355573907D-07
  145  -8.5620095303D-07  -8.3918453588D-07  -8.2250283569D-07
1       56.00000 MeV deuteron on  49TI: SPHERICAL OMP                         


 TOTAL REACTION CROSS SECTION =   1559.401051 MILLIBARNS.

 ELASTIC SCATTERING ON THE TARGET STATE OF SPIN =  0.0+

      ANGLE    CROSS-SECTION     C. S./RUTHER.     ASYM. OR IT11               T20               T21               T22  
      0.000     0.19384D+05        1938.4122452         0.0000000         0.0031407         0.0000000         0.0000000
      2.000     0.19618D+07           0.8394567        -0.0014024        -0.0001569         0.0000026        -0.0000068
      4.000     0.85889D+05           0.5876728         0.0150248        -0.0026450         0.0000911         0.0000692
      6.000     0.22756D+05           0.7874394         0.0553425        -0.0029776         0.0001066         0.0003703
      8.000     0.10918D+05           1.1923982         0.0631857        -0.0006244        -0.0000912         0.0006231
     10.000     0.47000D+04           1.2508394         0.0490690         0.0024407        -0.0004611         0.0010362
     12.000     0.14341D+04           0.7896363         0.0047480         0.0079338        -0.0012557         0.0015225
     14.000     0.20911D+03           0.2127502        -0.1528818         0.0204238        -0.0034127        -0.0068581
     16.000     0.36066D+02           0.0624075         0.3050720        -0.0872559         0.0117677        -0.1268759
     18.000     0.16094D+03           0.4445465         0.3293687        -0.0454391         0.0074719        -0.0355571
     20.000     0.22388D+03           0.9389123         0.2742970        -0.0341599         0.0066237        -0.0209939
     22.000     0.17241D+03           1.0541090         0.2533348        -0.0321722         0.0077301        -0.0150622
     24.000     0.81512D+02           0.7025212         0.2502810        -0.0350802         0.0113069        -0.0090217
     26.000     0.19790D+02           0.2337298         0.2584857        -0.0397829         0.0218156         0.0104912
     28.000     0.37381D+01           0.0590569        -0.1430059         0.0928772         0.0007696         0.0861686
     30.000     0.13083D+02           0.2707788        -0.1054199         0.0561535        -0.0219177         0.0023490
     32.000     0.22961D+02           0.6113284        -0.0809261         0.0295575        -0.0181946        -0.0136300
     34.000     0.22446D+02           0.7565040        -0.1387007         0.0183384        -0.0185071        -0.0245683
     36.000     0.14430D+02           0.6069171        -0.2803988         0.0066832        -0.0228792        -0.0449450
     38.000     0.67083D+01           0.3476205        -0.5364395        -0.0186114        -0.0324749        -0.0871047
     40.000     0.41161D+01           0.2597844        -0.4748253        -0.0378896        -0.0298702        -0.0854163
     42.000     0.62964D+01           0.4789942        -0.0297441         0.0012147        -0.0107737         0.0008983
     44.000     0.99762D+01           0.9061276         0.0717168         0.0277879        -0.0051915         0.0384659
     46.000     0.12121D+02           1.3031123         0.0422423         0.0418727        -0.0048205         0.0531006
     48.000     0.11667D+02           1.4727718        -0.0256671         0.0499333        -0.0057404         0.0592403
     50.000     0.94076D+01           1.3841876        -0.1052109         0.0515889        -0.0066534         0.0574594
     52.000     0.68186D+01           1.1614010        -0.1613298         0.0412422        -0.0060900         0.0418370
     54.000     0.49817D+01           0.9760834        -0.1239118         0.0139057        -0.0019474         0.0085071
     56.000     0.41779D+01           0.9360856         0.0319476        -0.0155002         0.0053608        -0.0231909
     58.000     0.40614D+01           1.0348640         0.1870303        -0.0230059         0.0111943        -0.0277572
     60.000     0.40979D+01           1.1813081         0.2533910        -0.0110604         0.0134815        -0.0113863
     62.000     0.39210D+01           1.2725427         0.2475616         0.0073149         0.0135391         0.0101353
     64.000     0.34490D+01           1.2544508         0.2052037         0.0227528         0.0127327         0.0260160
     66.000     0.28094D+01           1.1401828         0.1554000         0.0283377         0.0118897         0.0281671
     68.000     0.21875D+01           0.9865592         0.1265104         0.0194683         0.0116851         0.0113619
     70.000     0.17103D+01           0.8537983         0.1463315        -0.0049382         0.0127091        -0.0247098
     72.000     0.14069D+01           0.7745685         0.2209872        -0.0361546         0.0149799        -0.0675050
     74.000     0.12310D+01           0.7447662         0.3141216        -0.0565256         0.0176009        -0.0944796
     76.000     0.11122D+01           0.7370349         0.3801874        -0.0583110         0.0195061        -0.0973621
     78.000     0.99705D+00           0.7213189         0.4038751        -0.0467457         0.0202682        -0.0841408
     80.000     0.86340D+00           0.6798372         0.3931945        -0.0292929         0.0199640        -0.0649038
     82.000     0.71845D+00           0.6138920         0.3637424        -0.0149097         0.0187503        -0.0511286
     84.000     0.58127D+00           0.5374605         0.3340088        -0.0120273         0.0168379        -0.0530174
     86.000     0.46672D+00           0.4657054         0.3222009        -0.0230570         0.0146701        -0.0728351
     88.000     0.38105D+00           0.4092463         0.3405107        -0.0458477         0.0128737        -0.1068160
     90.000     0.32113D+00           0.3702962         0.3857444        -0.0722038         0.0119919        -0.1434859
     92.000     0.27800D+00           0.3433173         0.4392853        -0.0895046         0.0121030        -0.1670779
     94.000     0.24336D+00           0.3211271         0.4820682        -0.0932997         0.0126992        -0.1732431
     96.000     0.21151D+00           0.2975449         0.5037042        -0.0858299         0.0130677        -0.1657383
     98.000     0.18005D+00           0.2694183         0.5036197        -0.0699706         0.0126571        -0.1487151
    100.000     0.15023D+00           0.2386123         0.4881446        -0.0538546         0.0110575        -0.1324431
    102.000     0.12398D+00           0.2085803         0.4661217        -0.0462931         0.0080934        -0.1272474
    104.000     0.10237D+00           0.1820654         0.4492550        -0.0497802         0.0040997        -0.1355116
    106.000     0.85813D-01           0.1610159         0.4483465        -0.0653027        -0.0000894        -0.1578552
    108.000     0.73364D-01           0.1449557         0.4635491        -0.0884751        -0.0034996        -0.1880775
    110.000     0.63650D-01           0.1321833         0.4903682        -0.1090404        -0.0054140        -0.2139320
    112.000     0.55675D-01           0.1213046         0.5232846        -0.1221905        -0.0058542        -0.2311922
    114.000     0.48479D-01           0.1106213         0.5510584        -0.1254444        -0.0057722        -0.2375956
    116.000     0.41705D-01           0.0994921         0.5678100        -0.1165105        -0.0061790        -0.2302672
    118.000     0.35512D-01           0.0884206         0.5719255        -0.1004509        -0.0078761        -0.2150978
    120.000     0.29972D-01           0.0777601         0.5589790        -0.0840010        -0.0116032        -0.1984755
    122.000     0.25372D-01           0.0684778         0.5373362        -0.0721955        -0.0168837        -0.1848109
    124.000     0.21786D-01           0.0610730         0.5217570        -0.0709920        -0.0220849        -0.1818783
    126.000     0.18839D-01           0.0547649         0.5114477        -0.0795023        -0.0263360        -0.1888644
    128.000     0.16384D-01           0.0493145         0.5125223        -0.0949907        -0.0291061        -0.2042132
    130.000     0.14302D-01           0.0445067         0.5345882        -0.1158608        -0.0306974        -0.2308605
    132.000     0.12403D-01           0.0398434         0.5640328        -0.1322633        -0.0334785        -0.2568762
    134.000     0.10827D-01           0.0358536         0.5895093        -0.1382126        -0.0389055        -0.2706664
    136.000     0.96140D-02           0.0327709         0.6050578        -0.1397873        -0.0462157        -0.2760320
    138.000     0.86260D-02           0.0302232         0.5963516        -0.1373517        -0.0532630        -0.2687755
    140.000     0.78733D-02           0.0283155         0.5730884        -0.1280664        -0.0560850        -0.2473244
    142.000     0.72015D-02           0.0265477         0.5571843        -0.1172859        -0.0536158        -0.2281519
    144.000     0.64465D-02           0.0243260         0.5476321        -0.1048901        -0.0486704        -0.2151258
    146.000     0.56394D-02           0.0217540         0.5540560        -0.0883224        -0.0455772        -0.2098312
    148.000     0.47190D-02           0.0185838         0.5877102        -0.0743717        -0.0538115        -0.2228273
    150.000     0.38360D-02           0.0154021         0.6238405        -0.0756177        -0.0836654        -0.2465255
    152.000     0.33424D-02           0.0136647         0.6297144        -0.1072938        -0.1276635        -0.2627626
    154.000     0.32373D-02           0.0134585         0.5902600        -0.1689000        -0.1580160        -0.2669072
    156.000     0.34253D-02           0.0144624         0.5090928        -0.2248052        -0.1507680        -0.2535475
    158.000     0.38079D-02           0.0163077         0.4475907        -0.2250653        -0.1094750        -0.2333308
    160.000     0.40341D-02           0.0175015         0.4360327        -0.1656627        -0.0647476        -0.2250990
    162.000     0.39933D-02           0.0175279         0.4449100        -0.0573764        -0.0381114        -0.2259922
    164.000     0.37495D-02           0.0166307         0.4635019         0.0895706        -0.0529759        -0.2345504
    166.000     0.31991D-02           0.0143204         0.4863411         0.2391176        -0.1487802        -0.2563568
    168.000     0.26325D-02           0.0118782         0.4541137         0.2605259        -0.3658479        -0.2721617
    170.000     0.25219D-02           0.0114560         0.3202065        -0.0165879        -0.6046803        -0.2344094
    172.000     0.28596D-02           0.0130615         0.1526803        -0.4939430        -0.6898174        -0.1527102
    174.000     0.35745D-02           0.0163965         0.0222502        -0.9546189        -0.5874504        -0.0777325
    176.000     0.44913D-02           0.0206651        -0.0243383        -1.2135124        -0.3911658        -0.0345062
    178.000     0.50512D-02           0.0232836        -0.0173752        -1.3151151        -0.1955468        -0.0102014
    180.000     0.51687D-02           0.0238397         0.0000000        -1.3440972         0.0000000         0.0000000


 *** WORKSPACE USED IN THIS COMPUTATION     13399  ***            34986601 MEMORIES NOT USED.

  End time: 17:45.49 (22-02-2024)

  Calculation time:     1 min  9 s
