
  End time: 16:00.51 (21-02-2024)

  Calculation time:     2 min  4 s
1                    E. C. I. S. CODE FOR COUPLED CHANNELS CALCULATIONS ( 2006 ) WORKING FIELD LENGTH =  35000000

                        TO OBTAIN THE INPUT DESCRIPTION, PUNCH 'DESCRIPTION ' IN COLUMNS 1-12 OF THE FIRST CARD.


  1 F - ROTATIONAL MODEL-(.F.: VIBRATIONAL MODEL).         | 54 F - OUTPUT OF THE LENGTH USED IN THE WORKING FIELD.
  2 F - SECOND ORDER VIBRATIONAL MODEL-(.F.: FIRST ORDER)  | 55 F - OUTPUT OF C-MATRIX ELEMENTS AND COMPOUND NUCLEUS
        OR CONSTRAINED ASYMMETRIC ROTATIONAL MODEL.        |        INTERMEDIATE RESULTS.
  3 F - ANHARMONIC VIBRATIONAL MODEL-(.F.: HARMONIC) OR    | 56 T - OUTPUT OF S-MATRIX ELEMENTS.
        ASYMMETRIC ROTATIONAL MODEL-(.F.: SYMMETRIC).      | 57 F - OUTPUT OF PHASE-SHIFTS AT EACH E.C.I.S. ITERATION.
  4 F - PARAMETRISED SPIN-ORBIT DEFORMATION-(.F.:STANDARD) | 58 F - OUTPUT OF THE COEFFICIENTS OF EACH FORM FACTOR
  5 F - DIFFERENT DEFORMATION FOR EACH POTENTIAL(.F.: SAME)|        FOR ALL SETS OF EQUATIONS.
  6 F - USE OF DEFORMATION LENGTHS.                        | 59 T - TOTAL ELASTIC REACTION CROSS-SECTIONS WRITTEN ON
  7 F - NUCLEAR MATRIX ELEMENTS AND FORM FACTORS ON CARDS. |        FILE 58 AND TOTAL INELASTIC REACTION
  8 F - RELATIVISTIC KINEMATICS.                           |        CROSS-SECTIONS ON FILE 59.
  9 F - SYMMETRISED WOODS-SAXON FORM FOR NEGATIVE RADII.   | 60 T - S-MATRIX ELEMENTS WRITTEN ON FILE 60.
 10 F - DISPERSION RELATIONS FOR POTENTIALS.               |
                                                           | 61 F - REDUCED NUCLEAR MATRIX ELEMENTS WRITTEN ON FILE 61.
 11 T - DEFORMED COULOMB POTENTIAL.                        | 62 F - POTENTIALS WRITTEN ON FILE 62.
 12 T - DEFORMED IMAGINARY POTENTIAL.                      | 63 T - PENETRABILITIES WRITTEN ON FILE 63.
 13 F - DEFORMED REAL SPIN-ORBIT/TENSOR POTENTIAL.         | 64 T - RESULTS FOR EXPERIMENTAL DATA ON FILE 64
 14 F - DEFORMED IMAGINARY SPIN-ORBIT/TENSOR POTENTIAL.    |        AND AT EQUIDISTANT ANGLES WRITTEN ON FILE 66.
 15 F - REDUCED NUCLEAR MATRIX ELEMENTS READ FROM CARDS.   | 65 T - LEGENDRE EXPANSION FOR CROSS-SECTIONS WRITTEN ON
 16 F - HEAVY-ION DEFINITION OF RADII AND DEFORMATIONS.    |        FILE 65.
 17 F - FOLDING MODEL.                                     | 66 F - NO CALCULATION AT EQUIDISTANT ANGLES.
 18 F - PROJECTILE-TARGET ANTISYMMETRISATION.              | 67 T - NO PLOT OF EXPERIMENTAL DATA.
 19 F - DEFORMED COULOMB SPIN-ORBIT POTENTIAL.             | 68 T - NO PLOT OF CROSS-SECTIONS AT EQUIDISTANT ANGLES.
 20 F - DISPERSION RELATIONS FOR TRANSITION FORM-FACTORS.  | 69 T - NO PLOT OF POLARISATIONS AT EQUIDISTANT ANGLES.
                                                           |
 21 F - USUAL COUPLED EQUATIONS-(.F.: ITERATIONS).         | 71 F - NO DETAILED OUTPUT OF LOGICAL CONTROLS.
 22 F - NO USE OF PADE FOR CONVERGENCE OF THE ITERATIONS.  | 72 T - NO OUTPUT OF EXPERIMENTAL DATA AS THEY ARE READ.
 23 T - NO USE OF PADE WITHOUT CONVERGENCE.                | 73 T - NO OUTPUT OF EXTERNAL POTENTIALS AS THEY ARE READ.
 24 F - COUPLING POTENTIALS COMPUTED AT EACH ITERATION.    | 74 F - OUTPUT OF VARIATIONS IN STORAGE.
 25 F - COMPLETE CALCULATION UP TO THE END-(.F.: ONE ITE-  | 75 T - NO COMPLETE OUTPUT AT THE FIRST RUN OF A SEARCH.
        RATION ONLY AS SOON AS TWO ITERATIONS ARE ENOUGH). | 76 F - LO(51) TO LO(65) ARE ALWAYS USED-(.F.: ONLY FOR
 26 F - INTEGRATION STABILISED FOR LONG RANGE POTENTIAL.   |        COMPLETE OUTPUT)
 27 F - NUMEROV'S METHOD FOR SINGLE EQUATIONS-(.F.: MODI-  | 77 F - OUTPUT OF TIME DIFFERENCES DURING THE SEARCH.
        FIED NUMEROV'S METHOD).                            | 78 F - OUTPUT OF DIFFERENCES BETWEEN EXPERIMENTAL
 28 T - COMPUTATION UP TO J-CONVERGENCE-(.F.: STOP WHEN    |        AND CALCULATED VALUES.
        ALL THE INHOMOGENEOUS TERMS ARE NEGLIGIBLE).       |
 29 F - NO DIAGONAL TERM IN SECOND MEMBERS.                | 81 F - HAUSER-FESHBACH CORRECTIONS TO CROSS-SECTIONS.
 30 T - PURE DWBA CALCULATION.                             | 82 F - SIMPLEST COMPOUND NUCLEUS FORMALISM.
                                                           | 83 T - NO ENGELBRETCH-WEIDENMULLER TRANSFORMATION IN
 31 F - INPUT OF EXPERIMENTAL DATA AND CHI2 CALCULATION.   |        IN COMPOUND NUCLEUS.
 32 F - AUTOMATIC SEARCH ON SOME PARAMETERS.               | 84 F - UNCOUPLED LEVELS FOR COMPOUND NUCLEUS.
 33 F - SYMMETRISED CHI2 FOR CROSS-SECTIONS.               | 85 F - FISSION DATA IN COMPOUND NUCLEUS.
 34 F - NEXT CALCULATION CHANGING ENERGY AND/OR SOME       | 86 F - GAMMA EMISSION DATA IN COMPOUND NUCLEUS.
        PARAMETERS.                                        | 87 F - NO WIDTH FLUCTUATIONS.
 35 F - SEARCH SAVED ON TAPE 8 IF ENDED OR LACK OF TIME.   |
 36 F - RESTART A SEARCH FROM TAPE 8.                      | 91 F - EQUIDISTANT ANGLES IN THE LABORATORY SYSTEM.
                                                           | 92 F - NON STANDARD OBSERVABLES AT EQUIDISTANT ANGLES.
 41 F - FACTORISATION OF 1/(1-COS(THETA)) IN AMPLITUDES.   | 93 F - NO RECOIL CORRECTION FOR REACTIONS.
 42 F - SCHMIDT'S ORTHOGONAL. IN USUAL COUPLED EQUATIONS.  | 94 F - NON RELATIVISTIC "REDUCED MASS" FOR DIRAC EQUATION.
 43 F - INTERPOLATION ON TOTAL SPIN.                       | 95 F - "REDUCED ENERGY" FOR NON COULOMB INTERACTION IN
 44 F - COULOMB CORRECTIONS.                               |        RELATIVISTIC SCHROEDINGER EQUATION OR USE OF REST
 45 F - ANGULAR MOMENTUM LIMIT FOR COULOMB CORRECTIONS.    |        MASS IN DIRAC EQUATION.
 46 F - RESTRICTED COULOMB CORRECTIONS.                    | 96 F - "REDUCED MASS" FOR COULOMB INTERACTION IN
 47 F - NO RECOIL CORRECTION FOR BOUND STATES.             |        RELATIVISTIC SCHROEDINGER EQUATION.
                                                           | 97 F - SAME REDUCED MASS FOR ALL THE STATES.
 51 F - OUTPUT OF POTENTIALS.                              | 98 F - Q ADDED TO THE MASS OF RESIDUAL NUCLEUS.
 52 F - OUTPUT OF REDUCED NUCLEAR MATRIX ELEMENTS.         | 99 F - SCHROEDINGER EQUIVALENT TO DIRAC EQUATION.
 53 F - OUTPUT OF THE NUMBER OF ITERATIONS.                |100 F - COMPLETE DIRAC EQUATION.
1
          **********************************************************************************
          *                                                                                *
          *      56.00000 MeV deuteron on  91ZR: SPHERICAL OMP                             *
          *                                                                                *
          **********************************************************************************

 MAXIMUM NUMBER OF J    62  (MIN  0) STOP WHEN MAXIMUM S-MATRIX ELEMENT IS LESS THAN        0.1000D-04

 PLOT CONDITIONS FOR CROSS-SECTIONS    2    2     FOR POLARISATIONS    1    1

          ITERATION METHOD:  MAXIMUM NUMBER OF ITERATIONS         1
          CONVERGENCE CRITERION:     1.0000D-05 FOR S-MATRIX     1.0000D-05 FOR POTENTIALS AND FUNCTIONS.


 INDICATIONS FOR EXPANSION OF CROSS-SECTIONS IN LEGENDRE POLYNOMIALS:    2    0    0

 FIRST ORDER VIBRATIONAL MODEL.


 TARGET              MASS =  90.90565           PRODUCT OF CHARGES =   40.           AT**1/3 =   4.496386D+00
 INCIDENT PARTICLE   MASS =   2.01410      SPIN = 1.0   AP**1/3 =   1.262875D+00
          ENERGY(LAB) =   5.600000D+01 MEV          ENERGY(C. M.) =   5.478616D+01 MEV.

 N =  1 -   SPIN = 0.0+ EXCITATION ENERGY =  0.0000 MEV          POTENTIAL    1


 OPTICAL POTENTIALS  **  1 **     REDUCED RADIUS MULTIPLIED BY     4.496386D+00

      DEFORMED  VOLUME/SCALAR REAL POTENTIAL
 DEPTH   83.979050 MEV   RADIUS  5.172058 FERMI (REDUCED VALUE 1.150270)   DIFFUSENESS 0.775670 FERMI AT THE POWER (1+ 0.000000)

      DEFORMED  VOLUME/SCALAR IMAGINARY POTENTIAL
 DEPTH    4.587200 MEV   RADIUS  5.967469 FERMI (REDUCED VALUE 1.327170)   DIFFUSENESS 0.405210 FERMI AT THE POWER (1+ 0.000000)

      DEFORMED  SURFACE/VECTOR REAL POTENTIAL
 DEPTH    0.000000 MEV   RADIUS  0.000000 FERMI (REDUCED VALUE 0.000000)   DIFFUSENESS 0.000000 FERMI AT THE POWER (1+ 0.000000)

      DEFORMED  SURFACE/VECTOR IMAGINARY POTENTIAL
 DEPTH    9.116400 MEV   RADIUS  6.150112 FERMI (REDUCED VALUE 1.367790)   DIFFUSENESS 0.809870 FERMI AT THE POWER (1+ 0.000000)

  NOT DEFORMED  REAL SPIN-ORBIT/TENSOR POTENTIAL
 DEPTH    3.557000 MEV   RADIUS  4.370488 FERMI (REDUCED VALUE 0.972000)   DIFFUSENESS 1.011000 FERMI AT THE POWER (1+ 0.000000)

  NOT DEFORMED  IMAGINARY SPIN-ORBIT/TENSOR POTENTIAL
 DEPTH    0.000000 MEV   RADIUS  0.000000 FERMI (REDUCED VALUE 0.000000)   DIFFUSENESS 0.000000 FERMI AT THE POWER (1+ 0.000000)

      DEFORMED  COULOMB POTENTIAL
  CHARGE PRODUCT    40.  RADIUS  5.858791 FERMI (REDUCED VALUE 1.303000)   DIFFUSENESS 0.000000 FERMI AT THE POWER (1+ 0.000000)

  NOT DEFORMED  SPIN-ORBIT COULOMB POTENTIAL
 DEPTH    0.000000 MEV   RADIUS  0.000000 FERMI (REDUCED VALUE 0.000000)   DIFFUSENESS 0.000000 FERMI AT THE POWER (1+ 0.000000)
              THIRD CHARGE PARAMETER40.000000

 INTEGRATION STEP SIZE = 0.10127          MATCHING RADIUS =  40.000 FERMI

 SCATTERING ANGLES FROM  0.000 IN STEPS OF  2.000 UP TO 180.000 DEGREES   AVERAGED WITH +/-   0.000 DEGREES.


       2 SOLUTIONS         2 COUPLED EQUATIONS         5 INDEPENDENT AMPLITUDES.


 LEVEL       WAVE NUMBER  COULOMB PARAMETER   REDUCED MASS       REDUCED ENERGY     STEP SIZE
     1      2.2726678265      1.1946670055   1835.4559391648   1835.4559391648      0.1012658228
 MAXIMUM J-VALUE =  60.0                MAXIMUM SCATTERING COEFFICIENT AT THE END   0.851D-05
 MAXIMUM J-VALUE =  61.0                MAXIMUM SCATTERING COEFFICIENT AT THE END   0.794D-05
1 COEFFICIENTS OF LEGENDRE POLYNOMIALS DESCRIBING THE CROSS-SECTIONS.

 DIRECT INTERACTION FOR LEVEL 1 MULTIPLIED BY (1-COS(THETA))**( 2 ) 184 COEFFICIENTS
    L        C(L)              C(L+1)             C(L+2)             C(L+3)             C(L+4)
    0  -2.4661945426D+00   1.1810534387D-01   1.2548392444D-02   1.1050054237D-02   3.0915034910D-02
    5   3.0381704341D-02   1.8809332221D-02   6.7521712206D-03   9.2107973338D-04  -8.3137852571D-04
   10   2.7677966738D-04   1.4815054137D-03   2.5298354820D-03   2.7429133430D-03   2.5224066108D-03
   15   1.8108356430D-03   9.2103637781D-04   1.6256196630D-04  -1.8180030031D-04   4.4711904998D-04
   20   2.2170557342D-03   4.7527531199D-03   6.5961235896D-03   6.0912333495D-03   3.1330238069D-03
   25   3.8593782190D-04   5.6335780673D-04   1.1786145459D-03   5.6198772085D-04  -2.4336038585D-03
   30  -5.7044583519D-03  -7.2672609181D-03  -6.5554322991D-03  -4.3092890506D-03  -1.6651173592D-03
   35   5.3533963244D-04   1.9493636368D-03   2.6098593915D-03   2.7210853828D-03   2.5112486054D-03
   40   2.1569929813D-03   1.7731240693D-03   1.4192119053D-03   1.1184724561D-03   8.7441660292D-04
   45   6.8181344568D-04   5.3387109114D-04   4.1535987962D-04   3.2264071439D-04   2.5082343961D-04
   50   1.9344562493D-04   1.4545995381D-04   1.0685189307D-04   7.4436605349D-05   4.8364017630D-05
   55   2.6496679491D-05   8.1274394010D-06  -7.2632881340D-06  -1.9885390508D-05  -3.1146954840D-05
   60  -4.0210233811D-05  -4.7299207910D-05  -5.0882864026D-05  -5.7597741359D-05  -6.0973947822D-05
   65  -6.3329733399D-05  -6.4597386405D-05  -6.5751009225D-05  -6.6445067213D-05  -6.7079060513D-05
   70  -6.6977152222D-05  -6.6838685200D-05  -6.5215422013D-05  -6.4574902679D-05  -6.4240458857D-05
   75  -6.3328601134D-05  -6.0517631678D-05  -5.9367953994D-05  -5.8317409236D-05  -5.6644244494D-05
   80  -5.4927531596D-05  -5.3245590114D-05  -5.1578231945D-05  -4.9915057628D-05  -4.8257611193D-05
   85  -4.6611317454D-05  -4.4982980285D-05  -4.3378363020D-05  -4.1802326026D-05  -4.0258744866D-05
   90  -3.8749560728D-05  -3.7278342279D-05  -3.5845176445D-05  -3.4452076082D-05  -3.3099442258D-05
   95  -3.1787851442D-05  -3.0517014235D-05  -2.9287477674D-05  -2.8098448615D-05  -2.6949838879D-05
  100  -2.5840581544D-05  -2.4770960719D-05  -2.3739048843D-05  -2.2744823329D-05  -2.1787184876D-05
  105  -2.0865280114D-05  -1.9977578688D-05  -1.9124234331D-05  -1.8303114364D-05  -1.7513867288D-05
  110  -1.6755171721D-05  -1.6026548794D-05  -1.5326061658D-05  -1.4653812624D-05  -1.4007971372D-05
  115  -1.3388281493D-05  -1.2793009219D-05  -1.2222314049D-05  -1.1674113644D-05  -1.1148748091D-05
  120  -1.0644067146D-05  -1.0160999249D-05  -9.6965483046D-06  -9.2520030480D-06  -8.8254124842D-06
  125  -8.4164651619D-06  -8.0244127667D-06  -7.6485887186D-06  -7.2883498761D-06  -6.9430760887D-06
  130  -6.6121697058D-06  -6.2950550491D-06  -5.9911778598D-06  -5.7000047228D-06  -5.4210224785D-06
  135  -5.1537376240D-06  -4.8976757091D-06  -4.6523807324D-06  -4.4174145367D-06  -4.1923562117D-06
  140  -3.9768015013D-06  -3.7703622208D-06  -3.5726656835D-06  -3.3833541392D-06  -3.2020842252D-06
  145  -3.0285264301D-06  -2.8623645721D-06  -2.7032952911D-06  -2.5510275559D-06  -2.4052821859D-06
  150  -2.2657913881D-06  -2.1322983088D-06  -2.0045566004D-06  -1.8823300027D-06  -1.7653919390D-06
  155  -1.6535251266D-06  -1.5465212012D-06  -1.4441803554D-06  -1.3463109899D-06  -1.2527293792D-06
  160  -1.1632593489D-06  -1.0777319658D-06  -9.9598524040D-07  -9.1786384076D-07  -8.4321881761D-07
  165  -7.7190734077D-07  -7.0379244589D-07  -6.3874279166D-07  -5.7663242629D-07  -5.1734056440D-07
  170  -4.6075137226D-07  -4.0675376234D-07  -3.5524119609D-07  -3.0611149497D-07  -2.5926665927D-07
  175  -2.1461269455D-07  -1.7205944518D-07  -1.3152043513D-07  -9.2912714860D-08  -5.6156715318D-08
  180  -2.1176107500D-08   1.2102331741D-08   4.3748848498D-08   7.3830834959D-08
1       56.00000 MeV deuteron on  91ZR: SPHERICAL OMP                         


 TOTAL REACTION CROSS SECTION =   2084.231529 MILLIBARNS.

 ELASTIC SCATTERING ON THE TARGET STATE OF SPIN =  0.0+

      ANGLE    CROSS-SECTION     C. S./RUTHER.     ASYM. OR IT11               T20               T21               T22  
      0.000     0.18236D+05        1823.6149776         0.0000000         0.0006320         0.0000000         0.0000000
      2.000     0.75276D+07           1.0109182        -0.0013209        -0.0000357         0.0000006        -0.0000058
      4.000     0.33538D+06           0.7202030         0.0000743        -0.0000642         0.0000035         0.0000381
      6.000     0.62276D+05           0.6763305         0.0237485         0.0008385        -0.0000393         0.0002984
      8.000     0.20985D+05           0.7192555         0.0326503         0.0015099        -0.0001116         0.0001968
     10.000     0.62200D+04           0.5195364         0.0214012         0.0004207        -0.0001100        -0.0010124
     12.000     0.13782D+04           0.2381659         0.0192729        -0.0085512         0.0005435        -0.0056557
     14.000     0.69404D+03           0.2216170         0.1222666        -0.0166190         0.0016763        -0.0049769
     16.000     0.87523D+03           0.4753160         0.1214390        -0.0045629         0.0007717         0.0024573
     18.000     0.75761D+03           0.6567734         0.0797935         0.0040443        -0.0001299         0.0069855
     20.000     0.39754D+03           0.5232398         0.0100067         0.0132938        -0.0014223         0.0113104
     22.000     0.11074D+03           0.2124927        -0.1599335         0.0260710        -0.0045161         0.0092041
     24.000     0.13926D+02           0.0376692        -0.3898599        -0.0757046        -0.0045633        -0.1737015
     26.000     0.31071D+02           0.1151726         0.4719107        -0.1138382         0.0132209        -0.1208267
     28.000     0.56629D+02           0.2807860         0.4043140        -0.0625971         0.0116759        -0.0497671
     30.000     0.50176D+02           0.3259251         0.3525612        -0.0389796         0.0123408        -0.0179863
     32.000     0.26665D+02           0.2228066         0.2898484        -0.0100558         0.0143610         0.0199518
     34.000     0.95327D+01           0.1008316         0.0519201         0.0586628         0.0116908         0.0866546
     36.000     0.50443D+01           0.0665843        -0.4370881         0.0887587        -0.0146492         0.0448523
     38.000     0.61842D+01           0.1005749        -0.3435753        -0.0207103        -0.0216343        -0.0976070
     40.000     0.59545D+01           0.1179482        -0.2087318        -0.1048464        -0.0168280        -0.1848132
     42.000     0.34756D+01           0.0829829        -0.1255738        -0.2132812        -0.0103662        -0.3049548
     44.000     0.14127D+01           0.0402712         0.0634766        -0.3439826         0.0041538        -0.4337661
     46.000     0.14709D+01           0.0496284         0.1435686        -0.0440717         0.0035504        -0.0374358
     48.000     0.29060D+01           0.1151309        -0.0505929         0.0955199        -0.0090313         0.1158352
     50.000     0.39855D+01           0.1840395        -0.1994229         0.0994503        -0.0154065         0.1091309
     52.000     0.38150D+01           0.2039403        -0.3438324         0.0782975        -0.0203110         0.0756994
     54.000     0.27896D+01           0.1715414        -0.4871086         0.0376428        -0.0243310         0.0208316
     56.000     0.18291D+01           0.1286247        -0.5096033        -0.0236085        -0.0227675        -0.0519393
     58.000     0.14833D+01           0.1186148        -0.2256144        -0.0480149        -0.0097252        -0.0668029
     60.000     0.16580D+01           0.1500015         0.0510552         0.0016040         0.0012103         0.0056317
     62.000     0.19233D+01           0.1958992         0.0891776         0.0534720         0.0026129         0.0700499
     64.000     0.19478D+01           0.2223379         0.0089775         0.0805504        -0.0000889         0.0996514
     66.000     0.16938D+01           0.2157434        -0.0984307         0.0825402        -0.0034801         0.0973294
     68.000     0.13309D+01           0.1883791        -0.1678734         0.0569005        -0.0052961         0.0612885
     70.000     0.10419D+01           0.1632356        -0.1248728         0.0103878        -0.0030361         0.0014877
     72.000     0.89521D+00           0.1546820         0.0325563        -0.0234006         0.0032019        -0.0397594
     74.000     0.84758D+00           0.1609432         0.1786123        -0.0177353         0.0089072        -0.0314214
     76.000     0.81642D+00           0.1697923         0.2273905         0.0128875         0.0110431         0.0063005
     78.000     0.74910D+00           0.1700842         0.1961481         0.0425739         0.0101275         0.0408933
     80.000     0.64438D+00           0.1592405         0.1338713         0.0550894         0.0076789         0.0528008
     82.000     0.53131D+00           0.1424817         0.0905112         0.0423111         0.0053140         0.0327104
     84.000     0.43889D+00           0.1273600         0.1069798         0.0079879         0.0046529        -0.0137282
     86.000     0.37651D+00           0.1179083         0.1853595        -0.0266362         0.0063916        -0.0594087
     88.000     0.33632D+00           0.1133630         0.2775635        -0.0394560         0.0093257        -0.0772290
     90.000     0.30460D+00           0.1102318         0.3332792        -0.0271981         0.0114731        -0.0639698
     92.000     0.27168D+00           0.1053023         0.3388803        -0.0033348         0.0116895        -0.0369538
     94.000     0.23592D+00           0.0977061         0.3102243         0.0154236         0.0099321        -0.0166860
     96.000     0.20050D+00           0.0885209         0.2769112         0.0172099         0.0070619        -0.0173109
     98.000     0.16975D+00           0.0797221         0.2679313        -0.0012683         0.0044361        -0.0426065
    100.000     0.14558D+00           0.0725679         0.2971548        -0.0304286         0.0032989        -0.0809640
    102.000     0.12722D+00           0.0671741         0.3526330        -0.0537263         0.0037894        -0.1127394
    104.000     0.11281D+00           0.0629657         0.4044894        -0.0595546         0.0047649        -0.1236621
    106.000     0.10033D+00           0.0590845         0.4312768        -0.0484733         0.0049344        -0.1137106
    108.000     0.88643D-01           0.0549683         0.4288045        -0.0303093         0.0036871        -0.0938480
    110.000     0.77177D-01           0.0503016         0.4100123        -0.0173469         0.0014151        -0.0786540
    112.000     0.66267D-01           0.0453138         0.3956299        -0.0174775        -0.0010147        -0.0789459
    114.000     0.56623D-01           0.0405507         0.3991191        -0.0306640        -0.0031769        -0.0964769
    116.000     0.48846D-01           0.0365721         0.4249855        -0.0517263        -0.0052382        -0.1262621
    118.000     0.43176D-01           0.0337402         0.4584982        -0.0698601        -0.0076166        -0.1535753
    120.000     0.39093D-01           0.0318314         0.4799702        -0.0779102        -0.0101135        -0.1662484
    122.000     0.35753D-01           0.0302846         0.4860593        -0.0762128        -0.0115344        -0.1634554
    124.000     0.32180D-01           0.0283117         0.4844768        -0.0671807        -0.0111548        -0.1503970
    126.000     0.27975D-01           0.0255231         0.4884098        -0.0565151        -0.0100691        -0.1385028
    128.000     0.23646D-01           0.0223379         0.5023843        -0.0488961        -0.0111467        -0.1359292
    130.000     0.20064D-01           0.0195954         0.5196661        -0.0494748        -0.0174950        -0.1459697
    132.000     0.17846D-01           0.0179930         0.5212726        -0.0618118        -0.0282258        -0.1633615
    134.000     0.16846D-01           0.0175078         0.5007761        -0.0826942        -0.0360126        -0.1784874
    136.000     0.16275D-01           0.0174114         0.4823862        -0.1005940        -0.0346965        -0.1872297
    138.000     0.15191D-01           0.0167043         0.4872028        -0.1044105        -0.0263495        -0.1901282
    140.000     0.13226D-01           0.0149278         0.5260623        -0.0947207        -0.0189605        -0.1957688
    142.000     0.10874D-01           0.0125810         0.5881060        -0.0766779        -0.0236735        -0.2056056
    144.000     0.90797D-02           0.0107532         0.6280471        -0.0661053        -0.0477181        -0.2111223
    146.000     0.84864D-02           0.0102742         0.5897081        -0.0786078        -0.0749477        -0.1985043
    148.000     0.88752D-02           0.0109695         0.4978912        -0.1007580        -0.0764769        -0.1734004
    150.000     0.93533D-02           0.0117863         0.4376004        -0.1073334        -0.0536396        -0.1610389
    152.000     0.89902D-02           0.0115351         0.4436539        -0.0867215        -0.0284079        -0.1700557
    154.000     0.75874D-02           0.0098998         0.5223787        -0.0508006        -0.0256305        -0.2099107
    156.000     0.58441D-02           0.0077442         0.6550979        -0.0367775        -0.0772336        -0.2790790
    158.000     0.48967D-02           0.0065815         0.7166119        -0.1182681        -0.1783597        -0.3239666
    160.000     0.54678D-02           0.0074449         0.5767214        -0.2415189        -0.2016859        -0.2738516
    162.000     0.72260D-02           0.0099544         0.4056550        -0.2419583        -0.1219122        -0.1946932
    164.000     0.90348D-02           0.0125768         0.3255154        -0.1269971        -0.0389003        -0.1583363
    166.000     0.97054D-02           0.0136350         0.3136490         0.0648000        -0.0094316        -0.1594886
    168.000     0.90304D-02           0.0127880         0.3316558         0.2846479        -0.0839071        -0.1903866
    170.000     0.79283D-02           0.0113030         0.3271095         0.3654199        -0.3220867        -0.2339337
    172.000     0.77987D-02           0.0111795         0.2343717         0.0083556        -0.6273043        -0.2194099
    174.000     0.95506D-02           0.0137496         0.0991832        -0.6419005        -0.6869956        -0.1351194
    176.000     0.12693D-01           0.0183298         0.0205941        -1.0985739        -0.5030453        -0.0569028
    178.000     0.15836D-01           0.0229099        -0.0012635        -1.3016734        -0.2501280        -0.0128695
    180.000     0.17219D-01           0.0249256         0.0000000        -1.3533468         0.0000000         0.0000000


 *** WORKSPACE USED IN THIS COMPUTATION     16119  ***            34983881 MEMORIES NOT USED.

  End time: 16:00.51 (21-02-2024)

  Calculation time:     2 min  4 s
