
  End time: 17:28.25 (22-02-2024)

  Calculation time:     1 min 20 s
1                    E. C. I. S. CODE FOR COUPLED CHANNELS CALCULATIONS ( 2006 ) WORKING FIELD LENGTH =  35000000

                        TO OBTAIN THE INPUT DESCRIPTION, PUNCH 'DESCRIPTION ' IN COLUMNS 1-12 OF THE FIRST CARD.


  1 F - ROTATIONAL MODEL-(.F.: VIBRATIONAL MODEL).         | 54 F - OUTPUT OF THE LENGTH USED IN THE WORKING FIELD.
  2 F - SECOND ORDER VIBRATIONAL MODEL-(.F.: FIRST ORDER)  | 55 F - OUTPUT OF C-MATRIX ELEMENTS AND COMPOUND NUCLEUS
        OR CONSTRAINED ASYMMETRIC ROTATIONAL MODEL.        |        INTERMEDIATE RESULTS.
  3 F - ANHARMONIC VIBRATIONAL MODEL-(.F.: HARMONIC) OR    | 56 T - OUTPUT OF S-MATRIX ELEMENTS.
        ASYMMETRIC ROTATIONAL MODEL-(.F.: SYMMETRIC).      | 57 F - OUTPUT OF PHASE-SHIFTS AT EACH E.C.I.S. ITERATION.
  4 F - PARAMETRISED SPIN-ORBIT DEFORMATION-(.F.:STANDARD) | 58 F - OUTPUT OF THE COEFFICIENTS OF EACH FORM FACTOR
  5 F - DIFFERENT DEFORMATION FOR EACH POTENTIAL(.F.: SAME)|        FOR ALL SETS OF EQUATIONS.
  6 F - USE OF DEFORMATION LENGTHS.                        | 59 T - TOTAL ELASTIC REACTION CROSS-SECTIONS WRITTEN ON
  7 F - NUCLEAR MATRIX ELEMENTS AND FORM FACTORS ON CARDS. |        FILE 58 AND TOTAL INELASTIC REACTION
  8 F - RELATIVISTIC KINEMATICS.                           |        CROSS-SECTIONS ON FILE 59.
  9 F - SYMMETRISED WOODS-SAXON FORM FOR NEGATIVE RADII.   | 60 T - S-MATRIX ELEMENTS WRITTEN ON FILE 60.
 10 F - DISPERSION RELATIONS FOR POTENTIALS.               |
                                                           | 61 F - REDUCED NUCLEAR MATRIX ELEMENTS WRITTEN ON FILE 61.
 11 T - DEFORMED COULOMB POTENTIAL.                        | 62 F - POTENTIALS WRITTEN ON FILE 62.
 12 T - DEFORMED IMAGINARY POTENTIAL.                      | 63 T - PENETRABILITIES WRITTEN ON FILE 63.
 13 F - DEFORMED REAL SPIN-ORBIT/TENSOR POTENTIAL.         | 64 T - RESULTS FOR EXPERIMENTAL DATA ON FILE 64
 14 F - DEFORMED IMAGINARY SPIN-ORBIT/TENSOR POTENTIAL.    |        AND AT EQUIDISTANT ANGLES WRITTEN ON FILE 66.
 15 F - REDUCED NUCLEAR MATRIX ELEMENTS READ FROM CARDS.   | 65 T - LEGENDRE EXPANSION FOR CROSS-SECTIONS WRITTEN ON
 16 F - HEAVY-ION DEFINITION OF RADII AND DEFORMATIONS.    |        FILE 65.
 17 F - FOLDING MODEL.                                     | 66 F - NO CALCULATION AT EQUIDISTANT ANGLES.
 18 F - PROJECTILE-TARGET ANTISYMMETRISATION.              | 67 T - NO PLOT OF EXPERIMENTAL DATA.
 19 F - DEFORMED COULOMB SPIN-ORBIT POTENTIAL.             | 68 T - NO PLOT OF CROSS-SECTIONS AT EQUIDISTANT ANGLES.
 20 F - DISPERSION RELATIONS FOR TRANSITION FORM-FACTORS.  | 69 T - NO PLOT OF POLARISATIONS AT EQUIDISTANT ANGLES.
                                                           |
 21 F - USUAL COUPLED EQUATIONS-(.F.: ITERATIONS).         | 71 F - NO DETAILED OUTPUT OF LOGICAL CONTROLS.
 22 F - NO USE OF PADE FOR CONVERGENCE OF THE ITERATIONS.  | 72 T - NO OUTPUT OF EXPERIMENTAL DATA AS THEY ARE READ.
 23 T - NO USE OF PADE WITHOUT CONVERGENCE.                | 73 T - NO OUTPUT OF EXTERNAL POTENTIALS AS THEY ARE READ.
 24 F - COUPLING POTENTIALS COMPUTED AT EACH ITERATION.    | 74 F - OUTPUT OF VARIATIONS IN STORAGE.
 25 F - COMPLETE CALCULATION UP TO THE END-(.F.: ONE ITE-  | 75 T - NO COMPLETE OUTPUT AT THE FIRST RUN OF A SEARCH.
        RATION ONLY AS SOON AS TWO ITERATIONS ARE ENOUGH). | 76 F - LO(51) TO LO(65) ARE ALWAYS USED-(.F.: ONLY FOR
 26 F - INTEGRATION STABILISED FOR LONG RANGE POTENTIAL.   |        COMPLETE OUTPUT)
 27 F - NUMEROV'S METHOD FOR SINGLE EQUATIONS-(.F.: MODI-  | 77 F - OUTPUT OF TIME DIFFERENCES DURING THE SEARCH.
        FIED NUMEROV'S METHOD).                            | 78 F - OUTPUT OF DIFFERENCES BETWEEN EXPERIMENTAL
 28 T - COMPUTATION UP TO J-CONVERGENCE-(.F.: STOP WHEN    |        AND CALCULATED VALUES.
        ALL THE INHOMOGENEOUS TERMS ARE NEGLIGIBLE).       |
 29 F - NO DIAGONAL TERM IN SECOND MEMBERS.                | 81 F - HAUSER-FESHBACH CORRECTIONS TO CROSS-SECTIONS.
 30 T - PURE DWBA CALCULATION.                             | 82 F - SIMPLEST COMPOUND NUCLEUS FORMALISM.
                                                           | 83 T - NO ENGELBRETCH-WEIDENMULLER TRANSFORMATION IN
 31 F - INPUT OF EXPERIMENTAL DATA AND CHI2 CALCULATION.   |        IN COMPOUND NUCLEUS.
 32 F - AUTOMATIC SEARCH ON SOME PARAMETERS.               | 84 F - UNCOUPLED LEVELS FOR COMPOUND NUCLEUS.
 33 F - SYMMETRISED CHI2 FOR CROSS-SECTIONS.               | 85 F - FISSION DATA IN COMPOUND NUCLEUS.
 34 F - NEXT CALCULATION CHANGING ENERGY AND/OR SOME       | 86 F - GAMMA EMISSION DATA IN COMPOUND NUCLEUS.
        PARAMETERS.                                        | 87 F - NO WIDTH FLUCTUATIONS.
 35 F - SEARCH SAVED ON TAPE 8 IF ENDED OR LACK OF TIME.   |
 36 F - RESTART A SEARCH FROM TAPE 8.                      | 91 F - EQUIDISTANT ANGLES IN THE LABORATORY SYSTEM.
                                                           | 92 F - NON STANDARD OBSERVABLES AT EQUIDISTANT ANGLES.
 41 F - FACTORISATION OF 1/(1-COS(THETA)) IN AMPLITUDES.   | 93 F - NO RECOIL CORRECTION FOR REACTIONS.
 42 F - SCHMIDT'S ORTHOGONAL. IN USUAL COUPLED EQUATIONS.  | 94 F - NON RELATIVISTIC "REDUCED MASS" FOR DIRAC EQUATION.
 43 F - INTERPOLATION ON TOTAL SPIN.                       | 95 F - "REDUCED ENERGY" FOR NON COULOMB INTERACTION IN
 44 F - COULOMB CORRECTIONS.                               |        RELATIVISTIC SCHROEDINGER EQUATION OR USE OF REST
 45 F - ANGULAR MOMENTUM LIMIT FOR COULOMB CORRECTIONS.    |        MASS IN DIRAC EQUATION.
 46 F - RESTRICTED COULOMB CORRECTIONS.                    | 96 F - "REDUCED MASS" FOR COULOMB INTERACTION IN
 47 F - NO RECOIL CORRECTION FOR BOUND STATES.             |        RELATIVISTIC SCHROEDINGER EQUATION.
                                                           | 97 F - SAME REDUCED MASS FOR ALL THE STATES.
 51 F - OUTPUT OF POTENTIALS.                              | 98 F - Q ADDED TO THE MASS OF RESIDUAL NUCLEUS.
 52 F - OUTPUT OF REDUCED NUCLEAR MATRIX ELEMENTS.         | 99 F - SCHROEDINGER EQUIVALENT TO DIRAC EQUATION.
 53 F - OUTPUT OF THE NUMBER OF ITERATIONS.                |100 F - COMPLETE DIRAC EQUATION.
1
          **********************************************************************************
          *                                                                                *
          *      56.00000 MeV deuteron on  56FE: SPHERICAL OMP                             *
          *                                                                                *
          **********************************************************************************

 MAXIMUM NUMBER OF J    52  (MIN  0) STOP WHEN MAXIMUM S-MATRIX ELEMENT IS LESS THAN        0.1000D-04

 PLOT CONDITIONS FOR CROSS-SECTIONS    2    2     FOR POLARISATIONS    1    1

          ITERATION METHOD:  MAXIMUM NUMBER OF ITERATIONS         1
          CONVERGENCE CRITERION:     1.0000D-05 FOR S-MATRIX     1.0000D-05 FOR POTENTIALS AND FUNCTIONS.


 INDICATIONS FOR EXPANSION OF CROSS-SECTIONS IN LEGENDRE POLYNOMIALS:    2    0    0

 FIRST ORDER VIBRATIONAL MODEL.


 TARGET              MASS =  55.93494           PRODUCT OF CHARGES =   26.           AT**1/3 =   3.824380D+00
 INCIDENT PARTICLE   MASS =   2.01410      SPIN = 1.0   AP**1/3 =   1.262875D+00
          ENERGY(LAB) =   5.600000D+01 MEV          ENERGY(C. M.) =   5.405364D+01 MEV.

 N =  1 -   SPIN = 0.0+ EXCITATION ENERGY =  0.0000 MEV          POTENTIAL    1


 OPTICAL POTENTIALS  **  1 **     REDUCED RADIUS MULTIPLIED BY     3.824380D+00

      DEFORMED  VOLUME/SCALAR REAL POTENTIAL
 DEPTH   82.632710 MEV   RADIUS  4.397922 FERMI (REDUCED VALUE 1.149970)   DIFFUSENESS 0.767210 FERMI AT THE POWER (1+ 0.000000)

      DEFORMED  VOLUME/SCALAR IMAGINARY POTENTIAL
 DEPTH    4.587200 MEV   RADIUS  5.090479 FERMI (REDUCED VALUE 1.331060)   DIFFUSENESS 0.472410 FERMI AT THE POWER (1+ 0.000000)

      DEFORMED  SURFACE/VECTOR REAL POTENTIAL
 DEPTH    0.000000 MEV   RADIUS  0.000000 FERMI (REDUCED VALUE 0.000000)   DIFFUSENESS 0.000000 FERMI AT THE POWER (1+ 0.000000)

      DEFORMED  SURFACE/VECTOR IMAGINARY POTENTIAL
 DEPTH    9.116400 MEV   RADIUS  5.253666 FERMI (REDUCED VALUE 1.373730)   DIFFUSENESS 0.768200 FERMI AT THE POWER (1+ 0.000000)

  NOT DEFORMED  REAL SPIN-ORBIT/TENSOR POTENTIAL
 DEPTH    3.557000 MEV   RADIUS  3.717298 FERMI (REDUCED VALUE 0.972000)   DIFFUSENESS 1.011000 FERMI AT THE POWER (1+ 0.000000)

  NOT DEFORMED  IMAGINARY SPIN-ORBIT/TENSOR POTENTIAL
 DEPTH    0.000000 MEV   RADIUS  0.000000 FERMI (REDUCED VALUE 0.000000)   DIFFUSENESS 0.000000 FERMI AT THE POWER (1+ 0.000000)

      DEFORMED  COULOMB POTENTIAL
  CHARGE PRODUCT    26.  RADIUS  4.983167 FERMI (REDUCED VALUE 1.303000)   DIFFUSENESS 0.000000 FERMI AT THE POWER (1+ 0.000000)

  NOT DEFORMED  SPIN-ORBIT COULOMB POTENTIAL
 DEPTH    0.000000 MEV   RADIUS  0.000000 FERMI (REDUCED VALUE 0.000000)   DIFFUSENESS 0.000000 FERMI AT THE POWER (1+ 0.000000)
              THIRD CHARGE PARAMETER26.000000

 INTEGRATION STEP SIZE = 0.11799          MATCHING RADIUS =  40.000 FERMI

 SCATTERING ANGLES FROM  0.000 IN STEPS OF  2.000 UP TO 180.000 DEGREES   AVERAGED WITH +/-   0.000 DEGREES.


       2 SOLUTIONS         2 COUPLED EQUATIONS         5 INDEPENDENT AMPLITUDES.


 LEVEL       WAVE NUMBER  COULOMB PARAMETER   REDUCED MASS       REDUCED ENERGY     STEP SIZE
     1      2.2422810718      0.7765335536   1810.9149354846   1810.9149354846      0.1179941003
 MAXIMUM J-VALUE =  51.0                MAXIMUM SCATTERING COEFFICIENT AT THE END   0.414D-04
 MAXIMUM J-VALUE =  51.0                MAXIMUM SCATTERING COEFFICIENT AT THE END   0.386D-04
1 COEFFICIENTS OF LEGENDRE POLYNOMIALS DESCRIBING THE CROSS-SECTIONS.

 DIRECT INTERACTION FOR LEVEL 1 MULTIPLIED BY (1-COS(THETA))**( 2 ) 154 COEFFICIENTS
    L        C(L)              C(L+1)             C(L+2)             C(L+3)             C(L+4)
    0  -8.2588460286D-01   1.4678227945D-01  -2.2100161310D-02  -4.4188464674D-02  -6.1045628607D-03
    5   1.9327048519D-02   2.1584710747D-02   1.2324004261D-02   3.2165848226D-03  -2.2792872733D-03
   10  -4.0444992928D-03  -3.8308380627D-03  -2.4816815283D-03  -8.1895238099D-04   9.1669871926D-04
   15   2.6995104118D-03   4.4021821367D-03   5.3642492601D-03   4.6516695389D-03   1.5905182576D-03
   20  -2.5335416040D-03  -3.8739841635D-03  -3.7346755177D-04   3.5286343632D-03   3.6987828647D-03
   25  -4.0776609907D-04  -5.3316639912D-03  -7.8987225452D-03  -7.3457556966D-03  -4.8018953681D-03
   30  -1.8283440854D-03   5.3103269719D-04   1.9356166128D-03   2.4965298797D-03   2.4955560888D-03
   35   2.2021534021D-03   1.8069966945D-03   1.4160354693D-03   1.0848651774D-03   8.2429396988D-04
   40   6.2104771431D-04   4.7562916659D-04   3.6773086255D-04   2.9040317270D-04   2.3154640047D-04
   45   1.8762364615D-04   1.5445919417D-04   1.3022577973D-04   1.1069836224D-04   9.6878540687D-05
   50   8.6056856202D-05   6.5370859232D-05   5.7408534339D-05   4.9088010954D-05   4.6855557235D-05
   55   3.8395573029D-05   3.1061023906D-05   2.5289211437D-05   2.1314802815D-05   1.6645268347D-05
   60   1.1093729103D-05   9.8032414253D-06   7.3576424455D-06   6.5162360856D-06   4.0939643885D-06
   65   4.6948736455D-06   5.1776060024D-06   2.5093336520D-06   4.3427574960D-07  -8.1991509788D-07
   70  -1.7154040745D-06  -2.4377478805D-06  -3.0484914969D-06  -3.5658138998D-06  -4.0027075942D-06
   75  -4.3700150766D-06  -4.6787273991D-06  -4.9316103039D-06  -5.1412102629D-06  -5.3093128031D-06
   80  -5.4408087370D-06  -5.5429552245D-06  -5.6169953115D-06  -5.6654508329D-06  -5.6957734005D-06
   85  -5.7050746203D-06  -5.6988577369D-06  -5.6796780937D-06  -5.6468521561D-06  -5.6036592856D-06
   90  -5.5522931271D-06  -5.4919713821D-06  -5.4248825410D-06  -5.3533587345D-06  -5.2753893649D-06
   95  -5.1945892300D-06  -5.1096781868D-06  -5.0234033841D-06  -4.9326182021D-06  -4.8436114381D-06
  100  -4.7494804591D-06  -4.6591459983D-06  -4.5614547343D-06  -4.4747744899D-06  -4.3779056425D-06
  105  -4.2849963370D-06  -4.1926415776D-06  -4.1010159136D-06  -4.0102705013D-06  -3.9205356046D-06
  110  -3.8319228348D-06  -3.7445271570D-06  -3.6584286893D-06  -3.5736943157D-06  -3.4903791331D-06
  115  -3.4085277488D-06  -3.3281754452D-06  -3.2493492250D-06  -3.1720687485D-06  -3.0963471757D-06
  120  -3.0221919212D-06  -2.9496053325D-06  -2.8785852980D-06  -2.8091257931D-06  -2.7412173694D-06
  125  -2.6748475939D-06  -2.6100014428D-06  -2.5466616540D-06  -2.4848090432D-06  -2.4244227864D-06
  130  -2.3654806737D-06  -2.3079593345D-06  -2.2518344404D-06  -2.1970808851D-06  -2.1436729453D-06
  135  -2.0915844234D-06  -2.0407887751D-06  -1.9912592222D-06  -1.9429688523D-06  -1.8958907075D-06
  140  -1.8499978623D-06  -1.8052634921D-06  -1.7616609334D-06  -1.7191637363D-06  -1.6777457100D-06
  145  -1.6373809627D-06  -1.5980439357D-06  -1.5597094317D-06  -1.5223526406D-06  -1.4859491593D-06
  150  -1.4504750094D-06  -1.4159066508D-06  -1.3822209932D-06  -1.3493954039D-06
1       56.00000 MeV deuteron on  56FE: SPHERICAL OMP                         


 TOTAL REACTION CROSS SECTION =   1655.424050 MILLIBARNS.

 ELASTIC SCATTERING ON THE TARGET STATE OF SPIN =  0.0+

      ANGLE    CROSS-SECTION     C. S./RUTHER.     ASYM. OR IT11               T20               T21               T22  
      0.000     0.19115D+05        1911.4962973         0.0000000         0.0039837         0.0000000         0.0000000
      2.000     0.28515D+07           0.8822916        -0.0015752        -0.0001053         0.0000017        -0.0000073
      4.000     0.12275D+06           0.6073268         0.0100105        -0.0019410         0.0000683         0.0000758
      6.000     0.29008D+05           0.7258296         0.0463758        -0.0016741         0.0000506         0.0004736
      8.000     0.12738D+05           1.0058746         0.0537126         0.0010258        -0.0001913         0.0007692
     10.000     0.50237D+04           0.9667818         0.0362592         0.0045347        -0.0006541         0.0009612
     12.000     0.13406D+04           0.5337693        -0.0173620         0.0105482        -0.0017022         0.0000483
     14.000     0.15871D+03           0.1167623        -0.1671484         0.0122952        -0.0039392        -0.0249766
     16.000     0.10546D+03           0.1319539         0.3437524        -0.0635793         0.0076883        -0.0569288
     18.000     0.27015D+03           0.5395701         0.2806872        -0.0354264         0.0059089        -0.0199418
     20.000     0.29887D+03           0.9063293         0.2363998        -0.0263054         0.0056830        -0.0099031
     22.000     0.19807D+03           0.8756359         0.2084235        -0.0218524         0.0067092        -0.0022116
     24.000     0.80861D+02           0.5039354         0.1718486        -0.0160910         0.0095189         0.0108660
     26.000     0.17295D+02           0.1476998         0.0151748         0.0146804         0.0144906         0.0461502
     28.000     0.70115D+01           0.0800992        -0.3176710         0.0753037        -0.0147110        -0.0081546
     30.000     0.16979D+02           0.2541094        -0.0589324         0.0093497        -0.0156355        -0.0555282
     32.000     0.21473D+02           0.4133894        -0.0282335        -0.0144461        -0.0129044        -0.0666893
     34.000     0.15366D+02           0.3744749        -0.0869508        -0.0389115        -0.0135071        -0.0946402
     36.000     0.62675D+01           0.1906105        -0.2801342        -0.0982925        -0.0197802        -0.1788699
     38.000     0.19000D+01           0.0711930        -0.6269164        -0.2023088        -0.0374262        -0.3090216
     40.000     0.37054D+01           0.1691070        -0.0674402         0.0000308        -0.0170939        -0.0024323
     42.000     0.81845D+01           0.4502239         0.0145554         0.0479554        -0.0108291         0.0569484
     44.000     0.11237D+02           0.7380213        -0.0366115         0.0571681        -0.0107953         0.0636622
     46.000     0.11129D+02           0.8651148        -0.1226116         0.0596633        -0.0123149         0.0621806
     48.000     0.87374D+01           0.7975407        -0.2263004         0.0559341        -0.0141972         0.0533743
     50.000     0.59906D+01           0.6373602        -0.3034090         0.0386311        -0.0143705         0.0300259
     52.000     0.42820D+01           0.5273901        -0.2338531         0.0044218        -0.0087688        -0.0072006
     54.000     0.38703D+01           0.5483366        -0.0021054        -0.0176340         0.0013602        -0.0235003
     56.000     0.41773D+01           0.6767806         0.1638074        -0.0077391         0.0075604        -0.0047062
     58.000     0.44569D+01           0.8211853         0.1972238         0.0142749         0.0088632         0.0230364
     60.000     0.42899D+01           0.8942248         0.1586585         0.0341918         0.0080213         0.0450881
     62.000     0.36852D+01           0.8648448         0.0939901         0.0454199         0.0066842         0.0548037
     64.000     0.29065D+01           0.7644236         0.0380644         0.0420011         0.0058928         0.0454872
     66.000     0.22276D+01           0.6537197         0.0312579         0.0202439         0.0067232         0.0134624
     68.000     0.17825D+01           0.5812828         0.1024118        -0.0139910         0.0097618        -0.0324490
     70.000     0.15519D+01           0.5602025         0.2207478        -0.0403339         0.0138567        -0.0660336
     72.000     0.14330D+01           0.5704884         0.3142313        -0.0436640         0.0169687        -0.0699084
     74.000     0.13256D+01           0.5799379         0.3493221        -0.0297244         0.0182641        -0.0531449
     76.000     0.11793D+01           0.5650671         0.3367701        -0.0101706         0.0180359        -0.0309870
     78.000     0.99641D+00           0.5212491         0.2994116         0.0055311         0.0167980        -0.0153352
     80.000     0.80940D+00           0.4608425         0.2619907         0.0081019         0.0150332        -0.0174573
     82.000     0.64947D+00           0.4012849         0.2494760        -0.0065060         0.0133738        -0.0415242
     84.000     0.53074D+00           0.3548471         0.2774711        -0.0335179         0.0125535        -0.0804403
     86.000     0.45041D+00           0.3249807         0.3386859        -0.0613718         0.0129202        -0.1187593
     88.000     0.39464D+00           0.3064852         0.4042770        -0.0761184         0.0140773        -0.1391212
     90.000     0.34912D+00           0.2910969         0.4483751        -0.0737632         0.0151714        -0.1377980
     92.000     0.30539D+00           0.2727140         0.4623985        -0.0603615         0.0154590        -0.1232689
     94.000     0.26071D+00           0.2487674         0.4509435        -0.0424682         0.0145798        -0.1039463
     96.000     0.21749D+00           0.2212355         0.4266017        -0.0291909         0.0124827        -0.0911004
     98.000     0.17954D+00           0.1942727         0.4047189        -0.0292936         0.0094599        -0.0950626
    100.000     0.14876D+00           0.1708571         0.3990491        -0.0429276         0.0062104        -0.1155586
    102.000     0.12543D+00           0.1525931         0.4174407        -0.0659804         0.0035747        -0.1474204
    104.000     0.10813D+00           0.1390636         0.4531819        -0.0895647         0.0020615        -0.1793814
    106.000     0.94616D-01           0.1283742         0.4912962        -0.1030415         0.0014956        -0.1984575
    108.000     0.83257D-01           0.1189517         0.5206262        -0.1052163         0.0012319        -0.2036342
    110.000     0.72806D-01           0.1093312         0.5335112        -0.0972995         0.0006451        -0.1961653
    112.000     0.62688D-01           0.0987639         0.5305545        -0.0816589        -0.0006186        -0.1788370
    114.000     0.53189D-01           0.0877623         0.5193707        -0.0680508        -0.0026889        -0.1638755
    116.000     0.44662D-01           0.0770437         0.5066607        -0.0619289        -0.0055989        -0.1580917
    118.000     0.37477D-01           0.0674759         0.5008751        -0.0640854        -0.0094489        -0.1631288
    120.000     0.31861D-01           0.0597722         0.5061861        -0.0771899        -0.0142293        -0.1821903
    122.000     0.27653D-01           0.0539683         0.5171650        -0.0947856        -0.0192231        -0.2055210
    124.000     0.24556D-01           0.0497756         0.5310255        -0.1097503        -0.0232472        -0.2237570
    126.000     0.22131D-01           0.0465205         0.5443654        -0.1225182        -0.0255234        -0.2378375
    128.000     0.19957D-01           0.0434373         0.5552337        -0.1276901        -0.0255120        -0.2421251
    130.000     0.17726D-01           0.0398867         0.5678568        -0.1219698        -0.0238060        -0.2361682
    132.000     0.15260D-01           0.0354476         0.5789551        -0.1103805        -0.0230470        -0.2280065
    134.000     0.12837D-01           0.0307379         0.5877703        -0.0964165        -0.0260190        -0.2205188
    136.000     0.10833D-01           0.0267023         0.5971794        -0.0854410        -0.0348232        -0.2174511
    138.000     0.93746D-02           0.0237508         0.5886814        -0.0840643        -0.0493241        -0.2168023
    140.000     0.85386D-02           0.0222050         0.5556660        -0.0948969        -0.0625559        -0.2133724
    142.000     0.81335D-02           0.0216808         0.5235885        -0.1168943        -0.0662687        -0.2172087
    144.000     0.77855D-02           0.0212437         0.5076105        -0.1377538        -0.0598409        -0.2288727
    146.000     0.73013D-02           0.0203658         0.5201210        -0.1418402        -0.0479893        -0.2407995
    148.000     0.64916D-02           0.0184858         0.5636746        -0.1298452        -0.0410514        -0.2588481
    150.000     0.54043D-02           0.0156904         0.6226404        -0.1133015        -0.0514187        -0.2846389
    152.000     0.44395D-02           0.0131242         0.6794302        -0.1068086        -0.0871441        -0.3077166
    154.000     0.38566D-02           0.0115937         0.6898900        -0.1305558        -0.1390821        -0.3112315
    156.000     0.38009D-02           0.0116044         0.6107152        -0.1766557        -0.1651378        -0.2707832
    158.000     0.42176D-02           0.0130607         0.5018711        -0.1912276        -0.1367773        -0.2087738
    160.000     0.46688D-02           0.0146465         0.4311008        -0.1507274        -0.0850456        -0.1688463
    162.000     0.48855D-02           0.0155064         0.4076783        -0.0553143        -0.0422490        -0.1541625
    164.000     0.48131D-02           0.0154369         0.4229634         0.0901008        -0.0384746        -0.1596189
    166.000     0.43590D-02           0.0141093         0.4488296         0.2440240        -0.1139697        -0.1815174
    168.000     0.38001D-02           0.0123986         0.4442330         0.2841219        -0.3049472        -0.2039978
    170.000     0.36448D-02           0.0119722         0.3464927         0.0438811        -0.5497980        -0.1926226
    172.000     0.41145D-02           0.0135895         0.1784946        -0.4360623        -0.6674000        -0.1363295
    174.000     0.52129D-02           0.0172910         0.0606138        -0.8970989        -0.5825062        -0.0729685
    176.000     0.65963D-02           0.0219463         0.0133628        -1.1687452        -0.3956935        -0.0313838
    178.000     0.75948D-02           0.0253145        -0.0022853        -1.2876303        -0.1970832        -0.0082718
    180.000     0.79159D-02           0.0264011         0.0000000        -1.3207727         0.0000000         0.0000000


 *** WORKSPACE USED IN THIS COMPUTATION     13875  ***            34986125 MEMORIES NOT USED.

  End time: 17:28.25 (22-02-2024)

  Calculation time:     1 min 20 s
