
  End time: 17:33.32 (22-02-2024)

  Calculation time:     1 min 30 s
1                    E. C. I. S. CODE FOR COUPLED CHANNELS CALCULATIONS ( 2006 ) WORKING FIELD LENGTH =  35000000

                        TO OBTAIN THE INPUT DESCRIPTION, PUNCH 'DESCRIPTION ' IN COLUMNS 1-12 OF THE FIRST CARD.


  1 F - ROTATIONAL MODEL-(.F.: VIBRATIONAL MODEL).         | 54 F - OUTPUT OF THE LENGTH USED IN THE WORKING FIELD.
  2 F - SECOND ORDER VIBRATIONAL MODEL-(.F.: FIRST ORDER)  | 55 F - OUTPUT OF C-MATRIX ELEMENTS AND COMPOUND NUCLEUS
        OR CONSTRAINED ASYMMETRIC ROTATIONAL MODEL.        |        INTERMEDIATE RESULTS.
  3 F - ANHARMONIC VIBRATIONAL MODEL-(.F.: HARMONIC) OR    | 56 T - OUTPUT OF S-MATRIX ELEMENTS.
        ASYMMETRIC ROTATIONAL MODEL-(.F.: SYMMETRIC).      | 57 F - OUTPUT OF PHASE-SHIFTS AT EACH E.C.I.S. ITERATION.
  4 F - PARAMETRISED SPIN-ORBIT DEFORMATION-(.F.:STANDARD) | 58 F - OUTPUT OF THE COEFFICIENTS OF EACH FORM FACTOR
  5 F - DIFFERENT DEFORMATION FOR EACH POTENTIAL(.F.: SAME)|        FOR ALL SETS OF EQUATIONS.
  6 F - USE OF DEFORMATION LENGTHS.                        | 59 T - TOTAL ELASTIC REACTION CROSS-SECTIONS WRITTEN ON
  7 F - NUCLEAR MATRIX ELEMENTS AND FORM FACTORS ON CARDS. |        FILE 58 AND TOTAL INELASTIC REACTION
  8 F - RELATIVISTIC KINEMATICS.                           |        CROSS-SECTIONS ON FILE 59.
  9 F - SYMMETRISED WOODS-SAXON FORM FOR NEGATIVE RADII.   | 60 T - S-MATRIX ELEMENTS WRITTEN ON FILE 60.
 10 F - DISPERSION RELATIONS FOR POTENTIALS.               |
                                                           | 61 F - REDUCED NUCLEAR MATRIX ELEMENTS WRITTEN ON FILE 61.
 11 T - DEFORMED COULOMB POTENTIAL.                        | 62 F - POTENTIALS WRITTEN ON FILE 62.
 12 T - DEFORMED IMAGINARY POTENTIAL.                      | 63 T - PENETRABILITIES WRITTEN ON FILE 63.
 13 F - DEFORMED REAL SPIN-ORBIT/TENSOR POTENTIAL.         | 64 T - RESULTS FOR EXPERIMENTAL DATA ON FILE 64
 14 F - DEFORMED IMAGINARY SPIN-ORBIT/TENSOR POTENTIAL.    |        AND AT EQUIDISTANT ANGLES WRITTEN ON FILE 66.
 15 F - REDUCED NUCLEAR MATRIX ELEMENTS READ FROM CARDS.   | 65 T - LEGENDRE EXPANSION FOR CROSS-SECTIONS WRITTEN ON
 16 F - HEAVY-ION DEFINITION OF RADII AND DEFORMATIONS.    |        FILE 65.
 17 F - FOLDING MODEL.                                     | 66 F - NO CALCULATION AT EQUIDISTANT ANGLES.
 18 F - PROJECTILE-TARGET ANTISYMMETRISATION.              | 67 T - NO PLOT OF EXPERIMENTAL DATA.
 19 F - DEFORMED COULOMB SPIN-ORBIT POTENTIAL.             | 68 T - NO PLOT OF CROSS-SECTIONS AT EQUIDISTANT ANGLES.
 20 F - DISPERSION RELATIONS FOR TRANSITION FORM-FACTORS.  | 69 T - NO PLOT OF POLARISATIONS AT EQUIDISTANT ANGLES.
                                                           |
 21 F - USUAL COUPLED EQUATIONS-(.F.: ITERATIONS).         | 71 F - NO DETAILED OUTPUT OF LOGICAL CONTROLS.
 22 F - NO USE OF PADE FOR CONVERGENCE OF THE ITERATIONS.  | 72 T - NO OUTPUT OF EXPERIMENTAL DATA AS THEY ARE READ.
 23 T - NO USE OF PADE WITHOUT CONVERGENCE.                | 73 T - NO OUTPUT OF EXTERNAL POTENTIALS AS THEY ARE READ.
 24 F - COUPLING POTENTIALS COMPUTED AT EACH ITERATION.    | 74 F - OUTPUT OF VARIATIONS IN STORAGE.
 25 F - COMPLETE CALCULATION UP TO THE END-(.F.: ONE ITE-  | 75 T - NO COMPLETE OUTPUT AT THE FIRST RUN OF A SEARCH.
        RATION ONLY AS SOON AS TWO ITERATIONS ARE ENOUGH). | 76 F - LO(51) TO LO(65) ARE ALWAYS USED-(.F.: ONLY FOR
 26 F - INTEGRATION STABILISED FOR LONG RANGE POTENTIAL.   |        COMPLETE OUTPUT)
 27 F - NUMEROV'S METHOD FOR SINGLE EQUATIONS-(.F.: MODI-  | 77 F - OUTPUT OF TIME DIFFERENCES DURING THE SEARCH.
        FIED NUMEROV'S METHOD).                            | 78 F - OUTPUT OF DIFFERENCES BETWEEN EXPERIMENTAL
 28 T - COMPUTATION UP TO J-CONVERGENCE-(.F.: STOP WHEN    |        AND CALCULATED VALUES.
        ALL THE INHOMOGENEOUS TERMS ARE NEGLIGIBLE).       |
 29 F - NO DIAGONAL TERM IN SECOND MEMBERS.                | 81 F - HAUSER-FESHBACH CORRECTIONS TO CROSS-SECTIONS.
 30 T - PURE DWBA CALCULATION.                             | 82 F - SIMPLEST COMPOUND NUCLEUS FORMALISM.
                                                           | 83 T - NO ENGELBRETCH-WEIDENMULLER TRANSFORMATION IN
 31 F - INPUT OF EXPERIMENTAL DATA AND CHI2 CALCULATION.   |        IN COMPOUND NUCLEUS.
 32 F - AUTOMATIC SEARCH ON SOME PARAMETERS.               | 84 F - UNCOUPLED LEVELS FOR COMPOUND NUCLEUS.
 33 F - SYMMETRISED CHI2 FOR CROSS-SECTIONS.               | 85 F - FISSION DATA IN COMPOUND NUCLEUS.
 34 F - NEXT CALCULATION CHANGING ENERGY AND/OR SOME       | 86 F - GAMMA EMISSION DATA IN COMPOUND NUCLEUS.
        PARAMETERS.                                        | 87 F - NO WIDTH FLUCTUATIONS.
 35 F - SEARCH SAVED ON TAPE 8 IF ENDED OR LACK OF TIME.   |
 36 F - RESTART A SEARCH FROM TAPE 8.                      | 91 F - EQUIDISTANT ANGLES IN THE LABORATORY SYSTEM.
                                                           | 92 F - NON STANDARD OBSERVABLES AT EQUIDISTANT ANGLES.
 41 F - FACTORISATION OF 1/(1-COS(THETA)) IN AMPLITUDES.   | 93 F - NO RECOIL CORRECTION FOR REACTIONS.
 42 F - SCHMIDT'S ORTHOGONAL. IN USUAL COUPLED EQUATIONS.  | 94 F - NON RELATIVISTIC "REDUCED MASS" FOR DIRAC EQUATION.
 43 F - INTERPOLATION ON TOTAL SPIN.                       | 95 F - "REDUCED ENERGY" FOR NON COULOMB INTERACTION IN
 44 F - COULOMB CORRECTIONS.                               |        RELATIVISTIC SCHROEDINGER EQUATION OR USE OF REST
 45 F - ANGULAR MOMENTUM LIMIT FOR COULOMB CORRECTIONS.    |        MASS IN DIRAC EQUATION.
 46 F - RESTRICTED COULOMB CORRECTIONS.                    | 96 F - "REDUCED MASS" FOR COULOMB INTERACTION IN
 47 F - NO RECOIL CORRECTION FOR BOUND STATES.             |        RELATIVISTIC SCHROEDINGER EQUATION.
                                                           | 97 F - SAME REDUCED MASS FOR ALL THE STATES.
 51 F - OUTPUT OF POTENTIALS.                              | 98 F - Q ADDED TO THE MASS OF RESIDUAL NUCLEUS.
 52 F - OUTPUT OF REDUCED NUCLEAR MATRIX ELEMENTS.         | 99 F - SCHROEDINGER EQUIVALENT TO DIRAC EQUATION.
 53 F - OUTPUT OF THE NUMBER OF ITERATIONS.                |100 F - COMPLETE DIRAC EQUATION.
1
          **********************************************************************************
          *                                                                                *
          *      56.00000 MeV deuteron on  60NI: SPHERICAL OMP                             *
          *                                                                                *
          **********************************************************************************

 MAXIMUM NUMBER OF J    54  (MIN  0) STOP WHEN MAXIMUM S-MATRIX ELEMENT IS LESS THAN        0.1000D-04

 PLOT CONDITIONS FOR CROSS-SECTIONS    2    2     FOR POLARISATIONS    1    1

          ITERATION METHOD:  MAXIMUM NUMBER OF ITERATIONS         1
          CONVERGENCE CRITERION:     1.0000D-05 FOR S-MATRIX     1.0000D-05 FOR POTENTIALS AND FUNCTIONS.


 INDICATIONS FOR EXPANSION OF CROSS-SECTIONS IN LEGENDRE POLYNOMIALS:    2    0    0

 FIRST ORDER VIBRATIONAL MODEL.


 TARGET              MASS =  59.93079           PRODUCT OF CHARGES =   28.           AT**1/3 =   3.913362D+00
 INCIDENT PARTICLE   MASS =   2.01410      SPIN = 1.0   AP**1/3 =   1.262875D+00
          ENERGY(LAB) =   5.600000D+01 MEV          ENERGY(C. M.) =   5.417919D+01 MEV.

 N =  1 -   SPIN = 0.0+ EXCITATION ENERGY =  0.0000 MEV          POTENTIAL    1


 OPTICAL POTENTIALS  **  1 **     REDUCED RADIUS MULTIPLIED BY     3.913362D+00

      DEFORMED  VOLUME/SCALAR REAL POTENTIAL
 DEPTH   82.861500 MEV   RADIUS  4.500444 FERMI (REDUCED VALUE 1.150020)   DIFFUSENESS 0.768330 FERMI AT THE POWER (1+ 0.000000)

      DEFORMED  VOLUME/SCALAR IMAGINARY POTENTIAL
 DEPTH    4.587200 MEV   RADIUS  5.206610 FERMI (REDUCED VALUE 1.330470)   DIFFUSENESS 0.463510 FERMI AT THE POWER (1+ 0.000000)

      DEFORMED  SURFACE/VECTOR REAL POTENTIAL
 DEPTH    0.000000 MEV   RADIUS  0.000000 FERMI (REDUCED VALUE 0.000000)   DIFFUSENESS 0.000000 FERMI AT THE POWER (1+ 0.000000)

      DEFORMED  SURFACE/VECTOR IMAGINARY POTENTIAL
 DEPTH    9.116400 MEV   RADIUS  5.372380 FERMI (REDUCED VALUE 1.372830)   DIFFUSENESS 0.773720 FERMI AT THE POWER (1+ 0.000000)

  NOT DEFORMED  REAL SPIN-ORBIT/TENSOR POTENTIAL
 DEPTH    3.557000 MEV   RADIUS  3.803788 FERMI (REDUCED VALUE 0.972000)   DIFFUSENESS 1.011000 FERMI AT THE POWER (1+ 0.000000)

  NOT DEFORMED  IMAGINARY SPIN-ORBIT/TENSOR POTENTIAL
 DEPTH    0.000000 MEV   RADIUS  0.000000 FERMI (REDUCED VALUE 0.000000)   DIFFUSENESS 0.000000 FERMI AT THE POWER (1+ 0.000000)

      DEFORMED  COULOMB POTENTIAL
  CHARGE PRODUCT    28.  RADIUS  5.099110 FERMI (REDUCED VALUE 1.303000)   DIFFUSENESS 0.000000 FERMI AT THE POWER (1+ 0.000000)

  NOT DEFORMED  SPIN-ORBIT COULOMB POTENTIAL
 DEPTH    0.000000 MEV   RADIUS  0.000000 FERMI (REDUCED VALUE 0.000000)   DIFFUSENESS 0.000000 FERMI AT THE POWER (1+ 0.000000)
              THIRD CHARGE PARAMETER28.000000

 INTEGRATION STEP SIZE = 0.11594          MATCHING RADIUS =  40.000 FERMI

 SCATTERING ANGLES FROM  0.000 IN STEPS OF  2.000 UP TO 180.000 DEGREES   AVERAGED WITH +/-   0.000 DEGREES.


       2 SOLUTIONS         2 COUPLED EQUATIONS         5 INDEPENDENT AMPLITUDES.


 LEVEL       WAVE NUMBER  COULOMB PARAMETER   REDUCED MASS       REDUCED ENERGY     STEP SIZE
     1      2.2474893190      0.8362669039   1815.1212291919   1815.1212291919      0.1159420290
 MAXIMUM J-VALUE =  53.0                MAXIMUM SCATTERING COEFFICIENT AT THE END   0.315D-04
 MAXIMUM J-VALUE =  53.0                MAXIMUM SCATTERING COEFFICIENT AT THE END   0.290D-04
1 COEFFICIENTS OF LEGENDRE POLYNOMIALS DESCRIBING THE CROSS-SECTIONS.

 DIRECT INTERACTION FOR LEVEL 1 MULTIPLIED BY (1-COS(THETA))**( 2 ) 160 COEFFICIENTS
    L        C(L)              C(L+1)             C(L+2)             C(L+3)             C(L+4)
    0  -1.0226655010D+00   1.3998518208D-01  -1.9679815279D-02  -3.6801460914D-02   5.4011037152D-05
    5   2.1841852504D-02   2.1551516931D-02   1.1339206619D-02   2.3785069511D-03  -2.6611697435D-03
   10  -3.9831314837D-03  -3.5906911716D-03  -2.2947363891D-03  -8.8674442264D-04   5.1915076701D-04
   15   1.9976202325D-03   3.6519431638D-03   5.2319412785D-03   5.7164457548D-03   4.2000688255D-03
   20   3.2623943830D-04  -3.2474618429D-03  -2.4867964296D-03   1.2130453203D-03   3.7181052170D-03
   25   1.6870096698D-03  -3.0166686048D-03  -6.8819921186D-03  -7.8593382483D-03  -6.1981172564D-03
   30  -3.3276324097D-03  -5.9169325913D-04   1.3231453476D-03   2.3138442695D-03   2.5895788828D-03
   35   2.4349413232D-03   2.0831323723D-03   1.6845967358D-03   1.3146857710D-03   1.0065624230D-03
   40   7.7000459801D-04   5.8948127988D-04   4.5510158168D-04   3.5593156095D-04   2.8337865748D-04
   45   2.3003599683D-04   1.8708930522D-04   1.5502518785D-04   1.2914603985D-04   1.0908911699D-04
   50   9.3849568506D-05   8.0888293306D-05   6.9330332579D-05   5.2729982494D-05   4.3076278182D-05
   55   3.6637806251D-05   3.5197525879D-05   2.8409541643D-05   2.2134335112D-05   1.7227603508D-05
   60   1.2687139395D-05   9.0249575543D-06   4.5130949578D-06   1.7008222411D-06   1.2402006020D-07
   65  -1.0836931688D-07  -2.2490823636D-06  -3.5279615985D-06  -2.0255681161D-06  -3.8132623564D-06
   70  -5.5297155134D-06  -6.5047120666D-06  -7.1542914611D-06  -7.6576418927D-06  -8.0625783137D-06
   75  -8.3862483505D-06  -8.6407586501D-06  -8.8310757491D-06  -8.9704762625D-06  -9.0629271245D-06
   80  -9.1149999992D-06  -9.1335876528D-06  -9.1223767557D-06  -9.0843482353D-06  -9.0259273734D-06
   85  -8.9474905160D-06  -8.8529920872D-06  -8.7450729657D-06  -8.6257737863D-06  -8.4957874816D-06
   90  -8.3589305084D-06  -8.2150491248D-06  -8.0654862692D-06  -7.9124402518D-06  -7.7561171788D-06
   95  -7.5971214616D-06  -7.4369930874D-06  -7.2763314441D-06  -7.1145396693D-06  -6.9541024571D-06
  100  -6.7934193968D-06  -6.6348394223D-06  -6.4763639835D-06  -6.3214681872D-06  -6.1660022703D-06
  105  -6.0160337554D-06  -5.8635300293D-06  -5.7207584905D-06  -5.5740852897D-06  -5.4323548898D-06
  110  -5.2933881943D-06  -5.1572409931D-06  -5.0239534459D-06  -4.8935519695D-06  -4.7660509231D-06
  115  -4.6414541097D-06  -4.5197561163D-06  -4.4009435077D-06  -4.2849958920D-06  -4.1718868684D-06
  120  -4.0615848734D-06  -3.9540539323D-06  -3.8492543293D-06  -3.7471432025D-06  -3.6476750730D-06
  125  -3.5508023140D-06  -3.4564755678D-06  -3.3646441134D-06  -3.2752561938D-06  -3.1882593027D-06
  130  -3.1036004393D-06  -3.0212263306D-06  -2.9410836277D-06  -2.8631190772D-06  -2.7872796704D-06
  135  -2.7135127736D-06  -2.6417662401D-06  -2.5719885074D-06  -2.5041286800D-06  -2.4381365998D-06
  140  -2.3739629054D-06  -2.3115590820D-06  -2.2508775016D-06  -2.1918714563D-06  -2.1344951843D-06
  145  -2.0787038894D-06  -2.0244537558D-06  -1.9717019577D-06  -1.9204066646D-06  -1.8705270428D-06
  150  -1.8220232542D-06  -1.7748564517D-06  -1.7289887723D-06  -1.6843833280D-06  -1.6410041951D-06
  155  -1.5988164015D-06  -1.5577859127D-06  -1.5178796173D-06  -1.4790653106D-06  -1.4413116780D-06
1       56.00000 MeV deuteron on  60NI: SPHERICAL OMP                         


 TOTAL REACTION CROSS SECTION =   1708.662891 MILLIBARNS.

 ELASTIC SCATTERING ON THE TARGET STATE OF SPIN =  0.0+

      ANGLE    CROSS-SECTION     C. S./RUTHER.     ASYM. OR IT11               T20               T21               T22  
      0.000     0.18928D+05        1892.8175419         0.0000000         0.0041160         0.0000000         0.0000000
      2.000     0.33704D+07           0.9033802        -0.0016055        -0.0000896         0.0000014        -0.0000074
      4.000     0.14485D+06           0.6208149         0.0079851        -0.0016131         0.0000575         0.0000758
      6.000     0.32659D+05           0.7078845         0.0421517        -0.0010555         0.0000251         0.0004946
      8.000     0.13725D+05           0.9389185         0.0492272         0.0016949        -0.0002260         0.0007751
     10.000     0.51639D+04           0.8608551         0.0306903         0.0051724        -0.0007054         0.0007784
     12.000     0.12826D+04           0.4423683        -0.0252435         0.0105902        -0.0017841        -0.0011747
     14.000     0.15088D+03           0.0961531        -0.1125122        -0.0023208        -0.0027703        -0.0346334
     16.000     0.16604D+03           0.1799744         0.3149751        -0.0515676         0.0062829        -0.0375639
     18.000     0.34055D+03           0.5892215         0.2527954        -0.0293759         0.0050348        -0.0132999
     20.000     0.33901D+03           0.8905381         0.2107187        -0.0207653         0.0048961        -0.0045066
     22.000     0.20709D+03           0.7930974         0.1750048        -0.0146126         0.0056870         0.0040993
     24.000     0.77113D+02           0.4162999         0.1099708        -0.0036720         0.0077019         0.0197278
     26.000     0.15063D+02           0.1114363        -0.1628995         0.0402144         0.0087373         0.0471184
     28.000     0.87584D+01           0.0866743        -0.2505239         0.0282920        -0.0139935        -0.0725795
     30.000     0.18785D+02           0.2435335         0.0253014        -0.0251703        -0.0100749        -0.0880569
     32.000     0.20416D+02           0.3404858         0.0605246        -0.0474707        -0.0070391        -0.0971621
     34.000     0.12218D+02           0.2579268         0.0348698        -0.0858160        -0.0055633        -0.1391280
     36.000     0.36598D+01           0.0964157        -0.0688973        -0.2088412        -0.0056018        -0.2904208
     38.000     0.14016D+01           0.0454934        -0.1423498        -0.1964938        -0.0171434        -0.2406518
     40.000     0.47978D+01           0.1896761        -0.0067532         0.0485598        -0.0142603         0.0571368
     42.000     0.92342D+01           0.4400269        -0.0482123         0.0641304        -0.0134814         0.0688026
     44.000     0.10996D+02           0.6256306        -0.1272960         0.0634320        -0.0147048         0.0628299
     46.000     0.95445D+01           0.6427321        -0.2346088         0.0588023        -0.0170246         0.0523876
     48.000     0.66598D+01           0.5265951        -0.3528839         0.0447651        -0.0192391         0.0313501
     50.000     0.43665D+01           0.4024350        -0.3765512         0.0124070        -0.0170729        -0.0059613
     52.000     0.35605D+01           0.3798803        -0.1539512        -0.0176694        -0.0062721        -0.0291715
     54.000     0.38888D+01           0.4772803         0.0922394        -0.0089927         0.0033858        -0.0067699
     56.000     0.44540D+01           0.6251058         0.1652894         0.0169763         0.0061021         0.0276367
     58.000     0.45731D+01           0.7298993         0.1339379         0.0396838         0.0054035         0.0534092
     60.000     0.40947D+01           0.7393774         0.0633842         0.0530450         0.0037851         0.0658542
     62.000     0.32797D+01           0.6667418        -0.0071079         0.0522952         0.0025432         0.0600642
     64.000     0.24927D+01           0.5678919        -0.0329223         0.0326613         0.0029992         0.0310074
     66.000     0.19577D+01           0.4976808         0.0304369        -0.0028244         0.0062333        -0.0159522
     68.000     0.16928D+01           0.4782133         0.1625680        -0.0323783         0.0111903        -0.0527817
     70.000     0.15823D+01           0.4947832         0.2744573        -0.0365810         0.0151030        -0.0570493
     72.000     0.14928D+01           0.5148086         0.3178671        -0.0211405         0.0167268        -0.0379742
     74.000     0.13494D+01           0.5113946         0.3046707         0.0003199         0.0165217        -0.0132005
     76.000     0.11500D+01           0.4773566         0.2625385         0.0165701         0.0152359         0.0032463
     78.000     0.93588D+00           0.4241064         0.2203140         0.0183616         0.0135254         0.0002000
     80.000     0.74974D+00           0.3697812         0.2068197         0.0023530         0.0121428        -0.0256412
     82.000     0.61348D+00           0.3283529         0.2403118        -0.0268794         0.0118348        -0.0672375
     84.000     0.52410D+00           0.3035440         0.3103428        -0.0554674         0.0128056        -0.1060849
     86.000     0.46325D+00           0.2895438         0.3818407        -0.0681775         0.0144277        -0.1235366
     88.000     0.41258D+00           0.2775631         0.4261719        -0.0630037         0.0157281        -0.1184772
     90.000     0.36116D+00           0.2608576         0.4360275        -0.0465582         0.0160283        -0.1000795
     92.000     0.30739D+00           0.2377855         0.4195444        -0.0277003         0.0150522        -0.0798104
     94.000     0.25595D+00           0.2115573         0.3919841        -0.0174676         0.0128059        -0.0712258
     96.000     0.21146D+00           0.1863285         0.3710305        -0.0216674         0.0097289        -0.0807964
     98.000     0.17638D+00           0.1653202         0.3722956        -0.0397084         0.0067152        -0.1070293
    100.000     0.15036D+00           0.1495900         0.3991421        -0.0658014         0.0046997        -0.1421002
    102.000     0.13070D+00           0.1377339         0.4412294        -0.0876696         0.0040872        -0.1710595
    104.000     0.11476D+00           0.1278437         0.4839356        -0.0973730         0.0044625        -0.1852470
    106.000     0.10045D+00           0.1180657         0.5123183        -0.0938006         0.0048008        -0.1837889
    108.000     0.86851D-01           0.1074909         0.5202596        -0.0795229         0.0041725        -0.1696301
    110.000     0.74283D-01           0.0966298         0.5109486        -0.0633440         0.0021135        -0.1530366
    112.000     0.63075D-01           0.0860834         0.4907915        -0.0530961        -0.0013283        -0.1425986
    114.000     0.53565D-01           0.0765616         0.4742148        -0.0529912        -0.0053250        -0.1432039
    116.000     0.45780D-01           0.0684102         0.4724427        -0.0649488        -0.0087955        -0.1579711
    118.000     0.39342D-01           0.0613605         0.4849897        -0.0837024        -0.0114058        -0.1814407
    120.000     0.34147D-01           0.0554937         0.5126480        -0.1030793        -0.0133135        -0.2076897
    122.000     0.29944D-01           0.0506238         0.5449616        -0.1159716        -0.0152228        -0.2281640
    124.000     0.26452D-01           0.0464476         0.5647599        -0.1161480        -0.0179217        -0.2324842
    126.000     0.23574D-01           0.0429256         0.5697301        -0.1090944        -0.0209079        -0.2252490
    128.000     0.20989D-01           0.0395721         0.5614138        -0.0997808        -0.0231422        -0.2122738
    130.000     0.18496D-01           0.0360540         0.5485220        -0.0886692        -0.0241260        -0.1960845
    132.000     0.16045D-01           0.0322878         0.5449482        -0.0819032        -0.0245380        -0.1883217
    134.000     0.13652D-01           0.0283189         0.5513368        -0.0807825        -0.0267003        -0.1922098
    136.000     0.11583D-01           0.0247324         0.5677576        -0.0848161        -0.0335362        -0.2057846
    138.000     0.10034D-01           0.0220225         0.5841233        -0.0993873        -0.0465442        -0.2290731
    140.000     0.91407D-02           0.0205915         0.5793426        -0.1226336        -0.0608680        -0.2484956
    142.000     0.88254D-02           0.0203788         0.5597981        -0.1451364        -0.0665590        -0.2558558
    144.000     0.86049D-02           0.0203393         0.5385409        -0.1570778        -0.0608609        -0.2548243
    146.000     0.81447D-02           0.0196799         0.5308677        -0.1502710        -0.0479073        -0.2482903
    148.000     0.73002D-02           0.0180080         0.5559058        -0.1258438        -0.0363334        -0.2475692
    150.000     0.60919D-02           0.0153212         0.6054376        -0.0911699        -0.0390997        -0.2571084
    152.000     0.48982D-02           0.0125434         0.6611848        -0.0617394        -0.0701330        -0.2694832
    154.000     0.40671D-02           0.0105912         0.6827080        -0.0727325        -0.1307942        -0.2747762
    156.000     0.38634D-02           0.0102176         0.6072783        -0.1387994        -0.1777446        -0.2489256
    158.000     0.43490D-02           0.0116666         0.4887037        -0.1933926        -0.1581660        -0.2013965
    160.000     0.50883D-02           0.0138274         0.4100292        -0.1828682        -0.1001753        -0.1722803
    162.000     0.56219D-02           0.0154572         0.3837518        -0.1058970        -0.0472618        -0.1676982
    164.000     0.56826D-02           0.0157879         0.4068062         0.0293895        -0.0311052        -0.1839580
    166.000     0.52137D-02           0.0146188         0.4471174         0.1905295        -0.0889968        -0.2165737
    168.000     0.45876D-02           0.0129662         0.4646941         0.2738781        -0.2608087        -0.2493364
    170.000     0.42740D-02           0.0121611         0.4002251         0.1000550        -0.5172643        -0.2467050
    172.000     0.46226D-02           0.0132255         0.2355966        -0.3745588        -0.6789587        -0.1836596
    174.000     0.57515D-02           0.0165260         0.0985755        -0.8620345        -0.6149693        -0.0997139
    176.000     0.72636D-02           0.0209343         0.0339212        -1.1588772        -0.4270546        -0.0405484
    178.000     0.85315D-02           0.0246334         0.0042931        -1.2989866        -0.2133928        -0.0094666
    180.000     0.90345D-02           0.0261019         0.0000000        -1.3386673         0.0000000         0.0000000


 *** WORKSPACE USED IN THIS COMPUTATION     14147  ***            34985853 MEMORIES NOT USED.

  End time: 17:33.32 (22-02-2024)

  Calculation time:     1 min 30 s
