
  End time: 17:44.53 (22-02-2024)

  Calculation time:     0 min 59 s
1                    E. C. I. S. CODE FOR COUPLED CHANNELS CALCULATIONS ( 2006 ) WORKING FIELD LENGTH =  35000000

                        TO OBTAIN THE INPUT DESCRIPTION, PUNCH 'DESCRIPTION ' IN COLUMNS 1-12 OF THE FIRST CARD.


  1 F - ROTATIONAL MODEL-(.F.: VIBRATIONAL MODEL).         | 54 F - OUTPUT OF THE LENGTH USED IN THE WORKING FIELD.
  2 F - SECOND ORDER VIBRATIONAL MODEL-(.F.: FIRST ORDER)  | 55 F - OUTPUT OF C-MATRIX ELEMENTS AND COMPOUND NUCLEUS
        OR CONSTRAINED ASYMMETRIC ROTATIONAL MODEL.        |        INTERMEDIATE RESULTS.
  3 F - ANHARMONIC VIBRATIONAL MODEL-(.F.: HARMONIC) OR    | 56 T - OUTPUT OF S-MATRIX ELEMENTS.
        ASYMMETRIC ROTATIONAL MODEL-(.F.: SYMMETRIC).      | 57 F - OUTPUT OF PHASE-SHIFTS AT EACH E.C.I.S. ITERATION.
  4 F - PARAMETRISED SPIN-ORBIT DEFORMATION-(.F.:STANDARD) | 58 F - OUTPUT OF THE COEFFICIENTS OF EACH FORM FACTOR
  5 F - DIFFERENT DEFORMATION FOR EACH POTENTIAL(.F.: SAME)|        FOR ALL SETS OF EQUATIONS.
  6 F - USE OF DEFORMATION LENGTHS.                        | 59 T - TOTAL ELASTIC REACTION CROSS-SECTIONS WRITTEN ON
  7 F - NUCLEAR MATRIX ELEMENTS AND FORM FACTORS ON CARDS. |        FILE 58 AND TOTAL INELASTIC REACTION
  8 F - RELATIVISTIC KINEMATICS.                           |        CROSS-SECTIONS ON FILE 59.
  9 F - SYMMETRISED WOODS-SAXON FORM FOR NEGATIVE RADII.   | 60 T - S-MATRIX ELEMENTS WRITTEN ON FILE 60.
 10 F - DISPERSION RELATIONS FOR POTENTIALS.               |
                                                           | 61 F - REDUCED NUCLEAR MATRIX ELEMENTS WRITTEN ON FILE 61.
 11 T - DEFORMED COULOMB POTENTIAL.                        | 62 F - POTENTIALS WRITTEN ON FILE 62.
 12 T - DEFORMED IMAGINARY POTENTIAL.                      | 63 T - PENETRABILITIES WRITTEN ON FILE 63.
 13 F - DEFORMED REAL SPIN-ORBIT/TENSOR POTENTIAL.         | 64 T - RESULTS FOR EXPERIMENTAL DATA ON FILE 64
 14 F - DEFORMED IMAGINARY SPIN-ORBIT/TENSOR POTENTIAL.    |        AND AT EQUIDISTANT ANGLES WRITTEN ON FILE 66.
 15 F - REDUCED NUCLEAR MATRIX ELEMENTS READ FROM CARDS.   | 65 T - LEGENDRE EXPANSION FOR CROSS-SECTIONS WRITTEN ON
 16 F - HEAVY-ION DEFINITION OF RADII AND DEFORMATIONS.    |        FILE 65.
 17 F - FOLDING MODEL.                                     | 66 F - NO CALCULATION AT EQUIDISTANT ANGLES.
 18 F - PROJECTILE-TARGET ANTISYMMETRISATION.              | 67 T - NO PLOT OF EXPERIMENTAL DATA.
 19 F - DEFORMED COULOMB SPIN-ORBIT POTENTIAL.             | 68 T - NO PLOT OF CROSS-SECTIONS AT EQUIDISTANT ANGLES.
 20 F - DISPERSION RELATIONS FOR TRANSITION FORM-FACTORS.  | 69 T - NO PLOT OF POLARISATIONS AT EQUIDISTANT ANGLES.
                                                           |
 21 F - USUAL COUPLED EQUATIONS-(.F.: ITERATIONS).         | 71 F - NO DETAILED OUTPUT OF LOGICAL CONTROLS.
 22 F - NO USE OF PADE FOR CONVERGENCE OF THE ITERATIONS.  | 72 T - NO OUTPUT OF EXPERIMENTAL DATA AS THEY ARE READ.
 23 T - NO USE OF PADE WITHOUT CONVERGENCE.                | 73 T - NO OUTPUT OF EXTERNAL POTENTIALS AS THEY ARE READ.
 24 F - COUPLING POTENTIALS COMPUTED AT EACH ITERATION.    | 74 F - OUTPUT OF VARIATIONS IN STORAGE.
 25 F - COMPLETE CALCULATION UP TO THE END-(.F.: ONE ITE-  | 75 T - NO COMPLETE OUTPUT AT THE FIRST RUN OF A SEARCH.
        RATION ONLY AS SOON AS TWO ITERATIONS ARE ENOUGH). | 76 F - LO(51) TO LO(65) ARE ALWAYS USED-(.F.: ONLY FOR
 26 F - INTEGRATION STABILISED FOR LONG RANGE POTENTIAL.   |        COMPLETE OUTPUT)
 27 F - NUMEROV'S METHOD FOR SINGLE EQUATIONS-(.F.: MODI-  | 77 F - OUTPUT OF TIME DIFFERENCES DURING THE SEARCH.
        FIED NUMEROV'S METHOD).                            | 78 F - OUTPUT OF DIFFERENCES BETWEEN EXPERIMENTAL
 28 T - COMPUTATION UP TO J-CONVERGENCE-(.F.: STOP WHEN    |        AND CALCULATED VALUES.
        ALL THE INHOMOGENEOUS TERMS ARE NEGLIGIBLE).       |
 29 F - NO DIAGONAL TERM IN SECOND MEMBERS.                | 81 F - HAUSER-FESHBACH CORRECTIONS TO CROSS-SECTIONS.
 30 T - PURE DWBA CALCULATION.                             | 82 F - SIMPLEST COMPOUND NUCLEUS FORMALISM.
                                                           | 83 T - NO ENGELBRETCH-WEIDENMULLER TRANSFORMATION IN
 31 F - INPUT OF EXPERIMENTAL DATA AND CHI2 CALCULATION.   |        IN COMPOUND NUCLEUS.
 32 F - AUTOMATIC SEARCH ON SOME PARAMETERS.               | 84 F - UNCOUPLED LEVELS FOR COMPOUND NUCLEUS.
 33 F - SYMMETRISED CHI2 FOR CROSS-SECTIONS.               | 85 F - FISSION DATA IN COMPOUND NUCLEUS.
 34 F - NEXT CALCULATION CHANGING ENERGY AND/OR SOME       | 86 F - GAMMA EMISSION DATA IN COMPOUND NUCLEUS.
        PARAMETERS.                                        | 87 F - NO WIDTH FLUCTUATIONS.
 35 F - SEARCH SAVED ON TAPE 8 IF ENDED OR LACK OF TIME.   |
 36 F - RESTART A SEARCH FROM TAPE 8.                      | 91 F - EQUIDISTANT ANGLES IN THE LABORATORY SYSTEM.
                                                           | 92 F - NON STANDARD OBSERVABLES AT EQUIDISTANT ANGLES.
 41 F - FACTORISATION OF 1/(1-COS(THETA)) IN AMPLITUDES.   | 93 F - NO RECOIL CORRECTION FOR REACTIONS.
 42 F - SCHMIDT'S ORTHOGONAL. IN USUAL COUPLED EQUATIONS.  | 94 F - NON RELATIVISTIC "REDUCED MASS" FOR DIRAC EQUATION.
 43 F - INTERPOLATION ON TOTAL SPIN.                       | 95 F - "REDUCED ENERGY" FOR NON COULOMB INTERACTION IN
 44 F - COULOMB CORRECTIONS.                               |        RELATIVISTIC SCHROEDINGER EQUATION OR USE OF REST
 45 F - ANGULAR MOMENTUM LIMIT FOR COULOMB CORRECTIONS.    |        MASS IN DIRAC EQUATION.
 46 F - RESTRICTED COULOMB CORRECTIONS.                    | 96 F - "REDUCED MASS" FOR COULOMB INTERACTION IN
 47 F - NO RECOIL CORRECTION FOR BOUND STATES.             |        RELATIVISTIC SCHROEDINGER EQUATION.
                                                           | 97 F - SAME REDUCED MASS FOR ALL THE STATES.
 51 F - OUTPUT OF POTENTIALS.                              | 98 F - Q ADDED TO THE MASS OF RESIDUAL NUCLEUS.
 52 F - OUTPUT OF REDUCED NUCLEAR MATRIX ELEMENTS.         | 99 F - SCHROEDINGER EQUIVALENT TO DIRAC EQUATION.
 53 F - OUTPUT OF THE NUMBER OF ITERATIONS.                |100 F - COMPLETE DIRAC EQUATION.
1
          **********************************************************************************
          *                                                                                *
          *      56.00000 MeV deuteron on  50TI: SPHERICAL OMP                             *
          *                                                                                *
          **********************************************************************************

 MAXIMUM NUMBER OF J    50  (MIN  0) STOP WHEN MAXIMUM S-MATRIX ELEMENT IS LESS THAN        0.1000D-04

 PLOT CONDITIONS FOR CROSS-SECTIONS    2    2     FOR POLARISATIONS    1    1

          ITERATION METHOD:  MAXIMUM NUMBER OF ITERATIONS         1
          CONVERGENCE CRITERION:     1.0000D-05 FOR S-MATRIX     1.0000D-05 FOR POTENTIALS AND FUNCTIONS.


 INDICATIONS FOR EXPANSION OF CROSS-SECTIONS IN LEGENDRE POLYNOMIALS:    2    0    0

 FIRST ORDER VIBRATIONAL MODEL.


 TARGET              MASS =  49.94479           PRODUCT OF CHARGES =   22.           AT**1/3 =   3.682675D+00
 INCIDENT PARTICLE   MASS =   2.01410      SPIN = 1.0   AP**1/3 =   1.262875D+00
          ENERGY(LAB) =   5.600000D+01 MEV          ENERGY(C. M.) =   5.382925D+01 MEV.

 N =  1 -   SPIN = 0.0+ EXCITATION ENERGY =  0.0000 MEV          POTENTIAL    1


 OPTICAL POTENTIALS  **  1 **     REDUCED RADIUS MULTIPLIED BY     3.682675D+00

      DEFORMED  VOLUME/SCALAR REAL POTENTIAL
 DEPTH   82.103620 MEV   RADIUS  4.234671 FERMI (REDUCED VALUE 1.149890)   DIFFUSENESS 0.765420 FERMI AT THE POWER (1+ 0.000000)

      DEFORMED  VOLUME/SCALAR IMAGINARY POTENTIAL
 DEPTH    4.587200 MEV   RADIUS  4.905544 FERMI (REDUCED VALUE 1.332060)   DIFFUSENESS 0.486600 FERMI AT THE POWER (1+ 0.000000)

      DEFORMED  SURFACE/VECTOR REAL POTENTIAL
 DEPTH    0.000000 MEV   RADIUS  0.000000 FERMI (REDUCED VALUE 0.000000)   DIFFUSENESS 0.000000 FERMI AT THE POWER (1+ 0.000000)

      DEFORMED  SURFACE/VECTOR IMAGINARY POTENTIAL
 DEPTH    9.116400 MEV   RADIUS  5.064636 FERMI (REDUCED VALUE 1.375260)   DIFFUSENESS 0.759410 FERMI AT THE POWER (1+ 0.000000)

  NOT DEFORMED  REAL SPIN-ORBIT/TENSOR POTENTIAL
 DEPTH    3.557000 MEV   RADIUS  3.579560 FERMI (REDUCED VALUE 0.972000)   DIFFUSENESS 1.011000 FERMI AT THE POWER (1+ 0.000000)

  NOT DEFORMED  IMAGINARY SPIN-ORBIT/TENSOR POTENTIAL
 DEPTH    0.000000 MEV   RADIUS  0.000000 FERMI (REDUCED VALUE 0.000000)   DIFFUSENESS 0.000000 FERMI AT THE POWER (1+ 0.000000)

      DEFORMED  COULOMB POTENTIAL
  CHARGE PRODUCT    22.  RADIUS  4.798526 FERMI (REDUCED VALUE 1.303000)   DIFFUSENESS 0.000000 FERMI AT THE POWER (1+ 0.000000)

  NOT DEFORMED  SPIN-ORBIT COULOMB POTENTIAL
 DEPTH    0.000000 MEV   RADIUS  0.000000 FERMI (REDUCED VALUE 0.000000)   DIFFUSENESS 0.000000 FERMI AT THE POWER (1+ 0.000000)
              THIRD CHARGE PARAMETER22.000000

 INTEGRATION STEP SIZE = 0.12158          MATCHING RADIUS =  40.000 FERMI

 SCATTERING ANGLES FROM  0.000 IN STEPS OF  2.000 UP TO 180.000 DEGREES   AVERAGED WITH +/-   0.000 DEGREES.


       2 SOLUTIONS         2 COUPLED EQUATIONS         5 INDEPENDENT AMPLITUDES.


 LEVEL       WAVE NUMBER  COULOMB PARAMETER   REDUCED MASS       REDUCED ENERGY     STEP SIZE
     1      2.2329728711      0.6570668530   1803.3974302952   1803.3974302952      0.1215805471
 MAXIMUM J-VALUE =  49.0                MAXIMUM SCATTERING COEFFICIENT AT THE END   0.531D-04
 MAXIMUM J-VALUE =  49.0                MAXIMUM SCATTERING COEFFICIENT AT THE END   0.473D-04
1 COEFFICIENTS OF LEGENDRE POLYNOMIALS DESCRIBING THE CROSS-SECTIONS.

 DIRECT INTERACTION FOR LEVEL 1 MULTIPLIED BY (1-COS(THETA))**( 2 ) 148 COEFFICIENTS
    L        C(L)              C(L+1)             C(L+2)             C(L+3)             C(L+4)
    0  -4.7159818791D-01   1.6004236219D-01  -2.4893161188D-02  -5.6738130344D-02  -1.7386195087D-02
    5   1.4215848992D-02   2.1192905098D-02   1.3917995201D-02   4.7759673807D-03  -1.3741235968D-03
   10  -3.8693796731D-03  -3.9222565177D-03  -2.5036687935D-03  -4.8151289404D-04   1.5776739664D-03
   15   3.4751812969D-03   4.4611426171D-03   3.8498523043D-03   1.0799883981D-03  -2.9236712351D-03
   20  -4.2687259426D-03  -9.9507759757D-04   3.9657434369D-03   4.9187909858D-03   1.0253948403D-03
   25  -4.4549549299D-03  -7.8246966756D-03  -7.8328658664D-03  -5.4770438622D-03  -2.4279399912D-03
   30   1.0777670302D-04   1.6750329920D-03   2.3453113546D-03   2.4037942814D-03   2.1346927391D-03
   35   1.7416147258D-03   1.3540576928D-03   1.0269930272D-03   7.6133654242D-04   5.6566186283D-04
   40   4.2077535295D-04   3.2160037062D-04   2.4735317529D-04   1.9402633514D-04   1.5543436856D-04
   45   1.2709377560D-04   1.0739325410D-04   9.2594154363D-05   8.4125691872D-05   7.0101952889D-05
   50   6.4139554865D-05   5.2755324779D-05   4.9461592257D-05   3.8902218364D-05   3.3270357999D-05
   55   2.9628102155D-05   2.5648448488D-05   2.0973226549D-05   1.6399416108D-05   1.5008566875D-05
   60   1.4021483856D-05   1.4982831346D-05   1.0562430012D-05   1.2757135674D-05   1.2630577816D-05
   65   9.5807703962D-06   7.3045956135D-06   5.8829664678D-06   4.8617200876D-06   4.0262883610D-06
   70   3.3057514207D-06   2.6784464165D-06   2.1210871644D-06   1.6310489564D-06   1.1954200450D-06
   75   8.0968180348D-07   4.6634293153D-07   1.6440672826D-07  -1.0601853984D-07  -3.4323110088D-07
   80  -5.5289964095D-07  -7.3888704878D-07  -9.0159750632D-07  -1.0433743759D-06  -1.1697640851D-06
   85  -1.2772383649D-06  -1.3711774309D-06  -1.4532808928D-06  -1.5213676253D-06  -1.5806810308D-06
   90  -1.6298172559D-06  -1.6710227124D-06  -1.7029406002D-06  -1.7312678007D-06  -1.7490652856D-06
   95  -1.7665403922D-06  -1.7728136096D-06  -1.7829152735D-06  -1.7766480185D-06  -1.7860630819D-06
  100  -1.7750208694D-06  -1.7672643947D-06  -1.7570763652D-06  -1.7447410282D-06  -1.7305152869D-06
  105  -1.7146313185D-06  -1.6972989291D-06  -1.6787076756D-06  -1.6590287791D-06  -1.6384168506D-06
  110  -1.6170114494D-06  -1.5949384906D-06  -1.5723115172D-06  -1.5492328503D-06  -1.5257946308D-06
  115  -1.5020797608D-06  -1.4781627584D-06  -1.4541105300D-06  -1.4299830730D-06  -1.4058341109D-06
  120  -1.3817116713D-06  -1.3576586095D-06  -1.3337130852D-06  -1.3099089941D-06  -1.2862763616D-06
  125  -1.2628417000D-06  -1.2396283333D-06  -1.2166566929D-06  -1.1939445868D-06  -1.1715074445D-06
  130  -1.1493585395D-06  -1.1275091929D-06  -1.1059689580D-06  -1.0847457886D-06  -1.0638461926D-06
  135  -1.0432753721D-06  -1.0230373501D-06  -1.0031350875D-06  -9.8357058789D-07  -9.6434499497D-07
  140  -9.4545867977D-07  -9.2691132095D-07  -9.0870197777D-07  -8.9082915651D-07  -8.7329087110D-07
  145  -8.5608469819D-07  -8.3920782742D-07  -8.2265710711D-07
1       56.00000 MeV deuteron on  50TI: SPHERICAL OMP                         


 TOTAL REACTION CROSS SECTION =   1576.617738 MILLIBARNS.

 ELASTIC SCATTERING ON THE TARGET STATE OF SPIN =  0.0+

      ANGLE    CROSS-SECTION     C. S./RUTHER.     ASYM. OR IT11               T20               T21               T22  
      0.000     0.19741D+05        1974.1013018         0.0000000         0.0032436         0.0000000         0.0000000
      2.000     0.19542D+07           0.8375437        -0.0013804        -0.0001809         0.0000031        -0.0000065
      4.000     0.85897D+05           0.5886565         0.0152345        -0.0026124         0.0000895         0.0000768
      6.000     0.22972D+05           0.7961755         0.0546916        -0.0027128         0.0000896         0.0003847
      8.000     0.10964D+05           1.1992513         0.0618430        -0.0002713        -0.0001220         0.0006350
     10.000     0.46515D+04           1.2398873         0.0471224         0.0028923        -0.0005136         0.0010326
     12.000     0.13795D+04           0.7607940         0.0008206         0.0086391        -0.0013676         0.0014062
     14.000     0.18628D+03           0.1898243        -0.1683749         0.0212493        -0.0037130        -0.0093153
     16.000     0.41549D+02           0.0720090         0.3602672        -0.0899306         0.0121244        -0.1148971
     18.000     0.17600D+03           0.4869178         0.3229575        -0.0441571         0.0073268        -0.0324405
     20.000     0.23451D+03           0.9850290         0.2697093        -0.0333142         0.0065838        -0.0191400
     22.000     0.17540D+03           1.0740467         0.2488309        -0.0311402         0.0077303        -0.0131091
     24.000     0.80415D+02           0.6941615         0.2434078        -0.0331675         0.0113561        -0.0060421
     26.000     0.18688D+02           0.2210679         0.2352153        -0.0332829         0.0218355         0.0174206
     28.000     0.39952D+01           0.0632186        -0.2181422         0.1032884        -0.0046545         0.0744826
     30.000     0.13789D+02           0.2858461        -0.1065283         0.0500912        -0.0213298        -0.0069603
     32.000     0.22880D+02           0.6101287        -0.0812855         0.0243323        -0.0178101        -0.0211264
     34.000     0.21307D+02           0.7192465        -0.1425615         0.0122663        -0.0183836        -0.0333673
     36.000     0.12908D+02           0.5437332        -0.2971052        -0.0024024        -0.0233868        -0.0585609
     38.000     0.56501D+01           0.2932467        -0.5784661        -0.0340557        -0.0344127        -0.1094242
     40.000     0.38826D+01           0.2454323        -0.4211442        -0.0393590        -0.0285385        -0.0814608
     42.000     0.66517D+01           0.5068233        -0.0057164         0.0096534        -0.0102882         0.0124424
     44.000     0.10412D+02           0.9471835         0.0595439         0.0337359        -0.0059547         0.0444348
     46.000     0.12249D+02           1.3188815         0.0188620         0.0458848        -0.0059215         0.0562546
     48.000     0.11411D+02           1.4427044        -0.0542205         0.0523154        -0.0069532         0.0603319
     50.000     0.89473D+01           1.3185326        -0.1349417         0.0516590        -0.0078024         0.0558419
     52.000     0.64011D+01           1.0920155        -0.1805151         0.0375684        -0.0067404         0.0362644
     54.000     0.47618D+01           0.9344787        -0.1140327         0.0075067        -0.0016041         0.0010508
     56.000     0.41646D+01           0.9345763         0.0602699        -0.0179510         0.0060730        -0.0246572
     58.000     0.41622D+01           1.0622121         0.2013402        -0.0189074         0.0112577        -0.0214036
     60.000     0.42017D+01           1.2131349         0.2473016        -0.0039036         0.0128930        -0.0019813
     62.000     0.39604D+01           1.2873614         0.2284615         0.0144289         0.0126214         0.0188878
     64.000     0.34173D+01           1.2448958         0.1804354         0.0278748         0.0117217         0.0318683
     66.000     0.27407D+01           1.1140557         0.1323907         0.0297674         0.0109913         0.0291752
     68.000     0.21238D+01           0.9593493         0.1145467         0.0159594         0.0111467         0.0062692
     70.000     0.16775D+01           0.8387688         0.1524371        -0.0121240         0.0127143        -0.0338447
     72.000     0.14077D+01           0.7762367         0.2398878        -0.0419146         0.0153941        -0.0739941
     74.000     0.12518D+01           0.7585960         0.3305790        -0.0564181         0.0180255        -0.0930690
     76.000     0.11359D+01           0.7539208         0.3843574        -0.0526399         0.0196468        -0.0889961
     78.000     0.10117D+01           0.7330829         0.3953181        -0.0383382         0.0200492        -0.0727269
     80.000     0.86601D+00           0.6829668         0.3760019        -0.0211783         0.0194197        -0.0543744
     82.000     0.71286D+00           0.6100729         0.3437873        -0.0098749         0.0179679        -0.0449250
     84.000     0.57370D+00           0.5312994         0.3183519        -0.0120970         0.0159873        -0.0534415
     86.000     0.46212D+00           0.4618438         0.3173359        -0.0284903         0.0140188        -0.0798389
     88.000     0.38133D+00           0.4101999         0.3482718        -0.0540836         0.0126887        -0.1168249
     90.000     0.32529D+00           0.3756787         0.4006578        -0.0783537         0.0123442        -0.1503068
     92.000     0.28366D+00           0.3508612         0.4525612        -0.0900252         0.0127881        -0.1665741
     94.000     0.24836D+00           0.3282451         0.4874769        -0.0881597         0.0133803        -0.1657181
     96.000     0.21464D+00           0.3024243         0.4995924        -0.0771051         0.0134611        -0.1539823
     98.000     0.18126D+00           0.2716692         0.4919040        -0.0606529         0.0125994        -0.1365267
    100.000     0.15026D+00           0.2390342         0.4727936        -0.0472245         0.0105162        -0.1238185
    102.000     0.12369D+00           0.2084268         0.4523203        -0.0447035         0.0072115        -0.1249109
    104.000     0.10248D+00           0.1825389         0.4422523        -0.0540451         0.0032018        -0.1403090
    106.000     0.86603D-01           0.1627555         0.4506664        -0.0739681        -0.0006113        -0.1679119
    108.000     0.74707D-01           0.1478432         0.4733932        -0.0973902        -0.0033857        -0.1983259
    110.000     0.65223D-01           0.1356648         0.5030946        -0.1140952        -0.0046718        -0.2194791
    112.000     0.57118D-01           0.1246449         0.5332966        -0.1216153        -0.0047496        -0.2299026
    114.000     0.49542D-01           0.1132265         0.5550304        -0.1194958        -0.0046257        -0.2297201
    116.000     0.42343D-01           0.1011753         0.5657430        -0.1070547        -0.0052438        -0.2181735
    118.000     0.35795D-01           0.0892664         0.5648074        -0.0902766        -0.0074188        -0.2022406
    120.000     0.30054D-01           0.0780972         0.5487603        -0.0758986        -0.0118265        -0.1880882
    122.000     0.25448D-01           0.0687917         0.5277058        -0.0689686        -0.0177360        -0.1801822
    124.000     0.21968D-01           0.0616787         0.5151720        -0.0741061        -0.0233084        -0.1846407
    126.000     0.19176D-01           0.0558334         0.5094190        -0.0880462        -0.0274549        -0.1976855
    128.000     0.16873D-01           0.0508667         0.5167046        -0.1063196        -0.0294020        -0.2162222
    130.000     0.14834D-01           0.0462344         0.5423636        -0.1257522        -0.0297580        -0.2414110
    132.000     0.12866D-01           0.0413964         0.5722839        -0.1374056        -0.0313157        -0.2623353
    134.000     0.11172D-01           0.0370537         0.5987729        -0.1380186        -0.0358970        -0.2714242
    136.000     0.98169D-02           0.0335154         0.6142519        -0.1341543        -0.0433933        -0.2725209
    138.000     0.87181D-02           0.0305942         0.6020733        -0.1264396        -0.0518464        -0.2597921
    140.000     0.79175D-02           0.0285192         0.5729384        -0.1156406        -0.0566610        -0.2351359
    142.000     0.72461D-02           0.0267543         0.5498345        -0.1084092        -0.0557931        -0.2167666
    144.000     0.65448D-02           0.0247360         0.5358570        -0.1016511        -0.0510442        -0.2063800
    146.000     0.58034D-02           0.0224219         0.5434117        -0.0905628        -0.0466351        -0.2053710
    148.000     0.49018D-02           0.0193343         0.5793086        -0.0808861        -0.0526607        -0.2229737
    150.000     0.40060D-02           0.0161098         0.6212080        -0.0843667        -0.0796523        -0.2515749
    152.000     0.34783D-02           0.0142427         0.6407503        -0.1154147        -0.1224262        -0.2753726
    154.000     0.33264D-02           0.0138510         0.6122762        -0.1753385        -0.1559159        -0.2845071
    156.000     0.35003D-02           0.0148021         0.5320692        -0.2293127        -0.1521092        -0.2672317
    158.000     0.38882D-02           0.0166779         0.4638863        -0.2278769        -0.1120881        -0.2397042
    160.000     0.41115D-02           0.0178655         0.4416886        -0.1683681        -0.0668373        -0.2250756
    162.000     0.40885D-02           0.0179743         0.4428195        -0.0583510        -0.0377681        -0.2201378
    164.000     0.38705D-02           0.0171944         0.4569659         0.0929262        -0.0496079        -0.2247069
    166.000     0.33164D-02           0.0148687         0.4760378         0.2471876        -0.1427771        -0.2440273
    168.000     0.27394D-02           0.0123801         0.4450264         0.2720459        -0.3581131        -0.2586332
    170.000     0.26324D-02           0.0119765         0.3126611        -0.0001000        -0.5985601        -0.2237841
    172.000     0.29912D-02           0.0136840         0.1439114        -0.4781978        -0.6882549        -0.1464073
    174.000     0.37643D-02           0.0172946         0.0209633        -0.9446850        -0.5860319        -0.0745123
    176.000     0.47510D-02           0.0218943        -0.0212860        -1.2057595        -0.3898442        -0.0334398
    178.000     0.53403D-02           0.0246551        -0.0171317        -1.3080178        -0.1952702        -0.0100331
    180.000     0.54581D-02           0.0252145         0.0000000        -1.3371702         0.0000000         0.0000000


 *** WORKSPACE USED IN THIS COMPUTATION     13467  ***            34986533 MEMORIES NOT USED.

  End time: 17:44.53 (22-02-2024)

  Calculation time:     0 min 59 s
